<?xml version="1.0" encoding="UTF-8" ?>
<testsuite failures="5" time="15.073" errors="0" skipped="0" tests="5" name="PDBParserTest">
  <properties>
    <property name="java.runtime.name" value="Java(TM) SE Runtime Environment"/>
    <property name="sun.boot.library.path" value="C:\Program Files\Java\jdk1.7.0_40\jre\bin"/>
    <property name="java.vm.version" value="24.0-b56"/>
    <property name="java.vm.vendor" value="Oracle Corporation"/>
    <property name="java.vendor.url" value="http://java.oracle.com/"/>
    <property name="path.separator" value=";"/>
    <property name="guice.disable.misplaced.annotation.check" value="true"/>
    <property name="java.vm.name" value="Java HotSpot(TM) 64-Bit Server VM"/>
    <property name="file.encoding.pkg" value="sun.io"/>
    <property name="user.script" value=""/>
    <property name="user.country" value="US"/>
    <property name="sun.java.launcher" value="SUN_STANDARD"/>
    <property name="sun.os.patch.level" value="Service Pack 1"/>
    <property name="test" value="PDBParserTest"/>
    <property name="java.vm.specification.name" value="Java Virtual Machine Specification"/>
    <property name="user.dir" value="D:\Dropbox\Working\BioCompute"/>
    <property name="java.runtime.version" value="1.7.0_40-b43"/>
    <property name="java.awt.graphicsenv" value="sun.awt.Win32GraphicsEnvironment"/>
    <property name="java.endorsed.dirs" value="C:\Program Files\Java\jdk1.7.0_40\jre\lib\endorsed"/>
    <property name="os.arch" value="amd64"/>
    <property name="java.io.tmpdir" value="C:\Users\hanwang\AppData\Local\Temp\"/>
    <property name="line.separator" value="
"/>
    <property name="java.vm.specification.vendor" value="Oracle Corporation"/>
    <property name="user.variant" value=""/>
    <property name="os.name" value="Windows 7"/>
    <property name="classworlds.conf" value="C:\Program Files\NetBeans 7.3.1\java\maven\bin\m2.conf"/>
    <property name="sun.jnu.encoding" value="GBK"/>
    <property name="java.library.path" value="C:\Program Files\Java\jdk1.7.0_40\bin;C:\Windows\Sun\Java\bin;C:\Windows\system32;C:\Windows;C:\Windows\system32;C:\Windows;C:\Windows\System32\Wbem;C:\Windows\System32\WindowsPowerShell\v1.0\;C:\Program Files (x86)\Intel\OpenCL SDK\3.0\bin\x86;C:\Program Files (x86)\Intel\OpenCL SDK\3.0\bin\x64;C:\Program Files\Microsoft\Web Platform Installer\;C:\Program Files (x86)\Microsoft ASP.NET\ASP.NET Web Pages\v1.0\;C:\Program Files (x86)\Windows Kits\8.0\Windows Performance Toolkit\;C:\Program Files\Microsoft SQL Server\110\Tools\Binn\;C:\Program Files\MATLAB\R2011b\runtime\win64;C:\Program Files\MATLAB\R2011b\bin;C:\Program Files\nodejs\;C:\Users\hanwang\AppData\Roaming\npm;."/>
    <property name="java.specification.name" value="Java Platform API Specification"/>
    <property name="java.class.version" value="51.0"/>
    <property name="sun.management.compiler" value="HotSpot 64-Bit Tiered Compilers"/>
    <property name="os.version" value="6.1"/>
    <property name="jpda.listen" value="true"/>
    <property name="jpda.address" value="53406"/>
    <property name="user.home" value="C:\Users\hanwang"/>
    <property name="user.timezone" value="Asia/Shanghai"/>
    <property name="java.awt.printerjob" value="sun.awt.windows.WPrinterJob"/>
    <property name="java.specification.version" value="1.7"/>
    <property name="file.encoding" value="GBK"/>
    <property name="user.name" value="hanwang"/>
    <property name="java.class.path" value="C:\Program Files\NetBeans 7.3.1\java\maven\boot\plexus-classworlds-2.4.jar"/>
    <property name="maven.surefire.debug" value="-Xdebug -Xrunjdwp:transport=dt_socket,server=n,address=53406"/>
    <property name="java.vm.specification.version" value="1.7"/>
    <property name="sun.arch.data.model" value="64"/>
    <property name="java.home" value="C:\Program Files\Java\jdk1.7.0_40\jre"/>
    <property name="sun.java.command" value="org.codehaus.plexus.classworlds.launcher.Launcher -Dtest=PDBParserTest -DforkMode=once -Dmaven.surefire.debug=-Xdebug -Xrunjdwp:transport=dt_socket,server=n,address=53406 -Djpda.listen=true -Djpda.address=53406 test-compile surefire:test"/>
    <property name="java.specification.vendor" value="Oracle Corporation"/>
    <property name="user.language" value="en"/>
    <property name="awt.toolkit" value="sun.awt.windows.WToolkit"/>
    <property name="java.vm.info" value="mixed mode"/>
    <property name="java.version" value="1.7.0_40"/>
    <property name="java.ext.dirs" value="C:\Program Files\Java\jdk1.7.0_40\jre\lib\ext;C:\Windows\Sun\Java\lib\ext"/>
    <property name="sun.boot.class.path" value="C:\Program Files\Java\jdk1.7.0_40\jre\lib\resources.jar;C:\Program Files\Java\jdk1.7.0_40\jre\lib\rt.jar;C:\Program Files\Java\jdk1.7.0_40\jre\lib\sunrsasign.jar;C:\Program Files\Java\jdk1.7.0_40\jre\lib\jsse.jar;C:\Program Files\Java\jdk1.7.0_40\jre\lib\jce.jar;C:\Program Files\Java\jdk1.7.0_40\jre\lib\charsets.jar;C:\Program Files\Java\jdk1.7.0_40\jre\lib\jfr.jar;C:\Program Files\Java\jdk1.7.0_40\jre\classes"/>
    <property name="java.vendor" value="Oracle Corporation"/>
    <property name="maven.home" value="C:\Program Files\NetBeans 7.3.1\java\maven"/>
    <property name="file.separator" value="\"/>
    <property name="java.vendor.url.bug" value="http://bugreport.sun.com/bugreport/"/>
    <property name="forkMode" value="once"/>
    <property name="sun.cpu.endian" value="little"/>
    <property name="sun.io.unicode.encoding" value="UnicodeLittle"/>
    <property name="sun.desktop" value="windows"/>
    <property name="sun.cpu.isalist" value="amd64"/>
  </properties>
  <testcase time="7.186" classname="PDBParserTest" name="testTest">
    <failure message="The test case is a prototype." type="junit.framework.AssertionFailedError">junit.framework.AssertionFailedError: The test case is a prototype.
	at junit.framework.Assert.fail(Assert.java:47)
	at PDBParserTest.testTest(PDBParserTest.java:39)
</failure>
    <system-out>Test
structure  1A0S Authors: K.DIEDERICHS,W.WELTE NrBioAssemblies: -1 Classification: OUTER MEMBRANE PROTEIN BioUnitTranformationMap: {} IdCode: 1A0S DepDate: Sun Dec 07 00:00:00 CST 1997 Technique: X-RAY DIFFRACTION  Resolution: 2.4 ModDate: Tue Feb 24 00:00:00 CST 2009 Title: SUCROSE-SPECIFIC PORIN 
 chains:
chain 0: &gt;P&lt; SUCROSE-SPECIFIC PORIN
 length SEQRES: 0 length ATOM: 522 aminos: 413 hetatms: 109 nucleotides: 0
chain 1: &gt;Q&lt; SUCROSE-SPECIFIC PORIN
 length SEQRES: 0 length ATOM: 526 aminos: 413 hetatms: 113 nucleotides: 0
chain 2: &gt;R&lt; SUCROSE-SPECIFIC PORIN
 length SEQRES: 0 length ATOM: 524 aminos: 413 hetatms: 111 nucleotides: 0
DBRefs: 3
DBREF  1A0S P   71   483  UNP    P22340   SCRY_SALTY      93    505
DBREF  1A0S Q   71   483  UNP    P22340   SCRY_SALTY      93    505
DBREF  1A0S R   71   483  UNP    P22340   SCRY_SALTY      93    505
Molecules: 
Compound: 1 SUCROSE-SPECIFIC PORIN Chains: Engineered: YES Gene: SCRY OrganismScientific: SALMONELLA TYPHIMURIUM OrganismTaxId: 602 CellularLocation: OUTER MEMBRANE ExpressionSystem: ESCHERICHIA COLI ExpressionSystemTaxId: 562 ExpressionSystemStrain: K-12, KS 26 ExpressionSystemVectorType: BACTERIAL ExpressionSystemPlasmid: PSO112 ExpressionSystemCellularLocation: OUTER MEMBRANE ChainId: P Q R 


P
	1	amino	SER
		 N  	-47.333	0.941	8.834
		 CA 	-45.849	0.731	8.796
		 C  	-45.191	1.608	7.714
		 O  	-45.455	2.818	7.648
		 CB 	-45.511	-0.764	8.6
		 OG 	-46.116	-1.305	7.434
	2	amino	GLY
		 N  	-44.347	1.018	6.868
		 CA 	-43.702	1.805	5.836
		 C  	-43.533	1.109	4.498
		 O  	-44.5	0.739	3.827
	3	amino	PHE
		 N  	-42.276	0.924	4.128
		 CA 	-41.9	0.316	2.873
		 C  	-41.741	-1.184	2.921
		 O  	-41.277	-1.735	3.908
		 CB 	-40.594	0.947	2.403
		 CG 	-39.939	0.231	1.26
		 CD1	-40.256	0.564	-0.055
		 CD2	-38.97	-0.739	1.494
		 CE1	-39.62	-0.049	-1.113
		 CE2	-38.327	-1.361	0.435
		 CZ 	-38.65	-1.013	-0.869
	4	amino	GLU
		 N  	-42.112	-1.845	1.83
		 CA 	-41.948	-3.289	1.725
		 C  	-41.499	-3.624	0.327
		 O  	-41.927	-2.997	-0.642
		 CB 	-43.237	-4.019	2.036
		 CG 	-43.628	-3.931	3.493
		 CD 	-44.713	-4.925	3.888
		 OE1	-44.888	-5.958	3.192
		 OE2	-45.384	-4.672	4.918
	5	amino	PHE
		 N  	-40.614	-4.603	0.238
		 CA 	-40.07	-5.059	-1.021
		 C  	-40.353	-6.546	-1.217
		 O  	-39.772	-7.388	-0.519
		 CB 	-38.56	-4.816	-1.055
		 CG 	-37.888	-5.363	-2.276
		 CD1	-38.413	-5.118	-3.544
		 CD2	-36.738	-6.136	-2.165
		 CE1	-37.799	-5.64	-4.686
		 CE2	-36.113	-6.665	-3.305
		 CZ 	-36.645	-6.417	-4.568
	6	amino	HIS
		 N  	-41.241	-6.862	-2.165
		 CA 	-41.584	-8.253	-2.482
		 C  	-41.268	-8.554	-3.94
		 O  	-40.989	-7.639	-4.724
		 CB 	-43.063	-8.521	-2.219
		 CG 	-43.471	-8.243	-0.81
		 ND1	-42.996	-8.974	0.257
		 CD2	-44.268	-7.283	-0.286
		 CE1	-43.482	-8.477	1.379
		 NE2	-44.256	-7.451	1.077
	7	amino	GLY
		 N  	-41.276	-9.834	-4.303
		 CA 	-40.991	-10.16	-5.675
		 C  	-40.907	-11.628	-6.013
		 O  	-41.221	-12.504	-5.215
	8	amino	TYR
		 N  	-40.536	-11.88	-7.26
		 CA 	-40.383	-13.222	-7.772
		 C  	-39.23	-13.18	-8.749
		 O  	-38.971	-12.15	-9.377
		 CB 	-41.665	-13.677	-8.477
		 CG 	-41.45	-14.908	-9.296
		 CD1	-40.992	-14.822	-10.614
		 CD2	-41.608	-16.162	-8.735
		 CE1	-40.685	-15.948	-11.339
		 CE2	-41.302	-17.314	-9.459
		 CZ 	-40.834	-17.192	-10.759
		 OH 	-40.459	-18.31	-11.446
	9	amino	ALA
		 N  	-38.525	-14.293	-8.877
		 CA 	-37.401	-14.342	-9.796
		 C  	-36.941	-15.753	-10.081
		 O  	-36.902	-16.584	-9.189
		 CB 	-36.243	-13.521	-9.262
	10	amino	ARG
		 N  	-36.668	-16.021	-11.351
		 CA 	-36.169	-17.308	-11.823
		 C  	-35.026	-16.893	-12.773
		 O  	-35.073	-15.829	-13.403
		 CB 	-37.248	-18.1	-12.602
		 CG 	-37.31	-17.767	-14.108
		 CD 	-38.249	-18.662	-14.95
		 NE 	-39.641	-18.427	-14.61
		 CZ 	-40.498	-17.706	-15.321
		 NH1	-40.136	-17.14	-16.455
		 NH2	-41.721	-17.504	-14.85
	11	amino	SER
		 N  	-33.966	-17.678	-12.801
		 CA 	-32.866	-17.387	-13.689
		 C  	-31.99	-18.585	-13.7
		 O  	-31.734	-19.187	-12.66
		 CB 	-32.071	-16.165	-13.251
		 OG 	-30.916	-16.031	-14.067
	12	amino	GLY
		 N  	-31.545	-18.956	-14.891
		 CA 	-30.699	-20.121	-14.998
		 C  	-30.354	-20.415	-16.42
		 O  	-30.728	-19.676	-17.323
	13	amino	VAL
		 N  	-29.733	-21.57	-16.603
		 CA 	-29.252	-22.042	-17.888
		 C  	-29.759	-23.44	-18.286
		 O  	-29.981	-24.305	-17.427
		 CB 	-27.702	-22.038	-17.815
		 CG1	-27.092	-23.02	-18.75
		 CG2	-27.176	-20.641	-18.085
	14	amino	ILE
		 N  	-29.993	-23.622	-19.59
		 CA 	-30.404	-24.914	-20.181
		 C  	-29.581	-25.132	-21.474
		 O  	-29.52	-24.262	-22.345
		 CB 	-31.894	-24.974	-20.571
		 CG1	-32.783	-24.647	-19.387
		 CG2	-32.266	-26.385	-21.017
		 CD1	-34.268	-24.839	-19.698
	15	amino	MET
		 N  	-28.89	-26.261	-21.548
		 CA 	-28.097	-26.619	-22.719
		 C  	-28.435	-28.056	-23.114
		 O  	-29.074	-28.78	-22.347
		 CB 	-26.613	-26.521	-22.411
		 CG 	-26.153	-27.423	-21.261
		 SD 	-24.436	-27.098	-20.748
		 CE 	-23.633	-28.642	-21.347
	16	amino	ASN
		 N  	-28.082	-28.436	-24.337
		 CA 	-28.326	-29.789	-24.813
		 C  	-27.05	-30.585	-24.589
		 O  	-26.067	-30.051	-24.074
		 CB 	-28.766	-29.805	-26.292
		 CG 	-27.719	-29.204	-27.251
		 OD1	-26.49	-29.294	-27.051
		 ND2	-28.216	-28.609	-28.322
	17	amino	ASP
		 N  	-27.057	-31.85	-24.985
		 CA 	-25.9	-32.714	-24.791
		 C  	-24.668	-32.32	-25.601
		 O  	-23.631	-32.97	-25.506
		 CB 	-26.283	-34.174	-25.053
		 CG 	-27.029	-34.346	-26.349
		 OD1	-28.236	-34.023	-26.39
		 OD2	-26.408	-34.785	-27.332
	18	amino	SER
		 N  	-24.773	-31.256	-26.385
		 CA 	-23.629	-30.809	-27.172
		 C  	-23.098	-29.483	-26.628
		 O  	-22.162	-28.909	-27.178
		 CB 	-24.023	-30.655	-28.635
		 OG 	-24.581	-31.863	-29.118
	19	amino	GLY
		 N  	-23.711	-29.0	-25.551
		 CA 	-23.286	-27.747	-24.962
		 C  	-23.734	-26.562	-25.79
		 O  	-23.029	-25.55	-25.873
	20	amino	ALA
		 N  	-24.902	-26.687	-26.414
		 CA 	-25.449	-25.611	-27.244
		 C  	-26.899	-25.358	-26.886
		 O  	-27.507	-26.136	-26.149
		 CB 	-25.332	-25.957	-28.712
	21	amino	SER
		 N  	-27.468	-24.285	-27.424
		 CA 	-28.855	-23.948	-27.123
		 C  	-29.883	-24.95	-27.608
		 O  	-29.621	-25.716	-28.53
		 CB 	-29.198	-22.563	-27.666
		 OG 	-28.866	-22.46	-29.034
	22	amino	THR
		 N  	-31.039	-24.948	-26.943
		 CA 	-32.172	-25.807	-27.264
		 C  	-33.442	-25.039	-26.976
		 O  	-33.403	-23.866	-26.607
		 CB 	-32.253	-27.091	-26.427
		 OG1	-31.464	-26.966	-25.236
		 CG2	-31.853	-28.304	-27.245
	23	amino	LYS
		 N  	-34.57	-25.71	-27.177
		 CA 	-35.873	-25.118	-26.957
		 C  	-36.33	-25.52	-25.571
		 O  	-36.031	-26.627	-25.106
		 CB 	-36.871	-25.618	-28.022
		 CG 	-36.469	-25.286	-29.468
		 CD 	-36.236	-23.774	-29.657
		 CE 	-35.93	-23.416	-31.112
		 NZ 	-34.873	-24.327	-31.692
	24	amino	SER
		 N  	-37.033	-24.62	-24.896
		 CA 	-37.535	-24.904	-23.559
		 C  	-38.72	-24.006	-23.331
		 O  	-38.965	-23.098	-24.113
		 CB 	-36.462	-24.635	-22.503
		 OG 	-36.038	-23.282	-22.543
	25	amino	GLY
		 N  	-39.503	-24.299	-22.304
		 CA 	-40.663	-23.467	-22.021
		 C  	-41.858	-24.275	-21.566
		 O  	-42.052	-25.414	-21.992
	26	amino	ALA
		 N  	-42.643	-23.703	-20.668
		 CA 	-43.815	-24.39	-20.172
		 C  	-44.859	-24.461	-21.29
		 O  	-45.727	-25.335	-21.28
		 CB 	-44.385	-23.652	-18.951
	27	amino	TYR
		 N  	-44.735	-23.552	-22.261
		 CA 	-45.666	-23.452	-23.387
		 C  	-45.083	-23.767	-24.771
		 O  	-45.531	-23.185	-25.756
		 CB 	-46.271	-22.041	-23.431
		 CG 	-47.138	-21.699	-22.243
		 CD1	-46.573	-21.302	-21.016
		 CD2	-48.533	-21.805	-22.326
		 CE1	-47.383	-21.026	-19.909
		 CE2	-49.351	-21.526	-21.219
		 CZ 	-48.774	-21.143	-20.017
		 OH 	-49.602	-20.912	-18.935
	28	amino	ILE
		 N  	-44.134	-24.703	-24.858
		 CA 	-43.535	-25.009	-26.15
		 C  	-44.23	-25.96	-27.087
		 O  	-43.877	-25.988	-28.271
		 CB 	-42.071	-25.472	-26.088
		 CG1	-41.922	-26.753	-25.281
		 CG2	-41.175	-24.302	-25.707
		 CD1	-40.558	-27.421	-25.504
	29	amino	THR
		 N  	-45.154	-26.775	-26.586
		 CA 	-45.855	-27.7	-27.474
		 C  	-46.909	-26.904	-28.255
		 O  	-47.249	-25.76	-27.89
		 CB 	-46.588	-28.812	-26.703
		 OG1	-47.701	-28.246	-25.995
		 CG2	-45.671	-29.487	-25.741
	30	amino	PRO
		 N  	-47.389	-27.468	-29.376
		 CA 	-48.408	-26.79	-30.181
		 C  	-49.623	-26.407	-29.322
		 O  	-50.266	-25.369	-29.533
		 CB 	-48.756	-27.862	-31.227
		 CG 	-47.413	-28.487	-31.485
		 CD 	-46.839	-28.637	-30.084
	31	amino	ALA
		 N  	-49.905	-27.242	-28.327
		 CA 	-51.033	-27.019	-27.419
		 C  	-50.864	-25.734	-26.591
		 O  	-51.853	-25.113	-26.165
		 CB 	-51.215	-28.238	-26.496
	32	amino	GLY
		 N  	-49.607	-25.319	-26.432
		 CA 	-49.279	-24.13	-25.668
		 C  	-49.829	-22.802	-26.163
		 O  	-49.962	-21.846	-25.375
	33	amino	GLU
		 N  	-50.159	-22.721	-27.451
		 CA 	-50.685	-21.477	-28.008
		 C  	-52.063	-21.179	-27.473
		 O  	-52.513	-20.036	-27.493
		 CB 	-50.737	-21.551	-29.529
		 CG 	-49.397	-21.813	-30.161
		 CD 	-49.37	-21.478	-31.647
		 OE1	-50.458	-21.315	-32.257
		 OE2	-48.247	-21.386	-32.205
	34	amino	THR
		 N  	-52.764	-22.228	-27.074
		 CA 	-54.101	-22.074	-26.518
		 C  	-54.113	-22.333	-25.004
		 O  	-55.154	-22.643	-24.433
		 CB 	-55.129	-22.97	-27.271
		 OG1	-54.594	-24.291	-27.479
		 CG2	-55.464	-22.347	-28.626
	35	amino	GLY
		 N  	-52.939	-22.232	-24.371
		 CA 	-52.822	-22.409	-22.931
		 C  	-52.338	-23.755	-22.435
		 O  	-52.247	-23.972	-21.221
	36	amino	GLY
		 N  	-51.973	-24.639	-23.358
		 CA 	-51.536	-25.976	-22.979
		 C  	-50.154	-26.097	-22.366
		 O  	-49.254	-26.707	-22.965
	37	amino	ALA
		 N  	-49.996	-25.571	-21.151
		 CA 	-48.721	-25.606	-20.435
		 C  	-48.268	-27.0	-19.974
		 O  	-49.087	-27.903	-19.804
		 CB 	-48.8	-24.689	-19.258
	38	amino	ILE
		 N  	-46.956	-27.193	-19.839
		 CA 	-46.403	-28.463	-19.347
		 C  	-45.433	-28.153	-18.209
		 O  	-45.202	-26.986	-17.879
		 CB 	-45.627	-29.263	-20.419
		 CG1	-44.597	-28.369	-21.122
		 CG2	-46.593	-29.997	-21.349
		 CD1	-43.504	-29.164	-21.818
	39	amino	GLY
		 N  	-44.858	-29.195	-17.617
		 CA 	-43.933	-28.988	-16.521
		 C  	-42.871	-27.923	-16.792
		 O  	-42.303	-27.821	-17.883
	40	amino	ARG
		 N  	-42.586	-27.12	-15.78
		 CA 	-41.596	-26.079	-15.921
		 C  	-40.221	-26.425	-15.367
		 O  	-39.258	-25.698	-15.62
		 CB 	-42.085	-24.82	-15.25
		 CG 	-42.036	-24.859	-13.743
		 CD 	-41.726	-23.465	-13.244
		 NE 	-42.916	-22.75	-12.833
		 CZ 	-43.071	-21.431	-12.903
		 NH1	-42.119	-20.657	-13.394
		 NH2	-44.166	-20.877	-12.402
	41	amino	LEU
		 N  	-40.114	-27.53	-14.633
		 CA 	-38.835	-27.901	-14.032
		 C  	-37.798	-28.239	-15.086
		 O  	-38.021	-29.116	-15.924
		 CB 	-38.995	-29.091	-13.084
		 CG 	-38.362	-29.103	-11.681
		 CD1	-38.077	-30.557	-11.328
		 CD2	-37.103	-28.282	-11.589
	42	amino	GLY
		 N  	-36.646	-27.579	-14.993
		 CA 	-35.562	-27.801	-15.939
		 C  	-36.046	-27.474	-17.339
		 O  	-35.512	-27.999	-18.312
	43	amino	ASN
		 N  	-37.034	-26.581	-17.415
		 CA 	-37.66	-26.198	-18.658
		 C  	-37.93	-24.7	-18.801
		 O  	-38.901	-24.305	-19.457
		 CB 	-38.968	-26.97	-18.808
		 CG 	-39.452	-27.032	-20.249
		 OD1	-38.653	-26.937	-21.187
		 ND2	-40.757	-27.199	-20.431
	44	amino	GLN
		 N  	-37.103	-23.87	-18.157
		 CA 	-37.216	-22.408	-18.264
		 C  	-35.811	-21.813	-18.241
		 O  	-35.094	-21.887	-17.226
		 CB 	-38.077	-21.819	-17.161
		 CG 	-39.516	-22.202	-17.293
		 CD 	-40.394	-21.469	-16.318
		 OE1	-41.423	-20.925	-16.706
		 NE2	-40.006	-21.46	-15.038
	45	amino	ALA
		 N  	-35.396	-21.285	-19.389
		 CA 	-34.065	-20.722	-19.513
		 C  	-34.019	-19.208	-19.494
		 O  	-32.968	-18.633	-19.71
		 CB 	-33.386	-21.259	-20.752
	46	amino	ASP
		 N  	-35.151	-18.557	-19.246
		 CA 	-35.183	-17.106	-19.189
		 C  	-34.886	-16.546	-17.805
		 O  	-34.9	-17.259	-16.811
		 CB 	-36.539	-16.576	-19.653
		 CG 	-37.699	-17.109	-18.835
		 OD1	-37.534	-18.149	-18.165
		 OD2	-38.79	-16.493	-18.881
	47	amino	THR
		 N  	-34.576	-15.262	-17.756
		 CA 	-34.319	-14.575	-16.5
		 C  	-35.515	-13.626	-16.366
		 O  	-35.576	-12.58	-17.016
		 CB 	-32.986	-13.801	-16.529
		 OG1	-31.89	-14.729	-16.558
		 CG2	-32.86	-12.935	-15.324
	48	amino	TYR
		 N  	-36.507	-14.053	-15.591
		 CA 	-37.715	-13.279	-15.391
		 C  	-37.72	-12.705	-13.968
		 O  	-37.396	-13.403	-13.0
		 CB 	-38.932	-14.178	-15.641
		 CG 	-40.244	-13.455	-15.5
		 CD1	-40.68	-12.575	-16.476
		 CD2	-41.042	-13.631	-14.367
		 CE1	-41.864	-11.884	-16.322
		 CE2	-42.228	-12.949	-14.215
		 CZ 	-42.626	-12.085	-15.186
		 OH 	-43.776	-11.385	-15.022
	49	amino	VAL
		 N  	-38.081	-11.43	-13.846
		 CA 	-38.088	-10.757	-12.559
		 C  	-39.301	-9.844	-12.363
		 O  	-39.717	-9.133	-13.296
		 CB 	-36.8	-9.888	-12.388
		 CG1	-36.828	-9.151	-11.072
		 CG2	-35.566	-10.752	-12.422
	50	amino	GLU
		 N  	-39.854	-9.878	-11.142
		 CA 	-40.986	-9.033	-10.741
		 C  	-40.541	-8.332	-9.466
		 O  	-40.135	-8.976	-8.497
		 CB 	-42.243	-9.849	-10.48
		 CG 	-42.876	-10.376	-11.756
		 CD 	-44.028	-11.348	-11.521
		 OE1	-44.307	-11.716	-10.355
		 OE2	-44.662	-11.763	-12.512
	51	amino	MET
		 N  	-40.532	-7.004	-9.514
		 CA 	-40.117	-6.183	-8.384
		 C  	-41.301	-5.391	-7.854
		 O  	-41.785	-4.469	-8.502
		 CB 	-38.971	-5.249	-8.808
		 CG 	-37.711	-6.008	-9.271
		 SD 	-36.526	-4.924	-10.106
		 CE 	-37.022	-5.182	-11.848
	52	amino	ASN
		 N  	-41.764	-5.762	-6.667
		 CA 	-42.904	-5.11	-6.036
		 C  	-42.442	-4.182	-4.896
		 O  	-41.887	-4.64	-3.897
		 CB 	-43.847	-6.179	-5.507
		 CG 	-44.177	-7.233	-6.551
		 OD1	-44.651	-6.902	-7.621
		 ND2	-43.927	-8.503	-6.246
	53	amino	LEU
		 N  	-42.612	-2.879	-5.096
		 CA 	-42.238	-1.858	-4.124
		 C  	-43.543	-1.368	-3.5
		 O  	-44.466	-0.958	-4.209
		 CB 	-41.539	-0.683	-4.827
		 CG 	-40.273	-0.905	-5.673
		 CD1	-39.861	0.428	-6.269
		 CD2	-39.137	-1.441	-4.847
	54	amino	GLU
		 N  	-43.64	-1.422	-2.178
		 CA 	-44.874	-0.996	-1.536
		 C  	-44.673	0.029	-0.464
		 O  	-43.604	0.146	0.13
		 CB 	-45.627	-2.178	-0.908
		 CG 	-45.854	-3.369	-1.831
		 CD 	-46.784	-4.423	-1.256
		 OE1	-47.69	-4.09	-0.46
		 OE2	-46.627	-5.601	-1.634
	55	amino	HIS
		 N  	-45.756	0.743	-0.209
		 CA 	-45.814	1.755	0.808
		 C  	-47.132	1.552	1.55
		 O  	-48.2	1.925	1.066
		 CB 	-45.764	3.136	0.19
		 CG 	-45.785	4.235	1.203
		 ND1	-46.942	4.888	1.563
		 CD2	-44.788	4.804	1.924
		 CE1	-46.657	5.818	2.457
		 NE2	-45.358	5.788	2.693
	56	amino	LYS
		 N  	-47.047	0.853	2.68
		 CA 	-48.202	0.56	3.53
		 C  	-48.302	1.592	4.657
		 O  	-47.328	2.218	5.048
		 CB 	-48.073	-0.826	4.154
		 CG 	-48.27	-2.007	3.238
		 CD 	-48.15	-3.281	4.069
		 CE 	-48.846	-4.494	3.438
		 NZ 	-48.1	-5.152	2.313
	57	amino	GLN
		 N  	-49.487	1.705	5.23
		 CA 	-49.728	2.649	6.301
		 C  	-50.946	2.191	7.069
		 O  	-51.973	1.86	6.484
		 CB 	-49.977	4.026	5.7
		 CG 	-50.237	5.139	6.682
		 CD 	-50.547	6.469	5.982
		 OE1	-50.934	6.5	4.795
		 NE2	-50.387	7.574	6.718
	58	amino	THR
		 N  	-50.799	2.073	8.382
		 CA 	-51.917	1.675	9.226
		 C  	-52.225	2.834	10.158
		 O  	-51.351	3.29	10.878
		 CB 	-51.593	0.412	10.043
		 OG1	-51.26	-0.653	9.147
		 CG2	-52.8	-0.012	10.881
	59	amino	LEU
		 N  	-53.427	3.382	10.056
		 CA 	-53.826	4.481	10.922
		 C  	-54.353	3.963	12.263
		 O  	-54.809	2.82	12.373
		 CB 	-54.869	5.369	10.241
		 CG 	-54.307	6.462	9.327
		 CD1	-53.799	5.846	8.058
		 CD2	-55.376	7.481	9.004
	60	amino	ASP
		 N  	-54.285	4.817	13.278
		 CA 	-54.736	4.473	14.622
		 C  	-56.163	3.899	14.691
		 O  	-56.431	2.987	15.486
		 CB 	-54.571	5.677	15.567
		 CG 	-54.971	7.007	14.918
		 OD1	-55.986	7.049	14.171
		 OD2	-54.256	8.013	15.161
	61	amino	ASN
		 N  	-57.057	4.381	13.831
		 CA 	-58.44	3.904	13.836
		 C  	-58.654	2.557	13.151
		 O  	-59.789	2.147	12.929
		 CB 	-59.369	4.957	13.235
		 CG 	-58.948	5.378	11.85
		 OD1	-58.439	4.57	11.075
		 ND2	-59.146	6.65	11.53
	62	amino	GLY
		 N  	-57.559	1.872	12.826
		 CA 	-57.647	0.569	12.173
		 C  	-57.629	0.613	10.648
		 O  	-57.447	-0.42	9.989
	63	amino	ALA
		 N  	-57.81	1.808	10.09
		 CA 	-57.818	1.999	8.644
		 C  	-56.435	1.854	8.027
		 O  	-55.455	2.428	8.506
		 CB 	-58.406	3.356	8.289
	64	amino	THR
		 N  	-56.36	1.055	6.971
		 CA 	-55.104	0.847	6.282
		 C  	-55.11	1.503	4.917
		 O  	-56.145	1.689	4.272
		 CB 	-54.736	-0.645	6.128
		 OG1	-55.751	-1.325	5.375
		 CG2	-54.59	-1.29	7.488
	65	amino	THR
		 N  	-53.904	1.819	4.491
		 CA 	-53.62	2.455	3.229
		 C  	-52.521	1.589	2.608
		 O  	-51.676	1.039	3.327
		 CB 	-53.159	3.903	3.511
		 OG1	-54.248	4.798	3.265
		 CG2	-51.957	4.284	2.721
	66	amino	ARG
		 N  	-52.599	1.374	1.296
		 CA 	-51.603	0.557	0.607
		 C  	-51.385	0.892	-0.855
		 O  	-52.312	0.897	-1.675
		 CB 	-51.952	-0.909	0.687
		 CG 	-50.927	-1.761	0.002
		 CD 	-51.434	-3.168	-0.162
		 NE 	-50.406	-4.042	-0.712
		 CZ 	-50.662	-5.124	-1.45
		 NH1	-51.924	-5.441	-1.736
		 NH2	-49.664	-5.927	-1.84
	67	amino	PHE
		 N  	-50.13	1.154	-1.18
		 CA 	-49.765	1.44	-2.549
		 C  	-48.7	0.429	-2.971
		 O  	-47.77	0.142	-2.211
		 CB 	-49.238	2.863	-2.696
		 CG 	-48.535	3.091	-3.993
		 CD1	-49.252	3.453	-5.133
		 CD2	-47.16	2.883	-4.093
		 CE1	-48.617	3.601	-6.353
		 CE2	-46.509	3.031	-5.316
		 CZ 	-47.24	3.391	-6.451
	68	amino	LYS
		 N  	-48.849	-0.099	-4.184
		 CA 	-47.919	-1.078	-4.729
		 C  	-47.66	-0.863	-6.234
		 O  	-48.575	-0.485	-6.988
		 CB 	-48.467	-2.482	-4.497
		 CG 	-47.67	-3.583	-5.178
		 CD 	-48.446	-4.908	-5.193
		 CE 	-47.626	-6.02	-5.82
		 NZ 	-48.217	-7.362	-5.57
	69	amino	VAL
		 N  	-46.4	-1.056	-6.643
		 CA 	-45.993	-0.955	-8.044
		 C  	-45.308	-2.242	-8.39
		 O  	-44.536	-2.742	-7.586
		 CB 	-44.845	0.035	-8.331
		 CG1	-45.067	0.684	-9.691
		 CG2	-44.629	1.019	-7.229
	70	amino	MET
		 N  	-45.574	-2.777	-9.579
		 CA 	-44.853	-3.953	-10.024
		 C  	-44.097	-3.539	-11.285
		 O  	-44.634	-2.804	-12.129
		 CB 	-45.766	-5.115	-10.337
		 CG 	-44.983	-6.307	-10.846
		 SD 	-46.028	-7.689	-11.265
		 CE 	-45.896	-8.716	-9.849
	71	amino	VAL
		 N  	-42.823	-3.917	-11.352
		 CA 	-41.971	-3.614	-12.499
		 C  	-41.421	-4.979	-12.885
		 O  	-40.808	-5.664	-12.058
		 CB 	-40.81	-2.66	-12.124
		 CG1	-39.861	-2.486	-13.308
		 CG2	-41.358	-1.304	-11.703
	72	amino	ALA
		 N  	-41.704	-5.421	-14.109
		 CA 	-41.24	-6.734	-14.54
		 C  	-40.411	-6.733	-15.827
		 O  	-40.415	-5.784	-16.608
		 CB 	-42.42	-7.666	-14.687
	73	amino	ASP
		 N  	-39.684	-7.823	-16.019
		 CA 	-38.849	-7.995	-17.18
		 C  	-38.601	-9.49	-17.37
		 O  	-38.627	-10.251	-16.416
		 CB 	-37.513	-7.258	-16.993
		 CG 	-36.561	-7.447	-18.183
		 OD1	-37.009	-7.3	-19.338
		 OD2	-35.382	-7.788	-17.978
	74	amino	GLY
		 N  	-38.416	-9.901	-18.618
		 CA 	-38.123	-11.286	-18.933
		 C  	-37.148	-11.254	-20.099
		 O  	-37.435	-10.619	-21.119
	75	amino	GLN
		 N  	-35.979	-11.875	-19.931
		 CA 	-34.936	-11.932	-20.97
		 C  	-34.528	-13.367	-21.255
		 O  	-34.495	-14.182	-20.331
		 CB 	-33.687	-11.198	-20.514
		 CG 	-33.868	-9.716	-20.356
		 CD 	-34.195	-9.057	-21.667
		 OE1	-33.482	-9.237	-22.652
		 NE2	-35.295	-8.321	-21.704
	76	amino	THR
		 N  	-34.252	-13.693	-22.521
		 CA 	-33.808	-15.05	-22.838
		 C  	-32.297	-15.052	-22.924
		 O  	-31.648	-16.095	-22.82
		 CB 	-34.468	-15.642	-24.13
		 OG1	-34.283	-14.737	-25.21
		 CG2	-35.966	-15.849	-23.929
	77	amino	SER
		 N  	-31.742	-13.855	-23.043
		 CA 	-30.304	-13.662	-23.113
		 C  	-29.62	-13.93	-21.76
		 O  	-30.167	-13.625	-20.692
		 CB 	-30.004	-12.239	-23.522
		 OG 	-28.604	-12.059	-23.59
	78	amino	TYR
		 N  	-28.394	-14.435	-21.821
		 CA 	-27.607	-14.745	-20.646
		 C  	-26.674	-13.597	-20.27
		 O  	-26.054	-13.614	-19.192
		 CB 	-26.714	-15.938	-20.928
		 CG 	-27.396	-17.271	-21.038
		 CD1	-28.64	-17.498	-20.477
		 CD2	-26.776	-18.321	-21.712
		 CE1	-29.254	-18.745	-20.59
		 CE2	-27.375	-19.563	-21.823
		 CZ 	-28.609	-19.77	-21.265
		 OH 	-29.189	-21.011	-21.402
	79	amino	ASN
		 N  	-26.558	-12.612	-21.149
		 CA 	-25.636	-11.523	-20.92
		 C  	-25.976	-10.592	-19.796
		 O  	-27.149	-10.421	-19.451
		 CB 	-25.412	-10.756	-22.221
		 CG 	-24.844	-11.642	-23.318
		 OD1	-24.337	-12.728	-23.046
		 ND2	-24.93	-11.187	-24.555
	80	amino	ASP
		 N  	-24.93	-9.962	-19.258
		 CA 	-25.042	-9.016	-18.133
		 C  	-25.58	-7.635	-18.481
		 O  	-25.795	-6.839	-17.591
		 CB 	-23.679	-8.835	-17.467
		 CG 	-22.63	-8.435	-18.446
		 OD1	-22.223	-9.309	-19.23
		 OD2	-22.242	-7.254	-18.475
	81	amino	TRP
		 N  	-25.734	-7.336	-19.766
		 CA 	-26.261	-6.036	-20.226
		 C  	-27.219	-6.361	-21.357
		 O  	-26.81	-6.935	-22.384
		 CB 	-25.116	-5.152	-20.741
		 CG 	-25.528	-3.82	-21.286
		 CD1	-25.78	-3.512	-22.594
		 CD2	-25.704	-2.603	-20.546
		 NE1	-26.1	-2.176	-22.711
		 CE2	-26.065	-1.596	-21.473
		 CE3	-25.59	-2.258	-19.185
		 CZ2	-26.317	-0.265	-21.084
		 CZ3	-25.838	-0.927	-18.796
		 CH2	-26.198	0.049	-19.746
	82	amino	THR
		 N  	-28.49	-6.017	-21.162
		 CA 	-29.53	-6.318	-22.143
		 C  	-30.413	-5.14	-22.479
		 O  	-31.623	-5.288	-22.647
		 CB 	-30.431	-7.482	-21.663
		 OG1	-30.938	-7.199	-20.343
		 CG2	-29.651	-8.79	-21.659
	83	amino	ALA
		 N  	-29.806	-3.966	-22.612
		 CA 	-30.573	-2.766	-22.937
		 C  	-31.306	-2.873	-24.281
		 O  	-32.478	-2.52	-24.38
		 CB 	-29.674	-1.575	-22.931
	84	amino	SER
		 N  	-30.642	-3.422	-25.294
		 CA 	-31.243	-3.525	-26.625
		 C  	-32.5	-4.364	-26.701
		 O  	-33.364	-4.084	-27.52
		 CB 	-30.23	-4.029	-27.638
		 OG 	-29.871	-5.367	-27.369
	85	amino	THR
		 N  	-32.623	-5.366	-25.83
		 CA 	-33.806	-6.235	-25.803
		 C  	-34.605	-6.201	-24.486
		 O  	-35.384	-7.111	-24.223
		 CB 	-33.392	-7.655	-25.975
		 OG1	-32.39	-7.936	-24.996
		 CG2	-32.876	-7.892	-27.36
	86	amino	SER
		 N  	-34.421	-5.166	-23.671
		 CA 	-35.097	-5.04	-22.373
		 C  	-36.621	-4.958	-22.447
		 O  	-37.16	-4.213	-23.255
		 CB 	-34.552	-3.794	-21.65
		 OG 	-35.052	-3.648	-20.329
	87	amino	ASP
		 N  	-37.315	-5.695	-21.581
		 CA 	-38.793	-5.67	-21.537
		 C  	-39.339	-5.062	-20.247
		 O  	-40.487	-5.296	-19.877
		 CB 	-39.385	-7.082	-21.727
		 CG 	-39.574	-7.457	-23.206
		 OD1	-39.37	-6.581	-24.087
		 OD2	-39.924	-8.637	-23.487
	88	amino	LEU
		 N  	-38.507	-4.283	-19.561
		 CA 	-38.854	-3.625	-18.292
		 C  	-40.123	-2.79	-18.435
		 O  	-40.18	-1.87	-19.253
		 CB 	-37.678	-2.75	-17.852
		 CG 	-37.068	-2.837	-16.438
		 CD1	-37.088	-4.23	-15.842
		 CD2	-35.624	-2.364	-16.534
	89	amino	ASN
		 N  	-41.163	-3.147	-17.686
		 CA 	-42.414	-2.402	-17.767
		 C  	-43.213	-2.458	-16.482
		 O  	-43.097	-3.401	-15.713
		 CB 	-43.278	-2.889	-18.945
		 CG 	-43.873	-4.266	-18.72
		 OD1	-45.057	-4.392	-18.465
		 ND2	-43.058	-5.303	-18.841
	90	amino	VAL
		 N  	-44.056	-1.455	-16.286
		 CA 	-44.882	-1.358	-15.108
		 C  	-46.155	-2.147	-15.307
		 O  	-47.065	-1.72	-16.02
		 CB 	-45.219	0.122	-14.775
		 CG1	-46.18	0.194	-13.593
		 CG2	-43.913	0.888	-14.476
	91	amino	ARG
		 N  	-46.179	-3.317	-14.683
		 CA 	-47.296	-4.256	-14.697
		 C  	-48.471	-3.83	-13.792
		 O  	-49.607	-4.163	-14.096
		 CB 	-46.799	-5.588	-14.17
		 CG 	-45.728	-6.234	-14.986
		 CD 	-46.388	-7.122	-15.925
		 NE 	-46.129	-8.502	-15.636
		 CZ 	-47.014	-9.46	-15.833
		 NH1	-48.211	-9.151	-16.287
		 NH2	-46.659	-10.726	-15.684
	92	amino	GLN
		 N  	-48.183	-3.183	-12.648
		 CA 	-49.222	-2.744	-11.697
		 C  	-48.861	-1.454	-10.979
		 O  	-47.683	-1.139	-10.766
		 CB 	-49.483	-3.78	-10.593
		 CG 	-49.686	-5.2	-11.053
		 CD 	-49.855	-6.169	-9.901
		 OE1	-49.072	-7.115	-9.74
		 NE2	-50.903	-5.97	-9.123
	93	amino	ALA
		 N  	-49.899	-0.748	-10.555
		 CA 	-49.787	0.513	-9.827
		 C  	-51.194	0.748	-9.255
		 O  	-52.112	1.135	-9.981
		 CB 	-49.365	1.649	-10.77
	94	amino	PHE
		 N  	-51.39	0.385	-7.987
		 CA 	-52.706	0.551	-7.365
		 C  	-52.685	0.972	-5.917
		 O  	-51.658	0.886	-5.235
		 CB 	-53.539	-0.722	-7.487
		 CG 	-52.954	-1.903	-6.775
		 CD1	-51.905	-2.626	-7.34
		 CD2	-53.466	-2.31	-5.543
		 CE1	-51.371	-3.745	-6.687
		 CE2	-52.945	-3.421	-4.885
		 CZ 	-51.89	-4.14	-5.464
	95	amino	VAL
		 N  	-53.858	1.393	-5.452
		 CA 	-54.051	1.837	-4.086
		 C  	-55.191	1.058	-3.473
		 O  	-56.215	0.812	-4.13
		 CB 	-54.374	3.355	-4.019
		 CG1	-55.004	3.727	-2.681
		 CG2	-53.095	4.17	-4.223
	96	amino	GLU
		 N  	-54.963	0.599	-2.244
		 CA 	-55.961	-0.123	-1.476
		 C  	-56.262	0.637	-0.172
		 O  	-55.348	1.045	0.564
		 CB 	-55.485	-1.538	-1.155
		 CG 	-55.62	-2.504	-2.295
		 CD 	-55.149	-3.888	-1.938
		 OE1	-54.215	-4.011	-1.126
		 OE2	-55.68	-4.874	-2.482
	97	amino	LEU
		 N  	-57.548	0.885	0.057
		 CA 	-58.021	1.541	1.272
		 C  	-58.817	0.474	2.051
		 O  	-59.938	0.13	1.68
		 CB 	-58.926	2.732	0.94
		 CG 	-58.38	3.861	0.051
		 CD1	-59.387	5.028	0.044
		 CD2	-57.017	4.343	0.558
	98	amino	GLY
		 N  	-58.231	-0.059	3.115
		 CA 	-58.931	-1.08	3.864
		 C  	-59.439	-0.692	5.241
		 O  	-59.07	0.357	5.79
	99	amino	ASN
		 N  	-60.377	-1.508	5.733
		 CA 	-60.966	-1.367	7.061
		 C  	-61.31	0.079	7.426
		 O  	-60.855	0.605	8.446
		 CB 	-59.976	-1.961	8.068
		 CG 	-60.617	-2.329	9.367
		 OD1	-61.822	-2.617	9.426
		 ND2	-59.813	-2.343	10.434
	100	amino	LEU
		 N  	-62.072	0.741	6.566
		 CA 	-62.425	2.118	6.857
		 C  	-63.486	2.142	7.948
		 O  	-64.394	1.29	7.958
		 CB 	-62.922	2.855	5.605
		 CG 	-61.923	3.111	4.476
		 CD1	-62.542	4.044	3.461
		 CD2	-60.663	3.715	5.028
	101	amino	PRO
		 N  	-63.348	3.078	8.912
		 CA 	-64.276	3.249	10.039
		 C  	-65.687	3.64	9.603
		 O  	-66.665	3.349	10.283
		 CB 	-63.613	4.352	10.863
		 CG 	-62.798	5.115	9.843
		 CD 	-62.209	4.005	9.029
	102	amino	THR
		 N  	-65.787	4.258	8.438
		 CA 	-67.063	4.685	7.884
		 C  	-67.871	3.551	7.215
		 O  	-69.07	3.672	7.009
		 CB 	-66.805	5.879	6.932
		 OG1	-67.082	7.103	7.629
		 CG2	-67.576	5.775	5.598
	103	amino	PHE
		 N  	-67.221	2.432	6.93
		 CA 	-67.879	1.299	6.291
		 C  	-68.515	0.383	7.298
		 O  	-67.817	-0.337	8.014
		 CB 	-66.878	0.466	5.485
		 CG 	-66.488	1.075	4.181
		 CD1	-66.625	2.445	3.961
		 CD2	-65.974	0.274	3.165
		 CE1	-66.255	3.011	2.748
		 CE2	-65.603	0.828	1.949
		 CZ 	-65.742	2.198	1.737
	104	amino	ALA
		 N  	-69.842	0.32	7.268
		 CA 	-70.596	-0.545	8.181
		 C  	-71.357	-1.693	7.479
		 O  	-71.319	-1.839	6.252
		 CB 	-71.562	0.297	9.012
	105	amino	GLY
		 N  	-72.039	-2.508	8.28
		 CA 	-72.807	-3.611	7.746
		 C  	-71.944	-4.591	6.993
		 O  	-70.863	-4.949	7.463
	106	amino	PRO
		 N  	-72.382	-5.022	5.796
		 CA 	-71.668	-5.978	4.934
		 C  	-70.303	-5.481	4.432
		 O  	-69.454	-6.272	4.011
		 CB 	-72.664	-6.214	3.795
		 CG 	-73.417	-4.919	3.722
		 CD 	-73.646	-4.59	5.17
	107	amino	PHE
		 N  	-70.103	-4.171	4.527
		 CA 	-68.867	-3.524	4.114
		 C  	-67.88	-3.375	5.262
		 O  	-66.831	-2.764	5.099
		 CB 	-69.175	-2.14	3.567
		 CG 	-70.083	-2.156	2.38
		 CD1	-69.6	-2.514	1.121
		 CD2	-71.42	-1.779	2.503
		 CE1	-70.44	-2.491	-0.005
		 CE2	-72.266	-1.751	1.384
		 CZ 	-71.768	-2.11	0.128
	108	amino	LYS
		 N  	-68.206	-3.949	6.412
		 CA 	-67.361	-3.849	7.592
		 C  	-65.85	-3.96	7.363
		 O  	-65.114	-2.971	7.504
		 CB 	-67.802	-4.86	8.662
		 CG 	-67.129	-4.652	10.014
		 CD 	-67.445	-3.267	10.572
		 CE 	-66.562	-2.916	11.771
		 NZ 	-65.139	-2.665	11.371
	109	amino	GLY
		 N  	-65.365	-5.141	7.027
		 CA 	-63.927	-5.237	6.856
		 C  	-63.467	-5.201	5.418
		 O  	-62.355	-5.632	5.113
	110	amino	SER
		 N  	-64.317	-4.67	4.542
		 CA 	-64.014	-4.614	3.121
		 C  	-62.899	-3.643	2.738
		 O  	-62.672	-2.616	3.398
		 CB 	-65.276	-4.287	2.322
		 OG 	-65.61	-2.915	2.44
	111	amino	THR
		 N  	-62.222	-3.977	1.641
		 CA 	-61.132	-3.153	1.128
		 C  	-61.389	-2.655	-0.299
		 O  	-61.677	-3.445	-1.196
		 CB 	-59.723	-3.866	1.273
		 OG1	-58.8	-3.326	0.312
		 CG2	-59.823	-5.332	1.072
	112	amino	LEU
		 N  	-61.371	-1.328	-0.45
		 CA 	-61.568	-0.638	-1.726
		 C  	-60.244	-0.535	-2.49
		 O  	-59.186	-0.397	-1.88
		 CB 	-62.035	0.79	-1.479
		 CG 	-63.437	1.276	-1.825
		 CD1	-63.353	2.809	-1.808
		 CD2	-63.941	0.761	-3.192
	113	amino	TRP
		 N  	-60.304	-0.573	-3.82
		 CA 	-59.088	-0.443	-4.629
		 C  	-59.335	0.249	-5.98
		 O  	-60.482	0.326	-6.476
		 CB 	-58.42	-1.798	-4.834
		 CG 	-59.177	-2.688	-5.747
		 CD1	-60.139	-3.613	-5.408
		 CD2	-59.062	-2.736	-7.173
		 NE1	-60.631	-4.23	-6.541
		 CE2	-59.989	-3.709	-7.64
		 CE3	-58.266	-2.05	-8.113
		 CZ2	-60.141	-4.008	-8.999
		 CZ3	-58.422	-2.355	-9.474
		 CH2	-59.353	-3.321	-9.897
	114	amino	ALA
		 N  	-58.256	0.78	-6.55
		 CA 	-58.3	1.459	-7.834
		 C  	-56.885	1.492	-8.406
		 O  	-55.904	1.616	-7.657
		 CB 	-58.844	2.855	-7.68
	115	amino	GLY
		 N  	-56.792	1.374	-9.731
		 CA 	-55.508	1.376	-10.411
		 C  	-55.319	0.144	-11.285
		 O  	-56.254	-0.613	-11.533
	116	amino	LYS
		 N  	-54.1	-0.039	-11.769
		 CA 	-53.751	-1.181	-12.6
		 C  	-53.213	-2.272	-11.661
		 O  	-52.23	-2.043	-10.943
		 CB 	-52.688	-0.74	-13.631
		 CG 	-52.061	-1.857	-14.445
		 CD 	-51.105	-1.313	-15.487
		 CE 	-51.837	-0.459	-16.513
		 NZ 	-50.944	-0.042	-17.628
	117	amino	ARG
		 N  	-53.811	-3.465	-11.692
		 CA 	-53.357	-4.522	-10.791
		 C  	-53.758	-5.887	-11.275
		 O  	-54.539	-5.998	-12.21
		 CB 	-54.063	-4.357	-9.441
		 CG 	-55.576	-4.719	-9.538
		 CD 	-56.267	-4.847	-8.195
		 NE 	-55.588	-5.8	-7.331
		 CZ 	-55.532	-5.669	-6.015
		 NH1	-56.132	-4.633	-5.445
		 NH2	-54.815	-6.515	-5.289
	118	amino	PHE
		 N  	-53.22	-6.922	-10.629
		 CA 	-53.625	-8.3	-10.898
		 C  	-54.651	-8.451	-9.765
		 O  	-54.4	-7.987	-8.643
		 CB 	-52.533	-9.326	-10.595
		 CG 	-51.289	-9.206	-11.436
		 CD1	-51.162	-8.231	-12.412
		 CD2	-50.225	-10.076	-11.217
		 CE1	-49.985	-8.117	-13.16
		 CE2	-49.043	-9.979	-11.957
		 CZ 	-48.921	-8.996	-12.932
	119	amino	ASP
		 N  	-55.804	-9.06	-10.047
		 CA 	-56.824	-9.27	-9.024
		 C  	-56.213	-10.078	-7.873
		 O  	-55.449	-11.025	-8.09
		 CB 	-57.98	-10.039	-9.611
		 CG 	-59.184	-10.028	-8.721
		 OD1	-59.767	-8.928	-8.573
		 OD2	-59.561	-11.115	-8.199
	120	amino	ARG
		 N  	-56.556	-9.698	-6.65
		 CA 	-56.021	-10.339	-5.452
		 C  	-56.332	-11.812	-5.422
		 O  	-55.479	-12.615	-5.099
		 CB 	-56.624	-9.664	-4.213
		 CG 	-56.017	-10.066	-2.878
		 CD 	-56.92	-9.638	-1.729
		 NE 	-58.095	-10.504	-1.668
		 CZ 	-59.205	-10.249	-0.973
		 NH1	-59.329	-9.143	-0.252
		 NH2	-60.212	-11.102	-1.034
	121	amino	ASP
		 N  	-57.541	-12.168	-5.846
		 CA 	-57.979	-13.56	-5.792
		 C  	-57.696	-14.528	-6.941
		 O  	-58.324	-15.59	-7.038
		 CB 	-59.446	-13.616	-5.351
		 CG 	-59.65	-13.054	-3.934
		 OD1	-58.723	-13.163	-3.096
		 OD2	-60.728	-12.488	-3.663
	122	amino	ASN
		 N  	-56.741	-14.186	-7.8
		 CA 	-56.361	-15.088	-8.896
		 C  	-55.553	-16.17	-8.212
		 O  	-54.941	-15.912	-7.186
		 CB 	-55.402	-14.399	-9.901
		 CG 	-56.041	-13.239	-10.648
		 OD1	-57.246	-13.232	-10.923
		 ND2	-55.225	-12.247	-10.985
	123	amino	PHE
		 N  	-55.529	-17.369	-8.767
		 CA 	-54.703	-18.425	-8.189
		 C  	-54.061	-19.227	-9.311
		 O  	-54.535	-19.2	-10.432
		 CB 	-55.476	-19.3	-7.184
		 CG 	-56.732	-19.937	-7.727
		 CD1	-57.878	-19.169	-7.968
		 CD2	-56.79	-21.316	-7.94
		 CE1	-59.078	-19.779	-8.41
		 CE2	-57.973	-21.924	-8.379
		 CZ 	-59.124	-21.152	-8.614
	124	amino	ASP
		 N  	-52.981	-19.931	-9.023
		 CA 	-52.283	-20.675	-10.071
		 C  	-51.955	-22.136	-9.764
		 O  	-52.335	-22.656	-8.72
		 CB 	-50.984	-19.921	-10.462
		 CG 	-49.924	-19.903	-9.343
		 OD1	-50.286	-19.911	-8.151
		 OD2	-48.715	-19.874	-9.661
	125	amino	ILE
		 N  	-51.319	-22.796	-10.733
		 CA 	-50.865	-24.175	-10.608
		 C  	-49.387	-23.992	-10.908
		 O  	-48.952	-24.071	-12.056
		 CB 	-51.459	-25.106	-11.673
		 CG1	-52.982	-25.127	-11.587
		 CG2	-50.917	-26.5	-11.5
		 CD1	-53.615	-26.027	-12.614
	126	amino	HIS
		 N  	-48.629	-23.697	-9.861
		 CA 	-47.208	-23.418	-9.957
		 C  	-46.301	-24.301	-10.821
		 O  	-45.558	-23.788	-11.658
		 CB 	-46.596	-23.282	-8.552
		 CG 	-45.117	-23.074	-8.576
		 ND1	-44.219	-24.119	-8.514
		 CD2	-44.382	-21.961	-8.805
		 CE1	-42.997	-23.665	-8.721
		 NE2	-43.069	-22.359	-8.901
	127	amino	TRP
		 N  	-46.336	-25.609	-10.609
		 CA 	-45.45	-26.536	-11.314
		 C  	-45.574	-26.546	-12.832
		 O  	-44.703	-27.076	-13.537
		 CB 	-45.66	-27.948	-10.752
		 CG 	-45.635	-27.927	-9.267
		 CD1	-44.529	-27.878	-8.471
		 CD2	-46.762	-27.826	-8.39
		 NE1	-44.893	-27.731	-7.156
		 CE2	-46.261	-27.698	-7.075
		 CE3	-48.152	-27.83	-8.586
		 CZ2	-47.1	-27.577	-5.959
		 CZ3	-48.987	-27.711	-7.469
		 CH2	-48.456	-27.586	-6.176
	128	amino	ILE
		 N  	-46.606	-25.874	-13.321
		 CA 	-46.92	-25.832	-14.74
		 C  	-46.88	-24.4	-15.303
		 O  	-47.051	-24.186	-16.506
		 CB 	-48.29	-26.57	-14.924
		 CG1	-48.047	-27.963	-15.461
		 CG2	-49.322	-25.784	-15.69
		 CD1	-49.319	-28.725	-15.544
	129	amino	ASP
		 N  	-46.53	-23.447	-14.436
		 CA 	-46.419	-22.03	-14.778
		 C  	-47.668	-21.501	-15.457
		 O  	-47.599	-20.775	-16.464
		 CB 	-45.189	-21.749	-15.655
		 CG 	-44.755	-20.274	-15.597
		 OD1	-45.475	-19.46	-14.975
		 OD2	-43.705	-19.919	-16.162
	130	amino	SER
		 N  	-48.813	-21.821	-14.87
		 CA 	-50.079	-21.387	-15.427
		 C  	-51.056	-20.986	-14.338
		 O  	-51.235	-21.717	-13.366
		 CB 	-50.702	-22.533	-16.235
		 OG 	-52.048	-22.228	-16.569
	131	amino	ASP
		 N  	-51.676	-19.826	-14.499
		 CA 	-52.688	-19.414	-13.558
		 C  	-53.924	-20.248	-13.902
		 O  	-54.007	-20.843	-14.999
		 CB 	-53.028	-17.943	-13.743
		 CG 	-51.847	-17.035	-13.484
		 OD1	-51.078	-17.308	-12.537
		 OD2	-51.694	-16.04	-14.224
	132	amino	VAL
		 N  	-54.85	-20.347	-12.948
		 CA 	-56.113	-21.058	-13.158
		 C  	-57.035	-19.984	-13.759
		 O  	-57.72	-20.214	-14.757
		 CB 	-56.673	-21.62	-11.807
		 CG1	-58.061	-22.192	-11.992
		 CG2	-55.746	-22.712	-11.286
	133	amino	VAL
		 N  	-56.997	-18.795	-13.16
		 CA 	-57.758	-17.628	-13.614
		 C  	-56.787	-16.465	-13.451
		 O  	-56.0	-16.449	-12.494
		 CB 	-58.956	-17.304	-12.715
		 CG1	-59.936	-16.412	-13.463
		 CG2	-59.624	-18.562	-12.262
	134	amino	PHE
		 N  	-56.83	-15.499	-14.367
		 CA 	-55.942	-14.352	-14.294
		 C  	-56.646	-13.096	-14.738
		 O  	-56.623	-12.725	-15.923
		 CB 	-54.687	-14.586	-15.129
		 CG 	-53.746	-13.399	-15.165
		 CD1	-52.94	-13.098	-14.074
		 CD2	-53.677	-12.574	-16.29
		 CE1	-52.082	-11.998	-14.092
		 CE2	-52.809	-11.46	-16.312
		 CZ 	-52.016	-11.178	-15.208
	135	amino	LEU
		 N  	-57.307	-12.453	-13.785
		 CA 	-58.02	-11.229	-14.057
		 C  	-57.047	-10.086	-13.731
		 O  	-56.545	-10.001	-12.604
		 CB 	-59.261	-11.174	-13.165
		 CG 	-60.21	-9.976	-13.259
		 CD1	-60.722	-9.824	-14.686
		 CD2	-61.39	-10.163	-12.301
	136	amino	ALA
		 N  	-56.718	-9.262	-14.726
		 CA 	-55.808	-8.128	-14.54
		 C  	-56.189	-6.999	-15.508
		 O  	-56.871	-7.239	-16.504
		 CB 	-54.353	-8.558	-14.761
	137	amino	GLY
		 N  	-55.749	-5.777	-15.213
		 CA 	-56.071	-4.642	-16.046
		 C  	-56.115	-3.409	-15.178
		 O  	-55.463	-3.369	-14.141
	138	amino	THR
		 N  	-56.875	-2.405	-15.599
		 CA 	-57.006	-1.164	-14.861
		 C  	-58.479	-0.92	-14.58
		 O  	-59.307	-1.035	-15.472
		 CB 	-56.429	0.029	-15.681
		 OG1	-55.086	-0.27	-16.054
		 CG2	-56.415	1.314	-14.876
	139	amino	GLY
		 N  	-58.81	-0.585	-13.337
		 CA 	-60.199	-0.318	-12.987
		 C  	-60.354	0.007	-11.516
		 O  	-59.567	0.785	-10.976
	140	amino	GLY
		 N  	-61.357	-0.598	-10.878
		 CA 	-61.62	-0.373	-9.473
		 C  	-62.58	-1.422	-8.945
		 O  	-63.211	-2.15	-9.706
	141	amino	GLY
		 N  	-62.67	-1.535	-7.629
		 CA 	-63.58	-2.506	-7.057
		 C  	-63.541	-2.578	-5.549
		 O  	-62.955	-1.726	-4.866
	142	amino	ILE
		 N  	-64.156	-3.625	-5.026
		 CA 	-64.205	-3.815	-3.591
		 C  	-64.054	-5.296	-3.238
		 O  	-64.587	-6.163	-3.924
		 CB 	-65.511	-3.217	-3.011
		 CG1	-65.443	-3.223	-1.478
		 CG2	-66.732	-3.976	-3.558
		 CD1	-66.343	-2.208	-0.841
	143	amino	TYR
		 N  	-63.267	-5.581	-2.214
		 CA 	-63.05	-6.955	-1.792
		 C  	-63.698	-7.23	-0.433
		 O  	-63.806	-6.331	0.408
		 CB 	-61.56	-7.245	-1.674
		 CG 	-60.789	-7.271	-2.979
		 CD1	-61.07	-8.223	-3.957
		 CD2	-59.748	-6.38	-3.209
		 CE1	-60.335	-8.298	-5.121
		 CE2	-59.004	-6.444	-4.377
		 CZ 	-59.298	-7.415	-5.332
		 OH 	-58.505	-7.535	-6.457
	144	amino	ASP
		 N  	-64.143	-8.475	-0.25
		 CA 	-64.758	-8.948	0.982
		 C  	-66.018	-8.224	1.497
		 O  	-65.984	-7.59	2.552
		 CB 	-63.71	-8.968	2.079
		 CG 	-62.44	-9.665	1.659
		 OD1	-62.526	-10.792	1.13
		 OD2	-61.351	-9.086	1.873
	145	amino	VAL
		 N  	-67.107	-8.271	0.732
		 CA 	-68.369	-7.684	1.166
		 C  	-69.073	-8.889	1.786
		 O  	-69.402	-9.843	1.077
		 CB 	-69.198	-7.143	-0.019
		 CG1	-70.606	-6.845	0.432
		 CG2	-68.573	-5.875	-0.57
	146	amino	LYS
		 N  	-69.199	-8.897	3.114
		 CA 	-69.821	-10.02	3.821
		 C  	-71.33	-9.919	3.922
		 O  	-71.871	-8.882	4.291
		 CB 	-69.246	-10.191	5.235
		 CG 	-67.938	-10.973	5.339
		 CD 	-66.718	-10.145	4.915
		 CE 	-66.563	-8.845	5.732
		 NZ 	-65.403	-7.983	5.29
	147	amino	TRP
		 N  	-72.011	-10.991	3.54
		 CA 	-73.468	-11.045	3.635
		 C  	-73.678	-12.148	4.66
		 O  	-72.853	-13.066	4.73
		 CB 	-74.104	-11.515	2.322
		 CG 	-73.651	-10.832	1.08
		 CD1	-72.875	-11.363	0.086
		 CD2	-74.037	-9.532	0.633
		 NE1	-72.772	-10.482	-0.957
		 CE2	-73.476	-9.348	-0.649
		 CE3	-74.808	-8.505	1.191
		 CZ2	-73.662	-8.174	-1.387
		 CZ3	-74.994	-7.333	0.458
		 CH2	-74.421	-7.179	-0.82
	148	amino	ASN
		 N  	-74.762	-12.07	5.436
		 CA 	-75.108	-13.089	6.451
		 C  	-73.951	-13.783	7.209
		 O  	-74.173	-14.805	7.871
		 CB 	-76.04	-14.166	5.842
		 CG 	-75.35	-15.039	4.759
		 OD1	-75.767	-15.043	3.589
		 ND2	-74.319	-15.799	5.156
	149	amino	ASP
		 N  	-72.736	-13.229	7.104
		 CA 	-71.517	-13.756	7.751
		 C  	-71.108	-15.18	7.339
		 O  	-70.681	-15.985	8.174
		 CB 	-71.616	-13.65	9.287
		 CG 	-71.847	-12.216	9.767
		 OD1	-71.058	-11.316	9.375
		 OD2	-72.827	-11.996	10.521
	150	amino	GLY
		 N  	-71.214	-15.466	6.044
		 CA 	-70.853	-16.778	5.534
		 C  	-70.801	-16.789	4.016
		 O  	-70.588	-17.837	3.397
	151	amino	LEU
		 N  	-70.995	-15.611	3.424
		 CA 	-70.985	-15.438	1.977
		 C  	-70.297	-14.114	1.657
		 O  	-70.876	-13.047	1.859
		 CB 	-72.43	-15.432	1.433
		 CG 	-72.761	-15.655	-0.058
		 CD1	-72.357	-14.489	-0.92
		 CD2	-72.113	-16.927	-0.563
	152	amino	ARG
		 N  	-69.038	-14.184	1.228
		 CA 	-68.309	-12.975	0.87
		 C  	-68.32	-12.819	-0.636
		 O  	-68.472	-13.798	-1.378
		 CB 	-66.877	-12.964	1.418
		 CG 	-66.283	-14.328	1.677
		 CD 	-64.859	-14.206	2.192
		 NE 	-63.938	-13.82	1.13
		 CZ 	-63.086	-14.662	0.55
		 NH1	-63.051	-15.933	0.948
		 NH2	-62.285	-14.247	-0.434
	153	amino	SER
		 N  	-68.188	-11.568	-1.074
		 CA 	-68.208	-11.238	-2.483
		 C  	-67.208	-10.155	-2.848
		 O  	-66.836	-9.331	-2.012
		 CB 	-69.594	-10.732	-2.865
		 OG 	-70.582	-11.657	-2.479
	154	amino	ASN
		 N  	-66.78	-10.178	-4.109
		 CA 	-65.883	-9.18	-4.671
		 C  	-66.637	-8.673	-5.887
		 O  	-67.275	-9.449	-6.602
		 CB 	-64.576	-9.814	-5.149
		 CG 	-63.794	-10.466	-4.032
		 OD1	-63.964	-10.134	-2.866
		 ND2	-62.918	-11.386	-4.388
	155	amino	PHE
		 N  	-66.606	-7.369	-6.103
		 CA 	-67.262	-6.77	-7.257
		 C  	-66.248	-5.814	-7.883
		 O  	-65.595	-5.053	-7.152
		 CB 	-68.509	-6.008	-6.815
		 CG 	-69.539	-6.876	-6.143
		 CD1	-70.324	-7.752	-6.885
		 CD2	-69.712	-6.825	-4.763
		 CE1	-71.275	-8.572	-6.26
		 CE2	-70.652	-7.638	-4.129
		 CZ 	-71.438	-8.515	-4.881
	156	amino	SER
		 N  	-66.107	-5.839	-9.214
		 CA 	-65.136	-4.959	-9.872
		 C  	-65.35	-4.637	-11.339
		 O  	-66.07	-5.33	-12.052
		 CB 	-63.729	-5.555	-9.747
		 OG 	-63.661	-6.842	-10.338
	157	amino	LEU
		 N  	-64.699	-3.568	-11.778
		 CA 	-64.706	-3.153	-13.175
		 C  	-63.239	-3.085	-13.573
		 O  	-62.454	-2.355	-12.965
		 CB 	-65.329	-1.769	-13.365
		 CG 	-65.076	-1.137	-14.744
		 CD1	-65.907	-1.83	-15.803
		 CD2	-65.447	0.33	-14.707
	158	amino	TYR
		 N  	-62.857	-3.912	-14.53
		 CA 	-61.489	-3.919	-15.028
		 C  	-61.496	-3.554	-16.51
		 O  	-62.294	-4.094	-17.277
		 CB 	-60.872	-5.302	-14.893
		 CG 	-60.231	-5.595	-13.562
		 CD1	-58.884	-5.298	-13.339
		 CD2	-60.928	-6.303	-12.573
		 CE1	-58.239	-5.714	-12.183
		 CE2	-60.297	-6.726	-11.406
		 CZ 	-58.946	-6.438	-11.222
		 OH 	-58.28	-6.964	-10.139
	159	amino	GLY
		 N  	-60.612	-2.639	-16.898
		 CA 	-60.497	-2.236	-18.286
		 C  	-59.207	-2.738	-18.93
		 O  	-58.15	-2.803	-18.274
	160	amino	ARG
		 N  	-59.31	-3.157	-20.198
		 CA 	-58.166	-3.634	-20.983
		 C  	-58.179	-3.004	-22.385
		 O  	-59.076	-2.212	-22.72
		 CB 	-58.163	-5.15	-21.095
		 CG 	-58.119	-5.86	-19.781
		 CD 	-57.759	-7.336	-19.951
		 NE 	-56.333	-7.608	-19.721
		 CZ 	-55.469	-7.88	-20.685
		 NH1	-55.875	-7.91	-21.954
		 NH2	-54.208	-8.127	-20.395
	161	amino	ASN
		 N  	-57.157	-3.316	-23.183
		 CA 	-57.042	-2.773	-24.544
		 C  	-56.731	-3.872	-25.563
		 O  	-56.023	-4.838	-25.245
		 CB 	-55.912	-1.735	-24.612
		 CG 	-56.313	-0.376	-24.058
		 OD1	-55.932	-0.003	-22.95
		 ND2	-57.046	0.39	-24.853
	162	amino	PHE
		 N  	-57.313	-3.744	-26.76
		 CA 	-57.057	-4.668	-27.871
		 C  	-56.395	-3.843	-28.959
		 O  	-56.733	-2.671	-29.154
		 CB 	-58.335	-5.252	-28.451
		 CG 	-58.997	-6.276	-27.585
		 CD1	-58.244	-7.214	-26.899
		 CD2	-60.399	-6.316	-27.48
		 CE1	-58.872	-8.189	-26.113
		 CE2	-61.039	-7.275	-26.706
		 CZ 	-60.279	-8.216	-26.02
	163	amino	GLY
		 N  	-55.429	-4.45	-29.641
		 CA 	-54.728	-3.775	-30.723
		 C  	-53.571	-2.877	-30.332
		 O  	-53.036	-2.97	-29.236
	164	amino	ASP
		 N  	-53.18	-2.005	-31.252
		 CA 	-52.074	-1.083	-31.037
		 C  	-52.633	0.186	-30.416
		 O  	-53.411	0.908	-31.047
		 CB 	-51.382	-0.79	-32.382
		 CG 	-50.169	0.147	-32.256
		 OD1	-49.641	0.364	-31.131
		 OD2	-49.737	0.669	-33.311
	165	amino	ILE
		 N  	-52.233	0.44	-29.171
		 CA 	-52.686	1.606	-28.408
		 C  	-52.396	2.952	-29.115
		 O  	-53.126	3.936	-28.933
		 CB 	-52.082	1.572	-26.966
		 CG1	-52.814	2.548	-26.045
		 CG2	-50.582	1.861	-27.0
		 CD1	-54.207	2.111	-25.685
	166	amino	ASP
		 N  	-51.364	2.971	-29.959
		 CA 	-50.973	4.173	-30.704
		 C  	-51.855	4.443	-31.921
		 O  	-52.08	5.598	-32.299
		 CB 	-49.526	4.05	-31.163
		 CG 	-48.555	4.022	-30.008
		 OD1	-48.509	5.042	-29.277
		 OD2	-47.857	2.987	-29.83
	167	amino	ASP
		 N  	-52.322	3.361	-32.543
		 CA 	-53.171	3.42	-33.729
		 C  	-54.631	3.554	-33.302
		 O  	-55.273	2.565	-32.935
		 CB 	-52.961	2.14	-34.562
		 CG 	-53.555	2.224	-35.969
		 OD1	-54.275	3.197	-36.297
		 OD2	-53.289	1.29	-36.755
	168	amino	SER
		 N  	-55.145	4.779	-33.367
		 CA 	-56.535	5.068	-32.995
		 C  	-57.612	4.246	-33.752
		 O  	-58.717	4.046	-33.236
		 CB 	-56.817	6.575	-33.142
		 OG 	-56.483	7.056	-34.444
	169	amino	SER
		 N  	-57.284	3.765	-34.957
		 CA 	-58.224	2.973	-35.77
		 C  	-58.124	1.465	-35.505
		 O  	-58.991	0.688	-35.94
		 CB 	-58.019	3.248	-37.271
		 OG 	-56.791	2.705	-37.745
	170	amino	ASN
		 N  	-57.043	1.051	-34.843
		 CA 	-56.841	-0.359	-34.506
		 C  	-56.739	-0.529	-32.983
		 O  	-56.1	-1.457	-32.492
		 CB 	-55.58	-0.896	-35.195
		 CG 	-55.368	-2.393	-34.965
		 OD1	-56.318	-3.137	-34.704
		 ND2	-54.112	-2.829	-35.031
	171	amino	SER
		 N  	-57.425	0.336	-32.239
		 CA 	-57.386	0.278	-30.781
		 C  	-58.773	0.311	-30.129
		 O  	-59.557	1.253	-30.308
		 CB 	-56.518	1.415	-30.238
		 OG 	-56.31	1.253	-28.846
	172	amino	VAL
		 N  	-59.037	-0.689	-29.306
		 CA 	-60.32	-0.79	-28.63
		 C  	-60.16	-1.095	-27.126
		 O  	-59.203	-1.766	-26.696
		 CB 	-61.202	-1.865	-29.358
		 CG1	-62.007	-2.723	-28.385
		 CG2	-62.115	-1.18	-30.379
	173	amino	GLN
		 N  	-61.071	-0.541	-26.326
		 CA 	-61.059	-0.781	-24.888
		 C  	-62.05	-1.872	-24.62
		 O  	-63.118	-1.902	-25.23
		 CB 	-61.436	0.478	-24.102
		 CG 	-60.291	1.484	-23.977
		 CD 	-60.746	2.798	-23.386
		 OE1	-61.942	2.997	-23.121
		 NE2	-59.808	3.71	-23.183
	174	amino	ASN
		 N  	-61.671	-2.805	-23.76
		 CA 	-62.533	-3.923	-23.398
		 C  	-62.792	-3.804	-21.904
		 O  	-61.853	-3.727	-21.102
		 CB 	-61.82	-5.248	-23.686
		 CG 	-62.652	-6.473	-23.322
		 OD1	-62.098	-7.559	-23.092
		 ND2	-63.981	-6.329	-23.312
	175	amino	TYR
		 N  	-64.063	-3.705	-21.54
		 CA 	-64.432	-3.625	-20.14
		 C  	-64.995	-4.932	-19.608
		 O  	-65.668	-5.691	-20.319
		 CB 	-65.376	-2.479	-19.91
		 CG 	-64.652	-1.174	-20.054
		 CD1	-63.79	-0.726	-19.057
		 CD2	-64.808	-0.388	-21.199
		 CE1	-63.094	0.487	-19.198
		 CE2	-64.119	0.824	-21.349
		 CZ 	-63.267	1.251	-20.341
		 OH 	-62.613	2.452	-20.468
	176	amino	ILE
		 N  	-64.654	-5.214	-18.357
		 CA 	-65.078	-6.437	-17.702
		 C  	-65.725	-6.142	-16.353
		 O  	-65.181	-5.379	-15.532
		 CB 	-63.879	-7.333	-17.455
		 CG1	-63.079	-7.503	-18.753
		 CG2	-64.335	-8.652	-16.839
		 CD1	-61.593	-7.532	-18.557
	177	amino	LEU
		 N  	-66.907	-6.717	-16.152
		 CA 	-67.654	-6.575	-14.912
		 C  	-67.697	-7.95	-14.336
		 O  	-68.187	-8.892	-14.975
		 CB 	-69.078	-6.133	-15.173
		 CG 	-69.388	-4.653	-15.014
		 CD1	-70.894	-4.462	-15.224
		 CD2	-68.995	-4.183	-13.622
	178	amino	THR
		 N  	-67.177	-8.08	-13.126
		 CA 	-67.175	-9.377	-12.474
		 C  	-67.653	-9.366	-11.017
		 O  	-67.6	-8.345	-10.328
		 CB 	-65.792	-10.071	-12.627
		 OG1	-65.49	-10.863	-11.466
		 CG2	-64.684	-9.041	-12.889
	179	amino	MET
		 N  	-68.269	-10.475	-10.629
		 CA 	-68.74	-10.671	-9.273
		 C  	-68.121	-11.996	-8.898
		 O  	-68.215	-12.981	-9.638
		 CB 	-70.268	-10.702	-9.189
		 CG 	-70.963	-11.829	-9.925
		 SD 	-72.748	-11.657	-9.67
		 CE 	-73.361	-11.858	-11.297
	180	amino	ASN
		 N  	-67.399	-11.993	-7.793
		 CA 	-66.709	-13.185	-7.344
		 C  	-67.279	-13.514	-5.963
		 O  	-67.068	-12.752	-5.006
		 CB 	-65.227	-12.837	-7.258
		 CG 	-64.324	-14.017	-7.504
		 OD1	-63.119	-13.84	-7.71
		 ND2	-64.876	-15.218	-7.486
	181	amino	HIS
		 N  	-67.999	-14.635	-5.863
		 CA 	-68.623	-15.07	-4.607
		 C  	-67.954	-16.259	-3.975
		 O  	-67.581	-17.207	-4.666
		 CB 	-70.082	-15.43	-4.838
		 CG 	-70.891	-14.305	-5.392
		 ND1	-71.396	-14.314	-6.673
		 CD2	-71.244	-13.116	-4.854
		 CE1	-72.025	-13.175	-6.903
		 NE2	-71.946	-12.429	-5.814
	182	amino	PHE
		 N  	-67.848	-16.227	-2.649
		 CA 	-67.233	-17.321	-1.9
		 C  	-68.149	-17.784	-0.759
		 O  	-68.686	-16.957	-0.002
		 CB 	-65.89	-16.894	-1.312
		 CG 	-64.866	-16.492	-2.331
		 CD1	-64.808	-15.176	-2.799
		 CD2	-63.928	-17.419	-2.791
		 CE1	-63.828	-14.782	-3.711
		 CE2	-62.941	-17.039	-3.706
		 CZ 	-62.889	-15.715	-4.167
	183	amino	ALA
		 N  	-68.321	-19.104	-0.653
		 CA 	-69.16	-19.723	0.382
		 C  	-68.456	-20.986	0.869
		 O  	-68.668	-22.081	0.337
		 CB 	-70.551	-20.068	-0.178
	184	amino	GLY
		 N  	-67.609	-20.828	1.879
		 CA 	-66.873	-21.96	2.408
		 C  	-65.765	-22.264	1.427
		 O  	-65.059	-21.354	1.012
	185	amino	PRO
		 N  	-65.613	-23.52	1.002
		 CA 	-64.583	-23.957	0.049
		 C  	-65.059	-23.734	-1.405
		 O  	-64.323	-23.936	-2.369
		 CB 	-64.47	-25.447	0.36
		 CG 	-65.955	-25.822	0.587
		 CD 	-66.459	-24.649	1.446
	186	amino	LEU
		 N  	-66.296	-23.29	-1.547
		 CA 	-66.875	-23.081	-2.854
		 C  	-66.726	-21.659	-3.388
		 O  	-66.896	-20.673	-2.65
		 CB 	-68.357	-23.446	-2.812
		 CG 	-68.919	-23.741	-4.193
		 CD1	-68.41	-25.115	-4.597
		 CD2	-70.441	-23.698	-4.189
	187	amino	GLN
		 N  	-66.475	-21.561	-4.693
		 CA 	-66.323	-20.272	-5.354
		 C  	-67.079	-20.241	-6.667
		 O  	-67.078	-21.21	-7.435
		 CB 	-64.853	-19.952	-5.63
		 CG 	-64.662	-18.652	-6.42
		 CD 	-63.226	-18.424	-6.873
		 OE1	-62.359	-19.286	-6.701
		 NE2	-62.971	-17.255	-7.453
	188	amino	MET
		 N  	-67.699	-19.105	-6.93
		 CA 	-68.446	-18.938	-8.143
		 C  	-68.202	-17.536	-8.661
		 O  	-68.661	-16.539	-8.073
		 CB 	-69.923	-19.156	-7.893
		 CG 	-70.707	-19.186	-9.169
		 SD 	-72.458	-19.234	-8.841
		 CE 	-72.949	-17.523	-9.283
	189	amino	MET
		 N  	-67.477	-17.48	-9.778
		 CA 	-67.126	-16.222	-10.422
		 C  	-67.89	-16.069	-11.75
		 O  	-67.982	-17.022	-12.533
		 CB 	-65.609	-16.209	-10.64
		 CG 	-65.037	-14.918	-11.169
		 SD 	-63.245	-15.047	-11.389
		 CE 	-62.808	-13.294	-11.184
	190	amino	VAL
		 N  	-68.488	-14.898	-11.967
		 CA 	-69.243	-14.618	-13.184
		 C  	-68.868	-13.242	-13.751
		 O  	-69.106	-12.204	-13.122
		 CB 	-70.772	-14.638	-12.937
		 CG1	-71.519	-14.434	-14.255
		 CG2	-71.199	-15.941	-12.305
	191	amino	SER
		 N  	-68.317	-13.224	-14.961
		 CA 	-67.921	-11.959	-15.575
		 C  	-68.598	-11.713	-16.92
		 O  	-68.893	-12.643	-17.658
		 CB 	-66.402	-11.924	-15.775
		 OG 	-65.699	-12.353	-14.615
	192	amino	GLY
		 N  	-68.846	-10.449	-17.223
		 CA 	-69.442	-10.09	-18.491
		 C  	-68.469	-9.133	-19.153
		 O  	-68.028	-8.171	-18.519
	193	amino	LEU
		 N  	-68.072	-9.409	-20.398
		 CA 	-67.138	-8.52	-21.075
		 C  	-67.675	-7.868	-22.326
		 O  	-68.526	-8.424	-23.013
		 CB 	-65.798	-9.203	-21.354
		 CG 	-65.505	-10.699	-21.256
		 CD1	-64.004	-10.839	-21.412
		 CD2	-65.922	-11.332	-19.948
	194	amino	ARG
		 N  	-67.154	-6.685	-22.626
		 CA 	-67.585	-5.94	-23.793
		 C  	-66.532	-4.974	-24.334
		 O  	-66.046	-4.093	-23.622
		 CB 	-68.883	-5.178	-23.473
		 CG 	-69.365	-4.216	-24.559
		 CD 	-70.666	-3.579	-24.113
		 NE 	-71.208	-2.567	-25.022
		 CZ 	-70.789	-1.3	-25.107
		 NH1	-69.791	-0.851	-24.35
		 NH2	-71.411	-0.45	-25.916
	195	amino	ALA
		 N  	-66.182	-5.166	-25.602
		 CA 	-65.23	-4.307	-26.288
		 C  	-65.978	-3.866	-27.545
		 O  	-66.071	-4.606	-28.528
		 CB 	-63.976	-5.077	-26.652
	196	amino	LYS
		 N  	-66.582	-2.689	-27.456
		 CA 	-67.355	-2.111	-28.535
		 C  	-66.551	-2.005	-29.818
		 O  	-65.389	-1.598	-29.791
		 CB 	-67.839	-0.717	-28.118
		 CG 	-68.819	-0.057	-29.075
		 CD 	-69.211	1.32	-28.563
		 CE 	-70.419	1.864	-29.31
		 NZ 	-70.184	1.888	-30.773
	197	amino	ASP
		 N  	-67.186	-2.376	-30.93
		 CA 	-66.602	-2.308	-32.269
		 C  	-65.237	-2.942	-32.392
		 O  	-64.327	-2.406	-33.056
		 CB 	-66.558	-0.86	-32.773
		 CG 	-67.952	-0.244	-32.928
		 OD1	-68.939	-0.984	-33.181
		 OD2	-68.053	0.996	-32.789
	198	amino	ASN
		 N  	-65.081	-4.08	-31.728
		 CA 	-63.823	-4.789	-31.807
		 C  	-63.696	-5.25	-33.261
		 O  	-62.645	-5.087	-33.899
		 CB 	-63.837	-6.005	-30.884
		 CG 	-62.522	-6.753	-30.896
		 OD1	-61.432	-6.146	-30.97
		 ND2	-62.604	-8.074	-30.845
	199	amino	ASP
		 N  	-64.813	-5.734	-33.798
		 CA 	-64.874	-6.251	-35.162
		 C  	-64.605	-5.235	-36.269
		 O  	-64.435	-5.61	-37.436
		 CB 	-66.209	-6.982	-35.404
		 CG 	-67.433	-6.073	-35.278
		 OD1	-67.305	-4.824	-35.207
		 OD2	-68.549	-6.634	-35.252
	200	amino	GLU
		 N  	-64.53	-3.961	-35.901
		 CA 	-64.292	-2.916	-36.877
		 C  	-62.928	-2.261	-36.796
		 O  	-62.747	-1.13	-37.265
		 CB 	-65.409	-1.881	-36.815
		 CG 	-66.683	-2.412	-37.44
		 CD 	-67.911	-1.614	-37.072
		 OE1	-67.781	-0.384	-36.831
		 OE2	-69.009	-2.23	-37.018
	201	amino	ARG
		 N  	-61.962	-2.976	-36.22
		 CA 	-60.597	-2.46	-36.103
		 C  	-59.884	-2.657	-37.419
		 O  	-59.758	-3.776	-37.898
		 CB 	-59.811	-3.184	-35.006
		 CG 	-60.128	-2.713	-33.599
		 CD 	-59.105	-3.228	-32.598
		 NE 	-59.307	-4.634	-32.273
		 CZ 	-58.351	-5.55	-32.372
		 NH1	-57.14	-5.196	-32.788
		 NH2	-58.601	-6.812	-32.065
	202	amino	LYS
		 N  	-59.432	-1.567	-38.013
		 CA 	-58.735	-1.652	-39.286
		 C  	-57.242	-1.555	-39.065
		 O  	-56.778	-0.653	-38.362
		 CB 	-59.177	-0.519	-40.209
		 CG 	-60.655	-0.542	-40.528
		 CD 	-61.046	0.638	-41.389
		 CE 	-62.526	0.595	-41.723
		 NZ 	-62.86	1.684	-42.678
	203	amino	ASP
		 N  	-56.485	-2.472	-39.665
		 CA 	-55.027	-2.445	-39.528
		 C  	-54.429	-1.2	-40.207
		 O  	-55.161	-0.383	-40.786
		 CB 	-54.386	-3.737	-40.071
		 CG 	-54.788	-4.053	-41.516
		 OD1	-54.821	-3.136	-42.372
		 OD2	-55.057	-5.245	-41.797
	204	amino	SER
		 N  	-53.106	-1.068	-40.142
		 CA 	-52.402	0.079	-40.733
		 C  	-52.687	0.334	-42.229
		 O  	-52.601	1.477	-42.696
		 CB 	-50.891	-0.045	-40.489
		 OG 	-50.395	-1.297	-40.941
	205	amino	ASN
		 N  	-53.029	-0.727	-42.965
		 CA 	-53.346	-0.631	-44.398
		 C  	-54.689	0.073	-44.614
		 O  	-54.777	1.09	-45.314
		 CB 	-53.428	-2.031	-45.032
		 CG 	-52.069	-2.705	-45.167
		 OD1	-51.749	-3.276	-46.217
		 ND2	-51.27	-2.66	-44.1
	206	amino	GLY
		 N  	-55.73	-0.497	-44.016
		 CA 	-57.066	0.05	-44.137
		 C  	-58.066	-1.086	-44.115
		 O  	-59.274	-0.855	-44.146
	207	amino	ASN
		 N  	-57.556	-2.316	-44.072
		 CA 	-58.402	-3.512	-44.043
		 C  	-58.82	-3.845	-42.626
		 O  	-58.189	-3.409	-41.655
		 CB 	-57.655	-4.735	-44.582
		 CG 	-56.941	-4.459	-45.873
		 OD1	-57.563	-4.385	-46.933
		 ND2	-55.622	-4.302	-45.796
	208	amino	LEU
		 N  	-59.871	-4.647	-42.51
		 CA 	-60.336	-5.069	-41.206
		 C  	-59.278	-6.025	-40.668
		 O  	-58.802	-6.899	-41.4
		 CB 	-61.673	-5.808	-41.318
		 CG 	-62.915	-4.994	-41.681
		 CD1	-64.093	-5.943	-41.865
		 CD2	-63.217	-3.959	-40.606
	209	amino	ALA
		 N  	-58.873	-5.827	-39.414
		 CA 	-57.894	-6.701	-38.78
		 C  	-58.489	-8.114	-38.617
		 O  	-57.781	-9.114	-38.744
		 CB 	-57.491	-6.131	-37.434
	210	amino	LYS
		 N  	-59.8	-8.191	-38.381
		 CA 	-60.479	-9.479	-38.213
		 C  	-61.848	-9.53	-38.889
		 O  	-62.09	-10.393	-39.742
		 CB 	-60.62	-9.839	-36.727
		 CG 	-59.807	-11.076	-36.283
		 CD 	-60.55	-12.376	-36.575
		 CE 	-59.785	-13.597	-36.108
		 NZ 	-60.649	-14.8	-36.162
	211	amino	GLY
		 N  	-62.747	-8.625	-38.522
		 CA 	-64.06	-8.646	-39.144
		 C  	-65.064	-9.55	-38.445
		 O  	-66.195	-9.129	-38.194
	212	amino	ASP
		 N  	-64.692	-10.796	-38.161
		 CA 	-65.62	-11.69	-37.461
		 C  	-65.291	-11.782	-35.958
		 O  	-65.737	-12.694	-35.259
		 CB 	-65.676	-13.085	-38.12
		 CG 	-64.406	-13.935	-37.886
		 OD1	-63.317	-13.364	-37.635
		 OD2	-64.516	-15.192	-37.975
	213	amino	ALA
		 N  	-64.494	-10.833	-35.474
		 CA 	-64.11	-10.783	-34.07
		 C  	-65.316	-10.422	-33.213
		 O  	-66.14	-9.589	-33.628
		 CB 	-63.024	-9.74	-33.876
	214	amino	ALA
		 N  	-65.382	-11.005	-32.008
		 CA 	-66.471	-10.751	-31.048
		 C  	-66.364	-9.386	-30.37
		 O  	-65.259	-8.811	-30.246
		 CB 	-66.52	-11.842	-29.998
	215	amino	ASN
		 N  	-67.525	-8.864	-29.962
		 CA 	-67.623	-7.571	-29.292
		 C  	-68.074	-7.705	-27.838
		 O  	-68.023	-6.727	-27.086
		 CB 	-68.599	-6.653	-30.034
		 CG 	-68.069	-6.191	-31.388
		 OD1	-66.853	-6.024	-31.585
		 ND2	-68.989	-5.961	-32.332
	216	amino	THR
		 N  	-68.546	-8.899	-27.462
		 CA 	-69.008	-9.177	-26.103
		 C  	-68.569	-10.583	-25.696
		 O  	-67.967	-11.308	-26.496
		 CB 	-70.559	-9.102	-25.964
		 OG1	-71.171	-10.17	-26.702
		 CG2	-71.093	-7.767	-26.453
	217	amino	GLY
		 N  	-68.835	-10.942	-24.437
		 CA 	-68.471	-12.259	-23.948
		 C  	-68.95	-12.506	-22.528
		 O  	-69.343	-11.582	-21.818
	218	amino	VAL
		 N  	-68.949	-13.774	-22.13
		 CA 	-69.361	-14.171	-20.801
		 C  	-68.344	-15.191	-20.307
		 O  	-67.821	-15.978	-21.101
		 CB 	-70.767	-14.76	-20.821
		 CG1	-71.041	-15.537	-19.543
		 CG2	-71.773	-13.632	-20.956
	219	amino	HIS
		 N  	-68.057	-15.162	-19.003
		 CA 	-67.068	-16.053	-18.401
		 C  	-67.56	-16.485	-17.033
		 O  	-68.136	-15.668	-16.295
		 CB 	-65.752	-15.29	-18.236
		 CG 	-64.606	-16.132	-17.764
		 ND1	-64.467	-16.541	-16.454
		 CD2	-63.521	-16.608	-18.422
		 CE1	-63.347	-17.233	-16.328
		 NE2	-62.755	-17.289	-17.507
	220	amino	ALA
		 N  	-67.296	-17.744	-16.68
		 CA 	-67.708	-18.283	-15.388
		 C  	-66.664	-19.243	-14.829
		 O  	-65.905	-19.852	-15.573
		 CB 	-69.068	-18.989	-15.502
	221	amino	LEU
		 N  	-66.64	-19.376	-13.509
		 CA 	-65.687	-20.249	-12.832
		 C  	-66.382	-20.851	-11.615
		 O  	-67.068	-20.154	-10.849
		 CB 	-64.445	-19.432	-12.397
		 CG 	-63.259	-19.847	-11.485
		 CD1	-63.675	-20.093	-10.03
		 CD2	-62.573	-21.064	-12.033
	222	amino	LEU
		 N  	-66.2	-22.15	-11.457
		 CA 	-66.761	-22.875	-10.352
		 C  	-65.563	-23.551	-9.711
		 O  	-64.949	-24.441	-10.312
		 CB 	-67.721	-23.92	-10.876
		 CG 	-69.14	-23.883	-10.306
		 CD1	-69.884	-25.114	-10.859
		 CD2	-69.146	-23.916	-8.75
	223	amino	GLY
		 N  	-65.235	-23.138	-8.488
		 CA 	-64.075	-23.701	-7.819
		 C  	-64.289	-24.303	-6.451
		 O  	-65.165	-23.88	-5.685
	224	amino	LEU
		 N  	-63.434	-25.274	-6.137
		 CA 	-63.477	-25.994	-4.869
		 C  	-62.127	-25.905	-4.203
		 O  	-61.175	-26.528	-4.666
		 CB 	-63.77	-27.472	-5.107
		 CG 	-64.951	-28.046	-4.325
		 CD1	-64.911	-29.575	-4.412
		 CD2	-64.888	-27.612	-2.862
	225	amino	HIS
		 N  	-62.054	-25.159	-3.103
		 CA 	-60.805	-24.976	-2.344
		 C  	-60.785	-25.825	-1.072
		 O  	-61.363	-25.436	-0.051
		 CB 	-60.629	-23.496	-1.987
		 CG 	-60.531	-22.599	-3.184
		 ND1	-61.639	-22.166	-3.885
		 CD2	-59.458	-22.067	-3.816
		 CE1	-61.251	-21.409	-4.896
		 NE2	-59.932	-21.333	-4.877
	226	amino	ASN
		 N  	-60.135	-26.984	-1.143
		 CA 	-60.069	-27.901	-0.008
		 C  	-58.845	-27.753	0.842
		 O  	-57.75	-27.486	0.354
		 CB 	-60.146	-29.36	-0.456
		 CG 	-61.443	-29.684	-1.143
		 OD1	-62.48	-29.109	-0.821
		 ND2	-61.392	-30.588	-2.117
	227	amino	ASP
		 N  	-59.036	-28.027	2.125
		 CA 	-57.963	-27.949	3.09
		 C  	-57.347	-29.31	3.303
		 O  	-56.627	-29.532	4.268
		 CB 	-58.462	-27.369	4.404
		 CG 	-57.595	-26.226	4.88
		 OD1	-57.133	-25.443	4.02
		 OD2	-57.355	-26.116	6.104
	228	amino	SER
		 N  	-57.656	-30.228	2.4
		 CA 	-57.097	-31.564	2.467
		 C  	-56.751	-31.953	1.048
		 O  	-57.094	-31.244	0.094
		 CB 	-58.105	-32.559	3.042
		 OG 	-59.231	-32.68	2.194
	229	amino	PHE
		 N  	-56.048	-33.068	0.921
		 CA 	-55.678	-33.574	-0.38
		 C  	-56.895	-34.283	-0.969
		 O  	-57.059	-35.485	-0.779
		 CB 	-54.508	-34.548	-0.252
		 CG 	-54.035	-35.091	-1.561
		 CD1	-53.398	-34.268	-2.485
		 CD2	-54.233	-36.43	-1.882
		 CE1	-52.96	-34.769	-3.72
		 CE2	-53.801	-36.942	-3.111
		 CZ 	-53.161	-36.106	-4.033
	230	amino	TYR
		 N  	-57.774	-33.525	-1.627
		 CA 	-58.969	-34.093	-2.258
		 C  	-59.866	-34.875	-1.288
		 O  	-60.515	-35.868	-1.678
		 CB 	-58.569	-35.001	-3.435
		 CG 	-57.906	-34.283	-4.595
		 CD1	-58.647	-33.446	-5.433
		 CD2	-56.552	-34.456	-4.874
		 CE1	-58.059	-32.801	-6.523
		 CE2	-55.955	-33.814	-5.961
		 CZ 	-56.72	-32.99	-6.78
		 OH 	-56.161	-32.361	-7.863
	231	amino	GLY
		 N  	-59.877	-34.44	-0.027
		 CA 	-60.684	-35.086	0.997
		 C  	-60.347	-36.508	1.424
		 O  	-61.201	-37.168	2.009
	232	amino	LEU
		 N  	-59.139	-37.001	1.165
		 CA 	-58.814	-38.367	1.576
		 C  	-57.418	-38.549	2.121
		 O  	-56.963	-39.668	2.335
		 CB 	-59.092	-39.379	0.444
		 CG 	-59.147	-38.972	-1.033
		 CD1	-57.8	-38.471	-1.5
		 CD2	-59.571	-40.163	-1.86
	233	amino	ARG
		 N  	-56.767	-37.444	2.432
		 CA 	-55.407	-37.481	2.949
		 C  	-55.047	-36.043	3.337
		 O  	-55.72	-35.099	2.931
		 CB 	-54.464	-38.031	1.854
		 CG 	-53.0	-38.167	2.231
		 CD 	-52.249	-38.973	1.206
		 NE 	-52.037	-40.344	1.666
		 CZ 	-52.903	-41.353	1.5
		 NH1	-54.063	-41.162	0.875
		 NH2	-52.616	-42.566	1.972
	234	amino	ASP
		 N  	-54.022	-35.882	4.166
		 CA 	-53.589	-34.556	4.599
		 C  	-52.939	-33.778	3.456
		 O  	-52.113	-34.325	2.711
		 CB 	-52.561	-34.67	5.733
		 CG 	-53.19	-34.957	7.095
		 OD1	-54.436	-34.881	7.242
		 OD2	-52.406	-35.236	8.026
	235	amino	GLY
		 N  	-53.288	-32.501	3.35
		 CA 	-52.716	-31.646	2.325
		 C  	-53.663	-30.541	1.914
		 O  	-54.331	-29.918	2.74
	236	amino	SER
		 N  	-53.737	-30.311	0.611
		 CA 	-54.613	-29.285	0.051
		 C  	-54.892	-29.64	-1.388
		 O  	-54.238	-30.503	-1.973
		 CB 	-53.955	-27.905	0.123
		 OG 	-52.646	-27.944	-0.42
	237	amino	SER
		 N  	-55.857	-28.955	-1.965
		 CA 	-56.218	-29.214	-3.33
		 C  	-57.18	-28.136	-3.777
		 O  	-57.791	-27.442	-2.948
		 CB 	-56.874	-30.6	-3.448
		 OG 	-58.016	-30.714	-2.612
	238	amino	LYS
		 N  	-57.263	-27.959	-5.09
		 CA 	-58.182	-26.996	-5.687
		 C  	-58.615	-27.593	-7.014
		 O  	-57.831	-28.243	-7.716
		 CB 	-57.528	-25.636	-5.924
		 CG 	-57.075	-24.909	-4.669
		 CD 	-56.374	-23.619	-5.048
		 CE 	-55.755	-22.932	-3.847
		 NZ 	-56.799	-22.482	-2.893
	239	amino	THR
		 N  	-59.888	-27.428	-7.323
		 CA 	-60.433	-27.944	-8.551
		 C  	-61.319	-26.835	-9.054
		 O  	-62.103	-26.262	-8.293
		 CB 	-61.224	-29.238	-8.298
		 OG1	-60.337	-30.245	-7.772
		 CG2	-61.847	-29.743	-9.588
	240	amino	ALA
		 N  	-61.111	-26.454	-10.309
		 CA 	-61.891	-25.385	-10.899
		 C  	-62.402	-25.823	-12.243
		 O  	-61.78	-26.628	-12.93
		 CB 	-61.053	-24.112	-11.04
	241	amino	LEU
		 N  	-63.574	-25.317	-12.582
		 CA 	-64.205	-25.621	-13.841
		 C  	-64.483	-24.266	-14.451
		 O  	-65.178	-23.446	-13.845
		 CB 	-65.513	-26.368	-13.603
		 CG 	-66.238	-26.775	-14.886
		 CD1	-65.336	-27.696	-15.703
		 CD2	-67.547	-27.47	-14.537
	242	amino	LEU
		 N  	-63.903	-24.022	-15.627
		 CA 	-64.076	-22.739	-16.286
		 C  	-64.855	-22.848	-17.577
		 O  	-64.796	-23.866	-18.282
		 CB 	-62.717	-22.073	-16.552
		 CG 	-61.758	-21.876	-15.374
		 CD1	-60.832	-23.068	-15.255
		 CD2	-60.971	-20.586	-15.585
	243	amino	TYR
		 N  	-65.571	-21.777	-17.889
		 CA 	-66.377	-21.73	-19.091
		 C  	-66.429	-20.307	-19.618
		 O  	-66.556	-19.357	-18.844
		 CB 	-67.819	-22.234	-18.828
		 CG 	-68.735	-21.944	-19.991
		 CD1	-68.683	-22.727	-21.144
		 CD2	-69.532	-20.807	-20.002
		 CE1	-69.387	-22.377	-22.288
		 CE2	-70.244	-20.437	-21.137
		 CZ 	-70.165	-21.225	-22.285
		 OH 	-70.833	-20.846	-23.442
	244	amino	GLY
		 N  	-66.393	-20.175	-20.941
		 CA 	-66.458	-18.859	-21.548
		 C  	-66.993	-18.925	-22.963
		 O  	-66.829	-19.933	-23.653
	245	amino	HIS
		 N  	-67.621	-17.843	-23.392
		 CA 	-68.203	-17.759	-24.713
		 C  	-67.897	-16.387	-25.266
		 O  	-67.984	-15.4	-24.524
		 CB 	-69.719	-17.925	-24.624
		 CG 	-70.358	-18.291	-25.925
		 ND1	-71.017	-17.374	-26.717
		 CD2	-70.397	-19.469	-26.597
		 CE1	-71.431	-17.969	-27.822
		 NE2	-71.067	-19.24	-27.773
	246	amino	GLY
		 N  	-67.552	-16.322	-26.555
		 CA 	-67.226	-15.052	-27.179
		 C  	-65.902	-14.509	-26.662
		 O  	-64.903	-15.239	-26.614
	247	amino	LEU
		 N  	-65.878	-13.232	-26.269
		 CA 	-64.645	-12.636	-25.747
		 C  	-64.204	-13.346	-24.464
		 O  	-63.029	-13.297	-24.088
		 CB 	-64.809	-11.137	-25.493
		 CG 	-64.747	-10.226	-26.727
		 CD1	-64.888	-8.738	-26.312
		 CD2	-63.418	-10.459	-27.46
	248	amino	GLY
		 N  	-65.148	-14.013	-23.805
		 CA 	-64.826	-14.746	-22.605
		 C  	-64.305	-16.133	-22.918
		 O  	-63.986	-16.887	-21.997
	249	amino	ALA
		 N  	-64.158	-16.474	-24.197
		 CA 	-63.683	-17.827	-24.552
		 C  	-62.204	-18.133	-24.223
		 O  	-61.745	-19.279	-24.374
		 CB 	-64.034	-18.187	-26.002
	250	amino	GLU
		 N  	-61.445	-17.097	-23.858
		 CA 	-60.066	-17.297	-23.389
		 C  	-60.32	-17.298	-21.873
		 O  	-60.497	-16.232	-21.259
		 CB 	-59.158	-16.12	-23.756
		 CG 	-57.847	-16.072	-22.952
		 CD 	-57.21	-17.452	-22.698
		 OE1	-57.186	-18.3	-23.616
		 OE2	-56.728	-17.693	-21.562
	251	amino	VAL
		 N  	-60.432	-18.498	-21.304
		 CA 	-60.753	-18.669	-19.88
		 C  	-59.701	-18.347	-18.805
		 O  	-60.037	-18.276	-17.634
		 CB 	-61.34	-20.075	-19.62
		 CG1	-62.541	-20.31	-20.531
		 CG2	-60.287	-21.14	-19.833
	252	amino	LYS
		 N  	-58.44	-18.177	-19.185
		 CA 	-57.413	-17.842	-18.208
		 C  	-57.274	-16.325	-18.195
		 O  	-57.813	-15.659	-17.302
		 CB 	-56.084	-18.529	-18.542
		 CG 	-55.001	-18.411	-17.48
		 CD 	-53.776	-19.26	-17.862
		 CE 	-52.955	-18.609	-19.002
		 NZ 	-51.727	-19.404	-19.342
	253	amino	GLY
		 N  	-56.603	-15.772	-19.204
		 CA 	-56.43	-14.331	-19.271
		 C  	-57.722	-13.674	-19.724
		 O  	-57.897	-13.372	-20.912
	254	amino	ILE
		 N  	-58.643	-13.48	-18.785
		 CA 	-59.926	-12.863	-19.076
		 C  	-59.806	-11.539	-19.823
		 O  	-59.139	-10.612	-19.363
		 CB 	-60.716	-12.608	-17.784
		 CG1	-60.846	-13.905	-16.97
		 CG2	-62.085	-12.004	-18.116
		 CD1	-61.445	-13.693	-15.588
	255	amino	GLY
		 N  	-60.461	-11.46	-20.981
		 CA 	-60.456	-10.239	-21.78
		 C  	-59.125	-9.917	-22.435
		 O  	-58.905	-8.772	-22.86
	256	amino	SER
		 N  	-58.244	-10.919	-22.533
		 CA 	-56.911	-10.741	-23.118
		 C  	-56.748	-11.179	-24.591
		 O  	-55.687	-10.973	-25.186
		 CB 	-55.881	-11.497	-22.278
		 OG 	-56.0	-12.895	-22.468
	257	amino	ASP
		 N  	-57.783	-11.799	-25.158
		 CA 	-57.738	-12.274	-26.537
		 C  	-58.791	-11.571	-27.396
		 O  	-59.974	-11.883	-27.31
		 CB 	-57.984	-13.779	-26.55
		 CG 	-57.641	-14.413	-27.866
		 OD1	-57.726	-13.745	-28.92
		 OD2	-57.279	-15.6	-27.835
	258	amino	GLY
		 N  	-58.352	-10.647	-28.244
		 CA 	-59.279	-9.923	-29.101
		 C  	-59.613	-10.553	-30.451
		 O  	-60.378	-9.967	-31.223
	259	amino	ALA
		 N  	-59.052	-11.73	-30.74
		 CA 	-59.294	-12.422	-32.015
		 C  	-60.403	-13.463	-31.943
		 O  	-60.752	-14.072	-32.949
		 CB 	-57.994	-13.086	-32.532
	260	amino	LEU
		 N  	-60.982	-13.637	-30.762
		 CA 	-62.036	-14.626	-30.549
		 C  	-63.313	-14.336	-31.333
		 O  	-63.761	-13.192	-31.433
		 CB 	-62.343	-14.735	-29.051
		 CG 	-61.189	-15.318	-28.24
		 CD1	-61.35	-15.044	-26.752
		 CD2	-61.103	-16.81	-28.522
	261	amino	ARG
		 N  	-63.898	-15.392	-31.886
		 CA 	-65.137	-15.262	-32.653
		 C  	-66.309	-15.203	-31.693
		 O  	-66.232	-15.698	-30.568
		 CB 	-65.331	-16.449	-33.617
		 CG 	-64.341	-16.479	-34.769
		 CD 	-64.604	-17.663	-35.665
		 NE 	-65.797	-17.49	-36.494
		 CZ 	-66.93	-18.174	-36.336
		 NH1	-67.053	-19.09	-35.37
		 NH2	-67.937	-17.959	-37.168
	262	amino	PRO
		 N  	-67.426	-14.612	-32.135
		 CA 	-68.612	-14.508	-31.283
		 C  	-69.063	-15.852	-30.744
		 O  	-69.482	-15.958	-29.587
		 CB 	-69.654	-13.911	-32.229
		 CG 	-68.82	-12.992	-33.091
		 CD 	-67.63	-13.894	-33.41
	263	amino	GLY
		 N  	-68.936	-16.884	-31.57
		 CA 	-69.376	-18.211	-31.169
		 C  	-68.315	-19.054	-30.519
		 O  	-68.502	-20.267	-30.404
	264	amino	ALA
		 N  	-67.197	-18.424	-30.136
		 CA 	-66.088	-19.118	-29.475
		 C  	-66.648	-19.688	-28.182
		 O  	-67.34	-18.985	-27.447
		 CB 	-64.985	-18.154	-29.184
	265	amino	ASP
		 N  	-66.336	-20.944	-27.895
		 CA 	-66.886	-21.61	-26.72
		 C  	-65.834	-22.504	-26.072
		 O  	-65.343	-23.45	-26.704
		 CB 	-68.08	-22.456	-27.18
		 CG 	-68.958	-22.915	-26.041
		 OD1	-69.861	-22.128	-25.655
		 OD2	-68.759	-24.07	-25.576
	266	amino	THR
		 N  	-65.533	-22.248	-24.795
		 CA 	-64.509	-23.029	-24.095
		 C  	-64.906	-23.56	-22.723
		 O  	-65.662	-22.924	-21.975
		 CB 	-63.199	-22.212	-23.917
		 OG1	-62.779	-21.674	-25.179
		 CG2	-62.091	-23.088	-23.369
	267	amino	TRP
		 N  	-64.373	-24.745	-22.421
		 CA 	-64.547	-25.445	-21.155
		 C  	-63.15	-25.827	-20.742
		 O  	-62.38	-26.339	-21.564
		 CB 	-65.331	-26.741	-21.328
		 CG 	-66.765	-26.516	-21.39
		 CD1	-67.521	-26.366	-22.513
		 CD2	-67.639	-26.319	-20.283
		 NE1	-68.815	-26.071	-22.172
		 CE2	-68.92	-26.038	-20.808
		 CE3	-67.465	-26.348	-18.885
		 CZ2	-70.031	-25.786	-19.989
		 CZ3	-68.567	-26.097	-18.068
		 CH2	-69.838	-25.818	-18.626
	268	amino	ARG
		 N  	-62.808	-25.575	-19.482
		 CA 	-61.483	-25.942	-18.994
		 C  	-61.581	-26.468	-17.583
		 O  	-62.387	-25.974	-16.772
		 CB 	-60.514	-24.756	-19.037
		 CG 	-59.09	-25.167	-18.69
		 CD 	-58.135	-23.971	-18.536
		 NE 	-57.656	-23.409	-19.799
		 CZ 	-56.552	-22.668	-19.922
		 NH1	-55.806	-22.394	-18.852
		 NH2	-56.176	-22.21	-21.119
	269	amino	ILE
		 N  	-60.804	-27.506	-17.303
		 CA 	-60.78	-28.071	-15.967
		 C  	-59.35	-27.989	-15.433
		 O  	-58.397	-28.345	-16.133
		 CB 	-61.289	-29.536	-15.927
		 CG1	-61.385	-29.999	-14.472
		 CG2	-60.36	-30.479	-16.719
		 CD1	-61.913	-31.42	-14.308
	270	amino	ALA
		 N  	-59.21	-27.432	-14.228
		 CA 	-57.911	-27.275	-13.572
		 C  	-57.989	-27.947	-12.218
		 O  	-58.978	-27.782	-11.49
		 CB 	-57.579	-25.806	-13.401
	271	amino	SER
		 N  	-56.97	-28.726	-11.883
		 CA 	-56.987	-29.397	-10.61
		 C  	-55.631	-29.871	-10.14
		 O  	-54.883	-30.53	-10.876
		 CB 	-57.945	-30.581	-10.648
		 OG 	-58.161	-31.073	-9.335
	272	amino	TYR
		 N  	-55.332	-29.552	-8.886
		 CA 	-54.077	-29.972	-8.29
		 C  	-54.241	-30.21	-6.792
		 O  	-55.156	-29.694	-6.153
		 CB 	-52.964	-28.948	-8.537
		 CG 	-53.026	-27.746	-7.621
		 CD1	-53.781	-26.629	-7.959
		 CD2	-52.33	-27.731	-6.406
		 CE1	-53.844	-25.527	-7.117
		 CE2	-52.39	-26.634	-5.548
		 CZ 	-53.149	-25.537	-5.914
		 OH 	-53.224	-24.435	-5.097
	273	amino	GLY
		 N  	-53.311	-30.967	-6.241
		 CA 	-53.344	-31.261	-4.838
		 C  	-51.937	-31.442	-4.332
		 O  	-51.027	-31.795	-5.094
	274	amino	THR
		 N  	-51.773	-31.237	-3.028
		 CA 	-50.473	-31.373	-2.37
		 C  	-50.615	-32.338	-1.201
		 O  	-51.621	-32.288	-0.495
		 CB 	-49.986	-29.974	-1.88
		 OG1	-49.084	-29.417	-2.854
		 CG2	-49.323	-30.049	-0.521
	275	amino	THR
		 N  	-49.652	-33.247	-1.032
		 CA 	-49.693	-34.189	0.077
		 C  	-48.36	-34.848	0.383
		 O  	-47.565	-35.117	-0.518
		 CB 	-50.738	-35.329	-0.137
		 OG1	-50.807	-36.137	1.05
		 CG2	-50.358	-36.229	-1.303
	276	amino	PRO
		 N  	-48.047	-35.026	1.679
		 CA 	-46.782	-35.677	2.065
		 C  	-47.009	-37.191	2.092
		 O  	-48.011	-37.662	2.637
		 CB 	-46.513	-35.108	3.46
		 CG 	-47.9	-34.854	4.006
		 CD 	-48.634	-34.282	2.817
	277	amino	LEU
		 N  	-46.138	-37.938	1.424
		 CA 	-46.245	-39.4	1.367
		 C  	-45.624	-40.053	2.594
		 O  	-45.905	-41.213	2.902
		 CB 	-45.561	-39.918	0.109
		 CG 	-46.459	-40.381	-1.03
		 CD1	-47.746	-39.567	-1.109
		 CD2	-45.641	-40.304	-2.306
	278	amino	SER
		 N  	-44.732	-39.303	3.238
		 CA 	-44.022	-39.69	4.456
		 C  	-43.303	-38.413	4.927
		 O  	-43.594	-37.315	4.42
		 CB 	-43.044	-40.867	4.222
		 OG 	-41.975	-40.531	3.372
	279	amino	GLU
		 N  	-42.433	-38.529	5.934
		 CA 	-41.696	-37.359	6.451
		 C  	-40.501	-36.983	5.54
		 O  	-39.685	-36.121	5.884
		 CB 	-41.232	-37.574	7.923
		 CG 	-39.983	-38.472	8.156
		 CD 	-40.246	-39.982	8.026
		 OE1	-41.431	-40.415	7.997
		 OE2	-39.241	-40.735	7.966
	280	amino	ASN
		 N  	-40.414	-37.627	4.376
		 CA 	-39.331	-37.35	3.431
		 C  	-39.808	-37.175	1.963
		 O  	-39.165	-36.463	1.184
		 CB 	-38.212	-38.409	3.567
		 CG 	-38.74	-39.84	3.503
		 OD1	-38.31	-40.639	2.659
		 ND2	-39.669	-40.173	4.396
	281	amino	TRP
		 N  	-40.963	-37.763	1.624
		 CA 	-41.542	-37.684	0.276
		 C  	-42.818	-36.851	0.184
		 O  	-43.755	-37.036	0.964
		 CB 	-41.851	-39.08	-0.261
		 CG 	-40.68	-39.784	-0.841
		 CD1	-39.857	-40.659	-0.196
		 CD2	-40.217	-39.727	-2.204
		 NE1	-38.913	-41.162	-1.073
		 CE2	-39.112	-40.609	-2.308
		 CE3	-40.635	-39.024	-3.347
		 CZ2	-38.416	-40.811	-3.511
		 CZ3	-39.946	-39.221	-4.547
		 CH2	-38.845	-40.112	-4.616
	282	amino	SER
		 N  	-42.844	-35.93	-0.775
		 CA 	-44.026	-35.093	-1.01
		 C  	-44.398	-35.208	-2.487
		 O  	-43.521	-35.29	-3.353
		 CB 	-43.775	-33.628	-0.637
		 OG 	-43.687	-33.459	0.767
	283	amino	VAL
		 N  	-45.696	-35.254	-2.769
		 CA 	-46.145	-35.374	-4.135
		 C  	-47.185	-34.296	-4.496
		 O  	-48.024	-33.902	-3.671
		 CB 	-46.674	-36.814	-4.414
		 CG1	-47.949	-37.098	-3.629
		 CG2	-46.943	-36.997	-5.88
	284	amino	ALA
		 N  	-47.073	-33.762	-5.707
		 CA 	-48.019	-32.759	-6.158
		 C  	-48.493	-33.06	-7.578
		 O  	-47.854	-32.67	-8.551
		 CB 	-47.408	-31.36	-6.086
	285	amino	PRO
		 N  	-49.598	-33.8	-7.715
		 CA 	-50.079	-34.094	-9.061
		 C  	-50.871	-32.885	-9.573
		 O  	-51.373	-32.081	-8.776
		 CB 	-50.988	-35.305	-8.826
		 CG 	-51.61	-34.995	-7.507
		 CD 	-50.416	-34.484	-6.695
	286	amino	ALA
		 N  	-50.96	-32.73	-10.891
		 CA 	-51.746	-31.62	-11.443
		 C  	-52.366	-31.97	-12.791
		 O  	-51.886	-32.847	-13.486
		 CB 	-50.89	-30.35	-11.55
	287	amino	MET
		 N  	-53.471	-31.324	-13.127
		 CA 	-54.106	-31.585	-14.398
		 C  	-54.763	-30.338	-14.952
		 O  	-55.343	-29.54	-14.222
		 CB 	-55.112	-32.728	-14.288
		 CG 	-56.562	-32.284	-14.269
		 SD 	-57.601	-33.552	-14.993
		 CE 	-57.282	-33.326	-16.718
	288	amino	LEU
		 N  	-54.636	-30.187	-16.262
		 CA 	-55.186	-29.061	-17.001
		 C  	-55.673	-29.666	-18.315
		 O  	-54.906	-30.341	-19.017
		 CB 	-54.077	-28.066	-17.314
		 CG 	-54.237	-26.581	-17.033
		 CD1	-53.383	-25.833	-18.051
		 CD2	-55.675	-26.135	-17.11
	289	amino	ALA
		 N  	-56.941	-29.447	-18.629
		 CA 	-57.531	-29.968	-19.852
		 C  	-58.469	-28.918	-20.377
		 O  	-59.144	-28.235	-19.593
		 CB 	-58.294	-31.246	-19.569
	290	amino	GLN
		 N  	-58.51	-28.776	-21.698
		 CA 	-59.384	-27.782	-22.313
		 C  	-59.953	-28.254	-23.635
		 O  	-59.332	-29.05	-24.335
		 CB 	-58.628	-26.472	-22.537
		 CG 	-59.476	-25.337	-23.135
		 CD 	-58.643	-24.097	-23.534
		 OE1	-58.776	-23.009	-22.942
		 NE2	-57.803	-24.255	-24.56
	291	amino	ARG
		 N  	-61.147	-27.756	-23.954
		 CA 	-61.842	-28.056	-25.206
		 C  	-62.361	-26.706	-25.685
		 O  	-63.166	-26.059	-25.008
		 CB 	-62.995	-29.028	-24.946
		 CG 	-63.855	-29.383	-26.146
		 CD 	-64.97	-30.315	-25.676
		 NE 	-65.585	-31.091	-26.751
		 CZ 	-66.421	-30.592	-27.657
		 NH1	-66.743	-29.299	-27.623
		 NH2	-66.946	-31.391	-28.586
	292	amino	SER
		 N  	-61.849	-26.252	-26.82
		 CA 	-62.265	-24.961	-27.362
		 C  	-62.75	-25.127	-28.82
		 O  	-62.052	-25.735	-29.635
		 CB 	-61.09	-23.981	-27.262
		 OG 	-61.537	-22.651	-27.101
	293	amino	LYS
		 N  	-63.938	-24.604	-29.13
		 CA 	-64.539	-24.719	-30.462
		 C  	-64.869	-23.364	-31.087
		 O  	-65.288	-22.437	-30.384
		 CB 	-65.846	-25.514	-30.365
		 CG 	-65.697	-26.991	-29.998
		 CD 	-65.298	-27.812	-31.23
		 CE 	-65.387	-29.34	-31.012
		 NZ 	-64.31	-29.892	-30.124
	294	amino	ASP
		 N  	-64.764	-23.275	-32.416
		 CA 	-65.076	-22.043	-33.165
		 C  	-64.387	-20.845	-32.531
		 O  	-64.9	-19.716	-32.514
		 CB 	-66.59	-21.788	-33.211
		 CG 	-67.388	-23.036	-33.554
		 OD1	-67.029	-23.72	-34.545
		 OD2	-68.362	-23.339	-32.816
	295	amino	ARG
		 N  	-63.188	-21.111	-32.042
		 CA 	-62.397	-20.119	-31.367
		 C  	-61.954	-18.968	-32.269
		 O  	-62.398	-17.827	-32.08
		 CB 	-61.204	-20.813	-30.725
		 CG 	-60.396	-19.933	-29.813
		 CD 	-59.25	-20.738	-29.239
		 NE 	-58.417	-19.916	-28.377
		 CZ 	-58.478	-19.924	-27.046
		 NH1	-59.328	-20.729	-26.406
		 NH2	-57.738	-19.059	-26.364
	296	amino	TYR
		 N  	-61.097	-19.268	-33.249
		 CA 	-60.578	-18.244	-34.154
		 C  	-61.148	-18.398	-35.551
		 O  	-61.296	-17.417	-36.303
		 CB 	-59.052	-18.328	-34.228
		 CG 	-58.369	-18.124	-32.901
		 CD1	-58.499	-16.916	-32.203
		 CD2	-57.612	-19.141	-32.334
		 CE1	-57.89	-16.732	-30.971
		 CE2	-57.003	-18.972	-31.108
		 CZ 	-57.144	-17.768	-30.428
		 OH 	-56.539	-17.631	-29.196
	297	amino	ALA
		 N  	-61.409	-19.648	-35.911
		 CA 	-61.955	-19.969	-37.216
		 C  	-63.183	-20.859	-37.062
		 O  	-63.254	-21.728	-36.178
		 CB 	-60.895	-20.649	-38.092
	298	amino	ASP
		 N  	-64.158	-20.606	-37.924
		 CA 	-65.408	-21.347	-37.959
		 C  	-65.131	-22.85	-38.095
		 O  	-64.421	-23.277	-39.002
		 CB 	-66.223	-20.854	-39.161
		 CG 	-67.699	-21.192	-39.05
		 OD1	-68.079	-21.929	-38.092
		 OD2	-68.466	-20.702	-39.928
	299	amino	GLY
		 N  	-65.681	-23.649	-37.192
		 CA 	-65.459	-25.08	-37.257
		 C  	-64.132	-25.543	-36.674
		 O  	-63.833	-26.756	-36.725
	300	amino	ASP
		 N  	-63.316	-24.632	-36.12
		 CA 	-62.047	-25.092	-35.529
		 C  	-62.272	-25.832	-34.205
		 O  	-63.38	-25.854	-33.642
		 CB 	-60.979	-23.971	-35.401
		 CG 	-61.247	-22.985	-34.262
		 OD1	-62.079	-23.25	-33.368
		 OD2	-60.596	-21.923	-34.263
	301	amino	SER
		 N  	-61.213	-26.417	-33.69
		 CA 	-61.339	-27.151	-32.462
		 C  	-59.959	-27.378	-31.869
		 O  	-59.021	-27.769	-32.575
		 CB 	-62.054	-28.478	-32.743
		 OG 	-61.677	-29.498	-31.824
	302	amino	TYR
		 N  	-59.832	-27.067	-30.584
		 CA 	-58.583	-27.255	-29.873
		 C  	-58.918	-28.085	-28.641
		 O  	-59.856	-27.765	-27.903
		 CB 	-57.981	-25.902	-29.476
		 CG 	-57.576	-25.023	-30.65
		 CD1	-56.298	-25.106	-31.199
		 CD2	-58.469	-24.117	-31.207
		 CE1	-55.916	-24.306	-32.282
		 CE2	-58.1	-23.311	-32.286
		 CZ 	-56.824	-23.413	-32.815
		 OH 	-56.454	-22.606	-33.861
	303	amino	GLN
		 N  	-58.205	-29.189	-28.459
		 CA 	-58.422	-30.058	-27.313
		 C  	-57.109	-30.654	-26.851
		 O  	-56.369	-31.252	-27.646
		 CB 	-59.343	-31.206	-27.677
		 CG 	-60.749	-30.804	-28.019
		 CD 	-61.572	-32.009	-28.456
		 OE1	-61.306	-32.603	-29.507
		 NE2	-62.565	-32.387	-27.643
	304	amino	TRP
		 N  	-56.816	-30.498	-25.564
		 CA 	-55.592	-31.039	-24.989
		 C  	-55.763	-31.277	-23.501
		 O  	-56.675	-30.741	-22.857
		 CB 	-54.401	-30.115	-25.268
		 CG 	-54.654	-28.655	-24.985
		 CD1	-54.906	-27.671	-25.903
		 CD2	-54.706	-28.022	-23.698
		 NE1	-55.125	-26.464	-25.268
		 CE2	-55.008	-26.653	-23.914
		 CE3	-54.535	-28.48	-22.381
		 CZ2	-55.145	-25.742	-22.865
		 CZ3	-54.674	-27.572	-21.338
		 CH2	-54.977	-26.219	-21.587
	305	amino	ALA
		 N  	-54.921	-32.143	-22.972
		 CA 	-54.941	-32.457	-21.563
		 C  	-53.509	-32.682	-21.106
		 O  	-52.751	-33.437	-21.722
		 CB 	-55.783	-33.685	-21.305
	306	amino	THR
		 N  	-53.127	-31.959	-20.063
		 CA 	-51.793	-32.085	-19.49
		 C  	-51.888	-32.761	-18.131
		 O  	-52.834	-32.524	-17.372
		 CB 	-51.117	-30.68	-19.237
		 OG1	-50.85	-30.014	-20.479
		 CG2	-49.807	-30.834	-18.464
	307	amino	PHE
		 N  	-50.908	-33.604	-17.834
		 CA 	-50.82	-34.231	-16.537
		 C  	-49.39	-34.031	-16.05
		 O  	-48.442	-34.551	-16.641
		 CB 	-51.143	-35.72	-16.573
		 CG 	-50.961	-36.396	-15.233
		 CD1	-51.904	-36.219	-14.205
		 CD2	-49.814	-37.161	-14.965
		 CE1	-51.705	-36.796	-12.921
		 CE2	-49.606	-37.739	-13.687
		 CZ 	-50.553	-37.555	-12.668
	308	amino	ASN
		 N  	-49.236	-33.264	-14.978
		 CA 	-47.917	-33.014	-14.404
		 C  	-47.826	-33.679	-13.045
		 O  	-48.807	-33.697	-12.294
		 CB 	-47.66	-31.51	-14.24
		 CG 	-46.196	-31.202	-14.031
		 OD1	-45.757	-30.862	-12.928
		 ND2	-45.419	-31.368	-15.084
	309	amino	LEU
		 N  	-46.652	-34.204	-12.722
		 CA 	-46.461	-34.853	-11.443
		 C  	-45.095	-34.479	-10.886
		 O  	-44.064	-34.886	-11.444
		 CB 	-46.589	-36.367	-11.607
		 CG 	-46.749	-37.329	-10.415
		 CD1	-45.412	-37.848	-9.933
		 CD2	-47.548	-36.677	-9.307
	310	amino	ARG
		 N  	-45.105	-33.65	-9.827
		 CA 	-43.886	-33.191	-9.131
		 C  	-43.718	-33.981	-7.814
		 O  	-44.653	-34.072	-6.996
		 CB 	-43.982	-31.685	-8.826
		 CG 	-42.668	-30.992	-8.458
		 CD 	-41.826	-30.59	-9.683
		 NE 	-41.183	-29.29	-9.452
		 CZ 	-41.513	-28.151	-10.062
		 NH1	-42.466	-28.133	-10.988
		 NH2	-40.976	-26.998	-9.659
	311	amino	LEU
		 N  	-42.532	-34.558	-7.633
		 CA 	-42.175	-35.342	-6.444
		 C  	-40.891	-34.804	-5.824
		 O  	-39.928	-34.543	-6.553
		 CB 	-41.886	-36.789	-6.84
		 CG 	-43.027	-37.736	-7.194
		 CD1	-42.464	-38.987	-7.858
		 CD2	-43.8	-38.1	-5.932
	312	amino	ILE
		 N  	-40.868	-34.611	-4.501
		 CA 	-39.628	-34.172	-3.824
		 C  	-39.247	-35.174	-2.736
		 O  	-40.105	-35.596	-1.936
		 CB 	-39.708	-32.794	-3.104
		 CG1	-41.041	-32.109	-3.363
		 CG2	-38.515	-31.905	-3.505
		 CD1	-41.249	-30.871	-2.465
	313	amino	GLN
		 N  	-37.966	-35.522	-2.692
		 CA 	-37.453	-36.451	-1.698
		 C  	-36.364	-35.789	-0.856
		 O  	-35.239	-35.573	-1.329
		 CB 	-36.882	-37.693	-2.37
		 CG 	-36.179	-38.618	-1.403
		 CD 	-35.402	-39.718	-2.099
		 OE1	-35.183	-40.794	-1.529
		 NE2	-34.966	-39.457	-3.337
	314	amino	ALA
		 N  	-36.708	-35.442	0.383
		 CA 	-35.748	-34.819	1.276
		 C  	-34.633	-35.81	1.577
		 O  	-34.858	-37.015	1.627
		 CB 	-36.423	-34.36	2.555
	315	amino	ILE
		 N  	-33.42	-35.292	1.699
		 CA 	-32.244	-36.1	1.992
		 C  	-31.499	-35.473	3.182
		 O  	-30.973	-36.177	4.036
		 CB 	-31.344	-36.187	0.736
		 CG1	-31.976	-37.154	-0.257
		 CG2	-29.916	-36.563	1.094
		 CD1	-31.1	-37.482	-1.421
	316	amino	ASN
		 N  	-31.511	-34.142	3.235
		 CA 	-30.88	-33.348	4.282
		 C  	-31.865	-32.288	4.639
		 O  	-32.929	-32.153	4.047
		 CB 	-29.69	-32.538	3.76
		 CG 	-28.507	-33.366	3.48
		 OD1	-28.429	-34.523	3.889
		 ND2	-27.55	-32.787	2.781
	317	amino	GLN
		 N  	-31.395	-31.432	5.519
		 CA 	-32.138	-30.29	5.949
		 C  	-32.016	-29.308	4.749
		 O  	-32.911	-28.493	4.499
		 CB 	-31.423	-29.738	7.182
		 CG 	-32.089	-28.565	7.843
		 CD 	-31.099	-27.753	8.626
		 OE1	-30.197	-28.304	9.265
		 NE2	-31.222	-26.432	8.541
	318	amino	ASN
		 N  	-30.94	-29.472	3.969
		 CA 	-30.636	-28.596	2.83
		 C  	-30.638	-29.218	1.437
		 O  	-30.607	-28.498	0.439
		 CB 	-29.257	-27.976	3.016
		 CG 	-29.085	-27.326	4.358
		 OD1	-28.045	-27.481	4.987
		 ND2	-30.101	-26.597	4.811
	319	amino	PHE
		 N  	-30.616	-30.541	1.356
		 CA 	-30.58	-31.183	0.054
		 C  	-31.801	-32.027	-0.229
		 O  	-32.314	-32.7	0.665
		 CB 	-29.333	-32.036	-0.048
		 CG 	-29.115	-32.602	-1.391
		 CD1	-29.001	-31.767	-2.494
		 CD2	-28.975	-33.975	-1.561
		 CE1	-28.744	-32.294	-3.749
		 CE2	-28.719	-34.516	-2.816
		 CZ 	-28.602	-33.681	-3.909
	320	amino	ALA
		 N  	-32.273	-31.976	-1.472
		 CA 	-33.438	-32.751	-1.888
		 C  	-33.292	-33.233	-3.325
		 O  	-32.388	-32.794	-4.051
		 CB 	-34.705	-31.925	-1.75
	321	amino	LEU
		 N  	-34.097	-34.227	-3.694
		 CA 	-34.103	-34.74	-5.064
		 C  	-35.508	-34.517	-5.607
		 O  	-36.464	-35.095	-5.098
		 CB 	-33.761	-36.226	-5.119
		 CG 	-32.343	-36.694	-4.784
		 CD1	-32.242	-38.181	-5.087
		 CD2	-31.303	-35.947	-5.598
	322	amino	ALA
		 N  	-35.647	-33.601	-6.566
		 CA 	-36.951	-33.33	-7.171
		 C  	-37.102	-34.1	-8.499
		 O  	-36.116	-34.351	-9.217
		 CB 	-37.145	-31.829	-7.381
	323	amino	TYR
		 N  	-38.324	-34.543	-8.774
		 CA 	-38.621	-35.281	-9.989
		 C  	-39.901	-34.719	-10.579
		 O  	-40.807	-34.329	-9.853
		 CB 	-38.837	-36.773	-9.722
		 CG 	-37.736	-37.487	-8.959
		 CD1	-37.68	-37.427	-7.56
		 CD2	-36.802	-38.283	-9.62
		 CE1	-36.743	-38.135	-6.848
		 CE2	-35.853	-39.003	-8.909
		 CZ 	-35.835	-38.92	-7.522
		 OH 	-34.896	-39.622	-6.806
	324	amino	GLU
		 N  	-39.951	-34.647	-11.908
		 CA 	-41.136	-34.161	-12.601
		 C  	-41.412	-35.01	-13.812
		 O  	-40.484	-35.408	-14.536
		 CB 	-40.996	-32.707	-13.03
		 CG 	-42.282	-32.147	-13.601
		 CD 	-42.306	-30.634	-13.63
		 OE1	-41.568	-30.047	-14.454
		 OE2	-43.073	-30.034	-12.838
	325	amino	GLY
		 N  	-42.699	-35.294	-14.001
		 CA 	-43.156	-36.094	-15.118
		 C  	-44.318	-35.366	-15.754
		 O  	-45.268	-34.968	-15.06
	326	amino	SER
		 N  	-44.195	-35.101	-17.055
		 CA 	-45.252	-34.42	-17.801
		 C  	-45.721	-35.287	-18.956
		 O  	-44.925	-35.921	-19.669
		 CB 	-44.791	-33.068	-18.378
		 OG 	-44.677	-32.051	-17.402
	327	amino	TYR
		 N  	-47.033	-35.31	-19.124
		 CA 	-47.645	-36.034	-20.204
		 C  	-48.733	-35.131	-20.737
		 O  	-49.519	-34.569	-19.961
		 CB 	-48.251	-37.348	-19.734
		 CG 	-49.043	-37.987	-20.836
		 CD1	-48.395	-38.682	-21.859
		 CD2	-50.427	-37.805	-20.925
		 CE1	-49.094	-39.167	-22.95
		 CE2	-51.14	-38.29	-22.017
		 CZ 	-50.463	-38.967	-23.024
		 OH 	-51.158	-39.43	-24.113
	328	amino	GLN
		 N  	-48.756	-34.972	-22.059
		 CA 	-49.756	-34.138	-22.703
		 C  	-50.272	-34.736	-23.988
		 O  	-49.495	-35.276	-24.771
		 CB 	-49.19	-32.77	-23.021
		 CG 	-50.193	-31.88	-23.713
		 CD 	-49.658	-30.483	-23.934
		 OE1	-50.171	-29.507	-23.37
		 NE2	-48.624	-30.372	-24.756
	329	amino	TYR
		 N  	-51.587	-34.683	-24.169
		 CA 	-52.204	-35.181	-25.379
		 C  	-52.952	-34.021	-26.004
		 O  	-53.621	-33.249	-25.31
		 CB 	-53.178	-36.34	-25.118
		 CG 	-53.818	-36.813	-26.415
		 CD1	-53.134	-37.699	-27.268
		 CD2	-55.058	-36.306	-26.841
		 CE1	-53.66	-38.065	-28.518
		 CE2	-55.592	-36.664	-28.088
		 CZ 	-54.882	-37.543	-28.92
		 OH 	-55.376	-37.888	-30.163
	330	amino	MET
		 N  	-52.837	-33.9	-27.323
		 CA 	-53.512	-32.826	-28.034
		 C  	-54.035	-33.27	-29.37
		 O  	-53.479	-34.155	-30.005
		 CB 	-52.578	-31.644	-28.231
		 CG 	-51.399	-31.96	-29.103
		 SD 	-50.011	-30.93	-28.646
		 CE 	-49.037	-32.106	-27.736
	331	amino	ASP
		 N  	-55.132	-32.642	-29.762
		 CA 	-55.816	-32.891	-31.016
		 C  	-56.212	-31.489	-31.439
		 O  	-57.215	-30.941	-30.977
		 CB 	-57.064	-33.73	-30.757
		 CG 	-57.675	-34.275	-32.028
		 OD1	-57.671	-33.56	-33.052
		 OD2	-58.149	-35.431	-31.999
	332	amino	LEU
		 N  	-55.408	-30.892	-32.298
		 CA 	-55.683	-29.537	-32.727
		 C  	-56.125	-29.489	-34.195
		 O  	-55.555	-30.165	-35.058
		 CB 	-54.439	-28.668	-32.478
		 CG 	-53.761	-28.871	-31.112
		 CD1	-52.33	-28.332	-31.098
		 CD2	-54.584	-28.215	-30.046
	333	amino	LYS
		 N  	-57.16	-28.697	-34.457
		 CA 	-57.729	-28.53	-35.794
		 C  	-57.985	-27.047	-35.994
		 O  	-59.097	-26.547	-35.761
		 CB 	-59.026	-29.337	-35.915
		 CG 	-58.768	-30.846	-35.902
		 CD 	-60.051	-31.687	-35.854
		 CE 	-60.825	-31.529	-34.532
		 NZ 	-60.092	-31.985	-33.288
	334	amino	PRO
		 N  	-56.939	-26.318	-36.397
		 CA 	-56.931	-24.875	-36.645
		 C  	-57.702	-24.353	-37.855
		 O  	-57.977	-23.138	-37.928
		 CB 	-55.442	-24.562	-36.767
		 CG 	-54.907	-25.784	-37.392
		 CD 	-55.61	-26.899	-36.645
	335	amino	GLU
		 N  	-58.036	-25.234	-38.804
		 CA 	-58.765	-24.825	-40.009
		 C  	-58.053	-23.692	-40.773
		 O  	-58.681	-22.684	-41.139
		 CB 	-60.194	-24.395	-39.65
		 CG 	-61.063	-25.508	-39.091
		 CD 	-61.146	-26.711	-40.029
		 OE1	-61.432	-26.531	-41.236
		 OE2	-60.915	-27.845	-39.561
	336	amino	GLY
		 N  	-56.739	-23.845	-40.971
		 CA 	-55.956	-22.839	-41.677
		 C  	-55.589	-21.52	-40.986
		 O  	-54.84	-20.722	-41.581
	337	amino	TYR
		 N  	-56.101	-21.276	-39.769
		 CA 	-55.81	-20.047	-39.008
		 C  	-54.304	-19.939	-38.76
		 O  	-53.692	-20.905	-38.294
		 CB 	-56.56	-20.056	-37.647
		 CG 	-56.358	-18.785	-36.825
		 CD1	-56.879	-17.56	-37.266
		 CD2	-55.62	-18.795	-35.638
		 CE1	-56.67	-16.377	-36.554
		 CE2	-55.407	-17.61	-34.911
		 CZ 	-55.936	-16.404	-35.381
		 OH 	-55.736	-15.217	-34.708
	338	amino	ASN
		 N  	-53.713	-18.789	-39.1
		 CA 	-52.268	-18.561	-38.9
		 C  	-51.361	-19.616	-39.535
		 O  	-50.247	-19.839	-39.043
		 CB 	-51.935	-18.524	-37.402
		 CG 	-51.849	-17.125	-36.845
		 OD1	-52.468	-16.192	-37.35
		 ND2	-51.083	-16.978	-35.771
	339	amino	ASP
		 N  	-51.82	-20.271	-40.6
		 CA 	-51.041	-21.316	-41.269
		 C  	-50.786	-22.54	-40.407
		 O  	-49.825	-23.284	-40.637
		 CB 	-49.699	-20.776	-41.776
		 CG 	-49.852	-19.919	-43.006
		 OD1	-50.151	-20.485	-44.09
		 OD2	-49.682	-18.682	-42.882
	340	amino	ARG
		 N  	-51.612	-22.734	-39.39
		 CA 	-51.448	-23.89	-38.531
		 C  	-52.084	-25.063	-39.243
		 O  	-53.057	-24.887	-39.964
		 CB 	-52.146	-23.673	-37.194
		 CG 	-51.62	-22.523	-36.404
		 CD 	-50.149	-22.667	-36.17
		 NE 	-49.66	-21.547	-35.382
		 CZ 	-48.551	-20.869	-35.655
		 NH1	-47.805	-21.199	-36.704
		 NH2	-48.201	-19.84	-34.892
	341	amino	GLN
		 N  	-51.526	-26.249	-39.042
		 CA 	-52.031	-27.465	-39.642
		 C  	-52.553	-28.363	-38.536
		 O  	-51.962	-28.423	-37.466
		 CB 	-50.915	-28.184	-40.413
		 CG 	-50.49	-27.483	-41.702
		 CD 	-51.684	-27.203	-42.636
		 OE1	-52.282	-28.13	-43.194
		 NE2	-52.046	-25.927	-42.784
	342	amino	ALA
		 N  	-53.67	-29.037	-38.791
		 CA 	-54.262	-29.959	-37.84
		 C  	-53.211	-30.967	-37.413
		 O  	-52.469	-31.497	-38.243
		 CB 	-55.447	-30.68	-38.462
	343	amino	VAL
		 N  	-53.156	-31.238	-36.112
		 CA 	-52.178	-32.165	-35.579
		 C  	-52.749	-32.846	-34.344
		 O  	-53.723	-32.373	-33.748
		 CB 	-50.859	-31.397	-35.245
		 CG1	-50.713	-31.111	-33.736
		 CG2	-49.687	-32.122	-35.798
	344	amino	ASN
		 N  	-52.225	-34.021	-34.042
		 CA 	-52.639	-34.735	-32.852
		 C  	-51.492	-35.642	-32.44
		 O  	-50.687	-36.06	-33.285
		 CB 	-53.944	-35.505	-33.059
		 CG 	-53.763	-36.762	-33.883
		 OD1	-53.837	-37.887	-33.354
		 ND2	-53.529	-36.588	-35.186
	345	amino	GLY
		 N  	-51.384	-35.879	-31.133
		 CA 	-50.31	-36.699	-30.599
		 C  	-50.002	-36.339	-29.151
		 O  	-50.705	-35.53	-28.52
	346	amino	SER
		 N  	-48.953	-36.951	-28.608
		 CA 	-48.581	-36.702	-27.226
		 C  	-47.143	-36.228	-27.026
		 O  	-46.287	-36.355	-27.914
		 CB 	-48.906	-37.92	-26.352
		 OG 	-48.271	-39.081	-26.827
	347	amino	PHE
		 N  	-46.913	-35.631	-25.858
		 CA 	-45.614	-35.085	-25.473
		 C  	-45.212	-35.618	-24.087
		 O  	-46.035	-35.697	-23.171
		 CB 	-45.716	-33.56	-25.464
		 CG 	-44.417	-32.872	-25.253
		 CD1	-43.944	-32.63	-23.963
		 CD2	-43.653	-32.47	-26.34
		 CE1	-42.723	-31.997	-23.766
		 CE2	-42.43	-31.836	-26.157
		 CZ 	-41.963	-31.599	-24.873
	348	amino	TYR
		 N  	-43.948	-35.987	-23.935
		 CA 	-43.466	-36.533	-22.673
		 C  	-42.272	-35.72	-22.151
		 O  	-41.44	-35.272	-22.934
		 CB 	-43.003	-38.005	-22.858
		 CG 	-44.018	-38.966	-23.461
		 CD1	-44.981	-39.6	-22.655
		 CD2	-44.038	-39.225	-24.845
		 CE1	-45.948	-40.47	-23.211
		 CE2	-45.003	-40.089	-25.415
		 CZ 	-45.956	-40.704	-24.59
		 OH 	-46.916	-41.539	-25.136
	349	amino	LYS
		 N  	-42.19	-35.539	-20.83
		 CA 	-41.051	-34.847	-20.205
		 C  	-40.701	-35.507	-18.864
		 O  	-41.559	-35.68	-18.009
		 CB 	-41.317	-33.348	-19.992
		 CG 	-40.101	-32.603	-19.411
		 CD 	-40.314	-31.104	-19.268
		 CE 	-40.909	-30.705	-17.922
		 NZ 	-39.966	-30.955	-16.765
	350	amino	LEU
		 N  	-39.447	-35.895	-18.708
		 CA 	-38.97	-36.506	-17.483
		 C  	-37.796	-35.663	-17.032
		 O  	-36.831	-35.493	-17.778
		 CB 	-38.472	-37.917	-17.75
		 CG 	-39.538	-38.953	-18.052
		 CD1	-38.858	-40.295	-18.302
		 CD2	-40.511	-39.019	-16.872
	351	amino	THR
		 N  	-37.869	-35.154	-15.806
		 CA 	-36.81	-34.306	-15.259
		 C  	-36.371	-34.793	-13.877
		 O  	-37.2	-35.126	-13.015
		 CB 	-37.296	-32.843	-15.072
		 OG1	-37.737	-32.3	-16.32
		 CG2	-36.179	-31.981	-14.516
	352	amino	PHE
		 N  	-35.063	-34.812	-13.672
		 CA 	-34.484	-35.197	-12.409
		 C  	-33.742	-33.938	-11.946
		 O  	-32.888	-33.426	-12.67
		 CB 	-33.53	-36.355	-12.632
		 CG 	-32.697	-36.695	-11.433
		 CD1	-33.29	-37.082	-10.243
		 CD2	-31.304	-36.654	-11.507
		 CE1	-32.516	-37.423	-9.163
		 CE2	-30.528	-36.997	-10.425
		 CZ 	-31.133	-37.383	-9.255
	353	amino	ALA
		 N  	-34.038	-33.438	-10.744
		 CA 	-33.389	-32.203	-10.298
		 C  	-32.808	-32.094	-8.892
		 O  	-33.52	-31.737	-7.961
		 CB 	-34.339	-31.027	-10.548
	354	amino	PRO
		 N  	-31.505	-32.396	-8.716
		 CA 	-30.881	-32.286	-7.387
		 C  	-31.097	-30.832	-6.936
		 O  	-30.617	-29.909	-7.599
		 CB 	-29.409	-32.555	-7.695
		 CG 	-29.499	-33.61	-8.741
		 CD 	-30.561	-33.018	-9.669
	355	amino	THR
		 N  	-31.817	-30.636	-5.833
		 CA 	-32.168	-29.308	-5.331
		 C  	-31.579	-28.938	-3.98
		 O  	-31.573	-29.751	-3.059
		 CB 	-33.698	-29.229	-5.199
		 OG1	-34.278	-29.577	-6.466
		 CG2	-34.175	-27.838	-4.764
	356	amino	PHE
		 N  	-31.122	-27.699	-3.848
		 CA 	-30.582	-27.207	-2.593
		 C  	-31.478	-26.124	-2.038
		 O  	-31.961	-25.284	-2.786
		 CB 	-29.207	-26.628	-2.81
		 CG 	-28.172	-27.652	-3.065
		 CD1	-27.525	-28.269	-2.005
		 CD2	-27.832	-28.001	-4.367
		 CE1	-26.551	-29.219	-2.238
		 CE2	-26.856	-28.95	-4.617
		 CZ 	-26.212	-29.563	-3.551
	357	amino	LYS
		 N  	-31.732	-26.14	-0.736
		 CA 	-32.567	-25.107	-0.129
		 C  	-32.359	-25.043	1.382
		 O  	-31.633	-25.879	1.943
		 CB 	-34.046	-25.321	-0.485
		 CG 	-34.59	-26.7	-0.174
		 CD 	-35.961	-26.916	-0.812
		 CE 	-36.869	-25.751	-0.539
		 NZ 	-38.204	-25.962	-1.137
	358	amino	VAL
		 N  	-32.931	-24.017	2.019
		 CA 	-32.823	-23.862	3.475
		 C  	-34.166	-24.059	4.183
		 O  	-34.206	-24.503	5.328
		 CB 	-32.23	-22.48	3.904
		 CG1	-30.836	-22.324	3.376
		 CG2	-33.126	-21.321	3.465
	359	amino	GLY
		 N  	-35.252	-23.734	3.482
		 CA 	-36.585	-23.857	4.036
		 C  	-37.117	-25.277	4.079
		 O  	-36.398	-26.242	3.767
	360	amino	SER
		 N  	-38.389	-25.394	4.466
		 CA 	-39.049	-26.68	4.576
		 C  	-39.112	-27.437	3.249
		 O  	-39.91	-27.1	2.376
		 CB 	-40.465	-26.492	5.125
		 OG 	-41.127	-27.748	5.266
	361	amino	ILE
		 N  	-38.298	-28.481	3.12
		 CA 	-38.281	-29.301	1.908
		 C  	-39.649	-29.928	1.552
		 O  	-39.942	-30.2	0.394
		 CB 	-37.237	-30.418	2.026
		 CG1	-35.84	-29.813	2.139
		 CG2	-37.338	-31.371	0.833
		 CD1	-34.762	-30.846	1.982
	362	amino	GLY
		 N  	-40.486	-30.152	2.553
		 CA 	-41.789	-30.741	2.297
		 C  	-42.788	-29.73	1.784
		 O  	-43.853	-30.107	1.28
	363	amino	ASP
		 N  	-42.482	-28.451	1.994
		 CA 	-43.336	-27.37	1.523
		 C  	-42.963	-27.129	0.049
		 O  	-41.782	-26.914	-0.308
		 CB 	-43.112	-26.095	2.345
		 CG 	-44.105	-24.992	2.001
		 OD1	-45.085	-25.271	1.276
		 OD2	-43.923	-23.836	2.456
	364	amino	PHE
		 N  	-43.949	-27.276	-0.826
		 CA 	-43.692	-27.053	-2.245
		 C  	-43.517	-25.578	-2.513
		 O  	-42.988	-25.209	-3.552
		 CB 	-44.823	-27.599	-3.117
		 CG 	-44.703	-29.06	-3.408
		 CD1	-43.738	-29.523	-4.288
		 CD2	-45.544	-29.979	-2.791
		 CE1	-43.603	-30.872	-4.548
		 CE2	-45.422	-31.324	-3.034
		 CZ 	-44.449	-31.778	-3.916
	365	amino	PHE
		 N  	-43.887	-24.747	-1.538
		 CA 	-43.798	-23.302	-1.691
		 C  	-42.701	-22.583	-0.921
		 O  	-42.64	-21.355	-0.941
		 CB 	-45.169	-22.673	-1.443
		 CG 	-46.248	-23.27	-2.298
		 CD1	-46.316	-22.972	-3.659
		 CD2	-47.151	-24.189	-1.765
		 CE1	-47.262	-23.584	-4.477
		 CE2	-48.101	-24.806	-2.574
		 CZ 	-48.154	-24.503	-3.936
	366	amino	SER
		 N  	-41.829	-23.324	-0.249
		 CA 	-40.718	-22.668	0.449
		 C  	-39.766	-22.37	-0.721
		 O  	-39.211	-23.3	-1.34
		 CB 	-40.093	-23.593	1.506
		 OG 	-39.507	-24.742	0.933
	367	amino	ARG
		 N  	-39.537	-21.085	-1.002
		 CA 	-38.774	-20.76	-2.199
		 C  	-37.307	-20.676	-2.42
		 O  	-36.839	-21.264	-3.402
		 CB 	-39.39	-19.617	-2.982
		 CG 	-39.834	-20.018	-4.405
		 CD 	-39.148	-21.23	-5.064
		 NE 	-39.617	-22.458	-4.466
		 CZ 	-40.417	-23.362	-5.029
		 NH1	-40.885	-23.222	-6.26
		 NH2	-40.741	-24.439	-4.326
	368	amino	PRO
		 N  	-36.553	-19.937	-1.591
		 CA 	-35.123	-19.935	-1.952
		 C  	-34.591	-21.346	-2.243
		 O  	-34.465	-22.178	-1.335
		 CB 	-34.455	-19.268	-0.749
		 CG 	-35.588	-18.418	-0.15
		 CD 	-36.807	-19.291	-0.293
	369	amino	GLU
		 N  	-34.492	-21.668	-3.533
		 CA 	-33.961	-22.955	-3.944
		 C  	-33.166	-22.85	-5.227
		 O  	-33.439	-21.998	-6.074
		 CB 	-35.024	-24.074	-3.994
		 CG 	-36.012	-24.085	-5.132
		 CD 	-36.967	-25.291	-5.066
		 OE1	-37.827	-25.363	-4.146
		 OE2	-36.864	-26.166	-5.951
	370	amino	ILE
		 N  	-32.096	-23.639	-5.27
		 CA 	-31.159	-23.712	-6.381
		 C  	-31.144	-25.148	-6.889
		 O  	-30.857	-26.077	-6.124
		 CB 	-29.732	-23.334	-5.928
		 CG1	-29.646	-21.823	-5.687
		 CG2	-28.71	-23.814	-6.927
		 CD1	-28.252	-21.328	-5.372
	371	amino	ARG
		 N  	-31.438	-25.335	-8.177
		 CA 	-31.449	-26.675	-8.725
		 C  	-30.577	-26.948	-9.934
		 O  	-30.262	-26.051	-10.692
		 CB 	-32.896	-27.164	-8.936
		 CG 	-33.82	-26.321	-9.785
		 CD 	-34.436	-25.131	-9.096
		 NE 	-35.817	-25.292	-8.634
		 CZ 	-36.878	-24.591	-9.083
		 NH1	-36.764	-23.698	-10.056
		 NH2	-38.032	-24.625	-8.42
	372	amino	PHE
		 N  	-30.019	-28.149	-9.962
		 CA 	-29.209	-28.658	-11.071
		 C  	-30.167	-29.679	-11.684
		 O  	-31.031	-30.212	-10.983
		 CB 	-27.962	-29.38	-10.566
		 CG 	-26.954	-28.469	-9.95
		 CD1	-27.143	-27.975	-8.669
		 CD2	-25.845	-28.049	-10.673
		 CE1	-26.236	-27.063	-8.117
		 CE2	-24.936	-27.139	-10.134
		 CZ 	-25.133	-26.644	-8.852
	373	amino	TYR
		 N  	-30.062	-29.949	-12.975
		 CA 	-31.001	-30.903	-13.575
		 C  	-30.627	-31.529	-14.905
		 O  	-29.591	-31.231	-15.513
		 CB 	-32.39	-30.261	-13.712
		 CG 	-32.342	-28.851	-14.257
		 CD1	-32.032	-28.604	-15.596
		 CD2	-32.556	-27.76	-13.425
		 CE1	-31.93	-27.302	-16.084
		 CE2	-32.457	-26.465	-13.901
		 CZ 	-32.142	-26.238	-15.231
		 OH 	-32.02	-24.935	-15.695
	374	amino	THR
		 N  	-31.478	-32.465	-15.306
		 CA 	-31.362	-33.164	-16.58
		 C  	-32.791	-33.457	-16.981
		 O  	-33.627	-33.799	-16.137
		 CB 	-30.639	-34.519	-16.485
		 OG1	-29.349	-34.345	-15.906
		 CG2	-30.448	-35.088	-17.865
	375	amino	SER
		 N  	-33.091	-33.251	-18.253
		 CA 	-34.418	-33.542	-18.745
		 C  	-34.332	-34.266	-20.05
		 O  	-33.352	-34.141	-20.776
		 CB 	-35.225	-32.278	-18.934
		 OG 	-35.473	-31.696	-17.685
	376	amino	TRP
		 N  	-35.367	-35.043	-20.309
		 CA 	-35.51	-35.818	-21.515
		 C  	-36.917	-35.528	-22.005
		 O  	-37.882	-35.525	-21.223
		 CB 	-35.362	-37.291	-21.19
		 CG 	-36.165	-38.178	-22.074
		 CD1	-37.49	-38.556	-21.913
		 CD2	-35.701	-38.832	-23.246
		 NE1	-37.864	-39.411	-22.93
		 CE2	-36.786	-39.596	-23.761
		 CE3	-34.473	-38.856	-23.914
		 CZ2	-36.671	-40.371	-24.911
		 CZ3	-34.353	-39.63	-25.057
		 CH2	-35.452	-40.38	-25.546
	377	amino	MET
		 N  	-37.027	-35.254	-23.294
		 CA 	-38.317	-34.972	-23.912
		 C  	-38.448	-35.752	-25.214
		 O  	-37.466	-36.018	-25.901
		 CB 	-38.471	-33.479	-24.222
		 CG 	-38.526	-32.589	-23.014
		 SD 	-38.789	-30.841	-23.431
		 CE 	-37.155	-30.296	-23.612
	378	amino	ASP
		 N  	-39.667	-36.138	-25.535
		 CA 	-39.932	-36.851	-26.766
		 C  	-41.39	-36.655	-27.093
		 O  	-42.203	-36.425	-26.193
		 CB 	-39.612	-38.328	-26.629
		 CG 	-39.383	-38.985	-27.963
		 OD1	-39.63	-38.322	-28.992
		 OD2	-38.935	-40.154	-27.989
	379	amino	TRP
		 N  	-41.734	-36.736	-28.369
		 CA 	-43.125	-36.53	-28.765
		 C  	-43.453	-37.169	-30.104
		 O  	-42.558	-37.595	-30.833
		 CB 	-43.411	-35.02	-28.843
		 CG 	-42.496	-34.293	-29.804
		 CD1	-42.733	-34.038	-31.119
		 CD2	-41.173	-33.802	-29.536
		 NE1	-41.641	-33.437	-31.696
		 CE2	-40.669	-33.28	-30.746
		 CE3	-40.365	-33.754	-28.391
		 CZ2	-39.396	-32.718	-30.848
		 CZ3	-39.093	-33.193	-28.49
		 CH2	-38.622	-32.682	-29.714
	380	amino	SER
		 N  	-44.745	-37.227	-30.417
		 CA 	-45.226	-37.764	-31.692
		 C  	-44.691	-36.855	-32.824
		 O  	-44.95	-35.645	-32.817
		 CB 	-46.762	-37.766	-31.702
		 OG 	-47.26	-38.62	-30.69
	381	amino	LYS
		 N  	-43.948	-37.432	-33.776
		 CA 	-43.364	-36.653	-34.888
		 C  	-44.374	-35.778	-35.628
		 O  	-44.03	-34.685	-36.101
		 CB 	-42.599	-37.543	-35.885
		 CG 	-43.405	-38.711	-36.44
		 CD 	-42.786	-39.267	-37.726
		 CE 	-42.889	-38.253	-38.875
		 NZ 	-44.319	-37.868	-39.185
	382	amino	LYS
		 N  	-45.629	-36.224	-35.659
		 CA 	-46.673	-35.465	-36.324
		 C  	-46.791	-34.035	-35.803
		 O  	-47.059	-33.127	-36.57
		 CB 	-48.026	-36.168	-36.207
		 CG 	-49.084	-35.451	-37.019
		 CD 	-50.307	-36.286	-37.318
		 CE 	-51.198	-35.541	-38.332
		 NZ 	-52.527	-36.198	-38.566
	383	amino	LEU
		 N  	-46.548	-33.846	-34.505
		 CA 	-46.642	-32.537	-33.837
		 C  	-45.777	-31.463	-34.465
		 O  	-46.075	-30.281	-34.355
		 CB 	-46.276	-32.665	-32.355
		 CG 	-47.113	-33.59	-31.472
		 CD1	-46.546	-33.625	-30.071
		 CD2	-48.537	-33.11	-31.446
	384	amino	ASN
		 N  	-44.695	-31.886	-35.106
		 CA 	-43.771	-30.967	-35.755
		 C  	-44.419	-30.168	-36.88
		 O  	-43.934	-29.097	-37.235
		 CB 	-42.587	-31.737	-36.348
		 CG 	-41.75	-32.431	-35.299
		 OD1	-41.945	-32.235	-34.102
		 ND2	-40.795	-33.241	-35.744
	385	amino	ASN
		 N  	-45.524	-30.683	-37.419
		 CA 	-46.199	-30.062	-38.559
		 C  	-47.252	-29.025	-38.231
		 O  	-47.796	-28.395	-39.138
		 CB 	-46.784	-31.156	-39.471
		 CG 	-45.723	-32.172	-39.929
		 OD1	-44.561	-31.809	-40.173
		 ND2	-46.115	-33.451	-40.033
	386	amino	TYR
		 N  	-47.518	-28.828	-36.942
		 CA 	-48.517	-27.859	-36.515
		 C  	-48.163	-26.483	-37.035
		 O  	-49.027	-25.756	-37.499
		 CB 	-48.637	-27.844	-34.988
		 CG 	-49.623	-26.82	-34.437
		 CD1	-51.015	-27.027	-34.513
		 CD2	-49.162	-25.649	-33.815
		 CE1	-51.92	-26.08	-33.97
		 CE2	-50.053	-24.701	-33.276
		 CZ 	-51.421	-24.922	-33.356
		 OH 	-52.27	-23.972	-32.825
	387	amino	ALA
		 N  	-46.884	-26.136	-36.988
		 CA 	-46.421	-24.835	-37.459
		 C  	-44.991	-25.013	-37.934
		 O  	-44.357	-25.999	-37.577
		 CB 	-46.475	-23.83	-36.338
	388	amino	SER
		 N  	-44.482	-24.074	-38.73
		 CA 	-43.112	-24.173	-39.244
		 C  	-42.109	-23.291	-38.495
		 O  	-40.9	-23.469	-38.643
		 CB 	-43.082	-23.848	-40.736
		 OG 	-43.643	-22.571	-40.969
	389	amino	ASP
		 N  	-42.624	-22.325	-37.731
		 CA 	-41.805	-21.405	-36.928
		 C  	-41.937	-21.755	-35.443
		 O  	-41.669	-20.94	-34.568
		 CB 	-42.226	-19.951	-37.175
		 CG 	-43.723	-19.728	-37.008
		 OD1	-44.469	-20.682	-36.701
		 OD2	-44.166	-18.578	-37.201
	390	amino	ASP
		 N  	-42.362	-22.994	-35.219
		 CA 	-42.588	-23.654	-33.931
		 C  	-41.26	-24.075	-33.307
		 O  	-40.197	-23.977	-33.919
		 CB 	-43.323	-24.964	-34.24
		 CG 	-44.565	-25.16	-33.436
		 OD1	-45.025	-24.198	-32.804
		 OD2	-45.104	-26.286	-33.47
	391	amino	ALA
		 N  	-41.348	-24.66	-32.125
		 CA 	-40.172	-25.165	-31.467
		 C  	-40.014	-26.611	-31.923
		 O  	-38.941	-27.004	-32.379
		 CB 	-40.333	-25.096	-29.964
	392	amino	LEU
		 N  	-41.089	-27.391	-31.823
		 CA 	-41.049	-28.804	-32.199
		 C  	-40.831	-28.945	-33.677
		 O  	-41.661	-28.513	-34.456
		 CB 	-42.345	-29.52	-31.813
		 CG 	-42.74	-29.548	-30.337
		 CD1	-43.817	-30.618	-30.111
		 CD2	-41.513	-29.835	-29.476
	393	amino	GLY
		 N  	-39.714	-29.541	-34.069
		 CA 	-39.453	-29.697	-35.484
		 C  	-38.456	-28.7	-36.049
		 O  	-37.967	-28.889	-37.159
	394	amino	SER
		 N  	-38.171	-27.629	-35.31
		 CA 	-37.194	-26.638	-35.75
		 C  	-35.812	-27.326	-35.815
		 O  	-35.664	-28.487	-35.42
		 CB 	-37.175	-25.42	-34.809
		 OG 	-36.675	-25.751	-33.523
	395	amino	ASP
		 N  	-34.809	-26.624	-36.328
		 CA 	-33.479	-27.205	-36.469
		 C  	-32.889	-27.658	-35.133
		 O  	-32.775	-26.875	-34.192
		 CB 	-32.55	-26.202	-37.161
		 CG 	-31.432	-26.877	-37.949
		 OD1	-31.689	-27.304	-39.098
		 OD2	-30.293	-26.967	-37.432
	396	amino	GLY
		 N  	-32.573	-28.946	-35.05
		 CA 	-31.989	-29.502	-33.844
		 C  	-32.962	-29.897	-32.749
		 O  	-32.54	-30.32	-31.658
	397	amino	PHE
		 N  	-34.258	-29.771	-33.03
		 CA 	-35.288	-30.109	-32.055
		 C  	-36.445	-30.809	-32.755
		 O  	-37.608	-30.443	-32.587
		 CB 	-35.774	-28.832	-31.349
		 CG 	-36.253	-29.062	-29.94
		 CD1	-35.359	-29.461	-28.947
		 CD2	-37.591	-28.884	-29.61
		 CE1	-35.782	-29.679	-27.654
		 CE2	-38.033	-29.098	-28.317
		 CZ 	-37.126	-29.497	-27.331
	398	amino	ASN
		 N  	-36.115	-31.84	-33.523
		 CA 	-37.118	-32.581	-34.286
		 C  	-37.099	-34.078	-34.028
		 O  	-38.113	-34.767	-34.212
		 CB 	-36.936	-32.314	-35.791
		 CG 	-35.483	-32.396	-36.23
		 OD1	-34.844	-31.377	-36.515
		 ND2	-34.95	-33.61	-36.278
	399	amino	SER
		 N  	-35.941	-34.561	-33.586
		 CA 	-35.732	-35.98	-33.305
		 C  	-36.644	-36.508	-32.209
		 O  	-37.464	-35.777	-31.646
		 CB 	-34.269	-36.234	-32.89
		 OG 	-33.353	-35.892	-33.918
	400	amino	GLY
		 N  	-36.491	-37.798	-31.928
		 CA 	-37.251	-38.422	-30.871
		 C  	-36.765	-37.831	-29.553
		 O  	-37.265	-36.784	-29.112
	401	amino	GLY
		 N  	-35.742	-38.453	-28.968
		 CA 	-35.215	-37.989	-27.694
		 C  	-34.366	-36.736	-27.697
		 O  	-33.488	-36.567	-28.538
	402	amino	GLU
		 N  	-34.613	-35.873	-26.717
		 CA 	-33.886	-34.614	-26.564
		 C  	-33.461	-34.443	-25.11
		 O  	-34.3	-34.348	-24.221
		 CB 	-34.777	-33.431	-26.965
		 CG 	-35.147	-33.351	-28.444
		 CD 	-33.958	-33.039	-29.342
		 OE1	-33.067	-32.273	-28.92
		 OE2	-33.921	-33.545	-30.484
	403	amino	TRP
		 N  	-32.157	-34.426	-24.871
		 CA 	-31.601	-34.259	-23.531
		 C  	-31.213	-32.812	-23.226
		 O  	-30.768	-32.078	-24.109
		 CB 	-30.355	-35.129	-23.365
		 CG 	-30.635	-36.587	-23.276
		 CD1	-30.685	-37.474	-24.313
		 CD2	-30.927	-37.341	-22.089
		 NE1	-30.997	-38.734	-23.849
		 CE2	-31.15	-38.68	-22.488
		 CE3	-31.023	-37.02	-20.732
		 CZ2	-31.467	-39.698	-21.573
		 CZ3	-31.342	-38.041	-19.82
		 CH2	-31.559	-39.359	-20.25
	404	amino	SER
		 N  	-31.365	-32.41	-21.967
		 CA 	-30.979	-31.066	-21.551
		 C  	-30.372	-31.069	-20.15
		 O  	-30.64	-31.973	-19.37
		 CB 	-32.156	-30.123	-21.63
		 OG 	-33.278	-30.729	-21.047
	405	amino	PHE
		 N  	-29.502	-30.094	-19.873
		 CA 	-28.814	-29.953	-18.578
		 C  	-28.731	-28.48	-18.173
		 O  	-28.728	-27.596	-19.037
		 CB 	-27.384	-30.496	-18.669
		 CG 	-27.296	-31.867	-19.266
		 CD1	-27.289	-32.038	-20.646
		 CD2	-27.235	-32.995	-18.447
		 CE1	-27.227	-33.318	-21.215
		 CE2	-27.17	-34.284	-18.995
		 CZ 	-27.167	-34.445	-20.391
	406	amino	GLY
		 N  	-28.656	-28.211	-16.87
		 CA 	-28.558	-26.83	-16.435
		 C  	-28.626	-26.59	-14.945
		 O  	-28.712	-27.526	-14.161
	407	amino	VAL
		 N  	-28.594	-25.309	-14.583
		 CA 	-28.649	-24.823	-13.202
		 C  	-29.55	-23.595	-13.189
		 O  	-29.487	-22.77	-14.091
		 CB 	-27.297	-24.252	-12.715
		 CG1	-27.214	-24.358	-11.21
		 CG2	-26.125	-24.905	-13.396
	408	amino	GLN
		 N  	-30.342	-23.426	-12.147
		 CA 	-31.191	-22.247	-12.069
		 C  	-31.577	-21.992	-10.622
		 O  	-31.446	-22.865	-9.777
		 CB 	-32.471	-22.403	-12.904
		 CG 	-33.577	-23.131	-12.156
		 CD 	-34.962	-22.894	-12.709
		 OE1	-35.769	-23.834	-12.783
		 NE2	-35.251	-21.66	-13.111
	409	amino	MET
		 N  	-32.034	-20.781	-10.348
		 CA 	-32.502	-20.431	-9.027
		 C  	-33.918	-19.917	-9.223
		 O  	-34.316	-19.556	-10.332
		 CB 	-31.638	-19.328	-8.41
		 CG 	-31.679	-17.993	-9.144
		 SD 	-33.221	-17.119	-8.918
		 CE 	-32.753	-15.455	-9.273
	410	amino	GLU
		 N  	-34.697	-19.923	-8.151
		 CA 	-36.039	-19.385	-8.188
		 C  	-36.397	-19.017	-6.77
		 O  	-36.025	-19.749	-5.848
		 CB 	-37.043	-20.399	-8.717
		 CG 	-38.466	-19.827	-8.684
		 CD 	-39.516	-20.838	-9.078
		 OE1	-39.666	-21.876	-8.391
		 OE2	-40.19	-20.598	-10.09
	411	amino	THR
		 N  	-37.009	-17.841	-6.592
		 CA 	-37.48	-17.382	-5.283
		 C  	-38.624	-16.426	-5.433
		 O  	-38.958	-15.957	-6.53
		 CB 	-36.456	-16.568	-4.405
		 OG1	-35.911	-15.465	-5.152
		 CG2	-35.376	-17.431	-3.878
	412	amino	TRP
		 N  	-39.188	-16.132	-4.27
		 CA 	-40.245	-15.178	-4.102
		 C  	-40.247	-14.866	-2.618
		 O  	-39.812	-15.676	-1.793
		 CB 	-41.592	-15.669	-4.634
		 CG 	-42.103	-16.922	-4.08
		 CD1	-42.538	-17.139	-2.808
		 CD2	-42.337	-18.14	-4.8
		 NE1	-43.039	-18.421	-2.688
		 CE2	-42.932	-19.056	-3.898
		 CE3	-42.109	-18.548	-6.122
		 CZ2	-43.306	-20.348	-4.278
		 CZ3	-42.479	-19.833	-6.497
		 CH2	-43.071	-20.718	-5.579
	413	amino	PHE
		 N  	-40.629	-13.638	-2.309
		 CA 	-40.663	-13.121	-0.954
		 C  	-41.564	-11.896	-0.993
		 O  	-41.641	-11.176	0.02
		 CB 	-39.25	-12.71	-0.541
		 CG 	-38.572	-11.838	-1.549
		 CD1	-38.795	-10.469	-1.564
		 CD2	-37.76	-12.394	-2.539
		 CE1	-38.229	-9.668	-2.543
		 CE2	-37.188	-11.591	-3.529
		 CZ 	-37.425	-10.231	-3.526
		 OXT	-42.184	-11.659	-2.049

Q
	1	amino	SER
		 N  	-31.842	-10.724	8.129
		 CA 	-32.359	-9.316	8.144
		 C  	-33.488	-9.14	7.104
		 O  	-34.385	-9.999	7.018
		 CB 	-31.208	-8.315	7.91
		 OG 	-30.499	-8.576	6.702
	2	amino	GLY
		 N  	-33.462	-8.051	6.329
		 CA 	-34.502	-7.849	5.335
		 C  	-34.041	-7.302	3.992
		 O  	-33.324	-7.947	3.223
	3	amino	PHE
		 N  	-34.471	-6.077	3.737
		 CA 	-34.199	-5.363	2.514
		 C  	-32.962	-4.486	2.57
		 O  	-32.657	-3.871	3.592
		 CB 	-35.422	-4.499	2.189
		 CG 	-35.194	-3.503	1.085
		 CD1	-35.292	-3.891	-0.254
		 CD2	-34.911	-2.175	1.382
		 CE1	-35.116	-2.973	-1.282
		 CE2	-34.731	-1.25	0.358
		 CZ 	-34.838	-1.661	-0.986
	4	amino	GLU
		 N  	-32.264	-4.408	1.449
		 CA 	-31.092	-3.557	1.355
		 C  	-31.037	-2.893	-0.009
		 O  	-31.346	-3.508	-1.027
		 CB 	-29.812	-4.344	1.607
		 CG 	-29.564	-4.622	3.065
		 CD 	-28.196	-5.212	3.323
		 OE1	-27.247	-4.892	2.574
		 OE2	-28.067	-5.993	4.291
	5	amino	PHE
		 N  	-30.66	-1.629	-0.012
		 CA 	-30.557	-0.866	-1.232
		 C  	-29.129	-0.386	-1.369
		 O  	-28.655	0.346	-0.525
		 CB 	-31.504	0.33	-1.158
		 CG 	-31.416	1.26	-2.32
		 CD1	-31.435	0.773	-3.633
		 CD2	-31.311	2.625	-2.116
		 CE1	-31.349	1.631	-4.731
		 CE2	-31.227	3.503	-3.208
		 CZ 	-31.246	3.0	-4.519
	6	amino	HIS
		 N  	-28.445	-0.835	-2.422
		 CA 	-27.074	-0.43	-2.728
		 C  	-27.034	0.08	-4.168
		 O  	-27.987	-0.097	-4.928
		 CB 	-26.128	-1.614	-2.591
		 CG 	-26.085	-2.192	-1.215
		 ND1	-25.573	-1.508	-0.136
		 CD2	-26.523	-3.377	-0.732
		 CE1	-25.701	-2.241	0.952
		 NE2	-26.274	-3.382	0.619
	7	amino	GLY
		 N  	-25.931	0.722	-4.542
		 CA 	-25.816	1.22	-5.895
		 C  	-24.587	2.043	-6.185
		 O  	-23.681	2.172	-5.372
	8	amino	TYR
		 N  	-24.543	2.547	-7.406
		 CA 	-23.457	3.383	-7.887
		 C  	-24.122	4.412	-8.787
		 O  	-25.18	4.152	-9.354
		 CB 	-22.448	2.552	-8.68
		 CG 	-21.498	3.395	-9.473
		 CD1	-21.835	3.836	-10.747
		 CD2	-20.301	3.825	-8.926
		 CE1	-21.018	4.694	-11.441
		 CE2	-19.466	4.676	-9.63
		 CZ 	-19.836	5.108	-10.883
		 OH 	-19.027	5.966	-11.586
	9	amino	ALA
		 N  	-23.503	5.581	-8.907
		 CA 	-24.06	6.629	-9.733
		 C  	-23.103	7.766	-9.98
		 O  	-22.443	8.224	-9.066
		 CB 	-25.297	7.159	-9.111
	10	amino	ARG
		 N  	-23.01	8.166	-11.247
		 CA 	-22.191	9.29	-11.698
		 C  	-23.169	10.154	-12.526
		 O  	-24.133	9.652	-13.121
		 CB 	-20.99	8.84	-12.572
		 CG 	-21.289	8.803	-14.075
		 CD 	-20.102	8.438	-14.985
		 NE 	-19.589	7.112	-14.707
		 CZ 	-19.746	6.045	-15.47
		 NH1	-20.401	6.122	-16.604
		 NH2	-19.264	4.879	-15.059
	11	amino	SER
		 N  	-22.981	11.46	-12.481
		 CA 	-23.822	12.353	-13.237
		 C  	-23.204	13.703	-13.184
		 O  	-22.915	14.236	-12.107
		 CB 	-25.226	12.406	-12.687
		 OG 	-26.011	13.282	-13.465
	12	amino	GLY
		 N  	-22.992	14.25	-14.372
		 CA 	-22.375	15.544	-14.485
		 C  	-22.402	16.119	-15.876
		 O  	-22.92	15.532	-16.811
	13	amino	VAL
		 N  	-21.697	17.233	-15.998
		 CA 	-21.624	18.01	-17.205
		 C  	-20.181	18.302	-17.634
		 O  	-19.287	18.45	-16.799
		 CB 	-22.422	19.322	-16.93
		 CG1	-21.945	20.483	-17.758
		 CG2	-23.903	19.062	-17.146
	14	amino	ILE
		 N  	-19.951	18.311	-18.945
		 CA 	-18.646	18.633	-19.526
		 C  	-18.929	19.536	-20.745
		 O  	-19.788	19.23	-21.567
		 CB 	-17.871	17.379	-20.015
		 CG1	-17.659	16.391	-18.868
		 CG2	-16.523	17.797	-20.58
		 CD1	-16.755	15.211	-19.21
	15	amino	MET
		 N  	-18.249	20.678	-20.814
		 CA 	-18.392	21.62	-21.922
		 C  	-16.998	22.094	-22.292
		 O  	-16.061	21.931	-21.509
		 CB 	-19.24	22.825	-21.514
		 CG 	-18.662	23.644	-20.373
		 SD 	-19.781	24.967	-19.827
		 CE 	-18.744	26.338	-20.075
	16	amino	ASN
		 N  	-16.849	22.625	-23.505
		 CA 	-15.563	23.146	-23.961
		 C  	-15.499	24.631	-23.625
		 O  	-16.413	25.166	-22.991
		 CB 	-15.347	22.906	-25.461
		 CG 	-16.428	23.541	-26.338
		 OD1	-16.959	24.614	-26.037
		 ND2	-16.743	22.878	-27.449
	17	amino	ASP
		 N  	-14.448	25.304	-24.078
		 CA 	-14.276	26.726	-23.787
		 C  	-15.277	27.648	-24.487
		 O  	-15.272	28.855	-24.273
		 CB 	-12.838	27.152	-24.095
		 CG 	-12.364	26.63	-25.42
		 OD1	-11.931	25.463	-25.475
		 OD2	-12.463	27.361	-26.419
	18	amino	SER
		 N  	-16.149	27.08	-25.309
		 CA 	-17.145	27.884	-26.014
		 C  	-18.527	27.616	-25.44
		 O  	-19.534	28.088	-25.967
		 CB 	-17.126	27.566	-27.514
		 OG 	-15.805	27.68	-28.027
	19	amino	GLY
		 N  	-18.562	26.849	-24.356
		 CA 	-19.824	26.509	-23.729
		 C  	-20.676	25.602	-24.598
		 O  	-21.904	25.738	-24.641
	20	amino	ALA
		 N  	-20.02	24.679	-25.29
		 CA 	-20.721	23.74	-26.177
		 C  	-20.25	22.307	-25.911
		 O  	-19.353	22.09	-25.112
		 CB 	-20.48	24.13	-27.65
	21	amino	SER
		 N  	-20.852	21.33	-26.576
		 CA 	-20.453	19.955	-26.365
		 C  	-19.057	19.61	-26.887
		 O  	-18.462	20.375	-27.641
		 CB 	-21.496	19.008	-26.934
		 OG 	-21.78	19.333	-28.262
	22	amino	THR
		 N  	-18.504	18.517	-26.365
		 CA 	-17.196	17.998	-26.752
		 C  	-17.222	16.494	-26.574
		 O  	-18.232	15.928	-26.158
		 CB 	-16.017	18.514	-25.87
		 OG1	-16.503	19.013	-24.614
		 CG2	-15.196	19.542	-26.606
	23	amino	LYS
		 N  	-16.085	15.874	-26.868
		 CA 	-15.912	14.442	-26.733
		 C  	-15.304	14.173	-25.353
		 O  	-14.506	14.971	-24.852
		 CB 	-14.995	13.921	-27.842
		 CG 	-15.52	14.145	-29.255
		 CD 	-16.901	13.522	-29.452
		 CE 	-17.404	13.726	-30.873
		 NZ 	-17.217	15.14	-31.329
	24	amino	SER
		 N  	-15.693	13.062	-24.732
		 CA 	-15.188	12.706	-23.407
		 C  	-15.398	11.216	-23.223
		 O  	-16.177	10.616	-23.954
		 CB 	-15.963	13.473	-22.322
		 OG 	-17.355	13.126	-22.303
	25	amino	GLY
		 N  	-14.702	10.612	-22.263
		 CA 	-14.879	9.195	-22.015
		 C  	-13.574	8.549	-21.675
		 O  	-12.531	9.006	-22.133
	26	amino	ALA
		 N  	-13.619	7.503	-20.854
		 CA 	-12.417	6.796	-20.465
		 C  	-11.858	6.01	-21.646
		 O  	-10.66	5.709	-21.69
		 CB 	-12.724	5.855	-19.32
	27	amino	TYR
		 N  	-12.724	5.722	-22.62
		 CA 	-12.372	4.924	-23.796
		 C  	-12.418	5.651	-25.137
		 O  	-12.675	5.021	-26.154
		 CB 	-13.309	3.708	-23.878
		 CG 	-13.141	2.717	-22.747
		 CD1	-13.794	2.896	-21.535
		 CD2	-12.295	1.613	-22.877
		 CE1	-13.603	2.007	-20.488
		 CE2	-12.099	0.734	-21.834
		 CZ 	-12.754	0.936	-20.64
		 OH 	-12.539	0.071	-19.586
	28	amino	ILE
		 N  	-12.148	6.952	-25.159
		 CA 	-12.215	7.684	-26.421
		 C  	-11.043	7.601	-27.373
		 O  	-11.205	7.951	-28.535
		 CB 	-12.572	9.186	-26.271
		 CG1	-11.575	9.919	-25.387
		 CG2	-14.037	9.348	-25.868
		 CD1	-11.733	11.401	-25.533
	29	amino	THR
		 N  	-9.866	7.203	-26.902
		 CA 	-8.724	7.094	-27.812
		 C  	-8.885	5.838	-28.68
		 O  	-9.655	4.94	-28.337
		 CB 	-7.385	6.974	-27.077
		 OG1	-7.283	5.674	-26.498
		 CG2	-7.25	8.008	-26.018
	30	amino	PRO
		 N  	-8.225	5.806	-29.856
		 CA 	-8.297	4.655	-30.757
		 C  	-8.015	3.365	-29.989
		 O  	-8.648	2.334	-30.227
		 CB 	-7.19	4.961	-31.756
		 CG 	-7.332	6.412	-31.924
		 CD 	-7.528	6.927	-30.513
	31	amino	ALA
		 N  	-7.071	3.441	-29.05
		 CA 	-6.692	2.288	-28.21
		 C  	-7.867	1.768	-27.354
		 O  	-7.866	0.615	-26.942
		 CB 	-5.517	2.657	-27.319
	32	amino	GLY
		 N  	-8.876	2.619	-27.157
		 CA 	-10.041	2.274	-26.366
		 C  	-10.904	1.145	-26.89
		 O  	-11.555	0.448	-26.104
	33	amino	GLU
		 N  	-10.912	0.943	-28.204
		 CA 	-11.726	-0.115	-28.788
		 C  	-11.275	-1.496	-28.346
		 O  	-12.052	-2.447	-28.367
		 CB 	-11.701	-0.033	-30.299
		 CG 	-12.205	1.281	-30.833
		 CD 	-12.477	1.249	-32.338
		 OE1	-12.083	0.267	-33.019
		 OE2	-13.091	2.221	-32.839
	34	amino	THR
		 N  	-10.013	-1.603	-27.953
		 CA 	-9.467	-2.862	-27.486
		 C  	-9.186	-2.841	-25.975
		 O  	-8.377	-3.622	-25.467
		 CB 	-8.209	-3.242	-28.289
		 OG1	-7.336	-2.108	-28.392
		 CG2	-8.618	-3.7	-29.687
	35	amino	GLY
		 N  	-9.862	-1.931	-25.276
		 CA 	-9.74	-1.828	-23.834
		 C  	-8.774	-0.806	-23.295
		 O  	-8.577	-0.749	-22.102
	36	amino	GLY
		 N  	-8.208	0.026	-24.159
		 CA 	-7.23	1.016	-23.73
		 C  	-7.793	2.248	-23.066
		 O  	-7.76	3.357	-23.642
	37	amino	ALA
		 N  	-8.281	2.052	-21.838
		 CA 	-8.866	3.122	-21.036
		 C  	-7.87	4.196	-20.549
		 O  	-6.671	3.933	-20.412
		 CB 	-9.551	2.513	-19.843
	38	amino	ILE
		 N  	-8.365	5.419	-20.353
		 CA 	-7.559	6.517	-19.801
		 C  	-8.306	7.107	-18.608
		 O  	-9.458	6.766	-18.351
		 CB 	-7.306	7.669	-20.785
		 CG1	-8.619	8.145	-21.403
		 CG2	-6.209	7.294	-21.771
		 CD1	-8.505	9.513	-22.027
	39	amino	GLY
		 N  	-7.655	8.032	-17.915
		 CA 	-8.268	8.66	-16.768
		 C  	-9.695	9.096	-17.018
		 O  	-10.03	9.604	-18.084
	40	amino	ARG
		 N  	-10.527	8.934	-15.997
		 CA 	-11.935	9.302	-16.072
		 C  	-12.291	10.615	-15.388
		 O  	-13.389	11.12	-15.558
		 CB 	-12.769	8.199	-15.459
		 CG 	-12.632	8.078	-13.941
		 CD 	-13.971	7.662	-13.402
		 NE 	-14.022	6.25	-13.045
		 CZ 	-15.112	5.49	-13.129
		 NH1	-16.263	5.969	-13.599
		 NH2	-15.078	4.281	-12.606
	41	amino	LEU
		 N  	-11.362	11.188	-14.633
		 CA 	-11.652	12.425	-13.922
		 C  	-11.928	13.582	-14.868
		 O  	-11.065	13.977	-15.657
		 CB 	-10.509	12.787	-12.976
		 CG 	-10.783	13.215	-11.536
		 CD1	-9.734	14.237	-11.176
		 CD2	-12.164	13.771	-11.353
	42	amino	GLY
		 N  	-13.123	14.152	-14.73
		 CA 	-13.551	15.264	-15.565
		 C  	-13.585	14.818	-17.009
		 O  	-13.352	15.631	-17.908
	43	amino	ASN
		 N  	-13.923	13.541	-17.213
		 CA 	-13.928	12.914	-18.526
		 C  	-15.065	11.888	-18.679
		 O  	-14.904	10.854	-19.33
		 CB 	-12.561	12.239	-18.736
		 CG 	-12.294	11.855	-20.181
		 OD1	-12.787	12.497	-21.108
		 ND2	-11.476	10.819	-20.374
	44	amino	GLN
		 N  	-16.183	12.143	-18.005
		 CA 	-17.38	11.304	-18.101
		 C  	-18.572	12.223	-17.938
		 O  	-18.802	12.775	-16.858
		 CB 	-17.407	10.223	-17.042
		 CG 	-16.398	9.161	-17.278
		 CD 	-16.574	7.984	-16.365
		 OE1	-16.491	6.84	-16.81
		 NE2	-16.777	8.241	-15.079
	45	amino	ALA
		 N  	-19.28	12.456	-19.038
		 CA 	-20.43	13.346	-19.053
		 C  	-21.747	12.593	-19.066
		 O  	-22.794	13.199	-19.239
		 CB 	-20.334	14.273	-20.235
	46	amino	ASP
		 N  	-21.704	11.271	-18.919
		 CA 	-22.936	10.493	-18.894
		 C  	-23.566	10.355	-17.483
		 O  	-22.907	10.555	-16.453
		 CB 	-22.702	9.105	-19.5
		 CG 	-21.634	8.298	-18.765
		 OD1	-20.75	8.909	-18.117
		 OD2	-21.659	7.042	-18.869
	47	amino	THR
		 N  	-24.855	10.036	-17.45
		 CA 	-25.561	9.841	-16.205
		 C  	-25.797	8.343	-16.134
		 O  	-26.741	7.846	-16.719
		 CB 	-26.865	10.639	-16.196
		 OG1	-26.549	12.026	-16.044
		 CG2	-27.752	10.231	-15.073
	48	amino	TYR
		 N  	-24.874	7.632	-15.484
		 CA 	-24.914	6.181	-15.344
		 C  	-25.296	5.815	-13.909
		 O  	-24.712	6.333	-12.949
		 CB 	-23.549	5.596	-15.711
		 CG 	-23.503	4.089	-15.655
		 CD1	-24.138	3.329	-16.615
		 CD2	-22.861	3.421	-14.61
		 CE1	-24.152	1.949	-16.54
		 CE2	-22.861	2.044	-14.539
		 CZ 	-23.515	1.31	-15.505
		 OH 	-23.568	-0.072	-15.429
	49	amino	VAL
		 N  	-26.264	4.901	-13.789
		 CA 	-26.812	4.456	-12.509
		 C  	-26.991	2.936	-12.43
		 O  	-27.389	2.295	-13.417
		 CB 	-28.239	5.087	-12.281
		 CG1	-28.821	4.619	-10.975
		 CG2	-28.18	6.602	-12.257
	50	amino	GLU
		 N  	-26.646	2.365	-11.272
		 CA 	-26.845	0.94	-10.993
		 C  	-27.659	0.879	-9.709
		 O  	-27.308	1.508	-8.711
		 CB 	-25.538	0.23	-10.799
		 CG 	-24.778	0.077	-12.099
		 CD 	-23.416	-0.563	-11.917
		 OE1	-22.902	-0.564	-10.77
		 OE2	-22.847	-1.033	-12.928
	51	amino	MET
		 N  	-28.815	0.235	-9.769
		 CA 	-29.7	0.132	-8.607
		 C  	-29.772	-1.31	-8.169
		 O  	-30.247	-2.169	-8.918
		 CB 	-31.089	0.671	-8.952
		 CG 	-31.074	2.158	-9.288
		 SD 	-32.614	2.711	-10.026
		 CE 	-32.171	2.487	-11.794
	52	amino	ASN
		 N  	-29.251	-1.582	-6.975
		 CA 	-29.224	-2.937	-6.43
		 C  	-30.232	-3.092	-5.297
		 O  	-30.144	-2.4	-4.28
		 CB 	-27.817	-3.243	-5.944
		 CG 	-26.777	-3.021	-7.026
		 OD1	-26.997	-3.407	-8.158
		 ND2	-25.661	-2.382	-6.693
	53	amino	LEU
		 N  	-31.251	-3.908	-5.536
		 CA 	-32.303	-4.178	-4.554
		 C  	-32.033	-5.579	-4.017
		 O  	-31.837	-6.518	-4.786
		 CB 	-33.691	-4.127	-5.2
		 CG 	-34.111	-2.856	-5.959
		 CD1	-35.476	-3.072	-6.581
		 CD2	-34.143	-1.652	-5.045
	54	amino	GLU
		 N  	-31.965	-5.72	-2.7
		 CA 	-31.68	-7.024	-2.15
		 C  	-32.614	-7.426	-1.056
		 O  	-33.206	-6.59	-0.376
		 CB 	-30.265	-7.106	-1.596
		 CG 	-29.179	-6.838	-2.591
		 CD 	-27.806	-7.01	-1.993
		 OE1	-27.631	-7.971	-1.218
		 OE2	-26.905	-6.199	-2.305
	55	amino	HIS
		 N  	-32.72	-8.738	-0.907
		 CA 	-33.53	-9.352	0.117
		 C  	-32.661	-10.428	0.774
		 O  	-32.41	-11.494	0.196
		 CB 	-34.788	-9.947	-0.477
		 CG 	-35.673	-10.575	0.545
		 ND1	-35.564	-11.901	0.909
		 CD2	-36.688	-10.065	1.283
		 CE1	-36.48	-12.183	1.818
		 NE2	-37.175	-11.085	2.062
	56	amino	LYS
		 N  	-32.099	-10.057	1.924
		 CA 	-31.216	-10.912	2.716
		 C  	-31.995	-11.588	3.838
		 O  	-32.975	-11.046	4.345
		 CB 	-30.089	-10.08	3.336
		 CG 	-28.945	-9.682	2.418
		 CD 	-27.857	-9.064	3.269
		 CE 	-26.508	-9.007	2.572
		 NZ 	-26.424	-7.938	1.513
	57	amino	GLN
		 N  	-31.492	-12.73	4.282
		 CA 	-32.139	-13.486	5.345
		 C  	-31.119	-14.375	6.045
		 O  	-30.357	-15.104	5.401
		 CB 	-33.259	-14.327	4.736
		 CG 	-34.091	-15.132	5.695
		 CD 	-35.083	-16.053	4.965
		 OE1	-34.951	-16.323	3.745
		 NE2	-36.082	-16.545	5.71
	58	amino	THR
		 N  	-31.036	-14.24	7.363
		 CA 	-30.12	-15.071	8.139
		 C  	-30.964	-15.962	9.037
		 O  	-31.834	-15.469	9.746
		 CB 	-29.153	-14.231	8.989
		 OG1	-28.356	-13.411	8.13
		 CG2	-28.211	-15.133	9.772
	59	amino	LEU
		 N  	-30.797	-17.275	8.912
		 CA 	-31.555	-18.199	9.743
		 C  	-30.825	-18.492	11.063
		 O  	-29.622	-18.277	11.189
		 CB 	-31.855	-19.495	8.983
		 CG 	-33.074	-19.51	8.058
		 CD1	-32.825	-18.649	6.85
		 CD2	-33.353	-20.929	7.617
	60	amino	ASP
		 N  	-31.576	-18.947	12.058
		 CA 	-31.019	-19.275	13.373
		 C  	-29.825	-20.242	13.357
		 O  	-28.933	-20.135	14.204
		 CB 	-32.127	-19.812	14.297
		 CG 	-33.176	-20.658	13.546
		 OD1	-32.801	-21.422	12.608
		 OD2	-34.38	-20.532	13.896
	61	amino	ASN
		 N  	-29.794	-21.161	12.393
		 CA 	-28.697	-22.127	12.294
		 C  	-27.425	-21.599	11.623
		 O  	-26.494	-22.367	11.345
		 CB 	-29.17	-23.394	11.582
		 CG 	-29.813	-23.106	10.241
		 OD1	-29.445	-22.153	9.55
		 ND2	-30.795	-23.922	9.872
	62	amino	GLY
		 N  	-27.397	-20.292	11.361
		 CA 	-26.243	-19.673	10.726
		 C  	-26.328	-19.594	9.211
		 O  	-25.528	-18.898	8.593
	63	amino	ALA
		 N  	-27.283	-20.311	8.619
		 CA 	-27.483	-20.315	7.167
		 C  	-28.079	-18.996	6.643
		 O  	-29.052	-18.455	7.197
		 CB 	-28.362	-21.489	6.751
	64	amino	THR
		 N  	-27.478	-18.476	5.576
		 CA 	-27.944	-17.23	4.986
		 C  	-28.536	-17.461	3.619
		 O  	-28.145	-18.353	2.888
		 CB 	-26.821	-16.181	4.849
		 OG1	-25.779	-16.7	4.002
		 CG2	-26.258	-15.8	6.22
	65	amino	THR
		 N  	-29.424	-16.565	3.256
		 CA 	-30.135	-16.607	2.002
		 C  	-29.975	-15.198	1.445
		 O  	-29.996	-14.217	2.203
		 CB 	-31.623	-16.952	2.293
		 OG1	-31.876	-18.337	1.987
		 CG2	-32.577	-16.026	1.566
	66	amino	ARG
		 N  	-29.758	-15.085	0.134
		 CA 	-29.583	-13.761	-0.452
		 C  	-30.025	-13.641	-1.885
		 O  	-29.602	-14.411	-2.751
		 CB 	-28.13	-13.313	-0.369
		 CG 	-27.915	-11.92	-0.953
		 CD 	-26.449	-11.667	-1.201
		 NE 	-26.196	-10.296	-1.613
		 CZ 	-25.165	-9.921	-2.363
		 NH1	-24.28	-10.821	-2.788
		 NH2	-25.04	-8.645	-2.714
	67	amino	PHE
		 N  	-30.837	-12.628	-2.13
		 CA 	-31.34	-12.344	-3.461
		 C  	-31.014	-10.909	-3.855
		 O  	-31.29	-9.963	-3.12
		 CB 	-32.852	-12.558	-3.555
		 CG 	-33.446	-11.999	-4.808
		 CD1	-33.286	-12.66	-6.02
		 CD2	-34.084	-10.761	-4.799
		 CE1	-33.747	-12.093	-7.2
		 CE2	-34.55	-10.188	-5.981
		 CZ 	-34.377	-10.862	-7.183
	68	amino	LYS
		 N  	-30.459	-10.759	-5.049
		 CA 	-30.095	-9.45	-5.563
		 C  	-30.508	-9.264	-7.032
		 O  	-30.439	-10.22	-7.819
		 CB 	-28.583	-9.265	-5.452
		 CG 	-28.081	-7.979	-6.074
		 CD 	-26.578	-7.968	-6.115
		 CE 	-26.068	-6.595	-6.528
		 NZ 	-24.575	-6.513	-6.434
	69	amino	VAL
		 N  	-30.946	-8.046	-7.369
		 CA 	-31.305	-7.663	-8.729
		 C  	-30.573	-6.374	-8.975
		 O  	-30.653	-5.463	-8.142
		 CB 	-32.743	-7.143	-8.917
		 CG1	-33.219	-7.459	-10.306
		 CG2	-33.674	-7.59	-7.831
	70	amino	MET
		 N  	-29.952	-6.253	-10.147
		 CA 	-29.307	-5.006	-10.533
		 C  	-30.052	-4.473	-11.749
		 O  	-30.308	-5.212	-12.705
		 CB 	-27.838	-5.191	-10.892
		 CG 	-27.208	-3.879	-11.352
		 SD 	-25.53	-4.047	-11.851
		 CE 	-24.683	-3.505	-10.393
	71	amino	VAL
		 N  	-30.447	-3.21	-11.679
		 CA 	-31.134	-2.54	-12.772
		 C  	-30.263	-1.345	-13.13
		 O  	-30.048	-0.449	-12.3
		 CB 	-32.524	-2.087	-12.36
		 CG1	-33.141	-1.232	-13.431
		 CG2	-33.385	-3.303	-12.12
	72	amino	ALA
		 N  	-29.707	-1.35	-14.344
		 CA 	-28.838	-0.256	-14.755
		 C  	-29.313	0.563	-15.945
		 O  	-30.201	0.162	-16.683
		 CB 	-27.471	-0.776	-15.007
	73	amino	ASP
		 N  	-28.72	1.744	-16.088
		 CA 	-29.01	2.66	-17.178
		 C  	-27.846	3.635	-17.374
		 O  	-27.153	3.993	-16.422
		 CB 	-30.298	3.447	-16.911
		 CG 	-30.656	4.396	-18.061
		 OD1	-30.568	3.973	-19.22
		 OD2	-31.009	5.567	-17.823
	74	amino	GLY
		 N  	-27.643	4.049	-18.621
		 CA 	-26.602	5.001	-18.949
		 C  	-27.178	5.905	-20.025
		 O  	-27.744	5.402	-20.984
	75	amino	GLN
		 N  	-27.087	7.219	-19.84
		 CA 	-27.602	8.207	-20.782
		 C  	-26.563	9.308	-21.013
		 O  	-25.873	9.703	-20.067
		 CB 	-28.85	8.882	-20.209
		 CG 	-30.055	8.007	-20.078
		 CD 	-30.521	7.542	-21.418
		 OE1	-30.752	8.35	-22.321
		 NE2	-30.644	6.242	-21.576
	76	amino	THR
		 N  	-26.422	9.793	-22.252
		 CA 	-25.486	10.895	-22.498
		 C  	-26.289	12.201	-22.478
		 O  	-25.72	13.296	-22.34
		 CB 	-24.698	10.756	-23.83
		 OG1	-25.611	10.709	-24.914
		 CG2	-23.869	9.487	-23.852
	77	amino	SER
		 N  	-27.614	12.061	-22.56
		 CA 	-28.537	13.205	-22.536
		 C  	-28.6	13.851	-21.143
		 O  	-28.495	13.163	-20.11
		 CB 	-29.93	12.751	-22.958
		 OG 	-30.881	13.779	-22.769
	78	amino	TYR
		 N  	-28.801	15.166	-21.122
		 CA 	-28.87	15.935	-19.888
		 C  	-30.305	16.169	-19.425
		 O  	-30.538	16.663	-18.31
		 CB 	-28.259	17.316	-20.101
		 CG 	-26.764	17.392	-20.241
		 CD1	-25.939	16.384	-19.797
		 CD2	-26.18	18.503	-20.813
		 CE1	-24.568	16.485	-19.923
		 CE2	-24.814	18.615	-20.945
		 CZ 	-24.005	17.609	-20.507
		 OH 	-22.634	17.719	-20.721
	79	amino	ASN
		 N  	-31.258	15.873	-20.295
		 CA 	-32.658	16.099	-20.004
		 C  	-33.304	15.249	-18.924
		 O  	-32.892	14.113	-18.667
		 CB 	-33.451	16.026	-21.294
		 CG 	-32.971	17.035	-22.289
		 OD1	-32.195	17.929	-21.935
		 ND2	-33.399	16.903	-23.535
	80	amino	ASP
		 N  	-34.356	15.805	-18.329
		 CA 	-35.086	15.155	-17.264
		 C  	-35.951	13.994	-17.697
		 O  	-36.392	13.211	-16.875
		 CB 	-35.948	16.175	-16.548
		 CG 	-36.795	16.973	-17.495
		 OD1	-36.244	17.855	-18.154
		 OD2	-38.011	16.735	-17.59
	81	amino	TRP
		 N  	-36.206	13.875	-18.987
		 CA 	-37.049	12.793	-19.486
		 C  	-36.334	12.194	-20.677
		 O  	-36.069	12.879	-21.671
		 CB 	-38.413	13.35	-19.892
		 CG 	-39.342	12.342	-20.461
		 CD1	-39.476	12.016	-21.772
		 CD2	-40.275	11.525	-19.742
		 NE1	-40.435	11.045	-21.921
		 CE2	-40.942	10.724	-20.695
		 CE3	-40.604	11.384	-18.391
		 CZ2	-41.921	9.795	-20.34
		 CZ3	-41.578	10.46	-18.03
		 CH2	-42.227	9.677	-19.003
	82	amino	THR
		 N  	-35.975	10.924	-20.542
		 CA 	-35.242	10.219	-21.568
		 C  	-35.867	8.886	-21.936
		 O  	-35.163	7.909	-22.102
		 CB 	-33.767	10.008	-21.118
		 OG1	-33.723	9.385	-19.82
		 CG2	-33.06	11.336	-21.035
	83	amino	ALA
		 N  	-37.19	8.836	-22.064
		 CA 	-37.852	7.593	-22.445
		 C  	-37.408	7.066	-23.814
		 O  	-37.085	5.886	-23.949
		 CB 	-39.346	7.756	-22.425
	84	amino	SER
		 N  	-37.362	7.941	-24.813
		 CA 	-36.973	7.553	-26.172
		 C  	-35.629	6.866	-26.295
		 O  	-35.502	5.949	-27.083
		 CB 	-36.992	8.756	-27.112
		 OG 	-35.87	9.598	-26.893
	85	amino	THR
		 N  	-34.649	7.277	-25.493
		 CA 	-33.306	6.697	-25.541
		 C  	-32.907	5.872	-24.31
		 O  	-31.734	5.517	-24.152
		 CB 	-32.284	7.8	-25.676
		 OG1	-32.498	8.742	-24.621
		 CG2	-32.424	8.506	-27.018
	86	amino	SER
		 N  	-33.882	5.524	-23.47
		 CA 	-33.619	4.768	-22.243
		 C  	-32.916	3.422	-22.416
		 O  	-33.293	2.627	-23.271
		 CB 	-34.925	4.579	-21.484
		 OG 	-34.675	4.047	-20.202
	87	amino	ASP
		 N  	-31.916	3.15	-21.583
		 CA 	-31.188	1.868	-21.645
		 C  	-31.396	0.983	-20.397
		 O  	-30.612	0.05	-20.143
		 CB 	-29.686	2.119	-21.834
		 CG 	-29.271	2.187	-23.297
		 OD1	-30.124	1.958	-24.179
		 OD2	-28.073	2.456	-23.558
	88	amino	LEU
		 N  	-32.453	1.28	-19.634
		 CA 	-32.817	0.57	-18.407
		 C  	-32.938	-0.925	-18.657
		 O  	-33.759	-1.349	-19.485
		 CB 	-34.148	1.127	-17.895
		 CG 	-34.414	1.511	-16.439
		 CD1	-33.212	2.096	-15.7
		 CD2	-35.506	2.556	-16.491
	89	amino	ASN
		 N  	-32.144	-1.726	-17.939
		 CA 	-32.17	-3.175	-18.108
		 C  	-31.697	-3.921	-16.861
		 O  	-30.95	-3.382	-16.063
		 CB 	-31.31	-3.597	-19.315
		 CG 	-29.802	-3.408	-19.082
		 OD1	-29.07	-4.377	-18.926
		 ND2	-29.34	-2.164	-19.092
	90	amino	VAL
		 N  	-32.158	-5.164	-16.704
		 CA 	-31.785	-6.002	-15.565
		 C  	-30.446	-6.646	-15.871
		 O  	-30.342	-7.513	-16.744
		 CB 	-32.838	-7.099	-15.286
		 CG1	-32.433	-7.931	-14.1
		 CG2	-34.17	-6.468	-15.024
	91	amino	ARG
		 N  	-29.421	-6.168	-15.174
		 CA 	-28.049	-6.634	-15.331
		 C  	-27.764	-7.893	-14.53
		 O  	-26.869	-8.649	-14.889
		 CB 	-27.123	-5.538	-14.842
		 CG 	-27.093	-4.305	-15.694
		 CD 	-25.879	-4.428	-16.551
		 NE 	-24.874	-3.477	-16.167
		 CZ 	-23.578	-3.592	-16.406
		 NH1	-23.08	-4.648	-17.022
		 NH2	-22.793	-2.567	-16.119
	92	amino	GLN
		 N  	-28.462	-8.066	-13.401
		 CA 	-28.284	-9.236	-12.522
		 C  	-29.572	-9.646	-11.801
		 O  	-30.473	-8.825	-11.527
		 CB 	-27.222	-8.972	-11.438
		 CG 	-25.864	-8.563	-11.947
		 CD 	-24.921	-8.233	-10.823
		 OE1	-24.627	-7.056	-10.57
		 NE2	-24.44	-9.269	-10.128
	93	amino	ALA
		 N  	-29.616	-10.921	-11.44
		 CA 	-30.751	-11.501	-10.732
		 C  	-30.263	-12.854	-10.296
		 O  	-30.252	-13.78	-11.092
		 CB 	-31.966	-11.636	-11.654
	94	amino	PHE
		 N  	-29.769	-12.944	-9.061
		 CA 	-29.236	-14.215	-8.537
		 C  	-29.557	-14.496	-7.087
		 O  	-29.998	-13.622	-6.339
		 CB 	-27.724	-14.292	-8.709
		 CG 	-26.965	-13.245	-7.935
		 CD1	-26.865	-11.929	-8.421
		 CD2	-26.309	-13.58	-6.747
		 CE1	-26.115	-10.976	-7.731
		 CE2	-25.559	-12.632	-6.053
		 CZ 	-25.461	-11.323	-6.551
	95	amino	VAL
		 N  	-29.261	-15.722	-6.693
		 CA 	-29.512	-16.189	-5.34
		 C  	-28.257	-16.827	-4.752
		 O  	-27.51	-17.521	-5.458
		 CB 	-30.688	-17.2	-5.332
		 CG1	-30.628	-18.103	-4.112
		 CG2	-32.011	-16.438	-5.376
	96	amino	GLU
		 N  	-27.987	-16.51	-3.489
		 CA 	-26.845	-17.076	-2.789
		 C  	-27.309	-17.774	-1.534
		 O  	-28.111	-17.242	-0.772
		 CB 	-25.805	-16.015	-2.42
		 CG 	-24.982	-15.52	-3.603
		 CD 	-23.985	-14.412	-3.252
		 OE1	-24.262	-13.552	-2.379
		 OE2	-22.905	-14.408	-3.86
	97	amino	LEU
		 N  	-26.888	-19.027	-1.401
		 CA 	-27.187	-19.837	-0.223
		 C  	-25.822	-20.023	0.472
		 O  	-24.909	-20.658	-0.069
		 CB 	-27.768	-21.197	-0.612
		 CG 	-29.067	-21.262	-1.388
		 CD1	-29.454	-22.698	-1.467
		 CD2	-30.151	-20.451	-0.731
	98	amino	GLY
		 N  	-25.664	-19.408	1.639
		 CA 	-24.395	-19.518	2.325
		 C  	-24.434	-20.163	3.686
		 O  	-25.49	-20.235	4.334
	99	amino	ASN
		 N  	-23.273	-20.694	4.068
		 CA 	-23.064	-21.313	5.357
		 C  	-24.172	-22.304	5.695
		 O  	-24.907	-22.145	6.668
		 CB 	-22.969	-20.208	6.409
		 CG 	-22.379	-20.692	7.699
		 OD1	-21.482	-21.545	7.71
		 ND2	-22.884	-20.165	8.807
	100	amino	LEU
		 N  	-24.339	-23.297	4.836
		 CA 	-25.366	-24.301	5.07
		 C  	-24.869	-25.309	6.105
		 O  	-23.714	-25.749	6.048
		 CB 	-25.753	-25.015	3.763
		 CG 	-26.46	-24.155	2.709
		 CD1	-26.913	-25.038	1.541
		 CD2	-27.649	-23.42	3.336
	101	amino	PRO
		 N  	-25.72	-25.646	7.094
		 CA 	-25.355	-26.602	8.14
		 C  	-24.923	-27.938	7.562
		 O  	-24.012	-28.587	8.08
		 CB 	-26.646	-26.731	8.955
		 CG 	-27.734	-26.294	8.007
		 CD 	-27.09	-25.14	7.308
	102	amino	THR
		 N  	-25.543	-28.302	6.446
		 CA 	-25.27	-29.551	5.762
		 C  	-23.908	-29.63	5.085
		 O  	-23.411	-30.717	4.845
		 CB 	-26.418	-29.826	4.801
		 OG1	-27.367	-30.67	5.462
		 CG2	-25.956	-30.422	3.462
	103	amino	PHE
		 N  	-23.286	-28.483	4.82
		 CA 	-21.977	-28.433	4.159
		 C  	-20.808	-28.615	5.125
		 O  	-20.524	-27.731	5.949
		 CB 	-21.803	-27.101	3.423
		 CG 	-22.524	-27.026	2.112
		 CD1	-23.636	-27.82	1.861
		 CD2	-22.095	-26.147	1.128
		 CE1	-24.314	-27.738	0.652
		 CE2	-22.765	-26.055	-0.09
		 CZ 	-23.876	-26.852	-0.328
	104	amino	ALA
		 N  	-20.083	-29.72	4.98
		 CA 	-18.947	-30.0	5.861
		 C  	-17.612	-30.059	5.12
		 O  	-17.557	-29.868	3.909
		 CB 	-19.188	-31.31	6.618
	105	amino	GLY
		 N  	-16.539	-30.341	5.853
		 CA 	-15.221	-30.433	5.249
		 C  	-14.814	-29.134	4.591
		 O  	-15.051	-28.054	5.138
	106	amino	PRO
		 N  	-14.206	-29.21	3.4
		 CA 	-13.751	-28.051	2.62
		 C  	-14.899	-27.099	2.222
		 O  	-14.666	-25.927	1.925
		 CB 	-13.104	-28.704	1.398
		 CG 	-13.832	-30.025	1.27
		 CD 	-13.916	-30.473	2.696
	107	amino	PHE
		 N  	-16.133	-27.604	2.262
		 CA 	-17.321	-26.83	1.913
		 C  	-17.925	-26.154	3.133
		 O  	-19.029	-25.627	3.062
		 CB 	-18.391	-27.745	1.318
		 CG 	-17.962	-28.461	0.082
		 CD1	-17.906	-27.795	-1.132
		 CD2	-17.616	-29.804	0.128
		 CE1	-17.512	-28.452	-2.298
		 CE2	-17.218	-30.478	-1.03
		 CZ 	-17.167	-29.793	-2.252
	108	amino	LYS
		 N  	-17.202	-26.16	4.244
		 CA 	-17.699	-25.592	5.485
		 C  	-18.416	-24.247	5.401
		 O  	-19.643	-24.166	5.616
		 CB 	-16.578	-25.529	6.522
		 CG 	-17.048	-25.159	7.927
		 CD 	-18.112	-26.128	8.425
		 CE 	-18.801	-25.606	9.688
		 NZ 	-19.652	-24.398	9.428
	109	amino	GLY
		 N  	-17.675	-23.183	5.133
		 CA 	-18.34	-21.894	5.083
		 C  	-18.561	-21.389	3.682
		 O  	-18.702	-20.182	3.494
	110	amino	SER
		 N  	-18.632	-22.311	2.719
		 CA 	-18.808	-21.977	1.307
		 C  	-20.188	-21.443	0.962
		 O  	-21.166	-21.724	1.659
		 CB 	-18.51	-23.201	0.439
		 OG 	-19.611	-24.1	0.43
	111	amino	THR
		 N  	-20.261	-20.683	-0.128
		 CA 	-21.539	-20.136	-0.574
		 C  	-21.891	-20.516	-2.02
		 O  	-21.091	-20.328	-2.939
		 CB 	-21.631	-18.607	-0.317
		 OG1	-22.673	-18.029	-1.114
		 CG2	-20.339	-17.939	-0.594
	112	amino	LEU
		 N  	-23.062	-21.138	-2.166
		 CA 	-23.61	-21.606	-3.437
		 C  	-24.426	-20.499	-4.116
		 O  	-25.112	-19.745	-3.433
		 CB 	-24.554	-22.775	-3.164
		 CG 	-24.315	-24.19	-3.695
		 CD1	-25.681	-24.899	-3.728
		 CD2	-23.666	-24.193	-5.091
	113	amino	TRP
		 N  	-24.373	-20.405	-5.445
		 CA 	-25.15	-19.389	-6.163
		 C  	-25.651	-19.859	-7.533
		 O  	-25.155	-20.843	-8.093
		 CB 	-24.345	-18.098	-6.329
		 CG 	-23.21	-18.233	-7.262
		 CD1	-21.935	-18.648	-6.966
		 CD2	-23.236	-18.001	-8.674
		 NE1	-21.173	-18.693	-8.111
		 CE2	-21.948	-18.303	-9.174
		 CE3	-24.227	-17.571	-9.576
		 CZ2	-21.632	-18.189	-10.53
		 CZ3	-23.901	-17.463	-10.917
		 CH2	-22.621	-17.77	-11.377
	114	amino	ALA
		 N  	-26.656	-19.156	-8.054
		 CA 	-27.206	-19.442	-9.384
		 C  	-28.002	-18.236	-9.878
		 O  	-28.601	-17.502	-9.079
		 CB 	-28.068	-20.683	-9.374
	115	amino	GLY
		 N  	-27.965	-18.022	-11.193
		 CA 	-28.668	-16.907	-11.795
		 C  	-27.716	-16.049	-12.611
		 O  	-26.593	-16.469	-12.938
	116	amino	LYS
		 N  	-28.156	-14.828	-12.905
		 CA 	-27.372	-13.889	-13.685
		 C  	-26.683	-12.919	-12.734
		 O  	-27.344	-12.162	-11.995
		 CB 	-28.297	-13.155	-14.674
		 CG 	-27.631	-12.095	-15.526
		 CD 	-28.644	-11.482	-16.472
		 CE 	-28.993	-12.438	-17.626
		 NZ 	-29.723	-11.69	-18.707
	117	amino	ARG
		 N  	-25.351	-12.902	-12.784
		 CA 	-24.598	-12.029	-11.887
		 C  	-23.223	-11.644	-12.418
		 O  	-22.778	-12.168	-13.433
		 CB 	-24.35	-12.79	-10.575
		 CG 	-23.299	-13.896	-10.762
		 CD 	-22.857	-14.492	-9.458
		 NE 	-22.29	-13.471	-8.579
		 CZ 	-22.358	-13.514	-7.252
		 NH1	-22.959	-14.538	-6.648
		 NH2	-21.912	-12.488	-6.539
	118	amino	PHE
		 N  	-22.586	-10.689	-11.739
		 CA 	-21.192	-10.338	-12.024
		 C  	-20.496	-11.194	-10.933
		 O  	-20.923	-11.204	-9.766
		 CB 	-20.84	-8.882	-11.678
		 CG 	-21.603	-7.831	-12.437
		 CD1	-22.536	-8.165	-13.423
		 CD2	-21.411	-6.495	-12.115
		 CE1	-23.276	-7.171	-14.073
		 CE2	-22.143	-5.484	-12.75
		 CZ 	-23.083	-5.818	-13.736
	119	amino	ASP
		 N  	-19.435	-11.897	-11.291
		 CA 	-18.721	-12.712	-10.319
		 C  	-18.334	-11.867	-9.104
		 O  	-17.978	-10.678	-9.224
		 CB 	-17.472	-13.304	-10.955
		 CG 	-16.916	-14.449	-10.169
		 OD1	-17.596	-15.499	-10.071
		 OD2	-15.793	-14.305	-9.649
	120	amino	ARG
		 N  	-18.433	-12.472	-7.926
		 CA 	-18.111	-11.771	-6.683
		 C  	-16.651	-11.32	-6.663
		 O  	-16.347	-10.206	-6.244
		 CB 	-18.376	-12.682	-5.48
		 CG 	-18.154	-12.028	-4.126
		 CD 	-18.036	-13.076	-3.024
		 NE 	-16.731	-13.745	-3.044
		 CZ 	-16.441	-14.878	-2.393
		 NH1	-17.364	-15.501	-1.657
		 NH2	-15.219	-15.392	-2.469
	121	amino	ASP
		 N  	-15.764	-12.145	-7.2
		 CA 	-14.354	-11.815	-7.172
		 C  	-13.707	-11.028	-8.301
		 O  	-12.477	-11.091	-8.482
		 CB 	-13.552	-13.064	-6.84
		 CG 	-13.881	-13.601	-5.448
		 OD1	-14.286	-12.81	-4.571
		 OD2	-13.744	-14.812	-5.234
	122	amino	ASN
		 N  	-14.512	-10.278	-9.057
		 CA 	-13.956	-9.435	-10.115
		 C  	-13.373	-8.253	-9.359
		 O  	-13.751	-8.011	-8.208
		 CB 	-15.048	-8.888	-11.055
		 CG 	-15.686	-9.962	-11.93
		 OD1	-15.093	-11.007	-12.203
		 ND2	-16.914	-9.714	-12.353
	123	amino	PHE
		 N  	-12.41	-7.565	-9.955
		 CA 	-11.855	-6.365	-9.333
		 C  	-11.519	-5.367	-10.427
		 O  	-11.364	-5.749	-11.589
		 CB 	-10.668	-6.633	-8.379
		 CG 	-9.506	-7.384	-8.992
		 CD1	-9.601	-8.744	-9.26
		 CD2	-8.292	-6.743	-9.215
		 CE1	-8.507	-9.452	-9.735
		 CE2	-7.183	-7.438	-9.692
		 CZ 	-7.286	-8.801	-9.953
	124	amino	ASP
		 N  	-11.423	-4.092	-10.069
		 CA 	-11.163	-3.063	-11.053
		 C  	-10.044	-2.085	-10.678
		 O  	-9.407	-2.203	-9.626
		 CB 	-12.468	-2.289	-11.295
		 CG 	-12.876	-1.417	-10.096
		 OD1	-12.544	-1.74	-8.94
		 OD2	-13.53	-0.384	-10.3
	125	amino	ILE
		 N  	-9.809	-1.135	-11.581
		 CA 	-8.831	-0.069	-11.42
		 C  	-9.742	1.134	-11.604
		 O  	-9.953	1.621	-12.723
		 CB 	-7.768	-0.082	-12.536
		 CG1	-6.974	-1.374	-12.497
		 CG2	-6.811	1.047	-12.365
		 CD1	-6.01	-1.511	-13.614
	126	amino	HIS
		 N  	-10.331	1.571	-10.497
		 CA 	-11.284	2.671	-10.483
		 C  	-11.036	3.975	-11.255
		 O  	-11.941	4.472	-11.926
		 CB 	-11.665	3.023	-9.049
		 CG 	-12.603	4.179	-8.974
		 ND1	-12.161	5.481	-8.86
		 CD2	-13.943	4.248	-9.159
		 CE1	-13.188	6.302	-8.992
		 NE2	-14.279	5.578	-9.174
	127	amino	TRP
		 N  	-9.847	4.556	-11.118
		 CA 	-9.523	5.841	-11.75
		 C  	-9.518	5.837	-13.273
		 O  	-9.633	6.879	-13.932
		 CB 	-8.186	6.344	-11.193
		 CG 	-8.181	6.262	-9.708
		 CD1	-8.759	7.139	-8.851
		 CD2	-7.715	5.165	-8.913
		 NE1	-8.708	6.651	-7.566
		 CE2	-8.069	5.445	-7.575
		 CE3	-7.041	3.977	-9.204
		 CZ2	-7.771	4.575	-6.522
		 CZ3	-6.744	3.106	-8.161
		 CH2	-7.11	3.412	-6.834
	128	amino	ILE
		 N  	-9.53	4.641	-13.823
		 CA 	-9.465	4.48	-15.252
		 C  	-10.744	3.884	-15.839
		 O  	-10.895	3.802	-17.054
		 CB 	-8.189	3.669	-15.518
		 CG1	-7.118	4.581	-16.089
		 CG2	-8.43	2.387	-16.253
		 CD1	-5.805	3.855	-16.236
	129	amino	ASP
		 N  	-11.694	3.586	-14.947
		 CA 	-12.997	2.989	-15.243
		 C  	-12.875	1.674	-15.987
		 O  	-13.602	1.412	-16.952
		 CB 	-13.922	3.945	-16.008
		 CG 	-15.388	3.504	-15.954
		 OD1	-15.678	2.414	-15.43
		 OD2	-16.268	4.257	-16.399
	130	amino	SER
		 N  	-11.99	0.821	-15.507
		 CA 	-11.787	-0.465	-16.141
		 C  	-11.605	-1.576	-15.126
		 O  	-10.868	-1.424	-14.154
		 CB 	-10.539	-0.407	-17.03
		 OG 	-10.132	-1.708	-17.426
	131	amino	ASP
		 N  	-12.285	-2.689	-15.345
		 CA 	-12.109	-3.841	-14.486
		 C  	-10.759	-4.445	-14.858
		 O  	-10.162	-4.087	-15.875
		 CB 	-13.186	-4.878	-14.763
		 CG 	-14.541	-4.406	-14.363
		 OD1	-14.643	-3.731	-13.318
		 OD2	-15.511	-4.706	-15.083
	132	amino	VAL
		 N  	-10.244	-5.317	-14.005
		 CA 	-9.0	-6.001	-14.302
		 C  	-9.465	-7.29	-14.993
		 O  	-8.97	-7.654	-16.079
		 CB 	-8.19	-6.281	-13.024
		 CG1	-7.04	-7.209	-13.32
		 CG2	-7.671	-4.972	-12.441
	133	amino	VAL
		 N  	-10.462	-7.936	-14.374
		 CA 	-11.097	-9.151	-14.885
		 C  	-12.591	-8.891	-14.694
		 O  	-12.966	-8.27	-13.708
		 CB 	-10.787	-10.387	-14.042
		 CG1	-11.126	-11.634	-14.824
		 CG2	-9.366	-10.397	-13.613
	134	amino	PHE
		 N  	-13.432	-9.349	-15.621
		 CA 	-14.879	-9.147	-15.507
		 C  	-15.634	-10.366	-16.007
		 O  	-15.92	-10.498	-17.195
		 CB 	-15.334	-7.89	-16.256
		 CG 	-16.841	-7.657	-16.218
		 CD1	-17.463	-7.173	-15.061
		 CD2	-17.631	-7.882	-17.358
		 CE1	-18.845	-6.909	-15.039
		 CE2	-19.014	-7.622	-17.353
		 CZ 	-19.625	-7.134	-16.192
	135	amino	LEU
		 N  	-15.895	-11.287	-15.095
		 CA 	-16.618	-12.489	-15.415
		 C  	-18.094	-12.237	-15.037
		 O  	-18.406	-11.95	-13.895
		 CB 	-16.028	-13.635	-14.611
		 CG 	-16.58	-15.043	-14.785
		 CD1	-16.473	-15.479	-16.214
		 CD2	-15.786	-15.987	-13.902
	136	amino	ALA
		 N  	-18.979	-12.233	-16.027
		 CA 	-20.403	-12.01	-15.793
		 C  	-21.192	-12.901	-16.766
		 O  	-20.616	-13.418	-17.749
		 CB 	-20.753	-10.541	-15.98
	137	amino	GLY
		 N  	-22.484	-13.082	-16.494
		 CA 	-23.304	-13.944	-17.321
		 C  	-24.298	-14.707	-16.469
		 O  	-24.576	-14.305	-15.343
	138	amino	THR
		 N  	-24.835	-15.805	-16.993
		 CA 	-25.825	-16.586	-16.261
		 C  	-25.299	-17.984	-16.056
		 O  	-24.739	-18.57	-16.972
		 CB 	-27.167	-16.598	-17.021
		 OG1	-27.585	-15.246	-17.217
		 CG2	-28.261	-17.342	-16.244
	139	amino	GLY
		 N  	-25.417	-18.502	-14.838
		 CA 	-24.913	-19.845	-14.566
		 C  	-25.028	-20.208	-13.097
		 O  	-26.053	-19.944	-12.465
	140	amino	GLY
		 N  	-23.969	-20.782	-12.545
		 CA 	-23.989	-21.152	-11.152
		 C  	-22.618	-21.595	-10.697
		 O  	-21.725	-21.86	-11.519
	141	amino	GLY
		 N  	-22.444	-21.68	-9.384
		 CA 	-21.172	-22.1	-8.852
		 C  	-21.115	-22.079	-7.342
		 O  	-22.124	-21.954	-6.638
	142	amino	ILE
		 N  	-19.893	-22.179	-6.844
		 CA 	-19.65	-22.197	-5.412
		 C  	-18.416	-21.354	-5.091
		 O  	-17.44	-21.343	-5.844
		 CB 	-19.448	-23.645	-4.922
		 CG1	-19.375	-23.67	-3.395
		 CG2	-18.195	-24.252	-5.563
		 CD1	-19.655	-25.018	-2.82
	143	amino	TYR
		 N  	-18.509	-20.595	-4.009
		 CA 	-17.408	-19.742	-3.574
		 C  	-16.814	-20.259	-2.274
		 O  	-17.519	-20.865	-1.466
		 CB 	-17.889	-18.295	-3.339
		 CG 	-18.257	-17.513	-4.587
		 CD1	-17.293	-17.178	-5.534
		 CD2	-19.565	-17.066	-4.793
		 CE1	-17.622	-16.424	-6.638
		 CE2	-19.898	-16.302	-5.893
		 CZ 	-18.924	-15.981	-6.805
		 OH 	-19.226	-15.153	-7.855
	144	amino	ASP
		 N  	-15.517	-20.002	-2.099
		 CA 	-14.751	-20.358	-0.904
		 C  	-14.723	-21.831	-0.466
		 O  	-15.267	-22.192	0.587
		 CB 	-15.201	-19.491	0.267
		 CG 	-15.31	-18.016	-0.101
		 OD1	-14.349	-17.446	-0.646
		 OD2	-16.366	-17.419	0.162
	145	amino	VAL
		 N  	-14.144	-22.689	-1.3
		 CA 	-14.01	-24.087	-0.958
		 C  	-12.585	-24.148	-0.414
		 O  	-11.62	-23.9	-1.141
		 CB 	-14.202	-24.99	-2.185
		 CG1	-13.779	-26.392	-1.878
		 CG2	-15.651	-24.981	-2.601
	146	amino	LYS
		 N  	-12.484	-24.34	0.902
		 CA 	-11.206	-24.401	1.607
		 C  	-10.554	-25.776	1.608
		 O  	-11.166	-26.755	1.999
		 CB 	-11.368	-23.942	3.064
		 CG 	-11.376	-22.433	3.308
		 CD 	-12.709	-21.786	2.976
		 CE 	-13.867	-22.413	3.754
		 NZ 	-15.19	-21.735	3.475
	147	amino	TRP
		 N  	-9.311	-25.84	1.148
		 CA 	-8.535	-27.081	1.138
		 C  	-7.435	-26.79	2.158
		 O  	-7.024	-25.635	2.28
		 CB 	-7.846	-27.299	-0.214
		 CG 	-8.705	-27.16	-1.427
		 CD1	-8.642	-26.171	-2.368
		 CD2	-9.683	-28.089	-1.893
		 NE1	-9.507	-26.438	-3.398
		 CE2	-10.16	-27.609	-3.134
		 CE3	-10.202	-29.289	-1.385
		 CZ2	-11.131	-28.287	-3.877
		 CZ3	-11.171	-29.966	-2.124
		 CH2	-11.623	-29.461	-3.359
	148	amino	ASN
		 N  	-6.948	-27.809	2.869
		 CA 	-5.864	-27.651	3.862
		 C  	-5.83	-26.344	4.702
		 O  	-4.825	-26.059	5.373
		 CB 	-4.48	-27.886	3.202
		 CG 	-4.097	-26.8	2.179
		 OD1	-3.885	-27.095	1.001
		 ND2	-3.98	-25.552	2.636
	149	amino	ASP
		 N  	-6.925	-25.573	4.659
		 CA 	-7.081	-24.294	5.377
		 C  	-6.044	-23.21	5.023
		 O  	-5.517	-22.523	5.912
		 CB 	-7.117	-24.526	6.902
		 CG 	-8.219	-25.506	7.329
		 OD1	-9.393	-25.303	6.928
		 OD2	-7.901	-26.481	8.059
	150	amino	GLY
		 N  	-5.778	-23.047	3.726
		 CA 	-4.812	-22.057	3.266
		 C  	-4.844	-21.919	1.753
		 O  	-4.023	-21.221	1.15
	151	amino	LEU
		 N  	-5.819	-22.59	1.148
		 CA 	-6.013	-22.582	-0.295
		 C  	-7.53	-22.609	-0.544
		 O  	-8.184	-23.616	-0.267
		 CB 	-5.333	-23.823	-0.905
		 CG 	-4.973	-23.947	-2.394
		 CD1	-6.202	-24.108	-3.243
		 CD2	-4.151	-22.762	-2.859
	152	amino	ARG
		 N  	-8.102	-21.471	-0.944
		 CA 	-9.53	-21.418	-1.24
		 C  	-9.726	-21.407	-2.75
		 O  	-8.867	-20.938	-3.496
		 CB 	-10.225	-20.223	-0.581
		 CG 	-9.318	-19.086	-0.178
		 CD 	-10.11	-17.927	0.42
		 NE 	-10.932	-17.279	-0.602
		 CZ 	-10.657	-16.095	-1.148
		 NH1	-9.574	-15.436	-0.756
		 NH2	-11.453	-15.572	-2.09
	153	amino	SER
		 N  	-10.841	-21.973	-3.194
		 CA 	-11.156	-22.059	-4.611
		 C  	-12.593	-21.717	-4.904
		 O  	-13.482	-21.911	-4.066
		 CB 	-10.948	-23.481	-5.119
		 OG 	-9.624	-23.916	-4.925
	154	amino	ASN
		 N  	-12.805	-21.221	-6.119
		 CA 	-14.123	-20.896	-6.622
		 C  	-14.2	-21.72	-7.904
		 O  	-13.199	-21.869	-8.627
		 CB 	-14.247	-19.417	-6.972
		 CG 	-14.007	-18.503	-5.787
		 OD1	-14.096	-18.918	-4.639
		 ND2	-13.721	-17.243	-6.066
	155	amino	PHE
		 N  	-15.364	-22.306	-8.148
		 CA 	-15.606	-23.094	-9.34
		 C  	-16.951	-22.602	-9.902
		 O  	-17.877	-22.301	-9.144
		 CB 	-15.669	-24.581	-8.973
		 CG 	-14.396	-25.109	-8.345
		 CD1	-13.253	-25.334	-9.122
		 CD2	-14.332	-25.374	-6.971
		 CE1	-12.061	-25.812	-8.539
		 CE2	-13.152	-25.85	-6.385
		 CZ 	-12.012	-26.069	-7.174
	156	amino	SER
		 N  	-17.06	-22.476	-11.217
		 CA 	-18.321	-22.012	-11.781
		 C  	-18.528	-22.254	-13.254
		 O  	-17.589	-22.477	-13.998
		 CB 	-18.469	-20.517	-11.552
		 OG 	-17.424	-19.853	-12.234
	157	amino	LEU
		 N  	-19.79	-22.163	-13.652
		 CA 	-20.184	-22.296	-15.045
		 C  	-20.985	-21.045	-15.365
		 O  	-21.98	-20.76	-14.708
		 CB 	-21.067	-23.529	-15.275
		 CG 	-21.772	-23.613	-16.644
		 CD1	-20.783	-23.89	-17.753
		 CD2	-22.817	-24.694	-16.616
	158	amino	TYR
		 N  	-20.487	-20.252	-16.306
		 CA 	-21.189	-19.045	-16.745
		 C  	-21.507	-19.183	-18.226
		 O  	-20.647	-19.561	-19.027
		 CB 	-20.335	-17.788	-16.585
		 CG 	-20.33	-17.173	-15.21
		 CD1	-21.268	-16.208	-14.861
		 CD2	-19.335	-17.499	-14.275
		 CE1	-21.216	-15.572	-13.634
		 CE2	-19.282	-16.863	-13.033
		 CZ 	-20.221	-15.896	-12.732
		 OH 	-20.117	-15.184	-11.562
	159	amino	GLY
		 N  	-22.743	-18.863	-18.577
		 CA 	-23.154	-18.91	-19.963
		 C  	-23.427	-17.509	-20.472
		 O  	-23.901	-16.655	-19.714
	160	amino	ARG
		 N  	-23.077	-17.265	-21.735
		 CA 	-23.29	-15.976	-22.399
		 C  	-23.878	-16.196	-23.809
		 O  	-24.134	-17.328	-24.218
		 CB 	-21.983	-15.191	-22.502
		 CG 	-21.361	-14.787	-21.175
		 CD 	-20.231	-13.765	-21.361
		 NE 	-20.681	-12.416	-21.02
		 CZ 	-21.008	-11.51	-21.921
		 NH1	-20.932	-11.796	-23.218
		 NH2	-21.453	-10.337	-21.537
	161	amino	ASN
		 N  	-24.095	-15.11	-24.543
		 CA 	-24.659	-15.177	-25.889
		 C  	-23.888	-14.335	-26.883
		 O  	-23.384	-13.262	-26.532
		 CB 	-26.096	-14.666	-25.891
		 CG 	-27.06	-15.661	-25.327
		 OD1	-27.469	-15.541	-24.185
		 ND2	-27.405	-16.678	-26.115
	162	amino	PHE
		 N  	-23.785	-14.829	-28.115
		 CA 	-23.142	-14.077	-29.182
		 C  	-24.22	-13.853	-30.229
		 O  	-25.043	-14.727	-30.45
		 CB 	-22.005	-14.863	-29.821
		 CG 	-20.776	-14.986	-28.963
		 CD1	-20.358	-13.925	-28.165
		 CD2	-19.994	-16.144	-29.013
		 CE1	-19.172	-14.008	-27.433
		 CE2	-18.798	-16.239	-28.284
		 CZ 	-18.384	-15.174	-27.495
	163	amino	GLY
		 N  	-24.224	-12.685	-30.854
		 CA 	-25.193	-12.394	-31.892
		 C  	-26.525	-11.867	-31.415
		 O  	-26.685	-11.52	-30.25
	164	amino	ASP
		 N  	-27.481	-11.797	-32.335
		 CA 	-28.833	-11.318	-32.04
		 C  	-29.618	-12.477	-31.424
		 O  	-29.823	-13.497	-32.075
		 CB 	-29.498	-10.834	-33.34
		 CG 	-30.874	-10.2	-33.127
		 OD1	-31.304	-9.97	-31.971
		 OD2	-31.537	-9.916	-34.15
	165	amino	ILE
		 N  	-30.046	-12.313	-30.171
		 CA 	-30.789	-13.351	-29.446
		 C  	-32.105	-13.747	-30.14
		 O  	-32.566	-14.89	-30.024
		 CB 	-31.033	-12.927	-27.946
		 CG1	-31.548	-14.109	-27.113
		 CG2	-32.004	-11.753	-27.864
		 CD1	-30.546	-15.205	-26.877
	166	amino	ASP
		 N  	-32.649	-12.814	-30.921
		 CA 	-33.899	-13.001	-31.665
		 C  	-33.737	-13.79	-32.96
		 O  	-34.661	-14.481	-33.397
		 CB 	-34.525	-11.643	-31.982
		 CG 	-34.971	-10.908	-30.731
		 OD1	-35.86	-11.436	-30.031
		 OD2	-34.419	-9.821	-30.437
	167	amino	ASP
		 N  	-32.571	-13.648	-33.586
		 CA 	-32.244	-14.341	-34.831
		 C  	-31.636	-15.705	-34.475
		 O  	-30.476	-15.789	-34.066
		 CB 	-31.244	-13.488	-35.637
		 CG 	-31.103	-13.93	-37.094
		 OD1	-31.522	-15.057	-37.462
		 OD2	-30.547	-13.123	-37.875
	168	amino	SER
		 N  	-32.427	-16.763	-34.623
		 CA 	-31.971	-18.115	-34.323
		 C  	-30.766	-18.575	-35.148
		 O  	-30.011	-19.429	-34.696
		 CB 	-33.122	-19.109	-34.472
		 OG 	-33.779	-18.957	-35.719
	169	amino	SER
		 N  	-30.577	-18.006	-36.341
		 CA 	-29.443	-18.37	-37.213
		 C  	-28.156	-17.555	-36.941
		 O  	-27.078	-17.906	-37.425
		 CB 	-29.843	-18.239	-38.689
		 OG 	-30.086	-16.881	-39.039
	170	amino	ASN
		 N  	-28.296	-16.455	-36.2
		 CA 	-27.173	-15.584	-35.833
		 C  	-27.07	-15.47	-34.298
		 O  	-26.68	-14.436	-33.771
		 CB 	-27.34	-14.185	-36.475
		 CG 	-26.14	-13.255	-36.221
		 OD1	-24.997	-13.705	-36.093
		 ND2	-26.408	-11.957	-36.137
	171	amino	SER
		 N  	-27.433	-16.54	-33.594
		 CA 	-27.362	-16.56	-32.137
		 C  	-26.642	-17.813	-31.648
		 O  	-26.98	-18.93	-32.042
		 CB 	-28.756	-16.501	-31.528
		 OG 	-28.672	-16.454	-30.119
	172	amino	VAL
		 N  	-25.668	-17.624	-30.768
		 CA 	-24.894	-18.741	-30.222
		 C  	-24.637	-18.559	-28.715
		 O  	-24.464	-17.431	-28.224
		 CB 	-23.539	-18.901	-31.018
		 CG1	-22.367	-19.216	-30.101
		 CG2	-23.684	-19.974	-32.092
	173	amino	GLN
		 N  	-24.695	-19.663	-27.976
		 CA 	-24.42	-19.645	-26.545
		 C  	-22.961	-20.018	-26.318
		 O  	-22.43	-20.948	-26.925
		 CB 	-25.319	-20.619	-25.798
		 CG 	-26.747	-20.15	-25.632
		 CD 	-27.611	-21.221	-25.007
		 OE1	-27.181	-22.36	-24.87
		 NE2	-28.84	-20.867	-24.636
	174	amino	ASN
		 N  	-22.301	-19.244	-25.478
		 CA 	-20.903	-19.475	-25.164
		 C  	-20.814	-19.883	-23.696
		 O  	-21.366	-19.224	-22.82
		 CB 	-20.127	-18.178	-25.423
		 CG 	-18.669	-18.288	-25.085
		 OD1	-18.049	-17.304	-24.69
		 ND2	-18.107	-19.476	-25.243
	175	amino	TYR
		 N  	-20.188	-21.01	-23.426
		 CA 	-20.082	-21.425	-22.047
		 C  	-18.677	-21.288	-21.539
		 O  	-17.709	-21.504	-22.279
		 CB 	-20.618	-22.835	-21.851
		 CG 	-22.119	-22.859	-21.961
		 CD1	-22.913	-22.345	-20.94
		 CD2	-22.749	-23.365	-23.105
		 CE1	-24.309	-22.332	-21.046
		 CE2	-24.143	-23.357	-23.226
		 CZ 	-24.915	-22.845	-22.195
		 OH 	-26.29	-22.875	-22.302
	176	amino	ILE
		 N  	-18.576	-20.91	-20.269
		 CA 	-17.292	-20.709	-19.623
		 C  	-17.13	-21.488	-18.312
		 O  	-17.939	-21.347	-17.378
		 CB 	-17.101	-19.225	-19.313
		 CG1	-17.419	-18.388	-20.558
		 CG2	-15.688	-18.985	-18.788
		 CD1	-18.248	-17.17	-20.289
	177	amino	LEU
		 N  	-16.101	-22.329	-18.268
		 CA 	-15.778	-23.104	-17.083
		 C  	-14.571	-22.447	-16.439
		 O  	-13.544	-22.209	-17.098
		 CB 	-15.426	-24.529	-17.456
		 CG 	-16.536	-25.552	-17.273
		 CD1	-15.929	-26.936	-17.432
		 CD2	-17.167	-25.41	-15.892
	178	amino	THR
		 N  	-14.689	-22.129	-15.16
		 CA 	-13.587	-21.477	-14.476
		 C  	-13.289	-21.965	-13.054
		 O  	-14.171	-22.435	-12.324
		 CB 	-13.739	-19.912	-14.531
		 OG1	-13.212	-19.312	-13.339
		 CG2	-15.179	-19.499	-14.726
	179	amino	MET
		 N  	-12.001	-21.976	-12.736
		 CA 	-11.54	-22.348	-11.411
		 C  	-10.692	-21.16	-10.976
		 O  	-9.81	-20.718	-11.704
		 CB 	-10.764	-23.666	-11.417
		 CG 	-9.51	-23.683	-12.24
		 SD 	-8.733	-25.289	-12.006
		 CE 	-8.197	-25.67	-13.665
	180	amino	ASN
		 N  	-11.045	-20.583	-9.838
		 CA 	-10.356	-19.407	-9.329
		 C  	-9.724	-19.831	-7.995
		 O  	-10.437	-20.172	-7.059
		 CB 	-11.415	-18.305	-9.143
		 CG 	-10.858	-16.893	-9.25
		 OD1	-11.626	-15.929	-9.259
		 ND2	-9.542	-16.76	-9.312
	181	amino	HIS
		 N  	-8.393	-19.849	-7.928
		 CA 	-7.685	-20.275	-6.716
		 C  	-6.93	-19.175	-6.007
		 O  	-6.203	-18.39	-6.632
		 CB 	-6.684	-21.382	-7.04
		 CG 	-7.302	-22.606	-7.638
		 ND1	-7.168	-22.932	-8.971
		 CD2	-8.056	-23.582	-7.087
		 CE1	-7.814	-24.055	-9.215
		 NE2	-8.363	-24.471	-8.089
	182	amino	PHE
		 N  	-7.035	-19.179	-4.68
		 CA 	-6.357	-18.179	-3.857
		 C  	-5.457	-18.806	-2.781
		 O  	-5.882	-19.674	-2.015
		 CB 	-7.375	-17.255	-3.184
		 CG 	-8.247	-16.489	-4.139
		 CD1	-9.437	-17.046	-4.611
		 CD2	-7.908	-15.192	-4.526
		 CE1	-10.286	-16.318	-5.456
		 CE2	-8.741	-14.457	-5.365
		 CZ 	-9.935	-15.02	-5.832
	183	amino	ALA
		 N  	-4.209	-18.358	-2.742
		 CA 	-3.222	-18.826	-1.774
		 C  	-2.533	-17.576	-1.233
		 O  	-1.517	-17.127	-1.776
		 CB 	-2.199	-19.759	-2.447
	184	amino	GLY
		 N  	-3.118	-17.006	-0.178
		 CA 	-2.567	-15.805	0.43
		 C  	-2.789	-14.605	-0.471
		 O  	-3.923	-14.337	-0.864
	185	amino	PRO
		 N  	-1.722	-13.871	-0.819
		 CA 	-1.845	-12.695	-1.691
		 C  	-1.852	-13.105	-3.17
		 O  	-1.993	-12.278	-4.058
		 CB 	-0.57	-11.916	-1.363
		 CG 	0.443	-13.025	-1.176
		 CD 	-0.325	-14.064	-0.369
	186	amino	LEU
		 N  	-1.691	-14.395	-3.417
		 CA 	-1.608	-14.917	-4.773
		 C  	-2.907	-15.445	-5.35
		 O  	-3.661	-16.153	-4.684
		 CB 	-0.559	-16.021	-4.83
		 CG 	-0.011	-16.274	-6.218
		 CD1	0.968	-15.153	-6.563
		 CD2	0.68	-17.629	-6.247
	187	amino	GLN
		 N  	-3.141	-15.124	-6.616
		 CA 	-4.327	-15.588	-7.295
		 C  	-3.99	-16.216	-8.631
		 O  	-3.127	-15.733	-9.365
		 CB 	-5.318	-14.449	-7.511
		 CG 	-6.559	-14.919	-8.254
		 CD 	-7.476	-13.793	-8.642
		 OE1	-7.16	-12.623	-8.45
		 NE2	-8.63	-14.14	-9.197
	188	amino	MET
		 N  	-4.689	-17.301	-8.935
		 CA 	-4.496	-17.999	-10.183
		 C  	-5.845	-18.45	-10.741
		 O  	-6.471	-19.392	-10.234
		 CB 	-3.569	-19.18	-9.998
		 CG 	-3.247	-19.818	-11.319
		 SD 	-2.288	-21.312	-11.138
		 CE 	-3.558	-22.578	-11.519
	189	amino	MET
		 N  	-6.281	-17.762	-11.794
		 CA 	-7.553	-18.045	-12.435
		 C  	-7.374	-18.696	-13.804
		 O  	-6.551	-18.249	-14.61
		 CB 	-8.34	-16.745	-12.565
		 CG 	-9.757	-16.887	-13.079
		 SD 	-10.506	-15.248	-13.273
		 CE 	-12.278	-15.6	-12.803
	190	amino	VAL
		 N  	-8.093	-19.795	-14.03
		 CA 	-8.04	-20.501	-15.306
		 C  	-9.456	-20.783	-15.813
		 O  	-10.276	-21.377	-15.107
		 CB 	-7.263	-21.843	-15.22
		 CG1	-7.132	-22.457	-16.615
		 CG2	-5.891	-21.627	-14.638
	191	amino	SER
		 N  	-9.73	-20.348	-17.039
		 CA 	-11.04	-20.55	-17.653
		 C  	-10.968	-21.166	-19.033
		 O  	-10.089	-20.837	-19.837
		 CB 	-11.778	-19.227	-17.795
		 OG 	-11.934	-18.596	-16.546
	192	amino	GLY
		 N  	-11.944	-22.013	-19.324
		 CA 	-12.034	-22.637	-20.63
		 C  	-13.352	-22.203	-21.24
		 O  	-14.383	-22.257	-20.579
	193	amino	LEU
		 N  	-13.334	-21.698	-22.468
		 CA 	-14.585	-21.275	-23.083
		 C  	-14.929	-21.989	-24.379
		 O  	-14.039	-22.454	-25.107
		 CB 	-14.665	-19.748	-23.244
		 CG 	-13.518	-18.742	-23.18
		 CD1	-14.175	-17.37	-23.158
		 CD2	-12.641	-18.88	-21.946
	194	amino	ARG
		 N  	-16.228	-22.078	-24.656
		 CA 	-16.715	-22.751	-25.852
		 C  	-18.081	-22.314	-26.323
		 O  	-19.041	-22.32	-25.572
		 CB 	-16.735	-24.255	-25.63
		 CG 	-17.313	-25.064	-26.778
		 CD 	-17.125	-26.527	-26.466
		 NE 	-17.742	-27.442	-27.416
		 CZ 	-19.039	-27.729	-27.477
		 NH1	-19.901	-27.151	-26.646
		 NH2	-19.461	-28.652	-28.339
	195	amino	ALA
		 N  	-18.139	-21.892	-27.576
		 CA 	-19.375	-21.466	-28.219
		 C  	-19.409	-22.256	-29.519
		 O  	-18.789	-21.892	-30.509
		 CB 	-19.343	-19.99	-28.509
	196	amino	LYS
		 N  	-20.113	-23.371	-29.484
		 CA 	-20.247	-24.248	-30.624
		 C  	-20.786	-23.544	-31.863
		 O  	-21.802	-22.865	-31.8
		 CB 	-21.183	-25.387	-30.253
		 CG 	-21.286	-26.468	-31.284
		 CD 	-22.216	-27.547	-30.799
		 CE 	-22.116	-28.793	-31.665
		 NZ 	-22.427	-28.48	-33.078
	197	amino	ASP
		 N  	-20.109	-23.734	-32.991
		 CA 	-20.506	-23.15	-34.276
		 C  	-20.661	-21.649	-34.278
		 O  	-21.587	-21.101	-34.875
		 CB 	-21.786	-23.797	-34.824
		 CG 	-21.636	-25.28	-35.037
		 OD1	-20.484	-25.762	-35.229
		 OD2	-22.684	-25.962	-34.995
	198	amino	ASN
		 N  	-19.77	-20.984	-33.569
		 CA 	-19.803	-19.549	-33.555
		 C  	-19.454	-19.111	-34.977
		 O  	-20.027	-18.158	-35.5
		 CB 	-18.769	-19.006	-32.565
		 CG 	-18.724	-17.492	-32.543
		 OD1	-19.76	-16.817	-32.583
		 ND2	-17.516	-16.946	-32.515
	199	amino	ASP
		 N  	-18.542	-19.851	-35.606
		 CA 	-18.091	-19.55	-36.959
		 C  	-19.127	-19.787	-38.049
		 O  	-18.91	-19.429	-39.203
		 CB 	-16.794	-20.3	-37.277
		 CG 	-16.93	-21.793	-37.175
		 OD1	-18.039	-22.312	-36.949
		 OD2	-15.898	-22.468	-37.324
	200	amino	GLU
		 N  	-20.267	-20.355	-37.677
		 CA 	-21.303	-20.62	-38.653
		 C  	-22.536	-19.758	-38.519
		 O  	-23.579	-20.069	-39.088
		 CB 	-21.645	-22.106	-38.677
		 CG 	-20.601	-22.906	-39.446
		 CD 	-20.571	-24.373	-39.086
		 OE1	-21.633	-24.937	-38.724
		 OE2	-19.474	-24.972	-39.17
	201	amino	ARG
		 N  	-22.406	-18.65	-37.796
		 CA 	-23.517	-17.713	-37.626
		 C  	-23.712	-16.933	-38.918
		 O  	-22.774	-16.329	-39.439
		 CB 	-23.253	-16.731	-36.483
		 CG 	-23.504	-17.303	-35.127
		 CD 	-23.534	-16.22	-34.08
		 NE 	-22.202	-15.731	-33.767
		 CZ 	-21.858	-14.445	-33.798
		 NH1	-22.754	-13.514	-34.134
		 NH2	-20.617	-14.08	-33.482
	202	amino	LYS
		 N  	-24.926	-16.992	-39.451
		 CA 	-25.267	-16.301	-40.684
		 C  	-26.071	-15.064	-40.364
		 O  	-27.035	-15.138	-39.602
		 CB 	-26.087	-17.22	-41.585
		 CG 	-25.347	-18.464	-41.977
		 CD 	-26.164	-19.319	-42.893
		 CE 	-25.341	-20.496	-43.399
		 NZ 	-26.082	-21.241	-44.466
	203	amino	ASP
		 N  	-25.682	-13.928	-40.936
		 CA 	-26.413	-12.688	-40.696
		 C  	-27.807	-12.738	-41.337
		 O  	-28.181	-13.746	-41.953
		 CB 	-25.618	-11.448	-41.162
		 CG 	-25.232	-11.488	-42.641
		 OD1	-26.007	-11.996	-43.483
		 OD2	-24.14	-10.974	-42.963
	204	amino	SER
		 N  	-28.567	-11.653	-41.195
		 CA 	-29.927	-11.571	-41.744
		 C  	-30.044	-11.88	-43.247
		 O  	-31.063	-12.415	-43.697
		 CB 	-30.55	-10.203	-41.427
		 OG 	-29.731	-9.14	-41.883
	205	amino	ASN
		 N  	-28.992	-11.558	-44.005
		 CA 	-28.945	-11.8	-45.455
		 C  	-28.886	-13.297	-45.771
		 O  	-29.724	-13.825	-46.506
		 CB 	-27.713	-11.123	-46.08
		 CG 	-27.82	-9.605	-46.123
		 OD1	-27.44	-8.982	-47.115
		 ND2	-28.324	-9.003	-45.045
	206	amino	GLY
		 N  	-27.879	-13.962	-45.212
		 CA 	-27.692	-15.383	-45.435
		 C  	-26.211	-15.688	-45.486
		 O  	-25.81	-16.843	-45.617
	207	amino	ASN
		 N  	-25.396	-14.641	-45.389
		 CA 	-23.943	-14.776	-45.421
		 C  	-23.412	-15.047	-44.02
		 O  	-24.1	-14.817	-43.024
		 CB 	-23.288	-13.487	-45.932
		 CG 	-23.959	-12.935	-47.172
		 OD1	-23.839	-13.498	-48.261
		 ND2	-24.667	-11.817	-47.012
	208	amino	LEU
		 N  	-22.178	-15.528	-43.95
		 CA 	-21.544	-15.787	-42.673
		 C  	-21.226	-14.434	-42.027
		 O  	-20.763	-13.506	-42.693
		 CB 	-20.262	-16.589	-42.875
		 CG 	-20.399	-18.01	-43.411
		 CD1	-19.019	-18.558	-43.739
		 CD2	-21.119	-18.899	-42.408
	209	amino	ALA
		 N  	-21.538	-14.308	-40.743
		 CA 	-21.274	-13.077	-40.006
		 C  	-19.761	-12.868	-39.876
		 O  	-19.281	-11.735	-39.891
		 CB 	-21.93	-13.139	-38.63
	210	amino	LYS
		 N  	-19.025	-13.974	-39.754
		 CA 	-17.568	-13.947	-39.648
		 C  	-16.897	-15.061	-40.448
		 O  	-16.173	-14.789	-41.408
		 CB 	-17.117	-13.982	-38.196
		 CG 	-16.433	-12.685	-37.751
		 CD 	-14.981	-12.646	-38.184
		 CE 	-14.224	-11.496	-37.554
		 NZ 	-12.767	-11.751	-37.687
	211	amino	GLY
		 N  	-17.096	-16.31	-40.073
		 CA 	-16.47	-17.336	-40.879
		 C  	-15.166	-17.809	-40.307
		 O  	-14.927	-19.014	-40.24
	212	amino	ASP
		 N  	-14.305	-16.877	-39.926
		 CA 	-13.044	-17.269	-39.317
		 C  	-13.044	-17.028	-37.795
		 O  	-11.99	-17.0	-37.167
		 CB 	-11.828	-16.61	-40.008
		 CG 	-11.711	-15.105	-39.746
		 OD1	-12.718	-14.445	-39.392
		 OD2	-10.582	-14.584	-39.911
	213	amino	ALA
		 N  	-14.234	-16.877	-37.215
		 CA 	-14.385	-16.652	-35.782
		 C  	-14.067	-17.92	-35.02
		 O  	-14.237	-19.02	-35.546
		 CB 	-15.8	-16.199	-35.465
	214	amino	ALA
		 N  	-13.622	-17.757	-33.775
		 CA 	-13.276	-18.88	-32.907
		 C  	-14.484	-19.514	-32.226
		 O  	-15.511	-18.853	-31.975
		 CB 	-12.241	-18.445	-31.863
	215	amino	ASN
		 N  	-14.352	-20.812	-31.951
		 CA 	-15.404	-21.591	-31.283
		 C  	-15.003	-21.994	-29.85
		 O  	-15.847	-22.43	-29.054
		 CB 	-15.739	-22.854	-32.095
		 CG 	-16.327	-22.535	-33.468
		 OD1	-16.974	-21.503	-33.663
		 ND2	-16.105	-23.428	-34.425
	216	amino	THR
		 N  	-13.719	-21.846	-29.52
		 CA 	-13.223	-22.215	-28.201
		 C  	-12.197	-21.198	-27.756
		 O  	-11.797	-20.333	-28.547
		 CB 	-12.532	-23.619	-28.203
		 OG1	-11.351	-23.58	-29.016
		 CG2	-13.463	-24.702	-28.739
	217	amino	GLY
		 N  	-11.771	-21.309	-26.496
		 CA 	-10.775	-20.394	-25.972
		 C  	-10.248	-20.782	-24.607
		 O  	-10.791	-21.658	-23.945
	218	amino	VAL
		 N  	-9.177	-20.122	-24.186
		 CA 	-8.561	-20.357	-22.892
		 C  	-8.153	-19.014	-22.325
		 O  	-7.604	-18.172	-23.036
		 CB 	-7.331	-21.25	-23.01
		 CG1	-6.509	-21.172	-21.733
		 CG2	-7.772	-22.689	-23.249
	219	amino	HIS
		 N  	-8.376	-18.844	-21.027
		 CA 	-8.062	-17.598	-20.344
		 C  	-7.355	-17.9	-19.031
		 O  	-7.698	-18.86	-18.34
		 CB 	-9.376	-16.851	-20.069
		 CG 	-9.2	-15.479	-19.485
		 ND1	-8.985	-15.26	-18.139
		 CD2	-9.243	-14.253	-20.06
		 CE1	-8.903	-13.96	-17.912
		 NE2	-9.057	-13.325	-19.06
	220	amino	ALA
		 N  	-6.376	-17.081	-18.679
		 CA 	-5.654	-17.276	-17.43
		 C  	-5.319	-15.927	-16.787
		 O  	-5.1	-14.93	-17.481
		 CB 	-4.397	-18.077	-17.675
	221	amino	LEU
		 N  	-5.281	-15.907	-15.459
		 CA 	-4.975	-14.695	-14.701
		 C  	-4.061	-15.066	-13.534
		 O  	-4.303	-16.041	-12.838
		 CB 	-6.285	-14.07	-14.18
		 CG 	-6.45	-12.917	-13.173
		 CD1	-5.957	-13.312	-11.81
		 CD2	-5.758	-11.689	-13.633
	222	amino	LEU
		 N  	-3.002	-14.292	-13.36
		 CA 	-2.053	-14.481	-12.284
		 C  	-2.066	-13.154	-11.534
		 O  	-1.724	-12.121	-12.103
		 CB 	-0.677	-14.734	-12.862
		 CG 	0.048	-15.966	-12.336
		 CD1	1.495	-15.949	-12.869
		 CD2	0.044	-15.972	-10.797
	223	amino	GLY
		 N  	-2.479	-13.176	-10.271
		 CA 	-2.558	-11.94	-9.523
		 C  	-1.887	-11.908	-8.174
		 O  	-1.769	-12.917	-7.502
	224	amino	LEU
		 N  	-1.481	-10.714	-7.779
		 CA 	-0.811	-10.472	-6.511
		 C  	-1.592	-9.386	-5.788
		 O  	-1.741	-8.272	-6.297
		 CB 	0.596	-9.968	-6.775
		 CG 	1.723	-10.731	-6.111
		 CD1	2.955	-9.83	-6.105
		 CD2	1.335	-11.078	-4.688
	225	amino	HIS
		 N  	-2.114	-9.714	-4.617
		 CA 	-2.905	-8.769	-3.841
		 C  	-2.162	-8.412	-2.561
		 O  	-2.214	-9.156	-1.575
		 CB 	-4.266	-9.379	-3.507
		 CG 	-5.117	-9.666	-4.71
		 ND1	-5.025	-10.838	-5.428
		 CD2	-6.107	-8.947	-5.297
		 CE1	-5.92	-10.829	-6.4
		 NE2	-6.59	-9.693	-6.343
	226	amino	ASN
		 N  	-1.492	-7.258	-2.587
		 CA 	-0.699	-6.774	-1.456
		 C  	-1.391	-5.837	-0.491
		 O  	-2.144	-4.938	-0.877
		 CB 	0.577	-6.08	-1.934
		 CG 	1.487	-7.0	-2.709
		 OD1	1.549	-8.197	-2.443
		 ND2	2.204	-6.442	-3.68
	227	amino	ASP
		 N  	-1.045	-6.006	0.776
		 CA 	-1.602	-5.179	1.82
		 C  	-0.706	-3.985	2.112
		 O  	-0.795	-3.355	3.158
		 CB 	-1.857	-6.006	3.07
		 CG 	-3.26	-5.814	3.593
		 OD1	-4.18	-5.62	2.758
		 OD2	-3.448	-5.826	4.833
	228	amino	SER
		 N  	0.163	-3.683	1.162
		 CA 	1.061	-2.547	1.276
		 C  	1.171	-1.957	-0.113
		 O  	0.653	-2.518	-1.079
		 CB 	2.443	-2.981	1.759
		 OG 	3.068	-3.824	0.813
	229	amino	PHE
		 N  	1.822	-0.813	-0.208
		 CA 	2.008	-0.172	-1.481
		 C  	3.229	-0.798	-2.119
		 O  	4.342	-0.337	-1.901
		 CB 	2.215	1.327	-1.287
		 CG 	2.431	2.084	-2.565
		 CD1	1.395	2.271	-3.462
		 CD2	3.682	2.607	-2.873
		 CE1	1.602	2.971	-4.645
		 CE2	3.895	3.302	-4.048
		 CZ 	2.854	3.485	-4.936
	230	amino	TYR
		 N  	3.015	-1.882	-2.864
		 CA 	4.09	-2.592	-3.553
		 C  	5.23	-3.008	-2.607
		 O  	6.406	-3.009	-2.987
		 CB 	4.636	-1.732	-4.697
		 CG 	3.642	-1.465	-5.811
		 CD1	3.299	-2.469	-6.731
		 CD2	3.064	-0.204	-5.969
		 CE1	2.421	-2.211	-7.767
		 CE2	2.185	0.052	-6.997
		 CZ 	1.871	-0.951	-7.895
		 OH 	1.025	-0.679	-8.94
	231	amino	GLY
		 N  	4.866	-3.321	-1.365
		 CA 	5.823	-3.744	-0.362
		 C  	6.89	-2.763	0.089
		 O  	7.866	-3.174	0.718
	232	amino	LEU
		 N  	6.735	-1.476	-0.197
		 CA 	7.76	-0.533	0.224
		 C  	7.265	0.737	0.868
		 O  	8.029	1.673	1.079
		 CB 	8.737	-0.226	-0.922
		 CG 	8.349	-0.404	-2.396
		 CD1	7.222	0.511	-2.776
		 CD2	9.552	-0.131	-3.275
	233	amino	ARG
		 N  	6.01	0.721	1.282
		 CA 	5.379	1.874	1.907
		 C  	3.976	1.416	2.289
		 O  	3.505	0.386	1.798
		 CB 	5.324	3.028	0.892
		 CG 	4.725	4.316	1.403
		 CD 	4.959	5.47	0.451
		 NE 	6.09	6.287	0.872
		 CZ 	7.377	6.007	0.628
		 NH1	7.727	4.915	-0.052
		 NH2	8.331	6.817	1.087
	234	amino	ASP
		 N  	3.337	2.14	3.203
		 CA 	1.977	1.807	3.636
		 C  	0.972	2.003	2.505
		 O  	1.08	2.943	1.721
		 CB 	1.527	2.7	4.803
		 CG 	2.176	2.342	6.13
		 OD1	2.758	1.241	6.275
		 OD2	2.066	3.189	7.04
	235	amino	GLY
		 N  	-0.03	1.137	2.462
		 CA 	-1.058	1.249	1.448
		 C  	-1.561	-0.09	0.956
		 O  	-1.79	-1.016	1.727
	236	amino	SER
		 N  	-1.762	-0.172	-0.347
		 CA 	-2.218	-1.396	-0.982
		 C  	-1.844	-1.366	-2.45
		 O  	-1.462	-0.332	-2.999
		 CB 	-3.723	-1.577	-0.817
		 OG 	-4.399	-0.51	-1.435
	237	amino	SER
		 N  	-1.916	-2.524	-3.075
		 CA 	-1.584	-2.625	-4.475
		 C  	-2.052	-3.972	-4.999
		 O  	-2.323	-4.897	-4.228
		 CB 	-0.076	-2.469	-4.675
		 OG 	0.635	-3.502	-4.015
	238	amino	LYS
		 N  	-2.217	-4.041	-6.314
		 CA 	-2.617	-5.26	-6.996
		 C  	-1.922	-5.239	-8.347
		 O  	-1.844	-4.203	-9.016
		 CB 	-4.127	-5.338	-7.204
		 CG 	-4.933	-5.475	-5.94
		 CD 	-6.412	-5.48	-6.254
		 CE 	-7.277	-5.342	-5.012
		 NZ 	-7.235	-6.551	-4.171
	239	amino	THR
		 N  	-1.376	-6.389	-8.711
		 CA 	-0.7	-6.562	-9.973
		 C  	-1.228	-7.856	-10.556
		 O  	-1.256	-8.882	-9.892
		 CB 	0.804	-6.606	-9.781
		 OG1	1.24	-5.33	-9.292
		 CG2	1.501	-6.911	-11.086
	240	amino	ALA
		 N  	-1.73	-7.771	-11.778
		 CA 	-2.284	-8.926	-12.448
		 C  	-1.706	-9.085	-13.851
		 O  	-1.408	-8.112	-14.556
		 CB 	-3.816	-8.81	-12.502
	241	amino	LEU
		 N  	-1.5	-10.339	-14.218
		 CA 	-0.999	-10.698	-15.528
		 C  	-2.081	-11.553	-16.201
		 O  	-2.44	-12.627	-15.693
		 CB 	0.283	-11.497	-15.381
		 CG 	0.91	-11.846	-16.724
		 CD1	1.218	-10.573	-17.503
		 CD2	2.171	-12.672	-16.498
	242	amino	LEU
		 N  	-2.652	-11.041	-17.29
		 CA 	-3.69	-11.775	-18.017
		 C  	-3.254	-12.299	-19.387
		 O  	-2.53	-11.644	-20.142
		 CB 	-4.963	-10.952	-18.181
		 CG 	-5.544	-10.263	-16.957
		 CD1	-4.907	-8.898	-16.818
		 CD2	-7.047	-10.118	-17.111
	243	amino	TYR
		 N  	-3.742	-13.485	-19.705
		 CA 	-3.426	-14.133	-20.959
		 C  	-4.662	-14.833	-21.485
		 O  	-5.404	-15.45	-20.72
		 CB 	-2.297	-15.161	-20.788
		 CG 	-2.151	-15.992	-22.028
		 CD1	-1.566	-15.454	-23.176
		 CD2	-2.684	-17.279	-22.095
		 CE1	-1.517	-16.163	-24.36
		 CE2	-2.635	-18.001	-23.269
		 CZ 	-2.052	-17.436	-24.401
		 OH 	-2.008	-18.147	-25.574
	244	amino	GLY
		 N  	-4.831	-14.784	-22.803
		 CA 	-5.976	-15.408	-23.439
		 C  	-5.72	-15.766	-24.891
		 O  	-4.956	-15.085	-25.597
	245	amino	HIS
		 N  	-6.388	-16.824	-25.343
		 CA 	-6.232	-17.299	-26.711
		 C  	-7.581	-17.688	-27.314
		 O  	-8.407	-18.267	-26.62
		 CB 	-5.284	-18.501	-26.726
		 CG 	-4.693	-18.781	-28.07
		 ND1	-5.105	-19.832	-28.862
		 CD2	-3.743	-18.127	-28.776
		 CE1	-4.436	-19.811	-29.999
		 NE2	-3.602	-18.786	-29.972
	246	amino	GLY
		 N  	-7.781	-17.411	-28.605
		 CA 	-9.042	-17.729	-29.243
		 C  	-10.124	-16.862	-28.627
		 O  	-9.942	-15.646	-28.508
	247	amino	LEU
		 N  	-11.237	-17.473	-28.212
		 CA 	-12.326	-16.726	-27.571
		 C  	-11.862	-16.08	-26.252
		 O  	-12.44	-15.097	-25.799
		 CB 	-13.551	-17.617	-27.319
		 CG 	-14.411	-17.957	-28.538
		 CD1	-15.637	-18.785	-28.134
		 CD2	-14.828	-16.655	-29.193
	248	amino	GLY
		 N  	-10.806	-16.635	-25.661
		 CA 	-10.26	-16.105	-24.433
		 C  	-9.368	-14.9	-24.661
		 O  	-8.929	-14.297	-23.685
	249	amino	ALA
		 N  	-9.111	-14.523	-25.921
		 CA 	-8.247	-13.352	-26.238
		 C  	-8.788	-11.959	-25.819
		 O  	-8.093	-10.958	-25.948
		 CB 	-7.797	-13.352	-27.698
	250	amino	GLU
		 N  	-10.057	-11.875	-25.438
		 CA 	-10.573	-10.629	-24.879
		 C  	-10.439	-10.965	-23.364
		 O  	-11.266	-11.688	-22.776
		 CB 	-12.028	-10.365	-25.284
		 CG 	-12.724	-9.332	-24.407
		 CD 	-11.844	-8.123	-24.053
		 OE1	-11.041	-7.692	-24.899
		 OE2	-11.958	-7.596	-22.922
	251	amino	VAL
		 N  	-9.332	-10.503	-22.783
		 CA 	-8.969	-10.779	-21.4
		 C  	-9.694	-10.09	-20.242
		 O  	-9.495	-10.482	-19.104
		 CB 	-7.451	-10.627	-21.205
		 CG1	-6.702	-11.6	-22.141
		 CG2	-7.04	-9.176	-21.429
	252	amino	LYS
		 N  	-10.508	-9.075	-20.523
		 CA 	-11.253	-8.38	-19.477
		 C  	-12.65	-8.96	-19.396
		 O  	-12.993	-9.615	-18.411
		 CB 	-11.313	-6.872	-19.747
		 CG 	-11.947	-6.057	-18.633
		 CD 	-11.872	-4.542	-18.913
		 CE 	-12.881	-4.121	-19.974
		 NZ 	-12.745	-2.699	-20.342
	253	amino	GLY
		 N  	-13.45	-8.722	-20.431
		 CA 	-14.807	-9.236	-20.456
		 C  	-14.77	-10.65	-20.992
		 O  	-15.011	-10.878	-22.178
	254	amino	ILE
		 N  	-14.448	-11.599	-20.123
		 CA 	-14.366	-13.0	-20.499
		 C  	-15.606	-13.52	-21.236
		 O  	-16.721	-13.485	-20.698
		 CB 	-14.132	-13.891	-19.256
		 CG1	-12.844	-13.48	-18.549
		 CG2	-14.039	-15.376	-19.666
		 CD1	-12.673	-14.176	-17.198
	255	amino	GLY
		 N  	-15.386	-14.029	-22.451
		 CA 	-16.457	-14.58	-23.266
		 C  	-17.405	-13.56	-23.866
		 O  	-18.478	-13.934	-24.325
	256	amino	SER
		 N  	-17.0	-12.286	-23.894
		 CA 	-17.841	-11.204	-24.404
		 C  	-17.569	-10.794	-25.851
		 O  	-18.318	-9.998	-26.415
		 CB 	-17.726	-9.963	-23.503
		 OG 	-16.707	-9.072	-23.954
	257	amino	ASP
		 N  	-16.476	-11.282	-26.428
		 CA 	-16.16	-10.941	-27.809
		 C  	-16.314	-12.144	-28.749
		 O  	-15.496	-13.067	-28.736
		 CB 	-14.751	-10.37	-27.904
		 CG 	-14.498	-9.66	-29.218
		 OD1	-15.083	-10.049	-30.253
		 OD2	-13.713	-8.697	-29.206
	258	amino	GLY
		 N  	-17.355	-12.113	-29.575
		 CA 	-17.589	-13.203	-30.503
		 C  	-16.886	-13.104	-31.845
		 O  	-16.965	-14.044	-32.631
	259	amino	ALA
		 N  	-16.19	-11.996	-32.109
		 CA 	-15.485	-11.812	-33.386
		 C  	-14.023	-12.243	-33.389
		 O  	-13.365	-12.116	-34.404
		 CB 	-15.583	-10.361	-33.841
	260	amino	LEU
		 N  	-13.527	-12.767	-32.272
		 CA 	-12.134	-13.178	-32.159
		 C  	-11.778	-14.362	-33.022
		 O  	-12.533	-15.32	-33.086
		 CB 	-11.794	-13.492	-30.698
		 CG 	-11.865	-12.304	-29.742
		 CD1	-11.92	-12.792	-28.328
		 CD2	-10.711	-11.361	-29.957
	261	amino	ARG
		 N  	-10.625	-14.304	-33.68
		 CA 	-10.168	-15.414	-34.511
		 C  	-9.593	-16.502	-33.602
		 O  	-9.272	-16.233	-32.44
		 CB 	-9.079	-14.95	-35.482
		 CG 	-9.523	-13.915	-36.487
		 CD 	-8.384	-13.543	-37.434
		 NE 	-7.961	-14.664	-38.276
		 CZ 	-6.841	-15.368	-38.089
		 NH1	-6.004	-15.074	-37.084
		 NH2	-6.565	-16.395	-38.895
	262	amino	PRO
		 N  	-9.465	-17.744	-34.113
		 CA 	-8.924	-18.875	-33.351
		 C  	-7.491	-18.66	-32.877
		 O  	-7.084	-19.176	-31.836
		 CB 	-8.989	-20.011	-34.366
		 CG 	-10.201	-19.673	-35.145
		 CD 	-9.993	-18.216	-35.403
	263	amino	GLY
		 N  	-6.722	-17.91	-33.65
		 CA 	-5.341	-17.666	-33.287
		 C  	-5.118	-16.376	-32.522
		 O  	-3.955	-15.981	-32.325
	264	amino	ALA
		 N  	-6.21	-15.715	-32.114
		 CA 	-6.122	-14.471	-31.354
		 C  	-5.37	-14.778	-30.064
		 O  	-5.689	-15.741	-29.363
		 CB 	-7.492	-13.932	-31.06
	265	amino	ASP
		 N  	-4.354	-13.963	-29.793
		 CA 	-3.473	-14.126	-28.641
		 C  	-3.265	-12.805	-27.896
		 O  	-2.756	-11.836	-28.483
		 CB 	-2.122	-14.63	-29.155
		 CG 	-1.31	-15.311	-28.093
		 OD1	-1.642	-16.475	-27.778
		 OD2	-0.347	-14.686	-27.59
	266	amino	THR
		 N  	-3.632	-12.773	-26.61
		 CA 	-3.475	-11.559	-25.809
		 C  	-2.794	-11.715	-24.451
		 O  	-3.011	-12.694	-23.733
		 CB 	-4.813	-10.874	-25.547
		 OG1	-5.485	-10.664	-26.785
		 CG2	-4.613	-9.531	-24.88
	267	amino	TRP
		 N  	-1.99	-10.696	-24.128
		 CA 	-1.248	-10.544	-22.879
		 C  	-1.572	-9.154	-22.348
		 O  	-1.476	-8.158	-23.071
		 CB 	0.252	-10.603	-23.123
		 CG 	0.755	-11.964	-23.282
		 CD1	1.019	-12.6	-24.448
		 CD2	1.082	-12.875	-22.239
		 NE1	1.493	-13.858	-24.2
		 CE2	1.55	-14.054	-22.849
		 CE3	1.029	-12.811	-20.841
		 CZ2	1.971	-15.172	-22.112
		 CZ3	1.446	-13.924	-20.102
		 CH2	1.912	-15.089	-20.745
	268	amino	ARG
		 N  	-1.98	-9.079	-21.091
		 CA 	-2.274	-7.786	-20.508
		 C  	-1.701	-7.717	-19.102
		 O  	-1.652	-8.719	-18.39
		 CB 	-3.78	-7.521	-20.491
		 CG 	-4.144	-6.149	-19.921
		 CD 	-5.644	-5.943	-19.734
		 NE 	-6.323	-5.638	-20.994
		 CZ 	-7.525	-5.073	-21.093
		 NH1	-8.214	-4.742	-20.002
		 NH2	-8.024	-4.819	-22.291
	269	amino	ILE
		 N  	-1.191	-6.545	-18.744
		 CA 	-0.658	-6.32	-17.411
		 C  	-1.414	-5.149	-16.781
		 O  	-1.591	-4.096	-17.409
		 CB 	0.876	-6.067	-17.424
		 CG1	1.401	-6.072	-15.989
		 CG2	1.222	-4.738	-18.107
		 CD1	2.913	-6.009	-15.894
	270	amino	ALA
		 N  	-1.957	-5.389	-15.59
		 CA 	-2.719	-4.393	-14.839
		 C  	-2.102	-4.231	-13.449
		 O  	-1.818	-5.206	-12.749
		 CB 	-4.167	-4.822	-14.718
	271	amino	SER
		 N  	-1.887	-2.991	-13.044
		 CA 	-1.294	-2.758	-11.758
		 C  	-1.586	-1.375	-11.228
		 O  	-1.558	-0.382	-11.958
		 CB 	0.21	-2.964	-11.853
		 OG 	0.781	-3.037	-10.565
	272	amino	TYR
		 N  	-1.89	-1.322	-9.939
		 CA 	-2.134	-0.058	-9.289
		 C  	-1.807	-0.196	-7.806
		 O  	-1.73	-1.299	-7.261
		 CB 	-3.576	0.411	-9.495
		 CG 	-4.577	-0.267	-8.601
		 CD1	-5.165	-1.462	-8.971
		 CD2	-4.935	0.289	-7.376
		 CE1	-6.089	-2.092	-8.139
		 CE2	-5.849	-0.331	-6.544
		 CZ 	-6.42	-1.519	-6.928
		 OH 	-7.309	-2.163	-6.1
	273	amino	GLY
		 N  	-1.6	0.95	-7.173
		 CA 	-1.293	0.99	-5.763
		 C  	-1.864	2.248	-5.147
		 O  	-2.13	3.235	-5.836
	274	amino	THR
		 N  	-2.036	2.209	-3.833
		 CA 	-2.575	3.329	-3.082
		 C  	-1.652	3.59	-1.907
		 O  	-1.218	2.653	-1.257
		 CB 	-4.021	3.009	-2.611
		 OG1	-4.957	3.581	-3.537
		 CG2	-4.289	3.512	-1.208
	275	amino	THR
		 N  	-1.293	4.857	-1.707
		 CA 	-0.427	5.26	-0.609
		 C  	-0.515	6.727	-0.209
		 O  	-0.742	7.597	-1.052
		 CB 	1.063	4.934	-0.887
		 OG1	1.796	5.043	0.333
		 CG2	1.68	5.893	-1.896
	276	amino	PRO
		 N  	-0.484	7.004	1.105
		 CA 	-0.534	8.383	1.624
		 C  	0.904	8.946	1.692
		 O  	1.808	8.276	2.198
		 CB 	-1.16	8.212	3.007
		 CG 	-0.725	6.85	3.414
		 CD 	-0.851	6.035	2.159
	277	amino	LEU
		 N  	1.115	10.119	1.091
		 CA 	2.422	10.785	1.045
		 C  	2.7	11.576	2.324
		 O  	3.851	11.874	2.68
		 CB 	2.481	11.715	-0.17
		 CG 	3.241	11.221	-1.403
		 CD1	3.129	9.723	-1.542
		 CD2	2.727	11.927	-2.635
	278	amino	SER
		 N  	1.615	11.946	2.983
		 CA 	1.645	12.686	4.22
		 C  	0.191	12.655	4.707
		 O  	-0.634	11.925	4.147
		 CB 	2.174	14.117	4.003
		 OG 	1.34	14.874	3.146
	279	amino	GLU
		 N  	-0.118	13.398	5.767
		 CA 	-1.479	13.422	6.311
		 C  	-2.451	14.266	5.466
		 O  	-3.627	14.425	5.817
		 CB 	-1.469	13.929	7.767
		 CG 	-1.315	15.456	7.948
		 CD 	0.12	15.986	7.822
		 OE1	1.096	15.211	7.631
		 OE2	0.261	17.219	7.946
	280	amino	ASN
		 N  	-1.955	14.787	4.347
		 CA 	-2.763	15.618	3.474
		 C  	-2.713	15.183	2.005
		 O  	-3.656	15.411	1.263
		 CB 	-2.369	17.09	3.657
		 CG 	-0.856	17.321	3.538
		 OD1	-0.408	18.134	2.729
		 ND2	-0.069	16.613	4.351
	281	amino	TRP
		 N  	-1.639	14.506	1.605
		 CA 	-1.485	14.021	0.23
		 C  	-1.577	12.507	0.077
		 O  	-0.957	11.757	0.815
		 CB 	-0.156	14.476	-0.373
		 CG 	-0.142	15.883	-0.826
		 CD1	0.216	16.974	-0.094
		 CD2	-0.44	16.361	-2.146
		 NE1	0.168	18.104	-0.875
		 CE2	-0.227	17.759	-2.14
		 CE3	-0.856	15.743	-3.334
		 CZ2	-0.41	18.553	-3.283
		 CZ3	-1.039	16.529	-4.463
		 CH2	-0.815	17.919	-4.429
	282	amino	SER
		 N  	-2.357	12.078	-0.908
		 CA 	-2.532	10.666	-1.24
		 C  	-2.273	10.513	-2.735
		 O  	-2.657	11.373	-3.546
		 CB 	-3.95	10.194	-0.924
		 OG 	-4.138	10.049	0.465
	283	amino	VAL
		 N  	-1.629	9.418	-3.11
		 CA 	-1.343	9.2	-4.508
		 C  	-1.724	7.795	-4.964
		 O  	-1.554	6.814	-4.236
		 CB 	0.127	9.533	-4.816
		 CG1	1.06	8.565	-4.106
		 CG2	0.362	9.535	-6.309
	284	amino	ALA
		 N  	-2.302	7.715	-6.157
		 CA 	-2.713	6.432	-6.702
		 C  	-2.268	6.24	-8.156
		 O  	-2.959	6.645	-9.096
		 CB 	-4.214	6.258	-6.57
	285	amino	PRO
		 N  	-1.065	5.673	-8.353
		 CA 	-0.571	5.448	-9.714
		 C  	-1.217	4.18	-10.292
		 O  	-1.623	3.297	-9.543
		 CB 	0.93	5.26	-9.495
		 CG 	0.98	4.554	-8.187
		 CD 	-0.049	5.296	-7.35
	286	amino	ALA
		 N  	-1.352	4.101	-11.611
		 CA 	-1.934	2.912	-12.239
		 C  	-1.377	2.649	-13.633
		 O  	-1.002	3.578	-14.354
		 CB 	-3.475	3.034	-12.305
	287	amino	MET
		 N  	-1.314	1.381	-14.009
		 CA 	-0.858	1.032	-15.34
		 C  	-1.635	-0.13	-15.966
		 O  	-1.968	-1.131	-15.317
		 CB 	0.647	0.776	-15.378
		 CG 	1.031	-0.683	-15.362
		 SD 	2.614	-0.905	-16.182
		 CE 	2.147	-0.682	-17.861
	288	amino	LEU
		 N  	-1.931	0.047	-17.248
		 CA 	-2.646	-0.936	-18.042
		 C  	-1.93	-0.971	-19.386
		 O  	-1.796	0.068	-20.04
		 CB 	-4.071	-0.466	-18.295
		 CG 	-5.268	-1.347	-17.967
		 CD1	-6.361	-0.937	-18.936
		 CD2	-4.974	-2.812	-18.066
	289	amino	ALA
		 N  	-1.467	-2.153	-19.786
		 CA 	-0.771	-2.308	-21.056
		 C  	-1.196	-3.625	-21.66
		 O  	-1.435	-4.595	-20.94
		 CB 	0.722	-2.273	-20.865
	290	amino	GLN
		 N  	-1.297	-3.651	-22.987
		 CA 	-1.732	-4.848	-23.7
		 C  	-1.113	-5.028	-25.084
		 O  	-0.848	-4.064	-25.806
		 CB 	-3.255	-4.842	-23.832
		 CG 	-3.807	-6.027	-24.586
		 CD 	-5.3	-5.954	-24.774
		 OE1	-6.065	-6.589	-24.036
		 NE2	-5.733	-5.179	-25.767
	291	amino	ARG
		 N  	-0.918	-6.289	-25.438
		 CA 	-0.367	-6.706	-26.712
		 C  	-1.314	-7.806	-27.192
		 O  	-1.461	-8.834	-26.534
		 CB 	1.031	-7.267	-26.487
		 CG 	1.792	-7.68	-27.732
		 CD 	3.192	-8.164	-27.332
		 NE 	4.099	-8.286	-28.468
		 CZ 	3.996	-9.223	-29.408
		 NH1	3.016	-10.129	-29.339
		 NH2	4.855	-9.244	-30.426
	292	amino	SER
		 N  	-1.99	-7.567	-28.309
		 CA 	-2.94	-8.529	-28.854
		 C  	-2.671	-8.748	-30.349
		 O  	-2.706	-7.803	-31.137
		 CB 	-4.347	-7.997	-28.624
		 OG 	-5.305	-9.022	-28.751
	293	amino	LYS
		 N  	-2.419	-10.0	-30.722
		 CA 	-2.09	-10.384	-32.104
		 C  	-3.119	-11.302	-32.764
		 O  	-3.692	-12.167	-32.102
		 CB 	-0.747	-11.119	-32.126
		 CG 	0.46	-10.273	-31.789
		 CD 	0.951	-9.487	-33.012
		 CE 	2.293	-8.754	-32.774
		 NZ 	2.171	-7.598	-31.829
	294	amino	ASP
		 N  	-3.273	-11.172	-34.081
		 CA 	-4.205	-11.986	-34.871
		 C  	-5.561	-12.023	-34.215
		 O  	-6.239	-13.05	-34.203
		 CB 	-3.688	-13.414	-35.024
		 CG 	-2.268	-13.468	-35.532
		 OD1	-1.909	-12.675	-36.435
		 OD2	-1.501	-14.305	-35.013
	295	amino	ARG
		 N  	-5.941	-10.873	-33.682
		 CA 	-7.185	-10.701	-32.97
		 C  	-8.451	-10.844	-33.834
		 O  	-9.203	-11.803	-33.672
		 CB 	-7.143	-9.359	-32.252
		 CG 	-8.236	-9.161	-31.256
		 CD 	-8.106	-7.803	-30.612
		 NE 	-9.216	-7.545	-29.706
		 CZ 	-9.151	-7.663	-28.387
		 NH1	-8.023	-8.027	-27.789
		 NH2	-10.238	-7.448	-27.675
	296	amino	TYR
		 N  	-8.693	-9.88	-34.721
		 CA 	-9.856	-9.907	-35.604
		 C  	-9.454	-10.219	-37.043
		 O  	-10.219	-10.814	-37.79
		 CB 	-10.562	-8.566	-35.573
		 CG 	-11.015	-8.167	-34.204
		 CD1	-11.904	-8.956	-33.487
		 CD2	-10.55	-6.998	-33.618
		 CE1	-12.317	-8.593	-32.227
		 CE2	-10.957	-6.627	-32.354
		 CZ 	-11.84	-7.429	-31.668
		 OH 	-12.243	-7.038	-30.421
	297	amino	ALA
		 N  	-8.261	-9.773	-37.43
		 CA 	-7.73	-9.998	-38.768
		 C  	-6.347	-10.643	-38.676
		 O  	-5.522	-10.254	-37.854
		 CB 	-7.635	-8.694	-39.505
	298	amino	ASP
		 N  	-6.105	-11.631	-39.53
		 CA 	-4.838	-12.337	-39.599
		 C  	-3.699	-11.313	-39.738
		 O  	-3.747	-10.419	-40.593
		 CB 	-4.868	-13.259	-40.822
		 CG 	-3.899	-14.427	-40.723
		 OD1	-2.946	-14.395	-39.909
		 OD2	-4.107	-15.404	-41.477
	299	amino	GLY
		 N  	-2.714	-11.402	-38.848
		 CA 	-1.59	-10.491	-38.899
		 C  	-1.824	-9.124	-38.292
		 O  	-0.985	-8.238	-38.438
	300	amino	ASP
		 N  	-2.974	-8.908	-37.655
		 CA 	-3.206	-7.617	-37.016
		 C  	-2.449	-7.54	-35.7
		 O  	-1.958	-8.545	-35.179
		 CB 	-4.697	-7.291	-36.826
		 CG 	-5.37	-8.055	-35.669
		 OD1	-4.706	-8.679	-34.808
		 OD2	-6.619	-8.015	-35.631
	301	amino	SER
		 N  	-2.386	-6.347	-35.149
		 CA 	-1.682	-6.153	-33.908
		 C  	-2.134	-4.871	-33.219
		 O  	-2.255	-3.811	-33.837
		 CB 	-0.184	-6.137	-34.182
		 OG 	0.515	-5.372	-33.226
	302	amino	TYR
		 N  	-2.449	-5.006	-31.941
		 CA 	-2.878	-3.891	-31.122
		 C  	-1.971	-3.876	-29.895
		 O  	-1.81	-4.893	-29.22
		 CB 	-4.343	-4.062	-30.703
		 CG 	-5.32	-4.081	-31.862
		 CD1	-5.683	-5.29	-32.492
		 CD2	-5.918	-2.91	-32.308
		 CE1	-6.629	-5.323	-33.528
		 CE2	-6.855	-2.928	-33.342
		 CZ 	-7.208	-4.136	-33.94
		 OH 	-8.164	-4.138	-34.926
	303	amino	GLN
		 N  	-1.322	-2.74	-29.664
		 CA 	-0.432	-2.572	-28.524
		 C  	-0.6	-1.189	-27.972
		 O  	-0.549	-0.218	-28.71
		 CB 	1.02	-2.735	-28.931
		 CG 	1.385	-4.136	-29.309
		 CD 	2.785	-4.232	-29.859
		 OE1	3.095	-3.658	-30.899
		 NE2	3.641	-4.966	-29.164
	304	amino	TRP
		 N  	-0.815	-1.103	-26.666
		 CA 	-0.96	0.184	-26.012
		 C  	-0.593	0.086	-24.556
		 O  	-0.537	-1.002	-23.997
		 CB 	-2.369	0.762	-26.189
		 CG 	-3.493	-0.195	-25.939
		 CD1	-4.287	-0.784	-26.876
		 CD2	-3.954	-0.67	-24.669
		 NE1	-5.214	-1.599	-26.272
		 CE2	-5.03	-1.548	-24.916
		 CE3	-3.566	-0.435	-23.344
		 CZ2	-5.72	-2.196	-23.884
		 CZ3	-4.254	-1.079	-22.321
		 CH2	-5.315	-1.947	-22.6
	305	amino	ALA
		 N  	-0.308	1.234	-23.965
		 CA 	0.064	1.314	-22.575
		 C  	-0.435	2.633	-22.005
		 O  	-0.138	3.714	-22.529
		 CB 	1.562	1.206	-22.421
	306	amino	THR
		 N  	-1.237	2.517	-20.949
		 CA 	-1.798	3.664	-20.243
		 C  	-1.15	3.801	-18.879
		 O  	-0.915	2.817	-18.186
		 CB 	-3.313	3.496	-19.973
		 OG1	-4.033	3.525	-21.206
		 CG2	-3.832	4.613	-19.054
	307	amino	PHE
		 N  	-0.844	5.036	-18.517
		 CA 	-0.294	5.337	-17.209
		 C  	-1.175	6.432	-16.634
		 O  	-1.306	7.508	-17.225
		 CB 	1.153	5.818	-17.282
		 CG 	1.687	6.266	-15.942
		 CD1	2.034	5.321	-14.965
		 CD2	1.786	7.625	-15.625
		 CE1	2.472	5.724	-13.682
		 CE2	2.217	8.036	-14.35
		 CZ 	2.559	7.08	-13.378
	308	amino	ASN
		 N  	-1.837	6.13	-15.524
		 CA 	-2.714	7.109	-14.887
		 C  	-2.168	7.486	-13.502
		 O  	-1.606	6.655	-12.783
		 CB 	-4.137	6.565	-14.777
		 CG 	-5.14	7.646	-14.488
		 OD1	-5.703	7.739	-13.391
		 ND2	-5.346	8.499	-15.459
	309	amino	LEU
		 N  	-2.329	8.742	-13.125
		 CA 	-1.827	9.173	-11.836
		 C  	-2.835	10.105	-11.177
		 O  	-3.075	11.224	-11.651
		 CB 	-0.458	9.84	-12.031
		 CG 	0.54	10.073	-10.897
		 CD1	0.34	11.41	-10.264
		 CD2	0.455	8.951	-9.893
	310	amino	ARG
		 N  	-3.508	9.584	-10.152
		 CA 	-4.476	10.36	-9.384
		 C  	-3.819	10.831	-8.059
		 O  	-3.177	10.044	-7.356
		 CB 	-5.724	9.525	-9.089
		 CG 	-6.93	10.333	-8.616
		 CD 	-7.756	10.944	-9.766
		 NE 	-9.186	10.776	-9.499
		 CZ 	-10.001	9.954	-10.153
		 NH1	-9.547	9.229	-11.155
		 NH2	-11.25	9.76	-9.726
	311	amino	LEU
		 N  	-3.949	12.126	-7.767
		 CA 	-3.399	12.746	-6.562
		 C  	-4.48	13.564	-5.851
		 O  	-5.221	14.285	-6.512
		 CB 	-2.279	13.706	-6.954
		 CG 	-0.882	13.196	-7.288
		 CD1	-0.073	14.267	-8.015
		 CD2	-0.194	12.829	-5.985
	312	amino	ILE
		 N  	-4.627	13.412	-4.534
		 CA 	-5.6	14.233	-3.778
		 C  	-4.899	14.964	-2.627
		 O  	-4.143	14.364	-1.858
		 CB 	-6.765	13.449	-3.119
		 CG1	-6.753	11.998	-3.544
		 CG2	-8.124	14.112	-3.434
		 CD1	-7.562	11.114	-2.586
	313	amino	GLN
		 N  	-5.181	16.253	-2.508
		 CA 	-4.616	17.079	-1.459
		 C  	-5.746	17.63	-0.574
		 O  	-6.551	18.445	-1.018
		 CB 	-3.817	18.218	-2.08
		 CG 	-3.294	19.214	-1.089
		 CD 	-2.907	20.535	-1.728
		 OE1	-2.19	21.322	-1.127
		 NE2	-3.399	20.796	-2.938
	314	amino	ALA
		 N  	-5.838	17.137	0.658
		 CA 	-6.859	17.6	1.593
		 C  	-6.531	19.013	2.037
		 O  	-5.367	19.363	2.245
		 CB 	-6.92	16.696	2.794
	315	amino	ILE
		 N  	-7.566	19.826	2.157
		 CA 	-7.432	21.22	2.565
		 C  	-8.309	21.478	3.789
		 O  	-7.939	22.24	4.674
		 CB 	-7.806	22.143	1.394
		 CG1	-6.678	22.113	0.372
		 CG2	-8.136	23.56	1.873
		 CD1	-6.915	22.978	-0.765
	316	amino	ASN
		 N  	-9.449	20.794	3.837
		 CA 	-10.417	20.884	4.922
		 C  	-10.815	19.483	5.239
		 O  	-10.286	18.519	4.696
		 CB 	-11.724	21.529	4.458
		 CG 	-11.622	22.981	4.312
		 OD1	-10.704	23.599	4.84
		 ND2	-12.557	23.561	3.593
	317	amino	GLN
		 N  	-11.859	19.406	6.041
		 CA 	-12.457	18.166	6.435
		 C  	-13.411	17.861	5.271
		 O  	-13.722	16.706	4.985
		 CB 	-13.231	18.434	7.714
		 CG 	-13.952	17.243	8.29
		 CD 	-15.064	17.669	9.229
		 OE1	-14.892	18.598	10.041
		 NE2	-16.23	17.019	9.099
	318	amino	ASN
		 N  	-13.789	18.917	4.549
		 CA 	-14.715	18.824	3.425
		 C  	-14.186	19.19	2.042
		 O  	-14.815	18.864	1.039
		 CB 	-15.906	19.728	3.674
		 CG 	-16.562	19.474	4.995
		 OD1	-16.925	20.412	5.694
		 ND2	-16.747	18.211	5.34
	319	amino	PHE
		 N  	-13.063	19.886	1.976
		 CA 	-12.545	20.317	0.687
		 C  	-11.19	19.732	0.306
		 O  	-10.281	19.678	1.113
		 CB 	-12.491	21.835	0.686
		 CG 	-12.152	22.427	-0.631
		 CD1	-12.905	22.111	-1.764
		 CD2	-11.077	23.306	-0.754
		 CE1	-12.585	22.664	-3.0
		 CE2	-10.749	23.86	-1.975
		 CZ 	-11.498	23.544	-3.102
	320	amino	ALA
		 N  	-11.058	19.304	-0.941
		 CA 	-9.811	18.726	-1.437
		 C  	-9.525	19.167	-2.865
		 O  	-10.411	19.651	-3.555
		 CB 	-9.895	17.222	-1.389
	321	amino	LEU
		 N  	-8.28	19.039	-3.299
		 CA 	-7.926	19.387	-4.676
		 C  	-7.388	18.101	-5.282
		 O  	-6.374	17.585	-4.825
		 CB 	-6.848	20.488	-4.75
		 CG 	-7.18	21.905	-4.265
		 CD1	-5.992	22.784	-4.429
		 CD2	-8.316	22.492	-5.015
	322	amino	ALA
		 N  	-8.117	17.544	-6.245
		 CA 	-7.712	16.317	-6.916
		 C  	-7.035	16.695	-8.226
		 O  	-7.34	17.736	-8.796
		 CB 	-8.931	15.441	-7.178
	323	amino	TYR
		 N  	-6.066	15.887	-8.653
		 CA 	-5.334	16.101	-9.897
		 C  	-5.217	14.751	-10.577
		 O  	-5.068	13.723	-9.91
		 CB 	-3.912	16.588	-9.635
		 CG 	-3.788	17.823	-8.777
		 CD1	-3.811	17.725	-7.386
		 CD2	-3.639	19.092	-9.349
		 CE1	-3.692	18.841	-6.587
		 CE2	-3.517	20.221	-8.548
		 CZ 	-3.548	20.073	-7.166
		 OH 	-3.454	21.149	-6.344
	324	amino	GLU
		 N  	-5.322	14.744	-11.903
		 CA 	-5.176	13.516	-12.663
		 C  	-4.312	13.728	-13.898
		 O  	-4.378	14.763	-14.576
		 CB 	-6.519	12.904	-13.046
		 CG 	-6.343	11.583	-13.779
		 CD 	-7.598	10.706	-13.834
		 OE1	-8.532	11.01	-14.609
		 OE2	-7.623	9.674	-13.131
	325	amino	GLY
		 N  	-3.433	12.763	-14.124
		 CA 	-2.553	12.82	-15.26
		 C  	-2.613	11.489	-15.962
		 O  	-2.43	10.435	-15.334
	326	amino	SER
		 N  	-2.932	11.542	-17.256
		 CA 	-2.994	10.345	-18.095
		 C  	-2.013	10.431	-19.261
		 O  	-1.903	11.463	-19.932
		 CB 	-4.394	10.141	-18.684
		 OG 	-5.324	9.766	-17.704
	327	amino	TYR
		 N  	-1.31	9.33	-19.492
		 CA 	-0.397	9.222	-20.607
		 C  	-0.655	7.856	-21.211
		 O  	-0.77	6.868	-20.484
		 CB 	1.068	9.311	-20.187
		 CG 	1.985	9.039	-21.362
		 CD1	2.186	10.016	-22.344
		 CD2	2.555	7.776	-21.562
		 CE1	2.906	9.752	-23.493
		 CE2	3.29	7.5	-22.722
		 CZ 	3.448	8.5	-23.68
		 OH 	4.093	8.255	-24.867
	328	amino	GLN
		 N  	-0.749	7.808	-22.536
		 CA 	-0.992	6.563	-23.238
		 C  	-0.283	6.509	-24.571
		 O  	-0.286	7.474	-25.335
		 CB 	-2.484	6.362	-23.481
		 CG 	-2.799	5.105	-24.278
		 CD 	-4.272	4.979	-24.59
		 OE1	-4.963	4.138	-24.025
		 NE2	-4.766	5.824	-25.491
	329	amino	TYR
		 N  	0.336	5.375	-24.849
		 CA 	0.997	5.205	-26.117
		 C  	0.332	4.015	-26.791
		 O  	-0.01	3.034	-26.139
		 CB 	2.5	4.966	-25.944
		 CG 	3.184	4.731	-27.272
		 CD1	3.516	5.804	-28.104
		 CD2	3.413	3.431	-27.741
		 CE1	4.053	5.593	-29.375
		 CE2	3.95	3.206	-29.009
		 CZ 	4.269	4.288	-29.82
		 OH 	4.822	4.067	-31.061
	330	amino	MET
		 N  	0.128	4.12	-28.098
		 CA 	-0.493	3.046	-28.856
		 C  	0.128	2.883	-30.227
		 O  	0.622	3.838	-30.831
		 CB 	-1.99	3.297	-29.007
		 CG 	-2.333	4.432	-29.943
		 SD 	-3.866	5.221	-29.507
		 CE 	-3.256	6.552	-28.391
	331	amino	ASP
		 N  	0.118	1.642	-30.685
		 CA 	0.618	1.258	-31.986
		 C  	-0.431	0.267	-32.464
		 O  	-0.418	-0.907	-32.077
		 CB 	1.963	0.565	-31.857
		 CG 	2.699	0.512	-33.166
		 OD1	2.056	0.236	-34.189
		 OD2	3.917	0.767	-33.187
	332	amino	LEU
		 N  	-1.351	0.741	-33.297
		 CA 	-2.423	-0.107	-33.774
		 C  	-2.323	-0.438	-35.266
		 O  	-2.091	0.44	-36.094
		 CB 	-3.762	0.549	-33.427
		 CG 	-3.813	1.087	-31.979
		 CD1	-4.881	2.137	-31.818
		 CD2	-3.999	-0.034	-30.977
	333	amino	LYS
		 N  	-2.424	-1.731	-35.577
		 CA 	-2.367	-2.242	-36.943
		 C  	-3.552	-3.188	-37.131
		 O  	-3.452	-4.394	-36.924
		 CB 	-1.027	-2.941	-37.188
		 CG 	0.147	-1.95	-37.137
		 CD 	1.553	-2.585	-37.163
		 CE 	1.885	-3.391	-35.883
		 NZ 	1.836	-2.622	-34.586
	334	amino	PRO
		 N  	-4.71	-2.627	-37.501
		 CA 	-5.969	-3.335	-37.725
		 C  	-6.086	-4.211	-38.961
		 O  	-6.947	-5.097	-38.996
		 CB 	-7.002	-2.207	-37.717
		 CG 	-6.257	-1.064	-38.257
		 CD 	-4.9	-1.172	-37.623
	335	amino	GLU
		 N  	-5.249	-3.956	-39.97
		 CA 	-5.25	-4.724	-41.224
		 C  	-6.588	-4.703	-41.966
		 O  	-7.102	-5.757	-42.356
		 CB 	-4.81	-6.177	-40.98
		 CG 	-3.382	-6.338	-40.479
		 CD 	-2.356	-5.794	-41.459
		 OE1	-2.392	-6.197	-42.637
		 OE2	-1.509	-4.966	-41.056
	336	amino	GLY
		 N  	-7.152	-3.505	-42.138
		 CA 	-8.419	-3.356	-42.834
		 C  	-9.691	-3.612	-42.04
		 O  	-10.764	-3.214	-42.482
	337	amino	TYR
		 N  	-9.592	-4.258	-40.878
		 CA 	-10.771	-4.561	-40.049
		 C  	-11.553	-3.308	-39.716
		 O  	-10.974	-2.335	-39.23
		 CB 	-10.364	-5.248	-38.73
		 CG 	-11.537	-5.747	-37.912
		 CD1	-12.295	-6.842	-38.347
		 CD2	-11.902	-5.124	-36.718
		 CE1	-13.397	-7.317	-37.619
		 CE2	-13.011	-5.586	-35.968
		 CZ 	-13.752	-6.689	-36.43
		 OH 	-14.831	-7.166	-35.715
	338	amino	ASN
		 N  	-12.859	-3.333	-39.993
		 CA 	-13.745	-2.198	-39.71
		 C  	-13.323	-0.868	-40.322
		 O  	-13.722	0.193	-39.839
		 CB 	-13.881	-1.995	-38.199
		 CG 	-15.111	-2.647	-37.622
		 OD1	-15.746	-3.508	-38.246
		 ND2	-15.456	-2.243	-36.41
	339	amino	ASP
		 N  	-12.503	-0.916	-41.365
		 CA 	-12.031	0.3	-42.021
		 C  	-11.079	1.095	-41.158
		 O  	-10.94	2.307	-41.326
		 CB 	-13.21	1.196	-42.431
		 CG 	-13.906	0.696	-43.678
		 OD1	-13.234	0.673	-44.744
		 OD2	-15.103	0.313	-43.588
	340	amino	ARG
		 N  	-10.445	0.423	-40.211
		 CA 	-9.507	1.1	-39.341
		 C  	-8.182	1.184	-40.063
		 O  	-7.818	0.275	-40.813
		 CB 	-9.321	0.337	-38.026
		 CG 	-10.566	0.164	-37.199
		 CD 	-11.234	1.489	-36.912
		 NE 	-12.438	1.273	-36.119
		 CZ 	-13.596	1.891	-36.319
		 NH1	-13.723	2.774	-37.291
		 NH2	-14.629	1.621	-35.541
	341	amino	GLN
		 N  	-7.464	2.278	-39.841
		 CA 	-6.16	2.468	-40.45
		 C  	-5.122	2.379	-39.353
		 O  	-5.392	2.77	-38.227
		 CB 	-6.083	3.823	-41.152
		 CG 	-6.954	3.927	-42.394
		 CD 	-6.649	2.833	-43.422
		 OE1	-5.553	2.78	-43.986
		 NE2	-7.622	1.956	-43.664
	342	amino	ALA
		 N  	-3.965	1.8	-39.67
		 CA 	-2.86	1.653	-38.721
		 C  	-2.466	3.018	-38.199
		 O  	-2.257	3.952	-38.974
		 CB 	-1.664	0.997	-39.374
	343	amino	VAL
		 N  	-2.346	3.128	-36.882
		 CA 	-2.01	4.396	-36.275
		 C  	-1.085	4.208	-35.076
		 O  	-0.988	3.115	-34.506
		 CB 	-3.332	5.14	-35.893
		 CG1	-3.682	4.986	-34.429
		 CG2	-3.261	6.557	-36.282
	344	amino	ASN
		 N  	-0.311	5.236	-34.772
		 CA 	0.574	5.188	-33.617
		 C  	0.825	6.613	-33.136
		 O  	0.796	7.566	-33.917
		 CB 	1.875	4.457	-33.93
		 CG 	2.814	5.283	-34.763
		 OD1	3.831	5.782	-34.266
		 ND2	2.464	5.471	-36.036
	345	amino	GLY
		 N  	1.001	6.754	-31.832
		 CA 	1.208	8.057	-31.235
		 C  	0.817	8.009	-29.762
		 O  	0.527	6.94	-29.212
	346	amino	SER
		 N  	0.783	9.17	-29.122
		 CA 	0.444	9.225	-27.716
		 C  	-0.653	10.218	-27.39
		 O  	-0.953	11.111	-28.183
		 CB 	1.696	9.47	-26.869
		 OG 	2.423	10.586	-27.331
	347	amino	PHE
		 N  	-1.283	10.006	-26.235
		 CA 	-2.381	10.834	-25.745
		 C  	-2.049	11.381	-24.345
		 O  	-1.509	10.661	-23.502
		 CB 	-3.654	9.989	-25.694
		 CG 	-4.882	10.775	-25.417
		 CD1	-5.262	11.055	-24.111
		 CD2	-5.674	11.242	-26.465
		 CE1	-6.413	11.791	-23.846
		 CE2	-6.822	11.977	-26.21
		 CZ 	-7.191	12.252	-24.892
	348	amino	TYR
		 N  	-2.368	12.651	-24.106
		 CA 	-2.095	13.283	-22.81
		 C  	-3.35	13.926	-22.218
		 O  	-4.092	14.611	-22.933
		 CB 	-1.04	14.403	-22.949
		 CG 	0.26	14.018	-23.625
		 CD1	1.326	13.498	-22.883
		 CD2	0.426	14.162	-25.012
		 CE1	2.529	13.127	-23.499
		 CE2	1.624	13.793	-25.642
		 CZ 	2.671	13.274	-24.876
		 OH 	3.858	12.899	-25.474
	349	amino	LYS
		 N  	-3.577	13.714	-20.918
		 CA 	-4.704	14.339	-20.202
		 C  	-4.252	14.886	-18.846
		 O  	-3.573	14.192	-18.081
		 CB 	-5.879	13.376	-19.991
		 CG 	-7.109	14.076	-19.38
		 CD 	-8.315	13.154	-19.234
		 CE 	-8.282	12.376	-17.933
		 NZ 	-8.556	13.208	-16.729
	350	amino	LEU
		 N  	-4.587	16.145	-18.587
		 CA 	-4.267	16.815	-17.338
		 C  	-5.563	17.37	-16.797
		 O  	-6.232	18.137	-17.478
		 CB 	-3.299	17.971	-17.563
		 CG 	-1.872	17.563	-17.901
		 CD1	-0.957	18.787	-17.94
		 CD2	-1.392	16.588	-16.865
	351	amino	THR
		 N  	-5.925	16.97	-15.582
		 CA 	-7.164	17.437	-14.957
		 C  	-6.936	17.95	-13.536
		 O  	-6.206	17.346	-12.743
		 CB 	-8.215	16.322	-14.91
		 OG1	-8.484	15.895	-16.239
		 CG2	-9.524	16.799	-14.255
	352	amino	PHE
		 N  	-7.552	19.091	-13.251
		 CA 	-7.493	19.734	-11.95
		 C  	-8.94	19.748	-11.449
		 O  	-9.826	20.323	-12.09
		 CB 	-6.96	21.152	-12.115
		 CG 	-7.022	21.973	-10.872
		 CD1	-6.312	21.603	-9.741
		 CD2	-7.782	23.133	-10.837
		 CE1	-6.357	22.386	-8.585
		 CE2	-7.835	23.927	-9.693
		 CZ 	-7.121	23.553	-8.566
	353	amino	ALA
		 N  	-9.201	19.131	-10.302
		 CA 	-10.574	19.085	-9.837
		 C  	-10.892	19.401	-8.394
		 O  	-10.76	18.545	-7.531
		 CB 	-11.19	17.741	-10.201
	354	amino	PRO
		 N  	-11.288	20.646	-8.104
		 CA 	-11.649	21.023	-6.732
		 C  	-12.79	20.065	-6.317
		 O  	-13.816	20.001	-6.991
		 CB 	-12.159	22.445	-6.919
		 CG 	-11.223	22.983	-7.965
		 CD 	-11.19	21.839	-8.97
	355	amino	THR
		 N  	-12.591	19.313	-5.235
		 CA 	-13.558	18.314	-4.773
		 C  	-14.126	18.522	-3.37
		 O  	-13.381	18.797	-2.437
		 CB 	-12.896	16.927	-4.804
		 OG1	-12.445	16.665	-6.131
		 CG2	-13.84	15.838	-4.358
	356	amino	PHE
		 N  	-15.438	18.336	-3.224
		 CA 	-16.128	18.477	-1.94
		 C  	-16.631	17.111	-1.482
		 O  	-17.18	16.359	-2.275
		 CB 	-17.344	19.404	-2.052
		 CG 	-16.998	20.843	-2.233
		 CD1	-16.74	21.648	-1.13
		 CD2	-16.877	21.385	-3.51
		 CE1	-16.36	22.966	-1.292
		 CE2	-16.499	22.702	-3.685
		 CZ 	-16.238	23.496	-2.573
	357	amino	LYS
		 N  	-16.455	16.793	-0.201
		 CA 	-16.924	15.518	0.337
		 C  	-16.989	15.59	1.853
		 O  	-16.571	16.588	2.449
		 CB 	-16.022	14.366	-0.115
		 CG 	-14.55	14.551	0.149
		 CD 	-13.743	13.485	-0.566
		 CE 	-14.316	12.102	-0.308
		 NZ 	-13.575	11.078	-1.07
	358	amino	VAL
		 N  	-17.558	14.562	2.472
		 CA 	-17.672	14.516	3.93
		 C  	-16.76	13.447	4.532
		 O  	-16.214	13.631	5.622
		 CB 	-19.125	14.241	4.394
		 CG1	-20.023	15.368	3.979
		 CG2	-19.633	12.91	3.851
	359	amino	GLY
		 N  	-16.604	12.347	3.791
		 CA 	-15.792	11.22	4.209
		 C  	-14.301	11.466	4.203
		 O  	-13.831	12.58	3.956
	360	amino	SER
		 N  	-13.563	10.391	4.464
		 CA 	-12.119	10.42	4.524
		 C  	-11.488	10.831	3.209
		 O  	-11.436	10.039	2.273
		 CB 	-11.6	9.038	4.936
		 OG 	-10.175	9.019	5.007
	361	amino	ILE
		 N  	-10.973	12.054	3.156
		 CA 	-10.327	12.555	1.946
		 C  	-9.127	11.692	1.505
		 O  	-8.882	11.504	0.311
		 CB 	-9.906	14.032	2.099
		 CG1	-11.144	14.918	2.298
		 CG2	-9.116	14.489	0.88
		 CD1	-10.835	16.378	2.224
	362	amino	GLY
		 N  	-8.414	11.12	2.466
		 CA 	-7.274	10.293	2.125
		 C  	-7.681	8.946	1.559
		 O  	-6.832	8.222	1.043
	363	amino	ASP
		 N  	-8.955	8.581	1.708
		 CA 	-9.462	7.313	1.196
		 C  	-9.963	7.561	-0.203
		 O  	-10.89	8.339	-0.419
		 CB 	-10.607	6.792	2.065
		 CG 	-11.075	5.402	1.655
		 OD1	-10.406	4.753	0.817
		 OD2	-12.113	4.947	2.186
	364	amino	PHE
		 N  	-9.338	6.901	-1.163
		 CA 	-9.714	7.064	-2.555
		 C  	-11.069	6.452	-2.826
		 O  	-11.684	6.727	-3.858
		 CB 	-8.677	6.43	-3.477
		 CG 	-7.492	7.301	-3.74
		 CD1	-7.593	8.393	-4.588
		 CD2	-6.262	7.015	-3.165
		 CE1	-6.492	9.187	-4.862
		 CE2	-5.148	7.809	-3.434
		 CZ 	-5.268	8.899	-4.285
	365	amino	PHE
		 N  	-11.567	5.685	-1.861
		 CA 	-12.836	5.021	-2.035
		 C  	-14.026	5.55	-1.257
		 O  	-15.112	4.995	-1.385
		 CB 	-12.656	3.521	-1.863
		 CG 	-11.65	2.94	-2.812
		 CD1	-11.925	2.86	-4.174
		 CD2	-10.41	2.518	-2.356
		 CE1	-10.975	2.372	-5.068
		 CE2	-9.45	2.027	-3.24
		 CZ 	-9.729	1.954	-4.593
	366	amino	SER
		 N  	-13.832	6.601	-0.454
		 CA 	-14.942	7.218	0.281
		 C  	-15.682	7.918	-0.841
		 O  	-15.103	8.746	-1.543
		 CB 	-14.44	8.207	1.339
		 OG 	-13.426	9.059	0.856
	367	amino	ARG
		 N  	-16.965	7.63	-1.01
		 CA 	-17.595	8.195	-2.175
		 C  	-18.408	9.427	-2.303
		 O  	-18.135	10.2	-3.228
		 CB 	-18.252	7.133	-3.042
		 CG 	-17.784	7.113	-4.519
		 CD 	-17.105	8.385	-5.07
		 NE 	-15.787	8.565	-4.501
		 CZ 	-14.631	8.312	-5.107
		 NH1	-14.578	7.879	-6.357
		 NH2	-13.516	8.398	-4.391
	368	amino	PRO
		 N  	-19.417	9.655	-1.445
		 CA 	-20.145	10.91	-1.721
		 C  	-19.183	12.085	-1.981
		 O  	-18.442	12.509	-1.093
		 CB 	-21.031	11.09	-0.486
		 CG 	-21.189	9.663	0.034
		 CD 	-19.819	9.045	-0.171
	369	amino	GLU
		 N  	-19.015	12.404	-3.261
		 CA 	-18.173	13.517	-3.641
		 C  	-18.684	14.243	-4.871
		 O  	-19.301	13.653	-5.752
		 CB 	-16.668	13.162	-3.729
		 CG 	-16.156	12.466	-4.948
		 CD 	-14.64	12.209	-4.873
		 OE1	-14.172	11.511	-3.954
		 OE2	-13.906	12.686	-5.755
	370	amino	ILE
		 N  	-18.561	15.566	-4.804
		 CA 	-18.967	16.501	-5.833
		 C  	-17.719	17.238	-6.309
		 O  	-17.016	17.869	-5.515
		 CB 	-19.964	17.518	-5.259
		 CG1	-21.317	16.851	-5.056
		 CG2	-20.043	18.753	-6.132
		 CD1	-22.387	17.782	-4.551
	371	amino	ARG
		 N  	-17.442	17.16	-7.603
		 CA 	-16.282	17.835	-8.134
		 C  	-16.531	18.807	-9.291
		 O  	-17.523	18.695	-9.997
		 CB 	-15.159	16.827	-8.431
		 CG 	-15.445	15.686	-9.385
		 CD 	-16.177	14.497	-8.787
		 NE 	-15.344	13.375	-8.35
		 CZ 	-15.356	12.148	-8.889
		 NH1	-16.117	11.855	-9.933
		 NH2	-14.744	11.145	-8.27
	372	amino	PHE
		 N  	-15.758	19.894	-9.286
		 CA 	-15.762	20.939	-10.318
		 C  	-14.443	20.687	-11.013
		 O  	-13.489	20.253	-10.359
		 CB 	-15.725	22.332	-9.696
		 CG 	-16.986	22.704	-9.022
		 CD1	-17.295	22.192	-7.77
		 CD2	-17.903	23.523	-9.659
		 CE1	-18.514	22.488	-7.157
		 CE2	-19.124	23.828	-9.054
		 CZ 	-19.428	23.3	-7.789
	373	amino	TYR
		 N  	-14.347	20.96	-12.31
		 CA 	-13.078	20.676	-12.99
		 C  	-12.755	21.388	-14.291
		 O  	-13.592	22.067	-14.9
		 CB 	-12.912	19.148	-13.193
		 CG 	-14.152	18.486	-13.737
		 CD1	-14.557	18.704	-15.055
		 CD2	-14.967	17.704	-12.923
		 CE1	-15.741	18.173	-15.547
		 CE2	-16.152	17.162	-13.407
		 CZ 	-16.536	17.405	-14.732
		 OH 	-17.706	16.876	-15.246
	374	amino	THR
		 N  	-11.513	21.177	-14.708
		 CA 	-10.952	21.698	-15.94
		 C  	-9.96	20.666	-16.435
		 O  	-9.158	20.141	-15.655
		 CB 	-10.181	23.0	-15.733
		 OG1	-11.074	23.992	-15.255
		 CG2	-9.636	23.502	-17.044
	375	amino	SER
		 N  	-10.041	20.337	-17.715
		 CA 	-9.097	19.389	-18.266
		 C  	-8.532	19.909	-19.545
		 O  	-9.13	20.745	-20.207
		 CB 	-9.747	18.048	-18.539
		 OG 	-10.257	17.51	-17.355
	376	amino	TRP
		 N  	-7.372	19.385	-19.883
		 CA 	-6.679	19.726	-21.099
		 C  	-6.245	18.392	-21.699
		 O  	-5.746	17.509	-20.993
		 CB 	-5.463	20.59	-20.779
		 CG 	-4.318	20.395	-21.718
		 CD1	-3.308	19.445	-21.64
		 CD2	-4.04	21.177	-22.856
		 NE1	-2.425	19.611	-22.672
		 CE2	-2.849	20.672	-23.432
		 CE3	-4.676	22.271	-23.447
		 CZ2	-2.283	21.23	-24.569
		 CZ3	-4.118	22.831	-24.576
		 CH2	-2.924	22.306	-25.13
	377	amino	MET
		 N  	-6.443	18.255	-23.005
		 CA 	-6.062	17.043	-23.712
		 C  	-5.378	17.431	-25.01
		 O  	-5.68	18.472	-25.597
		 CB 	-7.285	16.188	-24.048
		 CG 	-8.036	15.648	-22.855
		 SD 	-9.374	14.523	-23.308
		 CE 	-10.675	15.627	-23.546
	378	amino	ASP
		 N  	-4.444	16.588	-25.433
		 CA 	-3.713	16.766	-26.672
		 C  	-3.227	15.392	-27.083
		 O  	-3.178	14.481	-26.259
		 CB 	-2.528	17.708	-26.511
		 CG 	-2.122	18.353	-27.826
		 OD1	-2.53	17.859	-28.896
		 OD2	-1.415	19.376	-27.798
	379	amino	TRP
		 N  	-2.89	15.234	-28.361
		 CA 	-2.447	13.941	-28.875
		 C  	-1.802	14.066	-30.248
		 O  	-1.997	15.064	-30.951
		 CB 	-3.651	12.994	-28.981
		 CG 	-4.741	13.511	-29.893
		 CD1	-4.865	13.273	-31.238
		 CD2	-5.84	14.367	-29.543
		 NE1	-5.959	13.928	-31.74
		 CE2	-6.578	14.61	-30.73
		 CE3	-6.278	14.952	-28.343
		 CZ2	-7.727	15.414	-30.756
		 CZ3	-7.43	15.761	-28.371
		 CH2	-8.138	15.98	-29.578
	380	amino	SER
		 N  	-1.058	13.035	-30.635
		 CA 	-0.422	12.988	-31.945
		 C  	-1.525	13.05	-33.014
		 O  	-2.462	12.244	-32.98
		 CB 	0.354	11.686	-32.085
		 OG 	1.327	11.604	-31.074
	381	amino	LYS
		 N  	-1.417	14.005	-33.943
		 CA 	-2.417	14.187	-35.003
		 C  	-2.674	12.929	-35.83
		 O  	-3.75	12.768	-36.398
		 CB 	-2.038	15.344	-35.939
		 CG 	-0.623	15.254	-36.503
		 CD 	-0.461	16.088	-37.777
		 CE 	-1.31	15.529	-38.949
		 NZ 	-0.888	14.147	-39.394
	382	amino	LYS
		 N  	-1.691	12.035	-35.89
		 CA 	-1.849	10.81	-36.651
		 C  	-3.001	9.971	-36.138
		 O  	-3.678	9.303	-36.923
		 CB 	-0.574	9.976	-36.636
		 CG 	-0.703	8.752	-37.517
		 CD 	0.632	8.112	-37.85
		 CE 	0.439	7.008	-38.905
		 NZ 	1.693	6.235	-39.184
	383	amino	LEU
		 N  	-3.239	10.034	-34.827
		 CA 	-4.321	9.274	-34.183
		 C  	-5.699	9.523	-34.792
		 O  	-6.567	8.643	-34.746
		 CB 	-4.375	9.561	-32.68
		 CG 	-3.147	9.245	-31.836
		 CD1	-3.4	9.639	-30.384
		 CD2	-2.799	7.776	-31.953
	384	amino	ASN
		 N  	-5.89	10.714	-35.361
		 CA 	-7.155	11.082	-35.991
		 C  	-7.529	10.173	-37.163
		 O  	-8.709	10.05	-37.503
		 CB 	-7.112	12.525	-36.511
		 CG 	-6.836	13.529	-35.431
		 OD1	-6.946	13.227	-34.248
		 ND2	-6.479	14.734	-35.828
	385	amino	ASN
		 N  	-6.533	9.522	-37.759
		 CA 	-6.764	8.677	-38.924
		 C  	-7.15	7.217	-38.689
		 O  	-7.386	6.477	-39.651
		 CB 	-5.553	8.749	-39.858
		 CG 	-5.233	10.182	-40.303
		 OD1	-6.136	11.01	-40.484
		 ND2	-3.942	10.474	-40.488
	386	amino	TYR
		 N  	-7.225	6.804	-37.428
		 CA 	-7.578	5.431	-37.097
		 C  	-8.963	5.094	-37.64
		 O  	-9.182	4.024	-38.209
		 CB 	-7.529	5.235	-35.576
		 CG 	-7.896	3.855	-35.095
		 CD1	-7.044	2.758	-35.3
		 CD2	-9.074	3.647	-34.399
		 CE1	-7.368	1.483	-34.809
		 CE2	-9.409	2.388	-33.904
		 CZ 	-8.558	1.316	-34.107
		 OH 	-8.914	0.1	-33.574
	387	amino	ALA
		 N  	-9.89	6.031	-37.489
		 CA 	-11.263	5.84	-37.946
		 C  	-11.805	7.194	-38.322
		 O  	-11.219	8.198	-37.954
		 CB 	-12.117	5.228	-36.833
	388	amino	SER
		 N  	-12.92	7.234	-39.049
		 CA 	-13.524	8.509	-39.458
		 C  	-14.734	8.894	-38.602
		 O  	-15.135	10.055	-38.593
		 CB 	-13.909	8.47	-40.941
		 OG 	-14.653	7.298	-41.225
	389	amino	ASP
		 N  	-15.316	7.905	-37.916
		 CA 	-16.466	8.092	-37.02
		 C  	-16.035	8.071	-35.532
		 O  	-16.841	7.871	-34.632
		 CB 	-17.543	7.03	-37.296
		 CG 	-16.999	5.589	-37.29
		 OD1	-15.8	5.363	-36.982
		 OD2	-17.795	4.671	-37.613
	390	amino	ASP
		 N  	-14.734	8.26	-35.333
		 CA 	-14.001	8.325	-34.068
		 C  	-14.298	9.662	-33.378
		 O  	-14.92	10.554	-33.95
		 CB 	-12.515	8.404	-34.44
		 CG 	-11.668	7.344	-33.802
		 OD1	-12.209	6.433	-33.153
		 OD2	-10.43	7.423	-33.976
	391	amino	ALA
		 N  	-13.706	9.848	-32.205
		 CA 	-13.845	11.095	-31.471
		 C  	-12.668	11.961	-31.887
		 O  	-12.838	13.107	-32.269
		 CB 	-13.804	10.848	-29.976
	392	amino	LEU
		 N  	-11.467	11.399	-31.833
		 CA 	-10.272	12.149	-32.212
		 C  	-10.3	12.505	-33.681
		 O  	-10.218	11.634	-34.527
		 CB 	-8.999	11.349	-31.923
		 CG 	-8.685	10.949	-30.485
		 CD1	-7.197	10.587	-30.385
		 CD2	-9.016	12.079	-29.528
	393	amino	GLY
		 N  	-10.382	13.788	-33.991
		 CA 	-10.414	14.195	-35.382
		 C  	-11.792	14.565	-35.885
		 O  	-11.925	15.071	-36.996
	394	amino	SER
		 N  	-12.822	14.285	-35.088
		 CA 	-14.188	14.625	-35.464
		 C  	-14.283	16.143	-35.45
		 O  	-13.358	16.825	-35.019
		 CB 	-15.196	14.019	-34.487
		 OG 	-15.076	14.614	-33.211
	395	amino	ASP
		 N  	-15.398	16.679	-35.918
		 CA 	-15.559	18.123	-35.973
		 C  	-15.425	18.805	-34.601
		 O  	-16.15	18.488	-33.651
		 CB 	-16.898	18.459	-36.621
		 CG 	-16.876	19.791	-37.329
		 OD1	-17.135	20.825	-36.665
		 OD2	-16.588	19.798	-38.551
	396	amino	GLY
		 N  	-14.458	19.709	-34.496
		 CA 	-14.241	20.423	-33.251
		 C  	-13.415	19.714	-32.196
		 O  	-13.291	20.207	-31.075
	397	amino	PHE
		 N  	-12.843	18.566	-32.543
		 CA 	-12.031	17.806	-31.606
		 C  	-10.87	17.196	-32.381
		 O  	-10.577	16.017	-32.26
		 CB 	-12.886	16.713	-30.951
		 CG 	-12.41	16.298	-29.573
		 CD1	-12.497	17.183	-28.497
		 CD2	-11.882	15.03	-29.35
		 CE1	-12.068	16.812	-27.233
		 CE2	-11.451	14.653	-28.086
		 CZ 	-11.543	15.541	-27.029
	398	amino	ASN
		 N  	-10.198	18.017	-33.173
		 CA 	-9.089	17.537	-33.984
		 C  	-7.797	18.27	-33.718
		 O  	-6.708	17.722	-33.929
		 CB 	-9.44	17.643	-35.47
		 CG 	-10.064	18.985	-35.83
		 OD1	-11.275	19.084	-36.07
		 ND2	-9.239	20.028	-35.865
	399	amino	SER
		 N  	-7.927	19.505	-33.238
		 CA 	-6.777	20.365	-32.948
		 C  	-5.845	19.779	-31.895
		 O  	-6.053	18.653	-31.419
		 CB 	-7.247	21.757	-32.497
		 OG 	-7.982	22.406	-33.522
	400	amino	GLY
		 N  	-4.805	20.546	-31.571
		 CA 	-3.855	20.138	-30.558
		 C  	-4.552	20.178	-29.204
		 O  	-5.168	19.188	-28.775
	401	amino	GLY
		 N  	-4.517	21.34	-28.561
		 CA 	-5.142	21.48	-27.258
		 C  	-6.656	21.57	-27.195
		 O  	-7.285	22.277	-27.985
	402	amino	GLU
		 N  	-7.238	20.85	-26.24
		 CA 	-8.687	20.839	-26.039
		 C  	-9.002	21.037	-24.563
		 O  	-8.604	20.219	-23.73
		 CB 	-9.286	19.51	-26.513
		 CG 	-9.173	19.249	-28.008
		 CD 	-10.029	20.184	-28.853
		 OE1	-11.14	20.554	-28.402
		 OE2	-9.592	20.544	-29.972
	403	amino	TRP
		 N  	-9.697	22.127	-24.249
		 CA 	-10.081	22.463	-22.881
		 C  	-11.511	22.049	-22.56
		 O  	-12.376	22.107	-23.416
		 CB 	-9.953	23.972	-22.624
		 CG 	-8.55	24.473	-22.55
		 CD1	-7.791	24.968	-23.586
		 CD2	-7.699	24.486	-21.393
		 NE1	-6.524	25.272	-23.146
		 CE2	-6.437	24.99	-21.807
		 CE3	-7.874	24.114	-20.052
		 CZ2	-5.358	25.129	-20.923
		 CZ3	-6.795	24.253	-19.173
		 CH2	-5.554	24.756	-19.617
	404	amino	SER
		 N  	-11.755	21.639	-21.322
		 CA 	-13.102	21.258	-20.894
		 C  	-13.344	21.684	-19.455
		 O  	-12.395	21.858	-18.696
		 CB 	-13.357	19.76	-21.07
		 OG 	-12.271	18.983	-20.607
	405	amino	PHE
		 N  	-14.611	21.914	-19.114
		 CA 	-15.02	22.353	-17.775
		 C  	-16.321	21.662	-17.386
		 O  	-17.112	21.282	-18.251
		 CB 	-15.262	23.869	-17.76
		 CG 	-14.132	24.68	-18.338
		 CD1	-14.068	24.935	-19.711
		 CD2	-13.121	25.186	-17.511
		 CE1	-13.017	25.678	-20.261
		 CE2	-12.058	25.934	-18.043
		 CZ 	-12.008	26.18	-19.428
	406	amino	GLY
		 N  	-16.57	21.53	-16.088
		 CA 	-17.813	20.91	-15.656
		 C  	-17.949	20.642	-14.177
		 O  	-17.096	21.011	-13.389
	407	amino	VAL
		 N  	-19.058	20.006	-13.821
		 CA 	-19.399	19.627	-12.453
		 C  	-20.014	18.232	-12.553
		 O  	-20.709	17.916	-13.516
		 CB 	-20.526	20.509	-11.862
		 CG1	-20.453	20.524	-10.347
		 CG2	-20.504	21.892	-12.432
	408	amino	GLN
		 N  	-19.739	17.393	-11.571
		 CA 	-20.313	16.061	-11.55
		 C  	-20.323	15.528	-10.117
		 O  	-19.612	16.031	-9.253
		 CB 	-19.539	15.072	-12.463
		 CG 	-18.439	14.287	-11.736
		 CD 	-17.921	13.079	-12.484
		 OE1	-16.707	12.951	-12.697
		 NE2	-18.816	12.184	-12.886
	409	amino	MET
		 N  	-21.161	14.519	-9.888
		 CA 	-21.226	13.849	-8.607
		 C  	-20.948	12.383	-8.886
		 O  	-21.094	11.923	-10.013
		 CB 	-22.607	13.996	-7.97
		 CG 	-23.745	13.297	-8.688
		 SD 	-23.788	11.542	-8.428
		 CE 	-25.421	11.166	-8.896
	410	amino	GLU
		 N  	-20.483	11.669	-7.87
		 CA 	-20.257	10.24	-7.976
		 C  	-20.389	9.642	-6.594
		 O  	-19.972	10.271	-5.634
		 CB 	-18.873	9.895	-8.553
		 CG 	-18.686	8.374	-8.687
		 CD 	-17.281	7.961	-9.086
		 OE1	-16.332	8.232	-8.32
		 OE2	-17.117	7.361	-10.169
	411	amino	THR
		 N  	-21.094	8.511	-6.492
		 CA 	-21.236	7.772	-5.23
		 C  	-21.521	6.298	-5.442
		 O  	-21.873	5.831	-6.529
		 CB 	-22.4	8.209	-4.314
		 OG1	-23.629	8.21	-5.058
		 CG2	-22.15	9.504	-3.702
	412	amino	TRP
		 N  	-21.419	5.595	-4.327
		 CA 	-21.73	4.196	-4.241
		 C  	-21.951	3.965	-2.762
		 O  	-21.402	4.675	-1.906
		 CB 	-20.649	3.296	-4.856
		 CG 	-19.285	3.475	-4.348
		 CD1	-18.849	3.194	-3.106
		 CD2	-18.132	3.899	-5.096
		 NE1	-17.499	3.403	-3.022
		 CE2	-17.031	3.832	-4.226
		 CE3	-17.925	4.326	-6.418
		 CZ2	-15.736	4.171	-4.63
		 CZ3	-16.631	4.665	-6.818
		 CH2	-15.555	4.584	-5.926
	413	amino	PHE
		 N  	-22.833	3.031	-2.475
		 CA 	-23.204	2.688	-1.123
		 C  	-23.819	1.293	-1.216
		 O  	-24.421	0.856	-0.21
		 CB 	-24.247	3.693	-0.632
		 CG 	-25.373	3.886	-1.593
		 CD1	-26.431	2.966	-1.653
		 CD2	-25.349	4.935	-2.506
		 CE1	-27.438	3.087	-2.615
		 CE2	-26.361	5.062	-3.478
		 CZ 	-27.401	4.133	-3.529
		 OXT	-23.739	0.682	-2.31

R
	1	amino	SER
		 N  	-29.574	8.555	8.562
		 CA 	-30.56	7.43	8.56
		 C  	-30.195	6.416	7.469
		 O  	-29.019	6.046	7.363
		 CB 	-32.0	7.963	8.399
		 OG 	-32.15	8.792	7.252
	2	amino	GLY
		 N  	-31.163	5.975	6.662
		 CA 	-30.845	5.014	5.625
		 C  	-31.556	5.22	4.304
		 O  	-31.377	6.236	3.616
	3	amino	PHE
		 N  	-32.382	4.236	3.966
		 CA 	-33.152	4.201	2.736
		 C  	-34.538	4.821	2.861
		 O  	-35.177	4.75	3.898
		 CB 	-33.269	2.735	2.282
		 CG 	-34.285	2.496	1.18
		 CD1	-33.926	2.618	-0.157
		 CD2	-35.596	2.118	1.484
		 CE1	-34.849	2.366	-1.17
		 CE2	-36.517	1.869	0.478
		 CZ 	-36.138	1.993	-0.85
	4	amino	GLU
		 N  	-34.99	5.444	1.786
		 CA 	-36.316	6.021	1.743
		 C  	-36.971	5.814	0.373
		 O  	-36.319	5.875	-0.674
		 CB 	-36.273	7.489	2.098
		 CG 	-36.093	7.72	3.569
		 CD 	-36.238	9.173	3.94
		 OE1	-36.882	9.918	3.169
		 OE2	-35.699	9.569	4.999
	5	amino	PHE
		 N  	-38.264	5.524	0.4
		 CA 	-39.018	5.314	-0.809
		 C  	-40.168	6.318	-0.885
		 O  	-41.079	6.301	-0.062
		 CB 	-39.523	3.872	-0.839
		 CG 	-40.389	3.542	-2.019
		 CD1	-39.993	3.874	-3.326
		 CD2	-41.616	2.901	-1.836
		 CE1	-40.815	3.57	-4.418
		 CE2	-42.434	2.597	-2.924
		 CZ 	-42.031	2.933	-4.207
	6	amino	HIS
		 N  	-40.065	7.241	-1.84
		 CA 	-41.084	8.263	-2.108
		 C  	-41.598	8.128	-3.544
		 O  	-40.981	7.465	-4.365
		 CB 	-40.506	9.641	-1.894
		 CG 	-40.012	9.857	-0.5
		 ND1	-40.833	9.756	0.604
		 CD2	-38.779	10.142	-0.025
		 CE1	-40.126	9.972	1.696
		 NE2	-38.875	10.208	1.341
	7	amino	GLY
		 N  	-42.753	8.705	-3.843
		 CA 	-43.248	8.578	-5.192
		 C  	-44.553	9.26	-5.455
		 O  	-45.086	9.958	-4.594
	8	amino	TYR
		 N  	-45.003	9.143	-6.696
		 CA 	-46.279	9.713	-7.116
		 C  	-46.87	8.695	-8.073
		 O  	-46.129	7.972	-8.741
		 CB 	-46.098	11.062	-7.818
		 CG 	-47.335	11.513	-8.545
		 CD1	-47.586	11.109	-9.866
		 CD2	-48.305	12.262	-7.89
		 CE1	-48.791	11.427	-10.51
		 CE2	-49.511	12.597	-8.525
		 CZ 	-49.744	12.172	-9.829
		 OH 	-50.938	12.509	-10.418
	9	amino	ALA
		 N  	-48.195	8.624	-8.11
		 CA 	-48.883	7.688	-8.979
		 C  	-50.351	7.989	-9.173
		 O  	-51.083	8.289	-8.224
		 CB 	-48.728	6.284	-8.474
	10	amino	ARG
		 N  	-50.752	7.975	-10.433
		 CA 	-52.14	8.177	-10.828
		 C  	-52.423	6.951	-11.699
		 O  	-51.515	6.403	-12.33
		 CB 	-52.311	9.461	-11.661
		 CG 	-52.103	9.274	-13.168
		 CD 	-52.497	10.515	-14.011
		 NE 	-51.685	11.681	-13.693
		 CZ 	-50.649	12.117	-14.401
		 NH1	-50.281	11.504	-15.514
		 NH2	-49.927	13.126	-13.928
	11	amino	SER
		 N  	-53.646	6.454	-11.65
		 CA 	-54.003	5.329	-12.48
		 C  	-55.5	5.255	-12.464
		 O  	-56.135	5.422	-11.421
		 CB 	-53.393	4.038	-11.968
		 OG 	-53.761	2.974	-12.821
	12	amino	GLY
		 N  	-56.072	5.041	-13.632
		 CA 	-57.508	4.974	-13.708
		 C  	-58.034	4.798	-15.102
		 O  	-57.276	4.771	-16.056
	13	amino	VAL
		 N  	-59.36	4.803	-15.185
		 CA 	-60.105	4.586	-16.407
		 C  	-61.084	5.729	-16.722
		 O  	-61.638	6.354	-15.803
		 CB 	-60.866	3.252	-16.228
		 CG1	-62.118	3.209	-17.045
		 CG2	-59.948	2.093	-16.55
	14	amino	ILE
		 N  	-61.256	6.022	-18.017
		 CA 	-62.194	7.043	-18.51
		 C  	-62.879	6.454	-19.734
		 O  	-62.21	5.959	-20.635
		 CB 	-61.498	8.334	-18.952
		 CG1	-60.717	8.949	-17.791
		 CG2	-62.543	9.344	-19.476
		 CD1	-60.215	10.362	-18.059
	15	amino	MET
		 N  	-64.207	6.473	-19.757
		 CA 	-64.979	5.929	-20.878
		 C  	-66.1	6.887	-21.198
		 O  	-66.402	7.757	-20.395
		 CB 	-65.572	4.57	-20.519
		 CG 	-66.559	4.605	-19.371
		 SD 	-67.138	2.941	-18.964
		 CE 	-68.894	3.169	-19.156
	16	amino	ASN
		 N  	-66.666	6.79	-22.398
		 CA 	-67.786	7.664	-22.771
		 C  	-69.105	6.956	-22.459
		 O  	-69.111	5.816	-21.947
		 CB 	-67.714	8.088	-24.253
		 CG 	-67.743	6.899	-25.234
		 OD1	-68.362	5.851	-24.998
		 ND2	-67.078	7.082	-26.355
	17	amino	ASP
		 N  	-70.219	7.602	-22.801
		 CA 	-71.54	7.025	-22.531
		 C  	-71.852	5.731	-23.287
		 O  	-72.883	5.094	-23.028
		 CB 	-72.647	8.066	-22.751
		 CG 	-72.487	8.819	-24.059
		 OD1	-71.763	9.847	-24.063
		 OD2	-73.063	8.377	-25.077
	18	amino	SER
		 N  	-70.944	5.313	-24.173
		 CA 	-71.144	4.08	-24.944
		 C  	-70.26	2.962	-24.417
		 O  	-70.317	1.831	-24.915
		 CB 	-70.841	4.315	-26.43
		 OG 	-71.534	5.45	-26.911
	19	amino	GLY
		 N  	-69.431	3.281	-23.422
		 CA 	-68.531	2.283	-22.857
		 C  	-67.321	2.038	-23.752
		 O  	-66.813	0.9	-23.851
	20	amino	ALA
		 N  	-66.858	3.105	-24.414
		 CA 	-65.705	3.021	-25.322
		 C  	-64.728	4.159	-25.043
		 O  	-65.05	5.075	-24.29
		 CB 	-66.18	3.073	-26.767
	21	amino	SER
		 N  	-63.556	4.135	-25.67
		 CA 	-62.567	5.184	-25.428
		 C  	-62.965	6.586	-25.854
		 O  	-63.919	6.767	-26.59
		 CB 	-61.209	4.815	-26.038
		 OG 	-61.306	4.54	-27.416
	22	amino	THR
		 N  	-62.267	7.578	-25.309
		 CA 	-62.484	8.99	-25.619
		 C  	-61.172	9.726	-25.394
		 O  	-60.177	9.151	-24.965
		 CB 	-63.512	9.682	-24.694
		 OG1	-63.783	8.855	-23.559
		 CG2	-64.784	10.03	-25.433
	23	amino	LYS
		 N  	-61.21	11.025	-25.627
		 CA 	-60.054	11.873	-25.453
		 C  	-60.108	12.502	-24.058
		 O  	-61.189	12.859	-23.559
		 CB 	-60.044	12.947	-26.556
		 CG 	-60.146	12.377	-27.98
		 CD 	-59.044	11.357	-28.231
		 CE 	-58.924	10.995	-29.706
		 NZ 	-60.206	10.432	-30.252
	24	amino	SER
		 N  	-58.943	12.636	-23.431
		 CA 	-58.846	13.205	-22.092
		 C  	-57.445	13.764	-21.898
		 O  	-56.54	13.451	-22.683
		 CB 	-59.103	12.12	-21.049
		 OG 	-58.194	11.034	-21.183
	25	amino	GLY
		 N  	-57.263	14.617	-20.888
		 CA 	-55.941	15.168	-20.65
		 C  	-55.951	16.623	-20.265
		 O  	-56.763	17.399	-20.75
	26	amino	ALA
		 N  	-55.037	17.011	-19.393
		 CA 	-55.014	18.386	-18.954
		 C  	-54.619	19.304	-20.095
		 O  	-54.909	20.499	-20.07
		 CB 	-54.06	18.548	-17.773
	27	amino	TYR
		 N  	-53.974	18.738	-21.11
		 CA 	-53.519	19.529	-22.259
		 C  	-54.182	19.179	-23.605
		 O  	-53.54	19.28	-24.65
		 CB 	-51.999	19.382	-22.399
		 CG 	-51.211	19.909	-21.23
		 CD1	-51.012	19.137	-20.087
		 CD2	-50.663	21.181	-21.275
		 CE1	-50.28	19.631	-19.009
		 CE2	-49.929	21.688	-20.219
		 CZ 	-49.741	20.91	-19.085
		 OH 	-49.021	21.439	-18.039
	28	amino	ILE
		 N  	-55.459	18.809	-23.599
		 CA 	-56.091	18.436	-24.854
		 C  	-56.626	19.527	-25.757
		 O  	-56.903	19.262	-26.918
		 CB 	-57.201	17.398	-24.695
		 CG1	-58.263	17.879	-23.713
		 CG2	-56.584	16.019	-24.408
		 CD1	-59.543	17.065	-23.847
	29	amino	THR
		 N  	-56.825	20.727	-25.236
		 CA 	-57.317	21.776	-26.093
		 C  	-56.152	22.288	-26.962
		 O  	-54.987	21.956	-26.726
		 CB 	-57.872	22.947	-25.286
		 OG1	-56.788	23.647	-24.656
		 CG2	-58.844	22.46	-24.252
	30	amino	PRO
		 N  	-56.476	22.975	-28.067
		 CA 	-55.448	23.528	-28.948
		 C  	-54.448	24.372	-28.145
		 O  	-53.243	24.37	-28.421
		 CB 	-56.281	24.407	-29.881
		 CG 	-57.491	23.536	-30.112
		 CD 	-57.788	22.94	-28.745
	31	amino	ALA
		 N  	-54.95	25.083	-27.135
		 CA 	-54.103	25.95	-26.301
		 C  	-53.055	25.163	-25.514
		 O  	-52.043	25.728	-25.106
		 CB 	-54.971	26.777	-25.346
	32	amino	GLY
		 N  	-53.296	23.859	-25.351
		 CA 	-52.411	22.986	-24.6
		 C  	-51.014	22.787	-25.149
		 O  	-50.087	22.426	-24.399
	33	amino	GLU
		 N  	-50.856	23.0	-26.453
		 CA 	-49.549	22.839	-27.091
		 C  	-48.602	23.916	-26.613
		 O  	-47.385	23.75	-26.683
		 CB 	-49.659	22.904	-28.611
		 CG 	-50.564	21.857	-29.202
		 CD 	-50.423	21.729	-30.712
		 OE1	-49.834	22.637	-31.364
		 OE2	-50.918	20.705	-31.239
	34	amino	THR
		 N  	-49.16	25.04	-26.18
		 CA 	-48.332	26.115	-25.665
		 C  	-48.421	26.228	-24.132
		 O  	-47.997	27.236	-23.545
		 CB 	-48.606	27.471	-26.368
		 OG1	-50.016	27.708	-26.468
		 CG2	-47.975	27.472	-27.76
	35	amino	GLY
		 N  	-48.913	25.16	-23.494
		 CA 	-49.007	25.114	-22.044
		 C  	-50.353	25.457	-21.427
		 O  	-50.447	25.604	-20.218
	36	amino	GLY
		 N  	-51.398	25.556	-22.243
		 CA 	-52.716	25.91	-21.745
		 C  	-53.494	24.766	-21.136
		 O  	-54.521	24.323	-21.677
	37	amino	ALA
		 N  	-53.013	24.306	-19.984
		 CA 	-53.638	23.214	-19.243
		 C  	-55.036	23.525	-18.707
		 O  	-55.385	24.688	-18.476
		 CB 	-52.745	22.826	-18.095
	38	amino	ILE
		 N  	-55.858	22.486	-18.587
		 CA 	-57.195	22.623	-18.013
		 C  	-57.28	21.643	-16.853
		 O  	-56.345	20.872	-16.617
		 CB 	-58.355	22.317	-18.992
		 CG1	-58.176	20.952	-19.642
		 CG2	-58.571	23.488	-19.958
		 CD1	-59.403	20.488	-20.351
	39	amino	GLY
		 N  	-58.392	21.689	-16.128
		 CA 	-58.584	20.809	-14.997
		 C  	-58.287	19.367	-15.312
		 O  	-58.591	18.873	-16.399
	40	amino	ARG
		 N  	-57.707	18.681	-14.339
		 CA 	-57.351	17.291	-14.501
		 C  	-58.292	16.281	-13.872
		 O  	-58.121	15.087	-14.096
		 CB 	-55.982	17.064	-13.908
		 CG 	-55.962	17.048	-12.389
		 CD 	-54.898	16.071	-11.943
		 NE 	-53.639	16.695	-11.546
		 CZ 	-52.441	16.142	-11.696
		 NH1	-52.306	14.958	-12.269
		 NH2	-51.384	16.732	-11.161
	41	amino	LEU
		 N  	-59.256	16.733	-13.064
		 CA 	-60.173	15.804	-12.404
		 C  	-61.026	15.025	-13.401
		 O  	-61.712	15.61	-14.239
		 CB 	-61.087	16.54	-11.416
		 CG 	-61.286	15.974	-9.996
		 CD1	-62.625	16.459	-9.454
		 CD2	-61.228	14.463	-9.964
	42	amino	GLY
		 N  	-61.009	13.702	-13.28
		 CA 	-61.786	12.867	-14.176
		 C  	-61.379	13.149	-15.604
		 O  	-62.188	12.952	-16.515
	43	amino	ASN
		 N  	-60.126	13.583	-15.791
		 CA 	-59.595	13.93	-17.105
		 C  	-58.137	13.469	-17.338
		 O  	-57.341	14.208	-17.916
		 CB 	-59.722	15.447	-17.288
		 CG 	-59.5	15.9	-18.726
		 OD1	-59.692	15.138	-19.675
		 ND2	-59.097	17.158	-18.885
	44	amino	GLN
		 N  	-57.781	12.288	-16.817
		 CA 	-56.458	11.667	-16.994
		 C  	-56.658	10.156	-16.926
		 O  	-56.993	9.598	-15.865
		 CB 	-55.474	12.095	-15.922
		 CG 	-55.006	13.516	-16.084
		 CD 	-53.892	13.883	-15.117
		 OE1	-52.907	14.499	-15.512
		 NE2	-54.056	13.537	-13.84
	45	amino	ALA
		 N  	-56.523	9.494	-18.075
		 CA 	-56.712	8.049	-18.144
		 C  	-55.417	7.26	-18.175
		 O  	-55.454	6.037	-18.325
		 CB 	-57.575	7.696	-19.353
	46	amino	ASP
		 N  	-54.279	7.946	-18.06
		 CA 	-52.977	7.287	-18.064
		 C  	-52.544	6.736	-16.712
		 O  	-53.098	7.09	-15.669
		 CB 	-51.886	8.221	-18.597
		 CG 	-51.697	9.482	-17.744
		 OD1	-52.625	9.849	-16.995
		 OD2	-50.619	10.13	-17.839
	47	amino	THR
		 N  	-51.607	5.796	-16.751
		 CA 	-51.053	5.195	-15.557
		 C  	-49.634	5.735	-15.49
		 O  	-48.734	5.249	-16.181
		 CB 	-51.072	3.671	-15.617
		 OG1	-52.431	3.217	-15.575
		 CG2	-50.338	3.077	-14.44
	48	amino	TYR
		 N  	-49.481	6.828	-14.733
		 CA 	-48.21	7.515	-14.548
		 C  	-47.607	7.231	-13.17
		 O  	-48.273	7.356	-12.145
		 CB 	-48.401	9.012	-14.748
		 CG 	-47.091	9.763	-14.722
		 CD1	-46.139	9.593	-15.747
		 CD2	-46.78	10.613	-13.661
		 CE1	-44.913	10.25	-15.7
		 CE2	-45.558	11.275	-13.607
		 CZ 	-44.629	11.085	-14.619
		 OH 	-43.382	11.662	-14.518
	49	amino	VAL
		 N  	-46.322	6.893	-13.153
		 CA 	-45.636	6.569	-11.921
		 C  	-44.234	7.175	-11.81
		 O  	-43.445	7.185	-12.763
		 CB 	-45.497	5.029	-11.766
		 CG1	-44.722	4.677	-10.506
		 CG2	-46.865	4.374	-11.695
	50	amino	GLU
		 N  	-43.929	7.687	-10.626
		 CA 	-42.611	8.205	-10.349
		 C  	-42.173	7.444	-9.106
		 O  	-42.905	7.399	-8.105
		 CB 	-42.647	9.7	-10.095
		 CG 	-42.805	10.497	-11.348
		 CD 	-43.003	11.971	-11.088
		 OE1	-43.16	12.361	-9.913
		 OE2	-43.023	12.756	-12.062
	51	amino	MET
		 N  	-41.045	6.749	-9.221
		 CA 	-40.48	5.985	-8.124
		 C  	-39.179	6.633	-7.705
		 O  	-38.238	6.698	-8.493
		 CB 	-40.234	4.558	-8.564
		 CG 	-41.513	3.82	-8.866
		 SD 	-41.209	2.276	-9.711
		 CE 	-41.343	2.829	-11.449
	52	amino	ASN
		 N  	-39.156	7.149	-6.476
		 CA 	-37.984	7.81	-5.888
		 C  	-37.298	6.938	-4.823
		 O  	-37.88	6.652	-3.778
		 CB 	-38.414	9.135	-5.275
		 CG 	-39.089	10.04	-6.286
		 OD1	-38.571	10.226	-7.371
		 ND2	-40.25	10.59	-5.942
	53	amino	LEU
		 N  	-36.111	6.438	-5.147
		 CA 	-35.327	5.618	-4.232
		 C  	-34.229	6.5	-3.667
		 O  	-33.451	7.08	-4.425
		 CB 	-34.694	4.438	-4.969
		 CG 	-35.635	3.494	-5.736
		 CD1	-34.835	2.366	-6.315
		 CD2	-36.684	2.927	-4.837
	54	amino	GLU
		 N  	-34.171	6.627	-2.342
		 CA 	-33.149	7.478	-1.719
		 C  	-32.251	6.762	-0.743
		 O  	-32.597	5.709	-0.209
		 CB 	-33.794	8.656	-0.987
		 CG 	-34.708	9.462	-1.858
		 CD 	-35.082	10.796	-1.261
		 OE1	-34.283	11.395	-0.505
		 OE2	-36.183	11.275	-1.584
	55	amino	HIS
		 N  	-31.087	7.356	-0.526
		 CA 	-30.114	6.86	0.425
		 C  	-29.616	8.094	1.185
		 O  	-28.816	8.871	0.668
		 CB 	-28.966	6.138	-0.276
		 CG 	-27.946	5.582	0.665
		 ND1	-26.801	6.268	1.007
		 CD2	-27.908	4.421	1.359
		 CE1	-26.101	5.552	1.872
		 NE2	-26.753	4.427	2.102
	56	amino	LYS
		 N  	-30.195	8.32	2.367
		 CA 	-29.84	9.464	3.211
		 C  	-28.765	9.084	4.238
		 O  	-28.524	7.909	4.496
		 CB 	-31.08	10.021	3.915
		 CG 	-32.013	10.856	3.046
		 CD 	-33.166	11.37	3.901
		 CE 	-33.867	12.592	3.313
		 NZ 	-34.928	12.282	2.304
	57	amino	GLN
		 N  	-28.103	10.081	4.809
		 CA 	-27.056	9.835	5.794
		 C  	-26.749	11.112	6.563
		 O  	-26.456	12.15	5.968
		 CB 	-25.804	9.34	5.087
		 CG 	-24.628	9.037	5.983
		 CD 	-23.385	8.602	5.187
		 OE1	-23.228	8.935	3.992
		 NE2	-22.491	7.859	5.852
	58	amino	THR
		 N  	-26.904	11.059	7.882
		 CA 	-26.606	12.22	8.716
		 C  	-25.399	11.853	9.554
		 O  	-25.388	10.802	10.174
		 CB 	-27.783	12.586	9.634
		 OG1	-28.927	12.909	8.832
		 CG2	-27.433	13.788	10.505
	59	amino	LEU
		 N  	-24.335	12.642	9.457
		 CA 	-23.137	12.375	10.24
		 C  	-23.253	13.059	11.61
		 O  	-24.127	13.918	11.834
		 CB 	-21.872	12.83	9.501
		 CG 	-21.263	11.851	8.49
		 CD1	-22.122	11.759	7.27
		 CD2	-19.884	12.306	8.098
	60	amino	ASP
		 N  	-22.396	12.642	12.536
		 CA 	-22.394	13.191	13.89
		 C  	-22.167	14.709	13.972
		 O  	-22.714	15.374	14.858
		 CB 	-21.376	12.437	14.751
		 CG 	-20.147	12.0	13.955
		 OD1	-19.691	12.771	13.069
		 OD2	-19.652	10.875	14.211
	61	amino	ASN
		 N  	-21.398	15.26	13.033
		 CA 	-21.128	16.7	13.023
		 C  	-22.234	17.55	12.399
		 O  	-22.031	18.744	12.147
		 CB 	-19.791	17.002	12.35
		 CG 	-19.675	16.375	10.985
		 OD1	-20.671	16.19	10.282
		 ND2	-18.456	16.035	10.601
	62	amino	GLY
		 N  	-23.392	16.93	12.148
		 CA 	-24.53	17.638	11.574
		 C  	-24.613	17.621	10.049
		 O  	-25.657	17.991	9.474
	63	amino	ALA
		 N  	-23.51	17.213	9.409
		 CA 	-23.41	17.137	7.959
		 C  	-24.264	15.998	7.388
		 O  	-24.252	14.86	7.873
		 CB 	-21.96	16.982	7.539
	64	amino	THR
		 N  	-25.045	16.331	6.372
		 CA 	-25.902	15.359	5.74
		 C  	-25.442	15.05	4.333
		 O  	-24.81	15.856	3.657
		 CB 	-27.352	15.831	5.717
		 OG1	-27.447	17.067	4.996
		 CG2	-27.851	16.03	7.148
	65	amino	THR
		 N  	-25.774	13.847	3.91
		 CA 	-25.441	13.336	2.6
		 C  	-26.768	12.808	2.087
		 O  	-27.559	12.277	2.864
		 CB 	-24.386	12.219	2.75
		 OG1	-23.094	12.713	2.376
		 CG2	-24.738	11.004	1.981
	66	amino	ARG
		 N  	-27.059	13.048	0.806
		 CA 	-28.308	12.574	0.206
		 C  	-28.214	12.212	-1.27
		 O  	-27.803	13.027	-2.095
		 CB 	-29.4	13.613	0.354
		 CG 	-30.717	13.097	-0.134
		 CD 	-31.638	14.244	-0.442
		 NE 	-32.944	13.772	-0.86
		 CZ 	-33.841	14.511	-1.504
		 NH1	-33.581	15.784	-1.831
		 NH2	-35.013	13.961	-1.811
	67	amino	PHE
		 N  	-28.615	10.988	-1.588
		 CA 	-28.627	10.504	-2.962
		 C  	-30.053	10.088	-3.313
		 O  	-30.71	9.386	-2.536
		 CB 	-27.69	9.297	-3.149
		 CG 	-27.918	8.56	-4.45
		 CD1	-27.41	9.057	-5.644
		 CD2	-28.718	7.41	-4.491
		 CE1	-27.692	8.437	-6.864
		 CE2	-29.006	6.778	-5.708
		 CZ 	-28.486	7.305	-6.898
	68	amino	LYS
		 N  	-30.5	10.485	-4.501
		 CA 	-31.844	10.159	-4.974
		 C  	-31.903	9.837	-6.488
		 O  	-31.214	10.483	-7.29
		 CB 	-32.801	11.324	-4.653
		 CG 	-34.198	11.194	-5.274
		 CD 	-34.936	12.521	-5.301
		 CE 	-36.344	12.355	-5.829
		 NZ 	-37.148	13.523	-5.449
	69	amino	VAL
		 N  	-32.687	8.814	-6.848
		 CA 	-32.917	8.419	-8.249
		 C  	-34.417	8.442	-8.509
		 O  	-35.203	7.957	-7.679
		 CB 	-32.632	6.94	-8.578
		 CG1	-32.101	6.82	-9.984
		 CG2	-31.773	6.273	-7.558
	70	amino	MET
		 N  	-34.82	8.97	-9.661
		 CA 	-36.221	8.938	-10.033
		 C  	-36.324	8.119	-11.314
		 O  	-35.592	8.342	-12.285
		 CB 	-36.803	10.317	-10.285
		 CG 	-38.285	10.264	-10.679
		 SD 	-38.919	11.911	-10.982
		 CE 	-39.841	12.263	-9.566
	71	amino	VAL
		 N  	-37.185	7.113	-11.265
		 CA 	-37.468	6.248	-12.392
		 C  	-38.973	6.457	-12.671
		 O  	-39.804	6.227	-11.805
		 CB 	-37.129	4.785	-12.065
		 CG1	-37.562	3.872	-13.191
		 CG2	-35.635	4.643	-11.847
	72	amino	ALA
		 N  	-39.293	6.993	-13.852
		 CA 	-40.666	7.268	-14.218
		 C  	-41.161	6.533	-15.456
		 O  	-40.385	6.029	-16.27
		 CB 	-40.848	8.751	-14.399
	73	amino	ASP
		 N  	-42.481	6.451	-15.558
		 CA 	-43.146	5.825	-16.677
		 C  	-44.58	6.338	-16.787
		 O  	-45.225	6.627	-15.776
		 CB 	-43.157	4.309	-16.545
		 CG 	-43.886	3.636	-17.707
		 OD1	-43.653	4.028	-18.863
		 OD2	-44.712	2.732	-17.477
	74	amino	GLY
		 N  	-45.036	6.503	-18.029
		 CA 	-46.396	6.944	-18.311
		 C  	-46.953	6.054	-19.423
		 O  	-46.296	5.913	-20.459
	75	amino	GLN
		 N  	-48.099	5.411	-19.192
		 CA 	-48.745	4.531	-20.172
		 C  	-50.22	4.891	-20.38
		 O  	-50.928	5.217	-19.415
		 CB 	-48.73	3.082	-19.699
		 CG 	-47.361	2.446	-19.607
		 CD 	-46.665	2.361	-20.95
		 OE1	-47.2	1.801	-21.914
		 NE2	-45.465	2.905	-21.016
	76	amino	THR
		 N  	-50.693	4.852	-21.626
		 CA 	-52.115	5.097	-21.842
		 C  	-52.855	3.751	-21.849
		 O  	-54.055	3.694	-21.545
		 CB 	-52.419	5.931	-23.112
		 OG1	-51.884	5.28	-24.259
		 CG2	-51.801	7.308	-22.994
	77	amino	SER
		 N  	-52.115	2.671	-22.111
		 CA 	-52.678	1.325	-22.136
		 C  	-53.195	0.867	-20.766
		 O  	-52.639	1.244	-19.732
		 CB 	-51.63	0.34	-22.637
		 OG 	-52.123	-0.995	-22.609
	78	amino	TYR
		 N  	-54.216	0.016	-20.759
		 CA 	-54.798	-0.502	-19.51
		 C  	-54.276	-1.884	-19.179
		 O  	-54.598	-2.436	-18.109
		 CB 	-56.319	-0.657	-19.611
		 CG 	-57.134	0.617	-19.718
		 CD1	-56.673	1.825	-19.2
		 CD2	-58.392	0.597	-20.318
		 CE1	-57.451	2.983	-19.277
		 CE2	-59.179	1.746	-20.403
		 CZ 	-58.707	2.929	-19.883
		 OH 	-59.506	4.062	-19.963
	79	amino	ASN
		 N  	-53.506	-2.47	-20.09
		 CA 	-53.031	-3.831	-19.866
		 C  	-51.98	-4.005	-18.806
		 O  	-51.242	-3.057	-18.469
		 CB 	-52.574	-4.446	-21.175
		 CG 	-53.66	-4.415	-22.209
		 OD1	-54.852	-4.31	-21.873
		 ND2	-53.271	-4.468	-23.472
	80	amino	ASP
		 N  	-51.907	-5.239	-18.307
		 CA 	-50.977	-5.62	-17.25
		 C  	-49.54	-5.834	-17.698
		 O  	-48.68	-6.108	-16.881
		 CB 	-51.469	-6.883	-16.585
		 CG 	-51.702	-7.994	-17.571
		 OD1	-52.769	-7.998	-18.195
		 OD2	-50.837	-8.869	-17.731
	81	amino	TRP
		 N  	-49.294	-5.791	-19.001
		 CA 	-47.948	-5.975	-19.55
		 C  	-47.794	-4.969	-20.656
		 O  	-48.554	-4.982	-21.625
		 CB 	-47.79	-7.379	-20.105
		 CG 	-46.457	-7.636	-20.692
		 CD1	-46.121	-7.532	-22.004
		 CD2	-45.284	-8.123	-20.009
		 NE1	-44.818	-7.935	-22.194
		 CE2	-44.275	-8.303	-20.994
		 CE3	-44.984	-8.434	-18.67
		 CZ2	-42.985	-8.781	-20.683
		 CZ3	-43.7	-8.913	-18.356
		 CH2	-42.714	-9.082	-19.364
	82	amino	THR
		 N  	-46.862	-4.045	-20.482
		 CA 	-46.655	-3.009	-21.478
		 C  	-45.205	-2.858	-21.928
		 O  	-44.72	-1.745	-22.154
		 CB 	-47.204	-1.669	-20.974
		 OG1	-46.65	-1.388	-19.685
		 CG2	-48.694	-1.747	-20.854
	83	amino	ALA
		 N  	-44.521	-3.979	-22.108
		 CA 	-43.135	-3.939	-22.54
		 C  	-42.886	-3.229	-23.892
		 O  	-41.936	-2.448	-24.033
		 CB 	-42.57	-5.341	-22.558
	84	amino	SER
		 N  	-43.768	-3.464	-24.855
		 CA 	-43.645	-2.903	-26.194
		 C  	-43.707	-1.389	-26.257
		 O  	-43.032	-0.779	-27.08
		 CB 	-44.713	-3.497	-27.112
		 OG 	-46.001	-3.036	-26.737
	85	amino	THR
		 N  	-44.496	-0.783	-25.37
		 CA 	-44.665	0.677	-25.318
		 C  	-44.14	1.327	-24.031
		 O  	-44.508	2.471	-23.727
		 CB 	-46.145	1.04	-25.39
		 OG1	-46.833	0.339	-24.347
		 CG2	-46.74	0.646	-26.741
	86	amino	SER
		 N  	-43.282	0.625	-23.292
		 CA 	-42.765	1.147	-22.038
		 C  	-41.95	2.428	-22.132
		 O  	-41.078	2.539	-22.977
		 CB 	-41.954	0.084	-21.32
		 OG 	-41.531	0.587	-20.074
	87	amino	ASP
		 N  	-42.196	3.378	-21.229
		 CA 	-41.449	4.641	-21.236
		 C  	-40.528	4.803	-20.033
		 O  	-40.023	5.893	-19.779
		 CB 	-42.402	5.849	-21.327
		 CG 	-42.755	6.23	-22.776
		 OD1	-42.19	5.635	-23.728
		 OD2	-43.604	7.138	-22.962
	88	amino	LEU
		 N  	-40.3	3.71	-19.311
		 CA 	-39.464	3.687	-18.112
		 C  	-38.111	4.368	-18.335
		 O  	-37.356	3.953	-19.195
		 CB 	-39.264	2.225	-17.686
		 CG 	-39.468	1.697	-16.248
		 CD1	-40.627	2.337	-15.483
		 CD2	-39.715	0.199	-16.356
	89	amino	ASN
		 N  	-37.835	5.451	-17.605
		 CA 	-36.551	6.139	-17.734
		 C  	-36.124	6.82	-16.464
		 O  	-36.951	7.17	-15.634
		 CB 	-36.555	7.175	-18.863
		 CG 	-37.518	8.309	-18.628
		 OD1	-37.108	9.442	-18.445
		 ND2	-38.803	8.01	-18.635
	90	amino	VAL
		 N  	-34.819	7.021	-16.339
		 CA 	-34.241	7.669	-15.186
		 C  	-34.353	9.153	-15.395
		 O  	-33.673	9.728	-16.239
		 CB 	-32.77	7.286	-14.979
		 CG1	-32.215	7.994	-13.756
		 CG2	-32.642	5.799	-14.822
	91	amino	ARG
		 N  	-35.237	9.754	-14.603
		 CA 	-35.534	11.175	-14.625
		 C  	-34.547	12.013	-13.827
		 O  	-34.328	13.175	-14.157
		 CB 	-36.923	11.37	-14.036
		 CG 	-38.069	10.866	-14.863
		 CD 	-38.517	12.005	-15.715
		 NE 	-39.869	12.401	-15.405
		 CZ 	-40.365	13.611	-15.581
		 NH1	-39.603	14.572	-16.05
		 NH2	-41.655	13.829	-15.354
	92	amino	GLN
		 N  	-34.047	11.456	-12.718
		 CA 	-33.098	12.133	-11.82
		 C  	-32.111	11.161	-11.189
		 O  	-32.404	9.988	-10.987
		 CB 	-33.826	12.838	-10.657
		 CG 	-34.963	13.74	-11.072
		 CD 	-35.624	14.432	-9.911
		 OE1	-36.76	14.123	-9.557
		 NE2	-34.941	15.409	-9.344
	93	amino	ALA
		 N  	-30.947	11.694	-10.848
		 CA 	-29.868	10.957	-10.193
		 C  	-28.933	12.044	-9.676
		 O  	-28.122	12.571	-10.437
		 CB 	-29.15	10.062	-11.178
	94	amino	PHE
		 N  	-29.097	12.441	-8.413
		 CA 	-28.262	13.491	-7.848
		 C  	-27.794	13.257	-6.42
		 O  	-28.272	12.371	-5.713
		 CB 	-28.967	14.846	-7.943
		 CG 	-30.227	14.946	-7.126
		 CD1	-31.444	14.532	-7.652
		 CD2	-30.208	15.517	-5.852
		 CE1	-32.615	14.692	-6.929
		 CE2	-31.372	15.678	-5.132
		 CZ 	-32.577	15.269	-5.671
	95	amino	VAL
		 N  	-26.881	14.118	-5.994
		 CA 	-26.296	14.051	-4.677
		 C  	-26.353	15.417	-4.063
		 O  	-26.105	16.414	-4.73
		 CB 	-24.799	13.579	-4.735
		 CG1	-24.087	13.897	-3.432
		 CG2	-24.708	12.078	-4.961
	96	amino	GLU
		 N  	-26.749	15.449	-2.797
		 CA 	-26.801	16.683	-2.019
		 C  	-25.898	16.535	-0.78
		 O  	-25.864	15.475	-0.131
		 CB 	-28.239	17.017	-1.585
		 CG 	-29.11	17.583	-2.689
		 CD 	-30.553	17.771	-2.25
		 OE1	-31.034	16.967	-1.427
		 OE2	-31.227	18.707	-2.727
	97	amino	LEU
		 N  	-25.08	17.555	-0.548
		 CA 	-24.201	17.613	0.621
		 C  	-24.71	18.821	1.409
		 O  	-24.58	19.947	0.949
		 CB 	-22.738	17.833	0.234
		 CG 	-22.074	16.767	-0.637
		 CD1	-20.597	17.063	-0.757
		 CD2	-22.28	15.416	-0.049
	98	amino	GLY
		 N  	-25.366	18.57	2.537
		 CA 	-25.883	19.653	3.344
		 C  	-25.188	19.859	4.682
		 O  	-24.451	19.001	5.171
	99	amino	ASN
		 N  	-25.382	21.06	5.222
		 CA 	-24.862	21.476	6.512
		 C  	-23.415	21.034	6.78
		 O  	-23.13	20.345	7.759
		 CB 	-25.828	20.977	7.591
		 CG 	-25.687	21.721	8.898
		 OD1	-25.444	22.932	8.923
		 ND2	-25.839	20.998	10.002
	100	amino	LEU
		 N  	-22.51	21.396	5.874
		 CA 	-21.096	21.052	6.032
		 C  	-20.448	21.953	7.092
		 O  	-20.645	23.177	7.083
		 CB 	-20.346	21.18	4.702
		 CG 	-20.727	20.194	3.589
		 CD1	-19.758	20.315	2.425
		 CD2	-20.725	18.777	4.121
	101	amino	PRO
		 N  	-19.672	21.361	8.023
		 CA 	-19.006	22.117	9.094
		 C  	-18.092	23.199	8.582
		 O  	-18.015	24.282	9.145
		 CB 	-18.25	21.041	9.863
		 CG 	-18.055	19.963	8.859
		 CD 	-19.363	19.928	8.138
	102	amino	THR
		 N  	-17.49	22.917	7.44
		 CA 	-16.564	23.806	6.766
		 C  	-17.193	25.063	6.162
		 O  	-16.505	26.042	5.932
		 CB 	-15.794	22.974	5.726
		 OG1	-14.562	22.555	6.315
		 CG2	-15.586	23.696	4.367
	103	amino	PHE
		 N  	-18.503	25.04	5.943
		 CA 	-19.229	26.168	5.366
		 C  	-19.613	27.19	6.414
		 O  	-20.457	26.918	7.271
		 CB 	-20.497	25.673	4.677
		 CG 	-20.257	25.045	3.344
		 CD1	-19.016	24.507	3.024
		 CD2	-21.263	25.019	2.39
		 CE1	-18.781	23.956	1.776
		 CE2	-21.041	24.469	1.132
		 CZ 	-19.799	23.936	0.824
	104	amino	ALA
		 N  	-19.046	28.385	6.312
		 CA 	-19.347	29.444	7.275
		 C  	-19.969	30.677	6.626
		 O  	-20.166	30.715	5.416
		 CB 	-18.086	29.831	8.055
	105	amino	GLY
		 N  	-20.288	31.673	7.449
		 CA 	-20.881	32.901	6.958
		 C  	-22.221	32.665	6.29
		 O  	-23.06	31.919	6.81
	106	amino	PRO
		 N  	-22.446	33.291	5.122
		 CA 	-23.684	33.172	4.344
		 C  	-23.976	31.742	3.844
		 O  	-25.114	31.418	3.498
		 CB 	-23.445	34.154	3.194
		 CG 	-21.962	34.134	3.027
		 CD 	-21.484	34.183	4.441
	107	amino	PHE
		 N  	-22.938	30.901	3.84
		 CA 	-23.011	29.504	3.409
		 C  	-23.302	28.565	4.574
		 O  	-23.284	27.349	4.409
		 CB 	-21.68	29.063	2.787
		 CG 	-21.291	29.831	1.558
		 CD1	-21.876	29.553	0.332
		 CD2	-20.342	30.851	1.632
		 CE1	-21.527	30.278	-0.798
		 CE2	-19.988	31.581	0.504
		 CZ 	-20.583	31.292	-0.71
	108	amino	LYS
		 N  	-23.557	29.125	5.749
		 CA 	-23.814	28.332	6.94
		 C  	-24.674	27.082	6.744
		 O  	-24.166	25.958	6.793
		 CB 	-24.397	29.209	8.056
		 CG 	-24.51	28.514	9.412
		 CD 	-23.132	28.157	9.96
		 CE 	-23.213	27.21	11.158
		 NZ 	-23.754	25.869	10.758
	109	amino	GLY
		 N  	-25.969	27.241	6.531
		 CA 	-26.779	26.043	6.392
		 C  	-27.065	25.645	4.967
		 O  	-27.987	24.896	4.707
	110	amino	SER
		 N  	-26.226	26.098	4.049
		 CA 	-26.416	25.831	2.641
		 C  	-26.173	24.38	2.225
		 O  	-25.448	23.637	2.905
		 CB 	-25.562	26.792	1.819
		 OG 	-24.214	26.401	1.84
	111	amino	THR
		 N  	-26.838	23.982	1.134
		 CA 	-26.712	22.636	0.583
		 C  	-26.216	22.619	-0.869
		 O  	-26.743	23.296	-1.739
		 CB 	-28.027	21.788	0.793
		 OG1	-28.14	20.76	-0.2
		 CG2	-29.234	22.631	0.75
	112	amino	LEU
		 N  	-25.13	21.895	-1.092
		 CA 	-24.509	21.764	-2.409
		 C  	-25.086	20.56	-3.137
		 O  	-25.374	19.541	-2.514
		 CB 	-23.024	21.501	-2.245
		 CG 	-21.922	22.445	-2.714
		 CD1	-20.632	21.613	-2.796
		 CD2	-22.231	23.06	-4.084
	113	amino	TRP
		 N  	-25.238	20.65	-4.451
		 CA 	-25.746	19.516	-5.198
		 C  	-25.09	19.406	-6.565
		 O  	-24.453	20.358	-7.049
		 CB 	-27.264	19.585	-5.335
		 CG 	-27.731	20.688	-6.208
		 CD1	-28.012	21.969	-5.84
		 CD2	-27.916	20.626	-7.624
		 NE1	-28.353	22.716	-6.936
		 CE2	-28.303	21.914	-8.049
		 CE3	-27.786	19.605	-8.582
		 CZ2	-28.565	22.211	-9.403
		 CZ3	-28.046	19.902	-9.916
		 CH2	-28.43	21.191	-10.312
	114	amino	ALA
		 N  	-25.212	18.216	-7.151
		 CA 	-24.694	17.917	-8.482
		 C  	-25.404	16.665	-9.011
		 O  	-25.721	15.753	-8.239
		 CB 	-23.168	17.72	-8.468
	115	amino	GLY
		 N  	-25.667	16.663	-10.325
		 CA 	-26.34	15.559	-10.985
		 C  	-27.548	16.013	-11.798
		 O  	-27.736	17.202	-12.098
	116	amino	LYS
		 N  	-28.374	15.043	-12.165
		 CA 	-29.585	15.29	-12.935
		 C  	-30.733	15.357	-11.927
		 O  	-30.966	14.384	-11.173
		 CB 	-29.798	14.138	-13.93
		 CG 	-31.064	14.248	-14.742
		 CD 	-31.142	13.189	-15.799
		 CE 	-30.2	13.471	-16.971
		 NZ 	-30.413	12.429	-18.049
	117	amino	ARG
		 N  	-31.482	16.462	-11.944
		 CA 	-32.561	16.645	-10.977
		 C  	-33.603	17.663	-11.383
		 O  	-33.427	18.381	-12.347
		 CB 	-31.958	17.184	-9.682
		 CG 	-31.546	18.659	-9.793
		 CD 	-31.25	19.326	-8.47
		 NE 	-32.324	19.144	-7.499
		 CZ 	-32.113	18.99	-6.195
		 NH1	-30.875	19.014	-5.717
		 NH2	-33.129	18.742	-5.384
	118	amino	PHE
		 N  	-34.705	17.705	-10.637
		 CA 	-35.718	18.733	-10.827
		 C  	-35.241	19.7	-9.754
		 O  	-34.828	19.251	-8.673
		 CB 	-37.118	18.279	-10.418
		 CG 	-37.699	17.183	-11.268
		 CD1	-36.985	16.631	-12.329
		 CD2	-38.94	16.654	-10.958
		 CE1	-37.501	15.567	-13.05
		 CE2	-39.455	15.596	-11.676
		 CZ 	-38.73	15.047	-12.728
	119	amino	ASP
		 N  	-35.265	21.0	-10.024
		 CA 	-34.826	21.968	-9.028
		 C  	-35.698	21.786	-7.802
		 O  	-36.88	21.43	-7.922
		 CB 	-34.994	23.38	-9.544
		 CG 	-34.269	24.401	-8.692
		 OD1	-33.025	24.356	-8.606
		 OD2	-34.944	25.284	-8.133
	120	amino	ARG
		 N  	-35.116	21.991	-6.625
		 CA 	-35.855	21.833	-5.386
		 C  	-36.968	22.865	-5.28
		 O  	-38.079	22.534	-4.894
		 CB 	-34.904	21.981	-4.202
		 CG 	-35.532	21.733	-2.83
		 CD 	-34.658	22.311	-1.715
		 NE 	-34.737	23.777	-1.637
		 CZ 	-33.928	24.548	-0.902
		 NH1	-32.978	24.019	-0.161
		 NH2	-34.035	25.863	-0.956
	121	amino	ASP
		 N  	-36.702	24.095	-5.711
		 CA 	-37.689	25.15	-5.579
		 C  	-38.738	25.382	-6.672
		 O  	-39.374	26.433	-6.725
		 CB 	-37.007	26.453	-5.141
		 CG 	-36.278	26.315	-3.787
		 OD1	-36.631	25.44	-2.959
		 OD2	-35.329	27.074	-3.551
	122	amino	ASN
		 N  	-38.947	24.397	-7.535
		 CA 	-39.993	24.521	-8.538
		 C  	-41.279	24.391	-7.721
		 O  	-41.254	23.869	-6.61
		 CB 	-39.959	23.338	-9.523
		 CG 	-38.722	23.313	-10.389
		 OD1	-38.069	24.328	-10.595
		 ND2	-38.391	22.139	-10.895
	123	amino	PHE
		 N  	-42.396	24.868	-8.253
		 CA 	-43.681	24.727	-7.572
		 C  	-44.744	24.649	-8.637
		 O  	-44.561	25.202	-9.721
		 CB 	-43.947	25.847	-6.549
		 CG 	-43.906	27.25	-7.108
		 CD1	-42.698	27.863	-7.406
		 CD2	-45.078	27.993	-7.241
		 CE1	-42.656	29.193	-7.82
		 CE2	-45.039	29.325	-7.656
		 CZ 	-43.823	29.926	-7.945
	124	amino	ASP
		 N  	-45.853	23.982	-8.332
		 CA 	-46.917	23.777	-9.312
		 C  	-48.327	24.204	-8.888
		 O  	-48.525	24.759	-7.809
		 CB 	-46.948	22.288	-9.687
		 CG 	-47.476	21.417	-8.562
		 OD1	-47.302	21.775	-7.388
		 OD2	-48.095	20.378	-8.837
	125	amino	ILE
		 N  	-49.28	24.012	-9.801
		 CA 	-50.688	24.293	-9.58
		 C  	-51.272	22.904	-9.833
		 O  	-51.572	22.53	-10.965
		 CB 	-51.246	25.267	-10.602
		 CG1	-50.552	26.613	-10.483
		 CG2	-52.737	25.437	-10.403
		 CD1	-51.019	27.617	-11.516
	126	amino	HIS
		 N  	-51.396	22.133	-8.763
		 CA 	-51.862	20.771	-8.829
		 C  	-53.117	20.401	-9.613
		 O  	-53.099	19.422	-10.364
		 CB 	-51.969	20.191	-7.418
		 CG 	-52.443	18.776	-7.412
		 ND1	-53.761	18.442	-7.178
		 CD2	-51.816	17.628	-7.767
		 CE1	-53.929	17.151	-7.406
		 NE2	-52.764	16.635	-7.765
	127	amino	TRP
		 N  	-54.21	21.134	-9.41
		 CA 	-55.502	20.829	-10.053
		 C  	-55.52	20.89	-11.573
		 O  	-56.314	20.226	-12.223
		 CB 	-56.598	21.709	-9.432
		 CG 	-56.489	21.661	-7.934
		 CD1	-56.888	20.644	-7.123
		 CD2	-55.783	22.583	-7.098
		 NE1	-56.46	20.856	-5.842
		 CE2	-55.783	22.045	-5.795
		 CE3	-55.14	23.797	-7.328
		 CZ2	-55.165	22.684	-4.72
		 CZ3	-54.525	24.432	-6.268
		 CH2	-54.542	23.874	-4.975
	128	amino	ILE
		 N  	-54.507	21.531	-12.122
		 CA 	-54.375	21.729	-13.557
		 C  	-53.191	20.944	-14.16
		 O  	-52.984	20.942	-15.37
		 CB 	-54.342	23.281	-13.775
		 CG1	-55.687	23.745	-14.276
		 CG2	-53.152	23.795	-14.544
		 CD1	-55.776	25.236	-14.238
	129	amino	ASP
		 N  	-52.487	20.199	-13.309
		 CA 	-51.327	19.396	-13.701
		 C  	-50.294	20.232	-14.446
		 O  	-49.807	19.843	-15.505
		 CB 	-51.73	18.168	-14.545
		 CG 	-50.635	17.087	-14.556
		 OD1	-49.565	17.347	-13.977
		 OD2	-50.814	15.984	-15.125
	130	amino	SER
		 N  	-49.933	21.373	-13.877
		 CA 	-48.974	22.241	-14.516
		 C  	-48.08	22.907	-13.5
		 O  	-48.558	23.471	-12.519
		 CB 	-49.707	23.334	-15.301
		 OG 	-48.82	24.376	-15.681
	131	amino	ASP
		 N  	-46.781	22.858	-13.751
		 CA 	-45.84	23.528	-12.896
		 C  	-45.961	25.029	-13.201
		 O  	-46.444	25.422	-14.273
		 CB 	-44.416	23.083	-13.226
		 CG 	-44.182	21.613	-12.986
		 OD1	-44.632	21.081	-11.954
		 OD2	-43.516	20.988	-13.833
	132	amino	VAL
		 N  	-45.575	25.867	-12.248
		 CA 	-45.571	27.311	-12.454
		 C  	-44.203	27.573	-13.121
		 O  	-44.113	28.318	-14.105
		 CB 	-45.702	28.089	-11.11
		 CG1	-45.63	29.581	-11.348
		 CG2	-47.013	27.754	-10.436
	133	amino	VAL
		 N  	-43.159	26.918	-12.594
		 CA 	-41.784	26.989	-13.11
		 C  	-41.23	25.579	-12.984
		 O  	-41.526	24.876	-12.012
		 CB 	-40.855	27.889	-12.28
		 CG1	-39.582	28.183	-13.056
		 CG2	-41.555	29.176	-11.933
	134	amino	PHE
		 N  	-40.436	25.159	-13.965
		 CA 	-39.859	23.824	-13.957
		 C  	-38.438	23.843	-14.499
		 O  	-38.21	23.786	-15.71
		 CB 	-40.732	22.857	-14.751
		 CG 	-40.19	21.444	-14.815
		 CD1	-40.283	20.588	-13.716
		 CD2	-39.633	20.951	-15.991
		 CE1	-39.834	19.248	-13.783
		 CE2	-39.174	19.602	-16.07
		 CZ 	-39.281	18.756	-14.961
	135	amino	LEU
		 N  	-37.489	23.995	-13.585
		 CA 	-36.091	24.004	-13.924
		 C  	-35.588	22.591	-13.633
		 O  	-35.716	22.11	-12.512
		 CB 	-35.37	25.028	-13.06
		 CG 	-33.858	25.236	-13.259
		 CD1	-33.512	25.668	-14.713
		 CD2	-33.375	26.296	-12.268
	136	amino	ALA
		 N  	-35.131	21.892	-14.673
		 CA 	-34.614	20.521	-14.574
		 C  	-33.489	20.305	-15.604
		 O  	-33.374	21.035	-16.584
		 CB 	-35.727	19.519	-14.794
	137	amino	GLY
		 N  	-32.664	19.293	-15.391
		 CA 	-31.559	19.055	-16.293
		 C  	-30.389	18.512	-15.505
		 O  	-30.572	17.976	-14.405
	138	amino	THR
		 N  	-29.186	18.654	-16.044
		 CA 	-28.0	18.145	-15.369
		 C  	-27.04	19.288	-15.073
		 O  	-26.766	20.124	-15.941
		 CB 	-27.298	17.061	-16.222
		 OG1	-28.226	16.012	-16.489
		 CG2	-26.096	16.482	-15.497
	139	amino	GLY
		 N  	-26.542	19.342	-13.839
		 CA 	-25.63	20.418	-13.492
		 C  	-25.164	20.438	-12.057
		 O  	-24.757	19.422	-11.502
	140	amino	GLY
		 N  	-25.182	21.618	-11.463
		 CA 	-24.744	21.741	-10.089
		 C  	-25.149	23.068	-9.51
		 O  	-25.515	23.993	-10.238
	141	amino	GLY
		 N  	-25.106	23.178	-8.194
		 CA 	-25.49	24.437	-7.604
		 C  	-25.505	24.421	-6.103
		 O  	-25.108	23.468	-5.466
	142	amino	ILE
		 N  	-25.994	25.502	-5.534
		 CA 	-26.039	25.62	-4.096
		 C  	-27.348	26.26	-3.664
		 O  	-27.792	27.247	-4.242
		 CB 	-24.841	26.457	-3.587
		 CG1	-24.771	26.376	-2.064
		 CG2	-24.951	27.923	-4.098
		 CD1	-23.533	26.982	-1.476
	143	amino	TYR
		 N  	-27.983	25.655	-2.675
		 CA 	-29.237	26.169	-2.142
		 C  	-29.021	26.854	-0.801
		 O  	-28.168	26.447	-0.014
		 CB 	-30.236	25.03	-1.923
		 CG 	-30.768	24.394	-3.175
		 CD1	-31.49	25.132	-4.103
		 CD2	-30.535	23.064	-3.442
		 CE1	-31.967	24.561	-5.271
		 CE2	-31.004	22.479	-4.61
		 CZ 	-31.719	23.236	-5.516
		 OH 	-32.196	22.645	-6.651
	144	amino	ASP
		 N  	-29.83	27.88	-0.565
		 CA 	-29.856	28.65	0.677
		 C  	-28.594	29.385	1.117
		 O  	-27.986	29.035	2.131
		 CB 	-30.361	27.773	1.833
		 CG 	-31.61	27.007	1.485
		 OD1	-32.6	27.622	1.02
		 OD2	-31.598	25.779	1.683
	145	amino	VAL
		 N  	-28.185	30.38	0.343
		 CA 	-27.043	31.182	0.723
		 C  	-27.723	32.376	1.378
		 O  	-28.472	33.088	0.718
		 CB 	-26.222	31.634	-0.493
		 CG1	-25.14	32.612	-0.055
		 CG2	-25.589	30.431	-1.162
	146	amino	LYS
		 N  	-27.563	32.503	2.698
		 CA 	-28.175	33.591	3.474
		 C  	-27.319	34.845	3.573
		 O  	-26.192	34.795	4.046
		 CB 	-28.506	33.139	4.909
		 CG 	-29.806	32.378	5.094
		 CD 	-29.678	30.92	4.662
		 CE 	-28.589	30.156	5.455
		 NZ 	-28.498	28.697	5.085
	147	amino	TRP
		 N  	-27.87	35.967	3.135
		 CA 	-27.182	37.247	3.222
		 C  	-27.942	37.986	4.323
		 O  	-29.143	37.751	4.485
		 CB 	-27.356	38.041	1.927
		 CG 	-27.069	37.308	0.664
		 CD1	-27.973	36.937	-0.288
		 CD2	-25.784	36.947	0.156
		 NE1	-27.33	36.385	-1.36
		 CE2	-25.984	36.377	-1.118
		 CE3	-24.478	37.06	0.65
		 CZ2	-24.923	35.917	-1.911
		 CZ3	-23.419	36.602	-0.139
		 CH2	-23.651	36.039	-1.408
	148	amino	ASN
		 N  	-27.274	38.877	5.058
		 CA 	-27.911	39.673	6.13
		 C  	-29.049	39.021	6.95
		 O  	-29.765	39.717	7.682
		 CB 	-28.382	41.049	5.593
		 CG 	-29.523	40.949	4.564
		 OD1	-29.38	41.404	3.42
		 ND2	-30.665	40.386	4.98
	149	amino	ASP
		 N  	-29.196	37.696	6.832
		 CA 	-30.223	36.902	7.532
		 C  	-31.679	37.29	7.221
		 O  	-32.525	37.382	8.127
		 CB 	-29.977	36.91	9.055
		 CG 	-28.58	36.407	9.434
		 OD1	-28.212	35.273	9.033
		 OD2	-27.849	37.157	10.128
	150	amino	GLY
		 N  	-31.964	37.496	5.938
		 CA 	-33.307	37.863	5.513
		 C  	-33.458	37.846	4.001
		 O  	-34.501	38.224	3.461
	151	amino	LEU
		 N  	-32.407	37.398	3.324
		 CA 	-32.366	37.316	1.868
		 C  	-31.571	36.059	1.517
		 O  	-30.349	36.033	1.685
		 CB 	-31.671	38.566	1.303
		 CG 	-31.741	38.99	-0.173
		 CD1	-30.983	38.05	-1.075
		 CD2	-33.172	39.103	-0.624
	152	amino	ARG
		 N  	-32.275	34.991	1.141
		 CA 	-31.612	33.748	0.754
		 C  	-31.588	33.644	-0.759
		 O  	-32.458	34.19	-1.451
		 CB 	-32.243	32.508	1.395
		 CG 	-33.719	32.634	1.722
		 CD 	-34.273	31.32	2.246
		 NE 	-34.452	30.352	1.164
		 CZ 	-35.64	30.035	0.651
		 NH1	-36.741	30.611	1.139
		 NH2	-35.728	29.175	-0.365
	153	amino	SER
		 N  	-30.556	32.974	-1.262
		 CA 	-30.357	32.833	-2.691
		 C  	-29.916	31.45	-3.119
		 O  	-29.255	30.751	-2.352
		 CB 	-29.288	33.82	-3.133
		 OG 	-29.609	35.128	-2.695
	154	amino	ASN
		 N  	-30.317	31.057	-4.331
		 CA 	-29.902	29.783	-4.922
		 C  	-29.192	30.184	-6.215
		 O  	-29.639	31.102	-6.922
		 CB 	-31.081	28.869	-5.283
		 CG 	-31.987	28.567	-4.106
		 OD1	-31.559	28.57	-2.953
		 ND2	-33.253	28.31	-4.395
	155	amino	PHE
		 N  	-28.063	29.539	-6.49
		 CA 	-27.296	29.804	-7.699
		 C  	-27.031	28.444	-8.34
		 O  	-26.693	27.494	-7.632
		 CB 	-25.969	30.488	-7.356
		 CG 	-26.126	31.8	-6.634
		 CD1	-26.477	32.95	-7.329
		 CD2	-25.941	31.881	-5.256
		 CE1	-26.645	34.156	-6.669
		 CE2	-26.108	33.086	-4.581
		 CZ 	-26.462	34.226	-5.285
	156	amino	SER
		 N  	-27.215	28.33	-9.659
		 CA 	-26.975	27.047	-10.34
		 C  	-26.666	27.077	-11.832
		 O  	-26.886	28.069	-12.529
		 CB 	-28.159	26.109	-10.14
		 OG 	-29.344	26.728	-10.599
	157	amino	LEU
		 N  	-26.144	25.954	-12.302
		 CA 	-25.833	25.763	-13.704
		 C  	-26.512	24.466	-14.088
		 O  	-26.166	23.407	-13.568
		 CB 	-24.337	25.61	-13.956
		 CG 	-24.012	25.084	-15.368
		 CD1	-24.3	26.17	-16.381
		 CD2	-22.558	24.682	-15.458
	158	amino	TYR
		 N  	-27.487	24.571	-14.987
		 CA 	-28.214	23.409	-15.492
		 C  	-27.969	23.268	-16.991
		 O  	-28.021	24.243	-17.734
		 CB 	-29.718	23.543	-15.259
		 CG 	-30.2	23.129	-13.879
		 CD1	-30.622	21.814	-13.63
		 CD2	-30.347	24.07	-12.857
		 CE1	-31.189	21.46	-12.428
		 CE2	-30.91	23.72	-11.648
		 CZ 	-31.34	22.416	-11.44
		 OH 	-31.992	22.082	-10.274
	159	amino	GLY
		 N  	-27.689	22.047	-17.421
		 CA 	-27.485	21.789	-18.825
		 C  	-28.592	20.915	-19.388
		 O  	-29.13	20.037	-18.701
	160	amino	ARG
		 N  	-28.975	21.203	-20.627
		 CA 	-29.99	20.422	-21.334
		 C  	-29.509	20.134	-22.777
		 O  	-28.416	20.564	-23.191
		 CB 	-31.34	21.142	-21.361
		 CG 	-31.904	21.506	-19.992
		 CD 	-33.374	21.94	-20.085
		 NE 	-34.271	20.81	-19.84
		 CZ 	-34.917	20.152	-20.788
		 NH1	-34.786	20.515	-22.067
		 NH2	-35.641	19.093	-20.468
	161	amino	ASN
		 N  	-30.323	19.399	-23.525
		 CA 	-30.007	19.034	-24.897
		 C  	-31.154	19.318	-25.846
		 O  	-32.33	19.124	-25.505
		 CB 	-29.708	17.541	-24.989
		 CG 	-28.366	17.19	-24.459
		 OD1	-28.235	16.737	-23.331
		 ND2	-27.342	17.396	-25.276
	162	amino	PHE
		 N  	-30.796	19.761	-27.045
		 CA 	-31.772	20.004	-28.096
		 C  	-31.491	18.988	-29.216
		 O  	-30.332	18.604	-29.445
		 CB 	-31.634	21.418	-28.646
		 CG 	-32.177	22.496	-27.743
		 CD1	-33.316	22.28	-26.973
		 CD2	-31.569	23.753	-27.71
		 CE1	-33.843	23.306	-26.182
		 CE2	-32.088	24.781	-26.932
		 CZ 	-33.228	24.558	-26.165
	163	amino	GLY
		 N  	-32.553	18.523	-29.874
		 CA 	-32.401	17.583	-30.968
		 C  	-32.153	16.148	-30.577
		 O  	-32.353	15.78	-29.434
	164	amino	ASP
		 N  	-31.709	15.339	-31.534
		 CA 	-31.444	13.92	-31.32
		 C  	-30.035	13.74	-30.756
		 O  	-29.051	14.022	-31.441
		 CB 	-31.605	13.181	-32.663
		 CG 	-31.433	11.668	-32.555
		 OD1	-31.457	11.098	-31.433
		 OD2	-31.283	11.043	-33.626
	165	amino	ILE
		 N  	-29.955	13.249	-29.518
		 CA 	-28.678	13.03	-28.829
		 C  	-27.688	12.135	-29.618
		 O  	-26.46	12.333	-29.54
		 CB 	-28.913	12.478	-27.382
		 CG1	-27.644	12.599	-26.531
		 CG2	-29.397	11.039	-27.425
		 CD1	-27.24	14.019	-26.229
	166	amino	ASP
		 N  	-28.238	11.217	-30.424
		 CA 	-27.458	10.284	-31.256
		 C  	-26.855	10.905	-32.513
		 O  	-25.773	10.509	-32.951
		 CB 	-28.319	9.091	-31.657
		 CG 	-28.726	8.258	-30.466
		 OD1	-27.804	7.778	-29.768
		 OD2	-29.951	8.114	-30.21
	167	amino	ASP
		 N  	-27.573	11.865	-33.088
		 CA 	-27.152	12.569	-34.297
		 C  	-26.281	13.757	-33.903
		 O  	-26.784	14.798	-33.474
		 CB 	-28.401	13.049	-35.062
		 CG 	-28.107	13.489	-36.497
		 OD1	-26.921	13.646	-36.877
		 OD2	-29.093	13.687	-37.245
	168	amino	SER
		 N  	-24.977	13.603	-34.066
		 CA 	-24.038	14.661	-33.722
		 C  	-24.238	15.98	-34.484
		 O  	-23.803	17.033	-34.023
		 CB 	-22.603	14.157	-33.903
		 OG 	-22.439	13.518	-35.162
	169	amino	SER
		 N  	-24.909	15.93	-35.635
		 CA 	-25.15	17.132	-36.441
		 C  	-26.48	17.815	-36.114
		 O  	-26.725	18.941	-36.552
		 CB 	-25.086	16.789	-37.933
		 OG 	-26.127	15.896	-38.301
	170	amino	ASN
		 N  	-27.339	17.11	-35.38
		 CA 	-28.639	17.628	-34.962
		 C  	-28.754	17.561	-33.437
		 O  	-29.82	17.303	-32.895
		 CB 	-29.781	16.836	-35.618
		 CG 	-31.168	17.402	-35.287
		 OD1	-31.344	18.615	-35.118
		 ND2	-32.148	16.517	-35.166
	171	amino	SER
		 N  	-27.649	17.814	-32.747
		 CA 	-27.628	17.784	-31.294
		 C  	-26.853	18.972	-30.746
		 O  	-25.698	19.196	-31.111
		 CB 	-26.991	16.491	-30.793
		 OG 	-27.058	16.448	-29.382
	172	amino	VAL
		 N  	-27.47	19.68	-29.808
		 CA 	-26.868	20.854	-29.181
		 C  	-27.114	20.87	-27.657
		 O  	-28.148	20.386	-27.159
		 CB 	-27.419	22.165	-29.869
		 CG1	-27.589	23.285	-28.883
		 CG2	-26.484	22.609	-30.987
	173	amino	GLN
		 N  	-26.138	21.397	-26.921
		 CA 	-26.253	21.523	-25.471
		 C  	-26.704	22.932	-25.105
		 O  	-26.214	23.918	-25.661
		 CB 	-24.933	21.203	-24.787
		 CG 	-24.639	19.711	-24.714
		 CD 	-23.257	19.413	-24.131
		 OE1	-22.447	20.326	-23.916
		 NE2	-22.973	18.133	-23.899
	174	amino	ASN
		 N  	-27.692	23.023	-24.225
		 CA 	-28.205	24.324	-23.788
		 C  	-27.874	24.527	-22.325
		 O  	-28.245	23.731	-21.479
		 CB 	-29.72	24.398	-23.983
		 CG 	-30.303	25.749	-23.595
		 OD1	-31.498	25.86	-23.315
		 ND2	-29.478	26.784	-23.608
	175	amino	TYR
		 N  	-27.133	25.578	-22.04
		 CA 	-26.75	25.884	-20.683
		 C  	-27.571	27.008	-20.108
		 O  	-27.902	27.986	-20.794
		 CB 	-25.254	26.153	-20.613
		 CG 	-24.497	24.865	-20.788
		 CD1	-24.507	23.891	-19.79
		 CD2	-23.816	24.58	-21.972
		 CE1	-23.845	22.649	-19.977
		 CE2	-23.157	23.35	-22.165
		 CZ 	-23.176	22.397	-21.162
		 OH 	-22.492	21.211	-21.315
	176	amino	ILE
		 N  	-27.925	26.832	-18.84
		 CA 	-28.757	27.765	-18.093
		 C  	-28.129	28.206	-16.777
		 O  	-27.778	27.379	-15.917
		 CB 	-30.108	27.115	-17.769
		 CG1	-30.711	26.53	-19.046
		 CG2	-31.035	28.136	-17.1
		 CD1	-31.516	25.26	-18.844
	177	amino	LEU
		 N  	-27.968	29.513	-16.642
		 CA 	-27.404	30.11	-15.443
		 C  	-28.55	30.796	-14.754
		 O  	-29.24	31.62	-15.36
		 CB 	-26.333	31.148	-15.78
		 CG 	-24.876	30.701	-15.698
		 CD1	-23.994	31.935	-15.817
		 CD2	-24.606	29.994	-14.376
	178	amino	THR
		 N  	-28.74	30.484	-13.481
		 CA 	-29.845	31.083	-12.743
		 C  	-29.548	31.459	-11.287
		 O  	-28.709	30.846	-10.614
		 CB 	-31.145	30.2	-12.857
		 OG1	-31.929	30.322	-11.668
		 CG2	-30.813	28.745	-13.114
	179	amino	MET
		 N  	-30.152	32.567	-10.871
		 CA 	-30.033	33.037	-9.498
		 C  	-31.472	33.133	-9.023
		 O  	-32.329	33.693	-9.716
		 CB 	-29.313	34.385	-9.412
		 CG 	-29.975	35.546	-10.127
		 SD 	-28.888	36.998	-9.995
		 CE 	-29.264	37.809	-11.476
	180	amino	ASN
		 N  	-31.753	32.489	-7.901
		 CA 	-33.1	32.473	-7.355
		 C  	-33.033	33.167	-5.99
		 O  	-32.343	32.704	-5.089
		 CB 	-33.554	31.02	-7.222
		 CG 	-35.044	30.86	-7.323
		 OD1	-35.556	29.743	-7.411
		 ND2	-35.755	31.973	-7.325
	181	amino	HIS
		 N  	-33.712	34.3	-5.853
		 CA 	-33.676	35.063	-4.611
		 C  	-35.0	35.115	-3.879
		 O  	-36.056	35.335	-4.481
		 CB 	-33.215	36.491	-4.878
		 CG 	-31.867	36.577	-5.515
		 ND1	-31.678	37.063	-6.791
		 CD2	-30.642	36.229	-5.058
		 CE1	-30.392	37.008	-7.094
		 NE2	-29.741	36.504	-6.06
	182	amino	PHE
		 N  	-34.921	34.963	-2.559
		 CA 	-36.099	34.993	-1.698
		 C  	-35.994	36.031	-0.574
		 O  	-35.013	36.05	0.194
		 CB 	-36.328	33.616	-1.097
		 CG 	-36.564	32.541	-2.112
		 CD1	-35.496	31.865	-2.692
		 CD2	-37.859	32.181	-2.471
		 CE1	-35.713	30.841	-3.615
		 CE2	-38.085	31.164	-3.39
		 CZ 	-37.009	30.492	-3.963
	183	amino	ALA
		 N  	-37.004	36.893	-0.489
		 CA 	-37.07	37.942	0.542
		 C  	-38.475	37.944	1.169
		 O  	-39.368	38.666	0.725
		 CB 	-36.748	39.316	-0.062
	184	amino	GLY
		 N  	-38.659	37.133	2.206
		 CA 	-39.958	37.035	2.843
		 C  	-40.873	36.233	1.939
		 O  	-40.537	35.114	1.542
	185	amino	PRO
		 N  	-42.037	36.783	1.585
		 CA 	-42.998	36.103	0.71
		 C  	-42.647	36.339	-0.776
		 O  	-43.227	35.722	-1.684
		 CB 	-44.308	36.799	1.073
		 CG 	-43.839	38.251	1.281
		 CD 	-42.561	38.073	2.075
	186	amino	LEU
		 N  	-41.662	37.204	-0.994
		 CA 	-41.252	37.586	-2.334
		 C  	-40.154	36.752	-2.994
		 O  	-39.141	36.454	-2.378
		 CB 	-40.83	39.061	-2.341
		 CG 	-40.943	39.726	-3.713
		 CD1	-42.414	40.096	-3.928
		 CD2	-40.032	40.947	-3.8
	187	amino	GLN
		 N  	-40.343	36.445	-4.276
		 CA 	-39.374	35.679	-5.045
		 C  	-39.027	36.32	-6.378
		 O  	-39.901	36.793	-7.113
		 CB 	-39.873	34.271	-5.305
		 CG 	-38.881	33.452	-6.111
		 CD 	-39.436	32.11	-6.559
		 OE1	-40.616	31.803	-6.344
		 NE2	-38.589	31.307	-7.197
	188	amino	MET
		 N  	-37.732	36.326	-6.675
		 CA 	-37.238	36.874	-7.918
		 C  	-36.192	35.948	-8.514
		 O  	-35.099	35.78	-7.983
		 CB 	-36.679	38.272	-7.725
		 CG 	-36.518	38.977	-9.046
		 SD 	-35.754	40.567	-8.889
		 CE 	-33.966	40.146	-9.176
	189	amino	MET
		 N  	-36.566	35.326	-9.62
		 CA 	-35.708	34.396	-10.334
		 C  	-35.283	34.972	-11.683
		 O  	-36.121	35.456	-12.452
		 CB 	-36.475	33.092	-10.553
		 CG 	-35.666	31.944	-11.104
		 SD 	-36.762	30.547	-11.353
		 CE 	-35.615	29.2	-11.068
	190	amino	VAL
		 N  	-33.977	34.951	-11.948
		 CA 	-33.438	35.449	-13.212
		 C  	-32.469	34.428	-13.819
		 O  	-31.46	34.059	-13.194
		 CB 	-32.722	36.798	-13.05
		 CG1	-32.347	37.35	-14.409
		 CG2	-33.608	37.778	-12.32
	191	amino	SER
		 N  	-32.794	33.96	-15.027
		 CA 	-31.969	32.976	-15.728
		 C  	-31.491	33.463	-17.078
		 O  	-32.222	34.134	-17.796
		 CB 	-32.747	31.679	-15.99
		 OG 	-33.361	31.156	-14.839
	192	amino	GLY
		 N  	-30.29	33.03	-17.44
		 CA 	-29.705	33.351	-18.73
		 C  	-29.467	32.022	-19.438
		 O  	-28.903	31.102	-18.839
	193	amino	LEU
		 N  	-29.964	31.862	-20.666
		 CA 	-29.735	30.605	-21.37
		 C  	-28.955	30.744	-22.68
		 O  	-29.006	31.785	-23.336
		 CB 	-31.037	29.814	-21.572
		 CG 	-32.48	30.283	-21.351
		 CD1	-33.347	29.053	-21.371
		 CD2	-32.696	30.977	-20.051
	194	amino	ARG
		 N  	-28.218	29.694	-23.041
		 CA 	-27.437	29.692	-24.267
		 C  	-27.14	28.307	-24.836
		 O  	-26.541	27.477	-24.167
		 CB 	-26.131	30.439	-24.052
		 CG 	-25.141	30.341	-25.224
		 CD 	-23.983	31.281	-24.961
		 NE 	-22.87	31.194	-25.915
		 CZ 	-22.017	30.17	-26.018
		 NH1	-22.143	29.096	-25.244
		 NH2	-20.966	30.268	-26.83
	195	amino	ALA
		 N  	-27.572	28.074	-26.074
		 CA 	-27.342	26.824	-26.787
		 C  	-26.644	27.254	-28.072
		 O  	-27.288	27.67	-29.029
		 CB 	-28.646	26.16	-27.106
	196	amino	LYS
		 N  	-25.321	27.185	-28.066
		 CA 	-24.496	27.585	-29.196
		 C  	-24.85	26.88	-30.479
		 O  	-24.993	25.664	-30.496
		 CB 	-23.029	27.323	-28.877
		 CG 	-22.058	27.908	-29.872
		 CD 	-20.629	27.563	-29.505
		 CE 	-19.641	28.374	-30.328
		 NZ 	-19.905	28.197	-31.783
	197	amino	ASP
		 N  	-24.99	27.655	-31.551
		 CA 	-25.322	27.132	-32.881
		 C  	-26.549	26.242	-32.916
		 O  	-26.55	25.19	-33.549
		 CB 	-24.131	26.388	-33.501
		 CG 	-22.932	27.288	-33.733
		 OD1	-23.106	28.509	-33.957
		 OD2	-21.801	26.762	-33.673
	198	amino	ASN
		 N  	-27.58	26.648	-32.193
		 CA 	-28.815	25.899	-32.185
		 C  	-29.372	26.048	-33.595
		 O  	-29.813	25.071	-34.19
		 CB 	-29.79	26.491	-31.159
		 CG 	-31.132	25.769	-31.133
		 OD1	-31.201	24.54	-31.261
		 ND2	-32.206	26.528	-30.945
	199	amino	ASP
		 N  	-29.245	27.254	-34.155
		 CA 	-29.746	27.571	-35.495
		 C  	-29.045	26.839	-36.632
		 O  	-29.491	26.889	-37.781
		 CB 	-29.738	29.092	-35.753
		 CG 	-28.348	29.728	-35.612
		 OD1	-27.337	29.014	-35.401
		 OD2	-28.266	30.97	-35.699
	200	amino	GLU
		 N  	-27.966	26.138	-36.319
		 CA 	-27.255	25.416	-37.35
		 C  	-27.399	23.914	-37.307
		 O  	-26.61	23.201	-37.907
		 CB 	-25.795	25.835	-37.368
		 CG 	-25.612	27.149	-38.094
		 CD 	-24.323	27.831	-37.736
		 OE1	-23.332	27.12	-37.439
		 OE2	-24.306	29.088	-37.739
	201	amino	ARG
		 N  	-28.417	23.436	-36.609
		 CA 	-28.669	22.006	-36.519
		 C  	-29.255	21.527	-37.827
		 O  	-30.232	22.092	-38.313
		 CB 	-29.637	21.681	-35.377
		 CG 	-28.998	21.72	-34.018
		 CD 	-29.905	21.11	-32.974
		 NE 	-30.987	22.003	-32.578
		 CZ 	-32.269	21.656	-32.551
		 NH1	-32.645	20.438	-32.902
		 NH2	-33.18	22.517	-32.129
	202	amino	LYS
		 N  	-28.628	20.507	-38.406
		 CA 	-29.081	19.931	-39.665
		 C  	-29.774	18.609	-39.409
		 O  	-29.248	17.779	-38.674
		 CB 	-27.894	19.709	-40.602
		 CG 	-27.184	20.984	-40.951
		 CD 	-26.038	20.765	-41.903
		 CE 	-25.386	22.095	-42.27
		 NZ 	-24.308	21.904	-43.279
	203	amino	ASP
		 N  	-30.95	18.408	-39.999
		 CA 	-31.663	17.146	-39.818
		 C  	-30.936	16.019	-40.556
		 O  	-29.921	16.259	-41.232
		 CB 	-33.135	17.244	-40.261
		 CG 	-33.305	17.668	-41.719
		 OD1	-32.489	17.275	-42.581
		 OD2	-34.284	18.389	-42.007
	204	amino	SER
		 N  	-31.472	14.803	-40.441
		 CA 	-30.882	13.613	-41.068
		 C  	-30.607	13.734	-42.576
		 O  	-29.672	13.107	-43.091
		 CB 	-31.74	12.379	-40.777
		 OG 	-33.08	12.599	-41.17
	205	amino	ASN
		 N  	-31.413	14.547	-43.268
		 CA 	-31.255	14.78	-44.712
		 C  	-29.991	15.593	-44.989
		 O  	-29.123	15.176	-45.765
		 CB 	-32.458	15.548	-45.277
		 CG 	-33.722	14.712	-45.339
		 OD1	-34.42	14.709	-46.355
		 ND2	-34.032	14.009	-44.249
	206	amino	GLY
		 N  	-29.909	16.757	-44.346
		 CA 	-28.771	17.643	-44.514
		 C  	-29.233	19.085	-44.506
		 O  	-28.428	20.009	-44.625
	207	amino	ASN
		 N  	-30.544	19.268	-44.384
		 CA 	-31.152	20.593	-44.351
		 C  	-31.158	21.124	-42.928
		 O  	-30.989	20.372	-41.978
		 CB 	-32.599	20.524	-44.842
		 CG 	-32.746	19.696	-46.096
		 OD1	-32.273	20.073	-47.173
		 ND2	-33.388	18.543	-45.96
	208	amino	LEU
		 N  	-31.349	22.427	-42.788
		 CA 	-31.414	23.037	-41.477
		 C  	-32.738	22.633	-40.838
		 O  	-33.787	22.715	-41.472
		 CB 	-31.348	24.562	-41.594
		 CG 	-30.028	25.194	-42.044
		 CD1	-30.259	26.662	-42.325
		 CD2	-28.925	25.002	-41.001
	209	amino	ALA
		 N  	-32.679	22.16	-39.597
		 CA 	-33.881	21.762	-38.873
		 C  	-34.78	22.992	-38.669
		 O  	-36.005	22.893	-38.77
		 CB 	-33.511	21.137	-37.533
	210	amino	LYS
		 N  	-34.162	24.147	-38.406
		 CA 	-34.899	25.395	-38.208
		 C  	-34.273	26.598	-38.902
		 O  	-34.905	27.223	-39.755
		 CB 	-35.111	25.681	-36.733
		 CG 	-36.57	25.547	-36.285
		 CD 	-37.36	26.787	-36.637
		 CE 	-38.706	26.823	-35.932
		 NZ 	-39.28	28.189	-36.0
	211	amino	GLY
		 N  	-33.055	26.963	-38.55
		 CA 	-32.456	28.085	-39.258
		 C  	-32.706	29.439	-38.633
		 O  	-31.788	30.278	-38.594
	212	amino	ASP
		 N  	-33.947	29.679	-38.196
		 CA 	-34.277	30.932	-37.521
		 C  	-34.449	30.707	-36.009
		 O  	-34.981	31.561	-35.303
		 CB 	-35.503	31.644	-38.148
		 CG 	-36.857	30.95	-37.852
		 OD1	-36.902	29.728	-37.572
		 OD2	-37.903	31.644	-37.948
	213	amino	ALA
		 N  	-33.976	29.56	-35.524
		 CA 	-34.064	29.219	-34.112
		 C  	-33.074	30.07	-33.33
		 O  	-32.035	30.479	-33.864
		 CB 	-33.765	27.745	-33.907
	214	amino	ALA
		 N  	-33.396	30.326	-32.06
		 CA 	-32.545	31.143	-31.184
		 C  	-31.396	30.37	-30.543
		 O  	-31.462	29.151	-30.368
		 CB 	-33.392	31.836	-30.108
	215	amino	ASN
		 N  	-30.328	31.097	-30.236
		 CA 	-29.14	30.529	-29.595
		 C  	-28.968	31.042	-28.149
		 O  	-28.097	30.58	-27.416
		 CB 	-27.876	30.877	-30.395
		 CG 	-27.915	30.363	-31.817
		 OD1	-28.517	29.325	-32.113
		 ND2	-27.267	31.092	-32.712
	216	amino	THR
		 N  	-29.756	32.04	-27.762
		 CA 	-29.678	32.594	-26.42
		 C  	-31.074	32.89	-25.899
		 O  	-32.054	32.742	-26.624
		 CB 	-28.835	33.897	-26.361
		 OG1	-29.463	34.912	-27.142
		 CG2	-27.421	33.665	-26.86
	217	amino	GLY
		 N  	-31.164	33.271	-24.628
		 CA 	-32.455	33.583	-24.044
		 C  	-32.333	34.159	-22.654
		 O  	-31.278	34.067	-22.027
	218	amino	VAL
		 N  	-33.416	34.768	-22.182
		 CA 	-33.478	35.364	-20.856
		 C  	-34.814	34.981	-20.282
		 O  	-35.814	34.982	-21.003
		 CB 	-33.354	36.906	-20.905
		 CG1	-33.857	37.532	-19.591
		 CG2	-31.898	37.287	-21.085
	219	amino	HIS
		 N  	-34.831	34.664	-18.984
		 CA 	-36.051	34.252	-18.293
		 C  	-36.097	34.894	-16.917
		 O  	-35.072	35.029	-16.266
		 CB 	-36.055	32.723	-18.149
		 CG 	-37.323	32.16	-17.576
		 ND1	-37.648	32.258	-16.24
		 CD2	-38.347	31.498	-18.161
		 CE1	-38.82	31.687	-16.029
		 NE2	-39.267	31.217	-17.178
	220	amino	ALA
		 N  	-37.287	35.304	-16.485
		 CA 	-37.472	35.917	-15.167
		 C  	-38.819	35.534	-14.536
		 O  	-39.807	35.247	-15.224
		 CB 	-37.318	37.438	-15.239
	221	amino	LEU
		 N  	-38.837	35.53	-13.209
		 CA 	-40.027	35.17	-12.454
		 C  	-40.148	36.075	-11.243
		 O  	-39.181	36.335	-10.539
		 CB 	-39.937	33.692	-12.015
		 CG 	-40.869	32.924	-11.047
		 CD1	-40.801	33.446	-9.625
		 CD2	-42.273	32.933	-11.524
	222	amino	LEU
		 N  	-41.35	36.567	-11.024
		 CA 	-41.627	37.406	-9.891
		 C  	-42.749	36.668	-9.193
		 O  	-43.803	36.442	-9.776
		 CB 	-42.094	38.774	-10.356
		 CG 	-41.284	39.959	-9.821
		 CD1	-41.919	41.243	-10.341
		 CD2	-41.265	39.96	-8.286
	223	amino	GLY
		 N  	-42.5	36.246	-7.963
		 CA 	-43.521	35.514	-7.238
		 C  	-43.862	36.001	-5.841
		 O  	-43.034	36.561	-5.121
	224	amino	LEU
		 N  	-45.108	35.768	-5.466
		 CA 	-45.602	36.16	-4.163
		 C  	-46.124	34.921	-3.471
		 O  	-47.058	34.284	-3.974
		 CB 	-46.738	37.142	-4.331
		 CG 	-46.555	38.445	-3.578
		 CD1	-47.915	39.12	-3.483
		 CD2	-46.021	38.167	-2.18
	225	amino	HIS
		 N  	-45.52	34.567	-2.335
		 CA 	-45.933	33.381	-1.582
		 C  	-46.579	33.784	-0.258
		 O  	-45.885	34.119	0.709
		 CB 	-44.736	32.46	-1.342
		 CG 	-44.102	31.939	-2.598
		 ND1	-43.206	32.676	-3.345
		 CD2	-44.187	30.732	-3.206
		 CE1	-42.764	31.946	-4.352
		 NE2	-43.344	30.761	-4.291
	226	amino	ASN
		 N  	-47.912	33.777	-0.238
		 CA 	-48.685	34.164	0.941
		 C  	-49.119	33.013	1.815
		 O  	-49.418	31.91	1.339
		 CB 	-49.936	34.955	0.562
		 CG 	-49.621	36.196	-0.217
		 OD1	-48.581	36.817	-0.01
		 ND2	-50.508	36.559	-1.14
	227	amino	ASP
		 N  	-49.217	33.323	3.104
		 CA 	-49.622	32.358	4.098
		 C  	-51.094	32.535	4.421
		 O  	-51.591	32.064	5.437
		 CB 	-48.756	32.486	5.345
		 CG 	-48.185	31.149	5.783
		 OD1	-47.877	30.314	4.894
		 OD2	-48.057	30.933	7.015
	228	amino	SER
		 N  	-51.777	33.248	3.544
		 CA 	-53.199	33.455	3.684
		 C  	-53.789	33.348	2.293
		 O  	-53.069	33.273	1.297
		 CB 	-53.508	34.82	4.277
		 OG 	-53.132	35.849	3.39
	229	amino	PHE
		 N  	-55.105	33.295	2.231
		 CA 	-55.783	33.199	0.952
		 C  	-55.875	34.607	0.379
		 O  	-56.823	35.33	0.641
		 CB 	-57.17	32.592	1.145
		 CG 	-57.967	32.504	-0.105
		 CD1	-57.733	31.486	-1.015
		 CD2	-58.972	33.426	-0.371
		 CE1	-58.498	31.383	-2.184
		 CE2	-59.742	33.34	-1.528
		 CZ 	-59.506	32.312	-2.441
	230	amino	TYR
		 N  	-54.838	35.008	-0.352
		 CA 	-54.782	36.329	-0.989
		 C  	-54.981	37.48	0.003
		 O  	-55.568	38.525	-0.33
		 CB 	-55.818	36.443	-2.115
		 CG 	-55.594	35.512	-3.286
		 CD1	-54.57	35.752	-4.205
		 CD2	-56.41	34.396	-3.483
		 CE1	-54.366	34.909	-5.285
		 CE2	-56.212	33.542	-4.565
		 CZ 	-55.188	33.804	-5.461
		 OH 	-54.965	32.956	-6.524
	231	amino	GLY
		 N  	-54.539	37.261	1.238
		 CA 	-54.641	38.296	2.252
		 C  	-56.011	38.717	2.731
		 O  	-56.145	39.8	3.291
	232	amino	LEU
		 N  	-57.029	37.893	2.514
		 CA 	-58.362	38.239	2.99
		 C  	-59.182	37.089	3.545
		 O  	-60.381	37.207	3.736
		 CB 	-59.153	39.008	1.934
		 CG 	-58.789	38.845	0.466
		 CD1	-59.039	37.427	0.021
		 CD2	-59.602	39.818	-0.359
	233	amino	ARG
		 N  	-58.509	36.006	3.888
		 CA 	-59.179	34.852	4.433
		 C  	-58.1	33.844	4.747
		 O  	-56.996	33.95	4.233
		 CB 	-60.153	34.326	3.395
		 CG 	-60.995	33.152	3.798
		 CD 	-62.074	32.942	2.751
		 NE 	-63.38	33.417	3.216
		 CZ 	-63.811	34.68	3.196
		 NH1	-63.052	35.659	2.716
		 NH2	-65.0	34.984	3.707
	234	amino	ASP
		 N  	-58.387	32.907	5.639
		 CA 	-57.404	31.896	6.003
		 C  	-57.113	31.0	4.796
		 O  	-57.986	30.741	3.976
		 CB 	-57.917	31.02	7.167
		 CG 	-58.053	31.78	8.502
		 OD1	-57.467	32.884	8.663
		 OD2	-58.751	31.229	9.393
	235	amino	GLY
		 N  	-55.878	30.535	4.696
		 CA 	-55.512	29.652	3.607
		 C  	-54.14	29.978	3.077
		 O  	-53.264	30.42	3.808
	236	amino	SER
		 N  	-53.937	29.736	1.796
		 CA 	-52.652	30.04	1.183
		 C  	-52.897	30.486	-0.235
		 O  	-54.014	30.394	-0.743
		 CB 	-51.712	28.83	1.218
		 OG 	-52.331	27.707	0.622
	237	amino	SER
		 N  	-51.858	31.016	-0.853
		 CA 	-51.979	31.476	-2.211
		 C  	-50.591	31.76	-2.743
		 O  	-49.651	31.957	-1.97
		 CB 	-52.854	32.739	-2.275
		 OG 	-52.238	33.836	-1.625
	238	amino	LYS
		 N  	-50.464	31.705	-4.069
		 CA 	-49.212	31.972	-4.768
		 C  	-49.561	32.663	-6.065
		 O  	-50.504	32.275	-6.754
		 CB 	-48.461	30.684	-5.079
		 CG 	-47.846	30.01	-3.861
		 CD 	-47.077	28.746	-4.266
		 CE 	-46.719	27.886	-3.067
		 NZ 	-45.816	28.59	-2.126
	239	amino	THR
		 N  	-48.843	33.733	-6.355
		 CA 	-49.056	34.482	-7.577
		 C  	-47.689	34.681	-8.206
		 O  	-46.753	35.113	-7.536
		 CB 	-49.741	35.81	-7.286
		 OG1	-51.037	35.532	-6.746
		 CG2	-49.903	36.625	-8.553
	240	amino	ALA
		 N  	-47.559	34.29	-9.469
		 CA 	-46.287	34.416	-10.174
		 C  	-46.442	35.069	-11.532
		 O  	-47.405	34.836	-12.257
		 CB 	-45.628	33.055	-10.33
	241	amino	LEU
		 N  	-45.468	35.902	-11.849
		 CA 	-45.417	36.613	-13.109
		 C  	-44.166	36.113	-13.832
		 O  	-43.054	36.216	-13.307
		 CB 	-45.32	38.106	-12.846
		 CG 	-45.437	38.925	-14.109
		 CD1	-46.76	38.6	-14.8
		 CD2	-45.335	40.398	-13.747
	242	amino	LEU
		 N  	-44.363	35.506	-15.001
		 CA 	-43.235	34.978	-15.759
		 C  	-43.008	35.701	-17.07
		 O  	-43.959	36.082	-17.758
		 CB 	-43.402	33.48	-16.036
		 CG 	-43.588	32.565	-14.82
		 CD1	-45.085	32.298	-14.563
		 CD2	-42.86	31.268	-15.042
	243	amino	TYR
		 N  	-41.734	35.891	-17.395
		 CA 	-41.337	36.549	-18.63
		 C  	-40.116	35.889	-19.242
		 O  	-39.176	35.525	-18.534
		 CB 	-41.033	38.028	-18.414
		 CG 	-40.423	38.638	-19.645
		 CD1	-41.217	38.936	-20.754
		 CD2	-39.049	38.843	-19.734
		 CE1	-40.669	39.419	-21.925
		 CE2	-38.48	39.321	-20.895
		 CZ 	-39.295	39.611	-21.999
		 OH 	-38.739	40.077	-23.18
	244	amino	GLY
		 N  	-40.116	35.8	-20.57
		 CA 	-39.0	35.191	-21.271
		 C  	-38.861	35.668	-22.702
		 O  	-39.84	36.014	-23.37
	245	amino	HIS
		 N  	-37.631	35.651	-23.186
		 CA 	-37.345	36.091	-24.536
		 C  	-36.323	35.17	-25.17
		 O  	-35.355	34.79	-24.517
		 CB 	-36.786	37.508	-24.511
		 CG 	-36.883	38.218	-25.826
		 ND1	-35.785	38.475	-26.617
		 CD2	-37.947	38.745	-26.477
		 CE1	-36.168	39.134	-27.696
		 NE2	-37.475	39.31	-27.636
	246	amino	GLY
		 N  	-36.51	34.861	-26.457
		 CA 	-35.593	33.983	-27.162
		 C  	-35.842	32.59	-26.65
		 O  	-37.003	32.169	-26.558
	247	amino	LEU
		 N  	-34.762	31.885	-26.299
		 CA 	-34.853	30.529	-25.755
		 C  	-35.646	30.531	-24.445
		 O  	-36.256	29.537	-24.076
		 CB 	-33.453	29.942	-25.531
		 CG 	-32.758	29.427	-26.798
		 CD1	-31.34	28.908	-26.497
		 CD2	-33.625	28.326	-27.414
	248	amino	GLY
		 N  	-35.627	31.661	-23.752
		 CA 	-36.365	31.786	-22.519
		 C  	-37.866	31.98	-22.7
		 O  	-38.604	31.961	-21.704
	249	amino	ALA
		 N  	-38.34	32.125	-23.94
		 CA 	-39.77	32.355	-24.184
		 C  	-40.727	31.198	-23.822
		 O  	-41.938	31.353	-23.93
		 CB 	-40.014	32.869	-25.585
	250	amino	GLU
		 N  	-40.187	30.021	-23.492
		 CA 	-40.997	28.896	-23.001
		 C  	-40.749	29.093	-21.491
		 O  	-39.691	28.709	-20.968
		 CB 	-40.447	27.537	-23.46
		 CG 	-40.973	26.343	-22.659
		 CD 	-42.431	26.495	-22.231
		 OE1	-43.274	26.857	-23.065
		 OE2	-42.742	26.257	-21.049
	251	amino	VAL
		 N  	-41.697	29.766	-20.837
		 CA 	-41.611	30.14	-19.425
		 C  	-41.724	29.064	-18.325
		 O  	-41.258	29.289	-17.205
		 CB 	-42.574	31.327	-19.111
		 CG1	-42.184	32.551	-19.923
		 CG2	-44.014	30.934	-19.39
	252	amino	LYS
		 N  	-42.323	27.917	-18.645
		 CA 	-42.464	26.814	-17.696
		 C  	-41.251	25.868	-17.75
		 O  	-40.483	25.807	-16.807
		 CB 	-43.769	26.058	-17.956
		 CG 	-44.072	24.967	-16.963
		 CD 	-45.435	24.329	-17.211
		 CE 	-45.427	23.378	-18.396
		 NZ 	-46.764	22.772	-18.601
	253	amino	GLY
		 N  	-41.082	25.128	-18.841
		 CA 	-39.946	24.229	-18.949
		 C  	-38.731	25.002	-19.441
		 O  	-38.378	24.938	-20.613
	254	amino	ILE
		 N  	-38.103	25.75	-18.551
		 CA 	-36.942	26.556	-18.896
		 C  	-35.893	25.819	-19.733
		 O  	-35.345	24.794	-19.303
		 CB 	-36.269	27.095	-17.625
		 CG1	-37.291	27.87	-16.787
		 CG2	-35.051	27.943	-17.986
		 CD1	-36.759	28.319	-15.433
	255	amino	GLY
		 N  	-35.606	26.357	-20.919
		 CA 	-34.623	25.744	-21.809
		 C  	-35.04	24.422	-22.42
		 O  	-34.193	23.667	-22.869
	256	amino	SER
		 N  	-36.34	24.154	-22.462
		 CA 	-36.846	22.891	-22.997
		 C  	-37.422	22.967	-24.425
		 O  	-37.891	21.958	-24.954
		 CB 	-37.935	22.329	-22.068
		 OG 	-39.167	23.039	-22.219
	257	amino	ASP
		 N  	-37.44	24.161	-25.018
		 CA 	-37.984	24.335	-26.367
		 C  	-36.927	24.893	-27.315
		 O  	-36.609	26.078	-27.281
		 CB 	-39.201	25.252	-26.334
		 CG 	-40.023	25.167	-27.59
		 OD1	-39.455	24.908	-28.673
		 OD2	-41.252	25.354	-27.497
	258	amino	GLY
		 N  	-36.418	24.03	-28.188
		 CA 	-35.385	24.436	-29.124
		 C  	-35.84	25.12	-30.4
		 O  	-34.995	25.621	-31.14
	259	amino	ALA
		 N  	-37.147	25.152	-30.651
		 CA 	-37.7	25.769	-31.859
		 C  	-38.02	27.271	-31.765
		 O  	-38.426	27.874	-32.75
		 CB 	-38.957	25.002	-32.304
	260	amino	LEU
		 N  	-37.807	27.875	-30.603
		 CA 	-38.127	29.284	-30.388
		 C  	-37.287	30.26	-31.19
		 O  	-36.064	30.145	-31.253
		 CB 	-38.023	29.618	-28.892
		 CG 	-39.015	28.88	-27.977
		 CD1	-38.512	28.797	-26.564
		 CD2	-40.37	29.551	-28.038
	261	amino	ARG
		 N  	-37.949	31.24	-31.79
		 CA 	-37.247	32.256	-32.563
		 C  	-36.553	33.234	-31.608
		 O  	-36.897	33.317	-30.426
		 CB 	-38.22	33.026	-33.458
		 CG 	-38.929	32.192	-34.494
		 CD 	-39.873	33.065	-35.315
		 NE 	-39.167	34.001	-36.194
		 CZ 	-39.12	35.318	-36.009
		 NH1	-39.74	35.879	-34.976
		 NH2	-38.437	36.076	-36.852
	262	amino	PRO
		 N  	-35.545	33.964	-32.1
		 CA 	-34.811	34.932	-31.285
		 C  	-35.715	35.996	-30.688
		 O  	-35.508	36.436	-29.556
		 CB 	-33.842	35.54	-32.293
		 CG 	-33.503	34.358	-33.149
		 CD 	-34.882	33.777	-33.404
	263	amino	GLY
		 N  	-36.746	36.37	-31.437
		 CA 	-37.661	37.396	-30.984
		 C  	-38.863	36.881	-30.231
		 O  	-39.81	37.645	-29.973
	264	amino	ALA
		 N  	-38.858	35.592	-29.904
		 CA 	-39.971	35.019	-29.151
		 C  	-40.089	35.78	-27.818
		 O  	-39.095	35.971	-27.1
		 CB 	-39.75	33.548	-28.914
	265	amino	ASP
		 N  	-41.301	36.245	-27.521
		 CA 	-41.554	37.016	-26.32
		 C  	-42.798	36.493	-25.58
		 O  	-43.895	36.443	-26.152
		 CB 	-41.74	38.468	-26.733
		 CG 	-41.582	39.415	-25.59
		 OD1	-40.427	39.733	-25.231
		 OD2	-42.622	39.836	-25.047
	266	amino	THR
		 N  	-42.624	36.091	-24.315
		 CA 	-43.736	35.555	-23.528
		 C  	-43.913	36.189	-22.158
		 O  	-42.944	36.621	-21.531
		 CB 	-43.605	34.033	-23.322
		 OG1	-43.404	33.402	-24.583
		 CG2	-44.875	33.454	-22.708
	267	amino	TRP
		 N  	-45.181	36.267	-21.749
		 CA 	-45.634	36.788	-20.462
		 C  	-46.643	35.787	-19.97
		 O  	-47.561	35.422	-20.701
		 CB 	-46.37	38.115	-20.603
		 CG 	-45.474	39.255	-20.705
		 CD1	-45.064	39.867	-21.847
		 CD2	-44.8	39.914	-19.626
		 NE1	-44.165	40.862	-21.553
		 CE2	-43.982	40.915	-20.197
		 CE3	-44.801	39.753	-18.228
		 CZ2	-43.166	41.755	-19.421
		 CZ3	-43.986	40.589	-17.454
		 CH2	-43.18	41.577	-18.056
	268	amino	ARG
		 N  	-46.461	35.302	-18.751
		 CA 	-47.419	34.363	-18.207
		 C  	-47.743	34.711	-16.769
		 O  	-46.876	35.188	-16.013
		 CB 	-46.903	32.929	-18.291
		 CG 	-47.937	31.923	-17.832
		 CD 	-47.358	30.524	-17.714
		 NE 	-47.28	29.834	-19.002
		 CZ 	-47.244	28.513	-19.151
		 NH1	-47.274	27.71	-18.094
		 NH2	-47.205	27.994	-20.369
	269	amino	ILE
		 N  	-49.013	34.544	-16.414
		 CA 	-49.435	34.806	-15.053
		 C  	-50.043	33.547	-14.475
		 O  	-50.884	32.912	-15.108
		 CB 	-50.406	36.013	-14.926
		 CG1	-50.624	36.315	-13.438
		 CG2	-51.738	35.74	-15.625
		 CD1	-51.489	37.527	-13.164
	270	amino	ALA
		 N  	-49.512	33.123	-13.331
		 CA 	-50.002	31.934	-12.638
		 C  	-50.479	32.341	-11.244
		 O  	-49.826	33.14	-10.559
		 CB 	-48.899	30.898	-12.534
	271	amino	SER
		 N  	-51.641	31.844	-10.839
		 CA 	-52.135	32.186	-9.52
		 C  	-53.155	31.202	-9.019
		 O  	-53.976	30.711	-9.785
		 CB 	-52.726	33.6	-9.495
		 OG 	-52.838	34.062	-8.157
	272	amino	TYR
		 N  	-53.048	30.865	-7.734
		 CA 	-53.995	29.958	-7.102
		 C  	-54.06	30.247	-5.605
		 O  	-53.168	30.882	-5.043
		 CB 	-53.649	28.486	-7.355
		 CG 	-52.556	27.926	-6.471
		 CD1	-51.226	28.009	-6.848
		 CD2	-52.855	27.296	-5.266
		 CE1	-50.215	27.48	-6.054
		 CE2	-51.848	26.76	-4.459
		 CZ 	-50.532	26.856	-4.861
		 OH 	-49.525	26.323	-4.083
	273	amino	GLY
		 N  	-55.142	29.787	-4.982
		 CA 	-55.341	29.987	-3.567
		 C  	-56.129	28.833	-2.992
		 O  	-56.89	28.161	-3.695
	274	amino	THR
		 N  	-55.934	28.604	-1.7
		 CA 	-56.62	27.543	-0.988
		 C  	-57.298	28.172	0.219
		 O  	-56.716	29.037	0.862
		 CB 	-55.599	26.459	-0.563
		 OG1	-55.65	25.379	-1.503
		 CG2	-55.866	25.939	0.835
	275	amino	THR
		 N  	-58.553	27.799	0.472
		 CA 	-59.286	28.317	1.632
		 C  	-60.515	27.509	2.003
		 O  	-61.175	26.943	1.129
		 CB 	-59.752	29.774	1.448
		 OG1	-60.223	30.281	2.708
		 CG2	-60.879	29.855	0.433
	276	amino	PRO
		 N  	-60.772	27.345	3.319
		 CA 	-61.942	26.593	3.806
		 C  	-63.13	27.553	3.93
		 O  	-62.972	28.681	4.398
		 CB 	-61.478	26.06	5.155
		 CG 	-60.535	27.12	5.631
		 CD 	-59.766	27.506	4.393
	277	amino	LEU
		 N  	-64.278	27.137	3.4
		 CA 	-65.512	27.937	3.415
		 C  	-66.332	27.665	4.671
		 O  	-67.205	28.448	5.055
		 CB 	-66.347	27.629	2.174
		 CG 	-66.299	28.62	1.013
		 CD1	-64.913	29.2	0.852
		 CD2	-66.756	27.907	-0.249
	278	amino	SER
		 N  	-66.082	26.505	5.255
		 CA 	-66.714	26.069	6.486
		 C  	-65.931	24.808	6.913
		 O  	-64.875	24.505	6.317
		 CB 	-68.243	25.848	6.315
		 OG 	-68.6	24.876	5.347
	279	amino	GLU
		 N  	-66.379	24.124	7.97
		 CA 	-65.705	22.901	8.452
		 C  	-65.991	21.669	7.555
		 O  	-65.603	20.534	7.883
		 CB 	-66.103	22.587	9.913
		 CG 	-67.475	21.893	10.116
		 CD 	-68.7	22.822	9.972
		 OE1	-68.545	24.056	9.756
		 OE2	-69.836	22.303	10.092
	280	amino	ASN
		 N  	-66.665	21.916	6.427
		 CA 	-67.026	20.875	5.481
		 C  	-66.716	21.237	4.016
		 O  	-66.449	20.344	3.223
		 CB 	-68.495	20.491	5.68
		 CG 	-69.437	21.698	5.613
		 OD1	-70.36	21.727	4.803
		 ND2	-69.209	22.693	6.465
	281	amino	TRP
		 N  	-66.713	22.531	3.673
		 CA 	-66.412	23.007	2.299
		 C  	-65.046	23.689	2.118
		 O  	-64.707	24.617	2.856
		 CB 	-67.476	23.991	1.786
		 CG 	-68.729	23.354	1.272
		 CD1	-69.846	23.053	1.997
		 CD2	-68.997	22.923	-0.076
		 NE1	-70.788	22.453	1.192
		 CE2	-70.295	22.363	-0.084
		 CE3	-68.268	22.949	-1.274
		 CZ2	-70.879	21.835	-1.243
		 CZ3	-68.853	22.418	-2.431
		 CH2	-70.147	21.87	-2.4
	282	amino	SER
		 N  	-64.282	23.223	1.126
		 CA 	-62.971	23.79	0.784
		 C  	-62.986	24.198	-0.688
		 O  	-63.559	23.5	-1.53
		 CB 	-61.845	22.782	1.023
		 OG 	-61.697	22.508	2.402
	283	amino	VAL
		 N  	-62.39	25.344	-0.995
		 CA 	-62.35	25.804	-2.372
		 C  	-60.929	26.179	-2.814
		 O  	-60.15	26.755	-2.048
		 CB 	-63.349	26.983	-2.607
		 CG1	-62.869	28.254	-1.934
		 CG2	-63.544	27.22	-4.081
	284	amino	ALA
		 N  	-60.576	25.776	-4.032
		 CA 	-59.271	26.089	-4.587
		 C  	-59.413	26.649	-6.007
		 O  	-59.559	25.896	-6.968
		 CB 	-58.377	24.857	-4.594
	285	amino	PRO
		 N  	-59.475	27.978	-6.136
		 CA 	-59.595	28.578	-7.46
		 C  	-58.177	28.712	-8.056
		 O  	-57.194	28.768	-7.316
		 CB 	-60.21	29.937	-7.143
		 CG 	-59.562	30.295	-5.858
		 CD 	-59.639	28.996	-5.081
	286	amino	ALA
		 N  	-58.068	28.755	-9.378
		 CA 	-56.759	28.882	-10.024
		 C  	-56.823	29.533	-11.393
		 O  	-57.801	29.387	-12.108
		 CB 	-56.081	27.507	-10.133
	287	amino	MET
		 N  	-55.756	30.219	-11.768
		 CA 	-55.725	30.853	-13.063
		 C  	-54.357	30.812	-13.724
		 O  	-53.32	31.015	-13.077
		 CB 	-56.242	32.285	-12.991
		 CG 	-55.158	33.32	-12.872
		 SD 	-55.741	34.889	-13.482
		 CE 	-55.725	34.56	-15.26
	288	amino	LEU
		 N  	-54.385	30.522	-15.023
		 CA 	-53.198	30.463	-15.855
		 C  	-53.524	31.233	-17.132
		 O  	-54.519	30.953	-17.788
		 CB 	-52.891	29.028	-16.227
		 CG 	-51.497	28.488	-15.949
		 CD1	-51.254	27.387	-16.965
		 CD2	-50.431	29.558	-16.04
	289	amino	ALA
		 N  	-52.683	32.191	-17.486
		 CA 	-52.903	32.986	-18.681
		 C  	-51.578	33.303	-19.331
		 O  	-50.578	33.577	-18.647
		 CB 	-53.636	34.273	-18.34
	290	amino	GLN
		 N  	-51.579	33.31	-20.658
		 CA 	-50.353	33.589	-21.399
		 C  	-50.563	34.337	-22.726
		 O  	-51.599	34.2	-23.393
		 CB 	-49.602	32.277	-21.66
		 CG 	-48.284	32.419	-22.408
		 CD 	-47.647	31.068	-22.694
		 OE1	-46.618	30.726	-22.122
		 NE2	-48.277	30.284	-23.565
	291	amino	ARG
		 N  	-49.549	35.119	-23.089
		 CA 	-49.51	35.88	-24.326
		 C  	-48.111	35.637	-24.902
		 O  	-47.106	36.037	-24.312
		 CB 	-49.707	37.348	-24.013
		 CG 	-49.743	38.255	-25.213
		 CD 	-50.024	39.671	-24.717
		 NE 	-50.39	40.601	-25.779
		 CZ 	-49.552	41.02	-26.723
		 NH1	-48.292	40.582	-26.734
		 NH2	-49.973	41.876	-27.655
	292	amino	SER
		 N  	-48.039	34.932	-26.025
		 CA 	-46.754	34.627	-26.639
		 C  	-46.735	35.091	-28.097
		 O  	-47.551	34.653	-28.895
		 CB 	-46.509	33.126	-26.552
		 OG 	-45.133	32.847	-26.59
	293	amino	LYS
		 N  	-45.786	35.957	-28.437
		 CA 	-45.645	36.512	-29.785
		 C  	-44.334	36.111	-30.483
		 O  	-43.277	36.037	-29.836
		 CB 	-45.655	38.043	-29.695
		 CG 	-46.966	38.653	-29.291
		 CD 	-47.918	38.731	-30.477
		 CE 	-49.2	39.526	-30.151
		 NZ 	-50.096	38.837	-29.156
	294	amino	ASP
		 N  	-44.385	35.969	-31.811
		 CA 	-43.207	35.629	-32.622
		 C  	-42.475	34.439	-32.033
		 O  	-41.244	34.35	-32.057
		 CB 	-42.245	36.824	-32.71
		 CG 	-42.943	38.115	-33.103
		 OD1	-43.789	38.088	-34.021
		 OD2	-42.655	39.158	-32.479
	295	amino	ARG
		 N  	-43.269	33.512	-31.527
		 CA 	-42.778	32.324	-30.887
		 C  	-42.067	31.383	-31.854
		 O  	-40.843	31.26	-31.792
		 CB 	-43.946	31.636	-30.182
		 CG 	-43.545	30.611	-29.17
		 CD 	-44.789	29.94	-28.64
		 NE 	-44.482	28.776	-27.817
		 CZ 	-44.311	28.818	-26.504
		 NH1	-44.432	29.969	-25.863
		 NH2	-43.954	27.724	-25.853
	296	amino	TYR
		 N  	-42.816	30.716	-32.732
		 CA 	-42.219	29.786	-33.703
		 C  	-42.154	30.366	-35.119
		 O  	-41.282	30.007	-35.906
		 CB 	-43.003	28.484	-33.74
		 CG 	-43.099	27.808	-32.398
		 CD1	-41.954	27.38	-31.724
		 CD2	-44.337	27.576	-31.805
		 CE1	-42.039	26.744	-30.5
		 CE2	-44.432	26.932	-30.58
		 CZ 	-43.28	26.521	-29.934
		 OH 	-43.393	25.882	-28.721
	297	amino	ALA
		 N  	-43.104	31.242	-35.441
		 CA 	-43.168	31.878	-36.741
		 C  	-43.294	33.367	-36.542
		 O  	-43.878	33.83	-35.569
		 CB 	-44.339	31.361	-37.515
	298	amino	ASP
		 N  	-42.704	34.112	-37.467
		 CA 	-42.724	35.571	-37.456
		 C  	-44.175	36.072	-37.499
		 O  	-44.972	35.638	-38.333
		 CB 	-41.947	36.08	-38.669
		 CG 	-41.53	37.529	-38.54
		 OD1	-41.78	38.156	-37.494
		 OD2	-40.927	38.042	-39.501
	299	amino	GLY
		 N  	-44.535	36.926	-36.55
		 CA 	-45.887	37.442	-36.507
		 C  	-46.925	36.499	-35.925
		 O  	-48.13	36.777	-36.024
	300	amino	ASP
		 N  	-46.507	35.373	-35.346
		 CA 	-47.508	34.488	-34.748
		 C  	-47.912	35.042	-33.388
		 O  	-47.291	35.981	-32.864
		 CB 	-47.069	33.011	-34.66
		 CG 	-46.008	32.736	-33.585
		 OD1	-45.73	33.584	-32.706
		 OD2	-45.439	31.625	-33.63
	301	amino	SER
		 N  	-48.95	34.453	-32.818
		 CA 	-49.443	34.889	-31.538
		 C  	-50.271	33.794	-30.92
		 O  	-51.06	33.141	-31.593
		 CB 	-50.259	36.159	-31.716
		 OG 	-51.284	36.277	-30.751
	302	amino	TYR
		 N  	-50.013	33.544	-29.644
		 CA 	-50.743	32.536	-28.9
		 C  	-51.193	33.21	-27.621
		 O  	-50.368	33.776	-26.894
		 CB 	-49.842	31.356	-28.572
		 CG 	-49.377	30.552	-29.779
		 CD1	-50.101	29.452	-30.226
		 CD2	-48.176	30.854	-30.434
		 CE1	-49.643	28.665	-31.293
		 CE2	-47.712	30.074	-31.492
		 CZ 	-48.457	28.978	-31.91
		 OH 	-48.017	28.169	-32.928
	303	amino	GLN
		 N  	-52.507	33.231	-27.397
		 CA 	-53.086	33.833	-26.198
		 C  	-54.183	32.958	-25.644
		 O  	-55.046	32.487	-26.379
		 CB 	-53.666	35.204	-26.496
		 CG 	-52.622	36.272	-26.721
		 CD 	-53.226	37.577	-27.235
		 OE1	-53.902	37.594	-28.27
		 NE2	-52.978	38.676	-26.518
	304	amino	TRP
		 N  	-54.126	32.698	-24.347
		 CA 	-55.151	31.892	-23.712
		 C  	-55.202	32.144	-22.219
		 O  	-54.266	32.677	-21.637
		 CB 	-54.974	30.404	-24.025
		 CG 	-53.585	29.882	-23.811
		 CD1	-52.671	29.584	-24.779
		 CD2	-52.937	29.618	-22.552
		 NE1	-51.489	29.161	-24.207
		 CE2	-51.624	29.169	-22.844
		 CE3	-53.334	29.725	-21.208
		 CZ2	-50.705	28.827	-21.844
		 CZ3	-52.42	29.385	-20.213
		 CH2	-51.118	28.94	-20.54
	305	amino	ALA
		 N  	-56.329	31.788	-21.619
		 CA 	-56.533	31.971	-20.199
		 C  	-57.414	30.86	-19.668
		 O  	-58.494	30.576	-20.21
		 CB 	-57.157	33.329	-19.917
	306	amino	THR
		 N  	-56.894	30.183	-18.648
		 CA 	-57.603	29.107	-17.998
		 C  	-58.042	29.536	-16.606
		 O  	-57.369	30.314	-15.925
		 CB 	-56.719	27.841	-17.849
		 OG1	-56.487	27.255	-19.138
		 CG2	-57.399	26.803	-16.948
	307	amino	PHE
		 N  	-59.226	29.076	-16.23
		 CA 	-59.752	29.328	-14.919
		 C  	-60.271	27.983	-14.443
		 O  	-61.156	27.399	-15.066
		 CB 	-60.879	30.362	-14.92
		 CG 	-61.496	30.557	-13.548
		 CD1	-60.828	31.311	-12.563
		 CD2	-62.702	29.922	-13.208
		 CE1	-61.345	31.428	-11.257
		 CE2	-63.233	30.027	-11.907
		 CZ 	-62.548	30.786	-10.924
	308	amino	ASN
		 N  	-59.666	27.47	-13.373
		 CA 	-60.064	26.192	-12.794
		 C  	-60.577	26.436	-11.383
		 O  	-60.052	27.282	-10.645
		 CB 	-58.89	25.22	-12.746
		 CG 	-59.33	23.799	-12.505
		 OD1	-59.157	23.242	-11.416
		 ND2	-59.922	23.203	-13.519
	309	amino	LEU
		 N  	-61.585	25.666	-10.997
		 CA 	-62.188	25.813	-9.691
		 C  	-62.478	24.428	-9.114
		 O  	-63.337	23.69	-9.626
		 CB 	-63.471	26.652	-9.844
		 CG 	-64.219	27.337	-8.683
		 CD1	-65.236	26.388	-8.078
		 CD2	-63.247	27.882	-7.627
	310	amino	ARG
		 N  	-61.683	24.038	-8.112
		 CA 	-61.874	22.76	-7.428
		 C  	-62.588	23.012	-6.071
		 O  	-62.184	23.886	-5.294
		 CB 	-60.531	22.074	-7.197
		 CG 	-60.637	20.6	-6.82
		 CD 	-60.681	19.675	-8.059
		 NE 	-59.872	18.464	-7.871
		 CZ 	-58.736	18.205	-8.52
		 NH1	-58.266	19.065	-9.418
		 NH2	-58.016	17.121	-8.232
	311	amino	LEU
		 N  	-63.65	22.257	-5.808
		 CA 	-64.433	22.367	-4.563
		 C  	-64.596	20.988	-3.922
		 O  	-64.934	20.03	-4.63
		 CB 	-65.849	22.87	-4.875
		 CG 	-66.18	24.32	-5.213
		 CD1	-67.585	24.39	-5.76
		 CD2	-66.087	25.179	-3.978
	312	amino	ILE
		 N  	-64.33	20.858	-2.619
		 CA 	-64.546	19.563	-1.931
		 C  	-65.517	19.746	-0.767
		 O  	-65.411	20.702	0.018
		 CB 	-63.3	18.924	-1.3
		 CG1	-62.051	19.693	-1.665
		 CG2	-63.202	17.437	-1.676
		 CD1	-60.858	19.291	-0.8
	313	amino	GLN
		 N  	-66.445	18.807	-0.647
		 CA 	-67.431	18.834	0.414
		 C  	-67.344	17.535	1.196
		 O  	-67.607	16.451	0.677
		 CB 	-68.825	19.027	-0.169
		 CG 	-69.943	18.845	0.828
		 CD 	-71.3	18.736	0.168
		 OE1	-72.305	19.16	0.737
		 NE2	-71.339	18.167	-1.039
	314	amino	ALA
		 N  	-66.892	17.645	2.435
		 CA 	-66.766	16.481	3.292
		 C  	-68.157	16.025	3.744
		 O  	-69.059	16.837	3.98
		 CB 	-65.88	16.804	4.493
	315	amino	ILE
		 N  	-68.331	14.714	3.811
		 CA 	-69.585	14.115	4.232
		 C  	-69.321	13.17	5.404
		 O  	-70.094	13.103	6.351
		 CB 	-70.22	13.386	3.043
		 CG1	-70.769	14.429	2.064
		 CG2	-71.271	12.365	3.511
		 CD1	-71.432	13.841	0.884
	316	amino	ASN
		 N  	-68.171	12.506	5.349
		 CA 	-67.705	11.56	6.35
		 C  	-66.278	11.89	6.667
		 O  	-65.675	12.801	6.118
		 CB 	-67.609	10.155	5.76
		 CG 	-68.905	9.522	5.602
		 OD1	-69.903	10.011	6.11
		 ND2	-68.928	8.407	4.898
	317	amino	GLN
		 N  	-65.706	11.003	7.455
		 CA 	-64.322	11.072	7.816
		 C  	-63.612	10.481	6.579
		 O  	-62.46	10.809	6.283
		 CB 	-64.12	10.177	9.032
		 CG 	-62.714	10.087	9.524
		 CD 	-62.494	8.832	10.339
		 OE1	-63.419	8.318	10.996
		 NE2	-61.273	8.304	10.277
	318	amino	ASN
		 N  	-64.351	9.663	5.827
		 CA 	-63.825	9.006	4.643
		 C  	-64.441	9.402	3.296
		 O  	-63.828	9.197	2.256
		 CB 	-63.982	7.495	4.787
		 CG 	-63.433	6.97	6.083
		 OD1	-64.047	6.126	6.724
		 ND2	-62.26	7.448	6.471
	319	amino	PHE
		 N  	-65.627	9.99	3.295
		 CA 	-66.272	10.29	2.038
		 C  	-66.425	11.752	1.756
		 O  	-66.817	12.522	2.625
		 CB 	-67.635	9.621	2.034
		 CG 	-68.341	9.682	0.726
		 CD1	-67.776	9.111	-0.41
		 CD2	-69.582	10.309	0.625
		 CE1	-68.438	9.166	-1.637
		 CE2	-70.261	10.376	-0.599
		 CZ 	-69.69	9.806	-1.73
	320	amino	ALA
		 N  	-66.151	12.137	0.516
		 CA 	-66.278	13.531	0.107
		 C  	-66.833	13.619	-1.303
		 O  	-66.864	12.626	-2.036
		 CB 	-64.932	14.222	0.18
	321	amino	LEU
		 N  	-67.314	14.8	-1.663
		 CA 	-67.853	15.026	-2.994
		 C  	-67.037	16.162	-3.564
		 O  	-67.1	17.277	-3.05
		 CB 	-69.331	15.437	-2.948
		 CG 	-70.374	14.434	-2.453
		 CD1	-71.708	15.08	-2.666
		 CD2	-70.314	13.108	-3.2
	322	amino	ALA
		 N  	-66.236	15.865	-4.589
		 CA 	-65.397	16.872	-5.233
		 C  	-66.069	17.351	-6.51
		 O  	-66.764	16.581	-7.172
		 CB 	-64.006	16.296	-5.535
	323	amino	TYR
		 N  	-65.898	18.629	-6.82
		 CA 	-66.459	19.234	-8.023
		 C  	-65.353	20.03	-8.705
		 O  	-64.507	20.608	-8.022
		 CB 	-67.586	20.23	-7.676
		 CG 	-68.715	19.659	-6.856
		 CD1	-68.591	19.539	-5.468
		 CD2	-69.901	19.221	-7.462
		 CE1	-69.601	18.999	-4.707
		 CE2	-70.935	18.677	-6.697
		 CZ 	-70.772	18.572	-5.32
		 OH 	-71.779	18.064	-4.54
	324	amino	GLU
		 N  	-65.354	20.054	-10.039
		 CA 	-64.37	20.845	-10.775
		 C  	-64.973	21.584	-11.963
		 O  	-65.837	21.071	-12.692
		 CB 	-63.173	20.015	-11.226
		 CG 	-62.069	20.889	-11.836
		 CD 	-60.722	20.178	-11.94
		 OE1	-60.613	19.202	-12.733
		 OE2	-59.778	20.609	-11.236
	325	amino	GLY
		 N  	-64.527	22.816	-12.131
		 CA 	-65.017	23.619	-13.218
		 C  	-63.882	24.264	-13.976
		 O  	-63.077	24.995	-13.398
	326	amino	SER
		 N  	-63.787	23.965	-15.267
		 CA 	-62.754	24.579	-16.086
		 C  	-63.362	25.434	-17.189
		 O  	-64.378	25.099	-17.803
		 CB 	-61.829	23.542	-16.714
		 OG 	-61.122	22.805	-15.745
	327	amino	TYR
		 N  	-62.74	26.576	-17.4
		 CA 	-63.153	27.477	-18.44
		 C  	-61.861	27.939	-19.072
		 O  	-60.886	28.227	-18.376
		 CB 	-63.914	28.688	-17.897
		 CG 	-64.185	29.679	-18.996
		 CD1	-65.135	29.397	-19.985
		 CD2	-63.4	30.827	-19.132
		 CE1	-65.293	30.215	-21.091
		 CE2	-63.547	31.659	-20.237
		 CZ 	-64.498	31.343	-21.223
		 OH 	-64.629	32.144	-22.35
	328	amino	GLN
		 N  	-61.849	27.983	-20.394
		 CA 	-60.667	28.429	-21.088
		 C  	-60.983	29.179	-22.372
		 O  	-61.851	28.785	-23.14
		 CB 	-59.757	27.253	-21.4
		 CG 	-58.563	27.658	-22.231
		 CD 	-57.638	26.506	-22.478
		 OE1	-56.53	26.463	-21.934
		 NE2	-58.094	25.538	-23.271
	329	amino	TYR
		 N  	-60.309	30.3	-22.566
		 CA 	-60.493	31.056	-23.784
		 C  	-59.147	31.084	-24.496
		 O  	-58.093	31.203	-23.858
		 CB 	-60.966	32.484	-23.509
		 CG 	-61.121	33.262	-24.793
		 CD1	-62.25	33.075	-25.612
		 CD2	-60.101	34.116	-25.243
		 CE1	-62.361	33.709	-26.864
		 CE2	-60.192	34.76	-26.492
		 CZ 	-61.326	34.555	-27.303
		 OH 	-61.407	35.185	-28.548
	330	amino	MET
		 N  	-59.179	30.952	-25.815
		 CA 	-57.946	30.982	-26.595
		 C  	-58.138	31.666	-27.948
		 O  	-59.209	31.628	-28.536
		 CB 	-57.424	29.567	-26.795
		 CG 	-58.363	28.72	-27.605
		 SD 	-58.155	26.977	-27.323
		 CE 	-59.535	26.653	-26.299
	331	amino	ASP
		 N  	-57.1	32.364	-28.374
		 CA 	-57.049	33.071	-29.641
		 C  	-55.662	32.712	-30.16
		 O  	-54.65	33.316	-29.769
		 CB 	-57.143	34.574	-29.406
		 CG 	-57.333	35.355	-30.691
		 OD1	-56.919	34.864	-31.757
		 OD2	-57.913	36.459	-30.642
	332	amino	LEU
		 N  	-55.618	31.721	-31.038
		 CA 	-54.349	31.247	-31.553
		 C  	-54.147	31.601	-33.009
		 O  	-55.051	31.427	-33.824
		 CB 	-54.258	29.732	-31.333
		 CG 	-54.665	29.296	-29.923
		 CD1	-55.02	27.816	-29.878
		 CD2	-53.548	29.651	-28.953
	333	amino	LYS
		 N  	-52.958	32.113	-33.323
		 CA 	-52.587	32.502	-34.676
		 C  	-51.186	31.948	-34.951
		 O  	-50.165	32.632	-34.794
		 CB 	-52.651	34.03	-34.83
		 CG 	-54.097	34.565	-34.766
		 CD 	-54.244	36.099	-34.714
		 CE 	-53.667	36.738	-33.428
		 NZ 	-54.299	36.312	-32.112
	334	amino	PRO
		 N  	-51.126	30.672	-35.348
		 CA 	-49.901	29.936	-35.659
		 C  	-49.119	30.355	-36.912
		 O  	-47.918	30.074	-36.993
		 CB 	-50.393	28.488	-35.758
		 CG 	-51.771	28.639	-36.239
		 CD 	-52.302	29.799	-35.467
	335	amino	GLU
		 N  	-49.779	31.033	-37.865
		 CA 	-49.144	31.478	-39.123
		 C  	-48.518	30.306	-39.888
		 O  	-47.344	30.34	-40.239
		 CB 	-48.083	32.565	-38.872
		 CG 	-48.618	33.856	-38.279
		 CD 	-49.621	34.551	-39.187
		 OE1	-49.265	34.881	-40.333
		 OE2	-50.77	34.775	-38.758
	336	amino	GLY
		 N  	-49.297	29.248	-40.091
		 CA 	-48.8	28.095	-40.82
		 C  	-47.913	27.088	-40.094
		 O  	-47.786	25.958	-40.559
	337	amino	TYR
		 N  	-47.288	27.48	-38.983
		 CA 	-46.427	26.571	-38.217
		 C  	-47.115	25.249	-37.908
		 O  	-48.189	25.239	-37.327
		 CB 	-46.003	27.197	-36.891
		 CG 	-44.984	26.362	-36.136
		 CD1	-43.668	26.282	-36.58
		 CD2	-45.326	25.659	-34.984
		 CE1	-42.699	25.525	-35.903
		 CE2	-44.367	24.886	-34.294
		 CZ 	-43.051	24.829	-34.76
		 OH 	-42.08	24.102	-34.083
	338	amino	ASN
		 N  	-46.486	24.143	-38.294
		 CA 	-47.037	22.811	-38.061
		 C  	-48.419	22.552	-38.646
		 O  	-49.143	21.689	-38.147
		 CB 	-47.09	22.518	-36.567
		 CG 	-45.912	21.704	-36.085
		 OD1	-44.826	21.726	-36.669
		 ND2	-46.123	20.977	-35.002
	339	amino	ASP
		 N  	-48.785	23.273	-39.704
		 CA 	-50.103	23.116	-40.338
		 C  	-51.24	23.466	-39.396
		 O  	-52.341	22.912	-39.484
		 CB 	-50.303	21.691	-40.881
		 CG 	-49.652	21.489	-42.234
		 OD1	-50.172	22.055	-43.231
		 OD2	-48.616	20.781	-42.295
	340	amino	ARG
		 N  	-50.95	24.351	-38.456
		 CA 	-51.956	24.775	-37.513
		 C  	-52.698	25.909	-38.178
		 O  	-52.114	26.655	-38.965
		 CB 	-51.302	25.257	-36.222
		 CG 	-50.515	24.195	-35.499
		 CD 	-51.383	23.001	-35.181
		 NE 	-50.612	22.017	-34.442
		 CZ 	-50.59	20.72	-34.713
		 NH1	-51.308	20.226	-35.716
		 NH2	-49.819	19.923	-33.996
	341	amino	GLN
		 N  	-53.999	25.987	-37.914
		 CA 	-54.85	27.031	-38.467
		 C  	-55.307	27.927	-37.329
		 O  	-55.639	27.422	-36.259
		 CB 	-56.06	26.41	-39.178
		 CG 	-55.725	25.728	-40.51
		 CD 	-54.941	26.654	-41.449
		 OE1	-55.456	27.658	-41.924
		 NE2	-53.688	26.334	-41.683
	342	amino	ALA
		 N  	-55.294	29.246	-37.546
		 CA 	-55.717	30.207	-36.523
		 C  	-57.087	29.829	-36.002
		 O  	-57.977	29.459	-36.761
		 CB 	-55.746	31.617	-37.069
	343	amino	VAL
		 N  	-57.241	29.885	-34.691
		 CA 	-58.5	29.518	-34.077
		 C  	-58.764	30.351	-32.81
		 O  	-57.849	30.962	-32.229
		 CB 	-58.495	28.002	-33.77
		 CG1	-58.241	27.732	-32.308
		 CG2	-59.763	27.386	-34.208
	344	amino	ASN
		 N  	-60.035	30.456	-32.447
		 CA 	-60.423	31.182	-31.245
		 C  	-61.756	30.645	-30.767
		 O  	-62.58	30.182	-31.561
		 CB 	-60.458	32.703	-31.454
		 CG 	-61.693	33.168	-32.189
		 OD1	-62.554	33.843	-31.616
		 ND2	-61.797	32.801	-33.468
	345	amino	GLY
		 N  	-61.92	30.632	-29.452
		 CA 	-63.133	30.111	-28.854
		 C  	-62.885	29.713	-27.406
		 O  	-61.802	29.946	-26.835
	346	amino	SER
		 N  	-63.872	29.047	-26.821
		 CA 	-63.757	28.642	-25.442
		 C  	-64.089	27.186	-25.192
		 O  	-64.83	26.572	-25.952
		 CB 	-64.597	29.569	-24.56
		 OG 	-65.88	29.739	-25.111
	347	amino	PHE
		 N  	-63.493	26.65	-24.124
		 CA 	-63.662	25.265	-23.687
		 C  	-64.27	25.239	-22.263
		 O  	-63.905	26.058	-21.41
		 CB 	-62.283	24.584	-23.693
		 CG 	-62.333	23.098	-23.492
		 CD1	-62.338	22.553	-22.207
		 CD2	-62.393	22.239	-24.583
		 CE1	-62.406	21.166	-22.012
		 CE2	-62.463	20.855	-24.4
		 CZ 	-62.471	20.319	-23.109
	348	amino	TYR
		 N  	-65.177	24.297	-22.014
		 CA 	-65.828	24.174	-20.715
		 C  	-65.741	22.744	-20.183
		 O  	-65.958	21.777	-20.937
		 CB 	-67.336	24.521	-20.816
		 CG 	-67.693	25.885	-21.403
		 CD1	-67.643	27.047	-20.615
		 CD2	-68.103	26.013	-22.742
		 CE1	-67.994	28.315	-21.148
		 CE2	-68.454	27.267	-23.284
		 CZ 	-68.397	28.413	-22.48
		 OH 	-68.741	29.65	-22.999
	349	amino	LYS
		 N  	-65.463	22.598	-18.883
		 CA 	-65.442	21.272	-18.268
		 C  	-66.134	21.296	-16.905
		 O  	-65.897	22.186	-16.085
		 CB 	-64.02	20.718	-18.13
		 CG 	-63.98	19.268	-17.631
		 CD 	-62.553	18.688	-17.553
		 CE 	-61.851	19.018	-16.249
		 NZ 	-62.455	18.295	-15.098
	350	amino	LEU
		 N  	-67.036	20.34	-16.703
		 CA 	-67.761	20.193	-15.451
		 C  	-67.566	18.767	-14.994
		 O  	-67.896	17.832	-15.729
		 CB 	-69.245	20.45	-15.655
		 CG 	-69.598	21.911	-15.922
		 CD1	-71.123	22.053	-15.916
		 CD2	-68.96	22.805	-14.858
	351	amino	THR
		 N  	-66.996	18.588	-13.802
		 CA 	-66.762	17.242	-13.274
		 C  	-67.273	17.122	-11.852
		 O  	-67.045	18.007	-11.02
		 CB 	-65.258	16.876	-13.254
		 OG1	-64.705	17.023	-14.565
		 CG2	-65.06	15.446	-12.78
	352	amino	PHE
		 N  	-67.953	16.01	-11.597
		 CA 	-68.502	15.692	-10.299
		 C  	-67.8	14.4	-9.894
		 O  	-67.903	13.386	-10.591
		 CB 	-70.012	15.474	-10.421
		 CG 	-70.642	14.899	-9.188
		 CD1	-70.709	15.646	-8.01
		 CD2	-71.175	13.615	-9.201
		 CE1	-71.309	15.119	-6.856
		 CE2	-71.773	13.081	-8.061
		 CZ 	-71.841	13.837	-6.888
	353	amino	ALA
		 N  	-67.105	14.412	-8.759
		 CA 	-66.376	13.211	-8.362
		 C  	-66.494	12.681	-6.926
		 O  	-65.88	13.222	-6.012
		 CB 	-64.889	13.374	-8.741
	354	amino	PRO
		 N  	-67.341	11.652	-6.706
		 CA 	-67.472	11.081	-5.36
		 C  	-66.063	10.576	-4.995
		 O  	-65.487	9.771	-5.732
		 CB 	-68.44	9.914	-5.595
		 CG 	-69.375	10.48	-6.624
		 CD 	-68.39	11.124	-7.601
	355	amino	THR
		 N  	-65.508	11.067	-3.882
		 CA 	-64.146	10.714	-3.457
		 C  	-64.023	10.017	-2.097
		 O  	-64.649	10.417	-1.132
		 CB 	-63.274	11.986	-3.385
		 OG1	-63.389	12.721	-4.607
		 CG2	-61.821	11.64	-3.148
	356	amino	PHE
		 N  	-63.178	8.997	-2.029
		 CA 	-62.916	8.258	-0.795
		 C  	-61.46	8.474	-0.383
		 O  	-60.564	8.473	-1.221
		 CB 	-63.129	6.764	-0.996
		 CG 	-64.552	6.377	-1.158
		 CD1	-65.33	6.068	-0.041
		 CD2	-65.127	6.322	-2.426
		 CE1	-66.652	5.712	-0.18
		 CE2	-66.461	5.964	-2.584
		 CZ 	-67.225	5.658	-1.459
	357	amino	LYS
		 N  	-61.221	8.661	0.906
		 CA 	-59.872	8.869	1.431
		 C  	-59.886	8.698	2.945
		 O  	-60.952	8.537	3.542
		 CB 	-59.354	10.263	1.063
		 CG 	-60.244	11.399	1.503
		 CD 	-59.817	12.72	0.883
		 CE 	-58.33	12.942	1.045
		 NZ 	-57.933	14.236	0.42
	358	amino	VAL
		 N  	-58.706	8.669	3.557
		 CA 	-58.619	8.528	5.016
		 C  	-58.135	9.824	5.667
		 O  	-58.627	10.219	6.719
		 CB 	-57.717	7.341	5.448
		 CG1	-58.261	6.055	4.864
		 CG2	-56.26	7.557	5.02
	359	amino	GLY
		 N  	-57.219	10.513	4.996
		 CA 	-56.69	11.754	5.518
		 C  	-57.658	12.924	5.574
		 O  	-58.863	12.805	5.316
	360	amino	SER
		 N  	-57.088	14.078	5.899
		 CA 	-57.825	15.309	6.021
		 C  	-58.529	15.708	4.723
		 O  	-57.895	16.155	3.767
		 CB 	-56.876	16.419	6.497
		 OG 	-57.566	17.636	6.754
	361	amino	ILE
		 N  	-59.848	15.563	4.706
		 CA 	-60.633	15.937	3.541
		 C  	-60.506	17.433	3.214
		 O  	-60.613	17.831	2.058
		 CB 	-62.101	15.562	3.728
		 CG1	-62.243	14.045	3.781
		 CG2	-62.951	16.144	2.619
		 CD1	-63.661	13.598	3.786
	362	amino	GLY
		 N  	-60.235	18.253	4.22
		 CA 	-60.092	19.678	3.979
		 C  	-58.74	20.023	3.383
		 O  	-58.52	21.142	2.918
	363	amino	ASP
		 N  	-57.808	19.082	3.448
		 CA 	-56.477	19.302	2.89
		 C  	-56.5	18.877	1.422
		 O  	-56.793	17.721	1.088
		 CB 	-55.431	18.488	3.651
		 CG 	-54.01	18.864	3.281
		 OD1	-53.784	19.913	2.646
		 OD2	-53.093	18.107	3.629
	364	amino	PHE
		 N  	-56.265	19.832	0.539
		 CA 	-56.256	19.533	-0.883
		 C  	-55.062	18.661	-1.232
		 O  	-55.02	18.061	-2.307
		 CB 	-56.216	20.817	-1.709
		 CG 	-57.561	21.427	-1.929
		 CD1	-58.487	20.817	-2.773
		 CD2	-57.909	22.617	-1.303
		 CE1	-59.737	21.385	-2.989
		 CE2	-59.164	23.194	-1.512
		 CZ 	-60.078	22.575	-2.355
	365	amino	PHE
		 N  	-54.128	18.535	-0.29
		 CA 	-52.933	17.75	-0.532
		 C  	-52.807	16.402	0.159
		 O  	-51.827	15.695	-0.07
		 CB 	-51.686	18.619	-0.352
		 CG 	-51.691	19.851	-1.227
		 CD1	-51.494	19.744	-2.606
		 CD2	-51.957	21.106	-0.684
		 CE1	-51.568	20.871	-3.432
		 CE2	-52.033	22.242	-1.5
		 CZ 	-51.839	22.122	-2.876
	366	amino	SER
		 N  	-53.782	16.022	0.984
		 CA 	-53.734	14.698	1.625
		 C  	-54.05	13.79	0.453
		 O  	-55.128	13.889	-0.126
		 CB 	-54.78	14.572	2.736
		 OG 	-56.052	14.999	2.295
	367	amino	ARG
		 N  	-53.147	12.87	0.137
		 CA 	-53.334	12.078	-1.074
		 C  	-53.992	10.749	-1.255
		 O  	-54.774	10.62	-2.203
		 CB 	-52.084	12.06	-1.946
		 CG 	-52.305	12.601	-3.366
		 CD 	-53.757	12.641	-3.914
		 NE 	-54.534	13.668	-3.253
		 CZ 	-54.882	14.854	-3.759
		 NH1	-54.544	15.226	-4.986
		 NH2	-55.572	15.693	-2.994
	368	amino	PRO
		 N  	-53.672	9.73	-0.432
		 CA 	-54.393	8.484	-0.754
		 C  	-55.888	8.757	-0.969
		 O  	-56.603	9.154	-0.042
		 CB 	-54.101	7.588	0.451
		 CG 	-52.789	8.144	0.985
		 CD 	-52.937	9.635	0.839
	369	amino	GLU
		 N  	-56.28	8.817	-2.242
		 CA 	-57.685	9.028	-2.577
		 C  	-58.112	8.284	-3.828
		 O  	-57.312	8.042	-4.726
		 CB 	-58.1	10.511	-2.578
		 CG 	-57.748	11.358	-3.751
		 CD 	-58.282	12.783	-3.597
		 OE1	-57.962	13.471	-2.605
		 OE2	-59.03	13.229	-4.483
	370	amino	ILE
		 N  	-59.321	7.737	-3.75
		 CA 	-59.931	6.964	-4.819
		 C  	-61.197	7.688	-5.246
		 O  	-62.1	7.915	-4.443
		 CB 	-60.288	5.553	-4.35
		 CG1	-59.019	4.76	-4.082
		 CG2	-61.165	4.854	-5.379
		 CD1	-59.264	3.313	-3.732
	371	amino	ARG
		 N  	-61.261	8.07	-6.509
		 CA 	-62.422	8.768	-6.973
		 C  	-63.161	8.136	-8.164
		 O  	-62.579	7.37	-8.942
		 CB 	-62.094	10.261	-7.16
		 CG 	-61.008	10.628	-8.154
		 CD 	-59.579	10.552	-7.616
		 NE 	-59.006	11.817	-7.116
		 CZ 	-57.911	12.421	-7.63
		 NH1	-57.28	11.905	-8.686
		 NH2	-57.347	13.467	-7.016
	372	amino	PHE
		 N  	-64.489	8.291	-8.129
		 CA 	-65.419	7.842	-9.17
		 C  	-65.874	9.169	-9.793
		 O  	-65.899	10.201	-9.107
		 CB 	-66.627	7.122	-8.561
		 CG 	-66.299	5.796	-7.97
		 CD1	-65.695	5.711	-6.722
		 CD2	-66.561	4.625	-8.678
		 CE1	-65.341	4.464	-6.171
		 CE2	-66.217	3.365	-8.149
		 CZ 	-65.602	3.284	-6.891
	373	amino	TYR
		 N  	-66.228	9.185	-11.074
		 CA 	-66.61	10.47	-11.643
		 C  	-67.383	10.435	-12.932
		 O  	-67.59	9.377	-13.529
		 CB 	-65.37	11.359	-11.836
		 CG 	-64.204	10.627	-12.453
		 CD1	-64.238	10.214	-13.784
		 CD2	-63.097	10.289	-11.691
		 CE1	-63.199	9.474	-14.33
		 CE2	-62.053	9.556	-12.227
		 CZ 	-62.107	9.151	-13.538
		 OH 	-61.06	8.428	-14.057
	374	amino	THR
		 N  	-67.811	11.633	-13.317
		 CA 	-68.566	11.905	-14.526
		 C  	-68.18	13.308	-14.949
		 O  	-68.167	14.231	-14.119
		 CB 	-70.101	11.966	-14.288
		 OG1	-70.567	10.738	-13.728
		 CG2	-70.806	12.169	-15.61
	375	amino	SER
		 N  	-67.838	13.475	-16.219
		 CA 	-67.519	14.811	-16.704
		 C  	-68.315	15.103	-17.955
		 O  	-68.772	14.201	-18.645
		 CB 	-66.036	14.963	-17.012
		 OG 	-65.279	14.681	-15.864
	376	amino	TRP
		 N  	-68.495	16.385	-18.204
		 CA 	-69.186	16.878	-19.367
		 C  	-68.239	17.933	-19.937
		 O  	-67.668	18.744	-19.188
		 CB 	-70.509	17.513	-18.951
		 CG 	-70.946	18.656	-19.835
		 CD1	-70.645	19.997	-19.68
		 CD2	-71.793	18.569	-20.965
		 NE1	-71.27	20.745	-20.653
		 CE2	-71.983	19.895	-21.453
		 CE3	-72.427	17.508	-21.611
		 CZ2	-72.782	20.181	-22.558
		 CZ3	-73.233	17.784	-22.717
		 CH2	-73.403	19.119	-23.18
	377	amino	MET
		 N  	-68.026	17.878	-21.25
		 CA 	-67.166	18.848	-21.926
		 C  	-67.833	19.357	-23.202
		 O  	-68.516	18.608	-23.904
		 CB 	-65.823	18.23	-22.31
		 CG 	-64.941	17.83	-21.165
		 SD 	-63.304	17.29	-21.719
		 CE 	-63.535	15.57	-21.821
	378	amino	ASP
		 N  	-67.614	20.632	-23.497
		 CA 	-68.14	21.26	-24.693
		 C  	-67.185	22.395	-25.047
		 O  	-66.415	22.857	-24.201
		 CB 	-69.556	21.797	-24.452
		 CG 	-70.348	21.992	-25.754
		 OD1	-69.748	21.971	-26.855
		 OD2	-71.585	22.142	-25.67
	379	amino	TRP
		 N  	-67.23	22.836	-26.3
		 CA 	-66.353	23.912	-26.768
		 C  	-66.837	24.506	-28.098
		 O  	-67.672	23.911	-28.793
		 CB 	-64.94	23.361	-26.965
		 CG 	-64.895	22.219	-27.957
		 CD1	-64.652	22.309	-29.304
		 CD2	-65.105	20.821	-27.686
		 NE1	-64.7	21.06	-29.882
		 CE2	-64.975	20.13	-28.919
		 CE3	-65.389	20.086	-26.524
		 CZ2	-65.121	18.745	-29.023
		 CZ3	-65.532	18.701	-26.628
		 CH2	-65.398	18.047	-27.872
	380	amino	SER
		 N  	-66.309	25.681	-28.438
		 CA 	-66.63	26.343	-29.704
		 C  	-66.159	25.424	-30.845
		 O  	-64.978	25.085	-30.907
		 CB 	-65.886	27.677	-29.793
		 OG 	-66.316	28.583	-28.792
	381	amino	LYS
		 N  	-67.083	25.017	-31.718
		 CA 	-66.777	24.124	-32.843
		 C  	-65.559	24.557	-33.678
		 O  	-64.823	23.706	-34.186
		 CB 	-68.009	23.933	-33.765
		 CG 	-68.628	25.237	-34.303
		 CD 	-69.497	25.01	-35.558
		 CE 	-68.657	24.632	-36.803
		 NZ 	-67.652	25.681	-37.209
	382	amino	LYS
		 N  	-65.337	25.866	-33.791
		 CA 	-64.208	26.378	-34.546
		 C  	-62.877	25.765	-34.088
		 O  	-61.989	25.533	-34.908
		 CB 	-64.14	27.9	-34.444
		 CG 	-63.046	28.467	-35.319
		 CD 	-63.125	29.966	-35.484
		 CE 	-62.104	30.408	-36.527
		 NZ 	-62.088	31.885	-36.672
	383	amino	LEU
		 N  	-62.77	25.464	-32.788
		 CA 	-61.566	24.883	-32.176
		 C  	-61.095	23.602	-32.85
		 O  	-59.896	23.294	-32.852
		 CB 	-61.795	24.628	-30.68
		 CG 	-62.084	25.822	-29.766
		 CD1	-62.29	25.307	-28.355
		 CD2	-60.961	26.84	-29.808
	384	amino	ASN
		 N  	-62.043	22.861	-33.419
		 CA 	-61.739	21.621	-34.12
		 C  	-60.799	21.839	-35.306
		 O  	-60.102	20.917	-35.709
		 CB 	-63.023	20.957	-34.638
		 CG 	-63.993	20.612	-33.528
		 OD1	-63.619	20.581	-32.368
		 ND2	-65.244	20.361	-33.879
	385	amino	ASN
		 N  	-60.761	23.058	-35.842
		 CA 	-59.937	23.369	-37.012
		 C  	-58.488	23.731	-36.778
		 O  	-57.748	23.926	-37.744
		 CB 	-60.611	24.46	-37.854
		 CG 	-62.031	24.082	-38.258
		 OD1	-62.327	22.896	-38.49
		 ND2	-62.929	25.078	-38.31
	386	amino	TYR
		 N  	-58.075	23.806	-35.512
		 CA 	-56.69	24.163	-35.182
		 C  	-55.725	23.186	-35.835
		 O  	-54.749	23.596	-36.475
		 CB 	-56.471	24.195	-33.65
		 CG 	-55.061	24.556	-33.193
		 CD1	-54.566	25.86	-33.303
		 CD2	-54.246	23.6	-32.587
		 CE1	-53.273	26.201	-32.8
		 CE2	-52.974	23.919	-32.095
		 CZ 	-52.497	25.211	-32.194
		 OH 	-51.261	25.499	-31.655
	387	amino	ALA
		 N  	-56.021	21.901	-35.687
		 CA 	-55.188	20.844	-36.246
		 C  	-56.104	19.714	-36.643
		 O  	-57.248	19.688	-36.208
		 CB 	-54.209	20.358	-35.235
	388	amino	SER
		 N  	-55.605	18.788	-37.462
		 CA 	-56.397	17.647	-37.935
		 C  	-56.083	16.347	-37.19
		 O  	-56.856	15.381	-37.256
		 CB 	-56.189	17.449	-39.436
		 OG 	-54.809	17.4	-39.738
	389	amino	ASP
		 N  	-54.93	16.313	-36.52
		 CA 	-54.514	15.15	-35.732
		 C  	-54.678	15.479	-34.237
		 O  	-54.016	14.915	-33.375
		 CB 	-53.062	14.774	-36.058
		 CG 	-52.104	15.954	-35.956
		 OD1	-52.53	17.087	-35.624
		 OD2	-50.9	15.742	-36.22
	390	amino	ASP
		 N  	-55.574	16.425	-33.984
		 CA 	-55.943	16.955	-32.679
		 C  	-56.94	16.01	-32.039
		 O  	-57.463	15.101	-32.69
		 CB 	-56.731	18.245	-32.934
		 CG 	-56.181	19.44	-32.231
		 OD1	-55.103	19.342	-31.624
		 OD2	-56.834	20.498	-32.319
	391	amino	ALA
		 N  	-57.304	16.326	-30.801
		 CA 	-58.305	15.56	-30.076
		 C  	-59.655	16.191	-30.423
		 O  	-60.598	15.488	-30.774
		 CB 	-58.056	15.632	-28.574
	392	amino	LEU
		 N  	-59.728	17.521	-30.359
		 CA 	-60.974	18.221	-30.66
		 C  	-61.336	18.168	-32.136
		 O  	-60.749	18.858	-32.962
		 CB 	-60.942	19.685	-30.206
		 CG 	-60.766	20.067	-28.731
		 CD1	-61.134	21.537	-28.552
		 CD2	-61.602	19.195	-27.807
	393	amino	GLY
		 N  	-62.338	17.369	-32.462
		 CA 	-62.749	17.273	-33.841
		 C  	-62.418	15.923	-34.406
		 O  	-62.859	15.616	-35.503
	394	amino	SER
		 N  	-61.624	15.131	-33.686
		 CA 	-61.264	13.791	-34.145
		 C  	-62.535	12.951	-34.112
		 O  	-63.56	13.374	-33.566
		 CB 	-60.177	13.166	-33.262
		 OG 	-60.62	12.995	-31.926
	395	amino	ASP
		 N  	-62.473	11.755	-34.679
		 CA 	-63.644	10.893	-34.741
		 C  	-64.282	10.589	-33.39
		 O  	-63.666	9.975	-32.525
		 CB 	-63.28	9.591	-35.451
		 CG 	-64.465	8.968	-36.168
		 OD1	-65.192	8.155	-35.544
		 OD2	-64.663	9.298	-37.362
	396	amino	GLY
		 N  	-65.51	11.057	-33.206
		 CA 	-66.226	10.793	-31.969
		 C  	-66.01	11.792	-30.859
		 O  	-66.495	11.612	-29.742
	397	amino	PHE
		 N  	-65.299	12.863	-31.168
		 CA 	-65.027	13.895	-30.181
		 C  	-65.089	15.249	-30.886
		 O  	-64.183	16.064	-30.787
		 CB 	-63.642	13.656	-29.565
		 CG 	-63.5	14.182	-28.164
		 CD1	-64.134	13.541	-27.099
		 CD2	-62.723	15.311	-27.903
		 CE1	-64.0	14.009	-25.797
		 CE2	-62.58	15.79	-26.594
		 CZ 	-63.219	15.137	-25.543
	398	amino	ASN
		 N  	-66.177	15.477	-31.605
		 CA 	-66.34	16.72	-32.346
		 C  	-67.617	17.454	-31.988
		 O  	-67.678	18.685	-32.07
		 CB 	-66.28	16.458	-33.866
		 CG 	-67.129	15.265	-34.3
		 OD1	-66.604	14.207	-34.671
		 ND2	-68.442	15.436	-34.267
	399	amino	SER
		 N  	-68.625	16.69	-31.565
		 CA 	-69.939	17.236	-31.196
		 C  	-69.86	18.276	-30.09
		 O  	-68.774	18.628	-29.615
		 CB 	-70.898	16.111	-30.75
		 OG 	-71.218	15.228	-31.812
	400	amino	GLY
		 N  	-71.03	18.77	-29.702
		 CA 	-71.109	19.735	-28.626
		 C  	-70.77	19.028	-27.323
		 O  	-69.593	18.926	-26.961
	401	amino	GLY
		 N  	-71.784	18.468	-26.666
		 CA 	-71.568	17.773	-25.406
		 C  	-70.909	16.406	-25.45
		 O  	-71.22	15.587	-26.311
	402	amino	GLU
		 N  	-69.988	16.173	-24.516
		 CA 	-69.255	14.907	-24.407
		 C  	-69.235	14.472	-22.938
		 O  	-68.744	15.211	-22.058
		 CB 	-67.803	15.045	-24.915
		 CG 	-67.624	15.301	-26.424
		 CD 	-68.012	14.113	-27.306
		 OE1	-67.849	12.951	-26.853
		 OE2	-68.477	14.349	-28.454
	403	amino	TRP
		 N  	-69.781	13.283	-22.689
		 CA 	-69.865	12.709	-21.352
		 C  	-68.807	11.649	-21.133
		 O  	-68.507	10.871	-22.04
		 CB 	-71.24	12.061	-21.122
		 CG 	-72.366	13.035	-20.981
		 CD1	-73.183	13.492	-21.969
		 CD2	-72.785	13.696	-19.776
		 NE1	-74.082	14.399	-21.464
		 CE2	-73.861	14.546	-20.12
		 CE3	-72.35	13.66	-18.438
		 CZ2	-74.52	15.357	-19.169
		 CZ3	-73.003	14.47	-17.491
		 CH2	-74.074	15.305	-17.867
	404	amino	SER
		 N  	-68.265	11.596	-19.917
		 CA 	-67.259	10.587	-19.561
		 C  	-67.49	10.059	-18.136
		 O  	-68.097	10.741	-17.309
		 CB 	-65.853	11.149	-19.723
		 OG 	-65.804	12.47	-19.241
	405	amino	PHE
		 N  	-67.085	8.814	-17.888
		 CA 	-67.231	8.175	-16.576
		 C  	-65.977	7.371	-16.277
		 O  	-65.255	6.979	-17.194
		 CB 	-68.424	7.222	-16.56
		 CG 	-69.689	7.831	-17.073
		 CD1	-69.956	7.858	-18.449
		 CD2	-70.613	8.388	-16.194
		 CE1	-71.121	8.434	-18.944
		 CE2	-71.79	8.972	-16.675
		 CZ 	-72.042	8.995	-18.06
	406	amino	GLY
		 N  	-65.714	7.116	-14.998
		 CA 	-64.544	6.332	-14.656
		 C  	-64.199	6.255	-13.19
		 O  	-64.927	6.759	-12.335
	407	amino	VAL
		 N  	-63.079	5.582	-12.919
		 CA 	-62.525	5.388	-11.581
		 C  	-61.0	5.593	-11.683
		 O  	-60.37	5.248	-12.697
		 CB 	-62.689	3.931	-11.061
		 CG1	-62.762	3.937	-9.555
		 CG2	-63.868	3.236	-11.662
	408	amino	GLN
		 N  	-60.403	6.136	-10.629
		 CA 	-58.96	6.323	-10.612
		 C  	-58.447	6.511	-9.182
		 O  	-59.187	6.911	-8.302
		 CB 	-58.548	7.549	-11.45
		 CG 	-58.45	8.862	-10.653
		 CD 	-57.626	9.953	-11.344
		 OE1	-58.041	11.117	-11.389
		 NE2	-56.46	9.59	-11.863
	409	amino	MET
		 N  	-57.172	6.224	-8.972
		 CA 	-56.544	6.45	-7.686
		 C  	-55.402	7.418	-7.936
		 O  	-54.952	7.561	-9.071
		 CB 	-55.997	5.141	-7.091
		 CG 	-54.77	4.563	-7.779
		 SD 	-53.261	5.532	-7.629
		 CE 	-52.046	4.312	-8.04
	410	amino	GLU
		 N  	-54.99	8.136	-6.898
		 CA 	-53.841	9.033	-6.982
		 C  	-53.243	9.144	-5.585
		 O  	-53.979	9.16	-4.601
		 CB 	-54.223	10.435	-7.475
		 CG 	-53.014	11.388	-7.516
		 CD 	-53.399	12.815	-7.824
		 OE1	-54.109	13.439	-7.005
		 OE2	-53.006	13.327	-8.894
	411	amino	THR
		 N  	-51.918	9.099	-5.505
		 CA 	-51.188	9.264	-4.257
		 C  	-49.794	9.774	-4.512
		 O  	-49.288	9.819	-5.641
		 CB 	-50.95	7.97	-3.443
		 OG1	-50.408	6.946	-4.282
		 CG2	-52.176	7.504	-2.796
	412	amino	TRP
		 N  	-49.183	10.144	-3.406
		 CA 	-47.829	10.591	-3.358
		 C  	-47.469	10.44	-1.894
		 O  	-48.334	10.527	-1.024
		 CB 	-47.668	12.009	-3.895
		 CG 	-48.482	13.058	-3.261
		 CD1	-48.366	13.532	-1.984
		 CD2	-49.436	13.904	-3.914
		 NE1	-49.174	14.635	-1.81
		 CE2	-49.842	14.883	-2.98
		 CE3	-49.979	13.937	-5.201
		 CZ2	-50.764	15.889	-3.295
		 CZ3	-50.898	14.942	-5.515
		 CH2	-51.28	15.903	-4.561
	413	amino	PHE
		 N  	-46.207	10.122	-1.65
		 CA 	-45.678	9.893	-0.32
		 C  	-44.16	10.037	-0.385
		 O  	-43.49	9.732	0.62
		 CB 	-46.037	8.475	0.093
		 CG 	-45.671	7.455	-0.929
		 CD1	-44.412	6.872	-0.936
		 CD2	-46.573	7.105	-1.929
		 CE1	-44.049	5.952	-1.925
		 CE2	-46.22	6.184	-2.928
		 CZ 	-44.95	5.61	-2.919
		 OXT	-43.646	10.439	-1.449
</system-out>
  </testcase>
  <testcase time="2.956" classname="PDBParserTest" name="testLoad">
    <failure message="The test case is a prototype." type="junit.framework.AssertionFailedError">junit.framework.AssertionFailedError: The test case is a prototype.
	at junit.framework.Assert.fail(Assert.java:47)
	at PDBParserTest.testLoad(PDBParserTest.java:53)
</failure>
    <system-out>load
java.io.FileNotFoundException: 
</system-out>
    <system-err>Problem while loading: 
java.io.FileNotFoundException: 
	at java.io.FileInputStream.open(Native Method)
	at java.io.FileInputStream.&lt;init&gt;(FileInputStream.java:146)
	at org.biojava3.core.util.InputStreamProvider.getInputStreamFromFile(InputStreamProvider.java:257)
	at org.biojava3.core.util.InputStreamProvider.getInputStream(InputStreamProvider.java:164)
	at org.biojava.bio.structure.io.PDBFileReader.getStructure(PDBFileReader.java:913)
	at org.biojava.bio.structure.io.PDBFileReader.getStructure(PDBFileReader.java:899)
	at PDBParser.loadStructure(PDBParser.java:67)
	at PDBParser.load(PDBParser.java:57)
	at PDBParserTest.testLoad(PDBParserTest.java:50)
	at sun.reflect.NativeMethodAccessorImpl.invoke0(Native Method)
	at sun.reflect.NativeMethodAccessorImpl.invoke(NativeMethodAccessorImpl.java:57)
	at sun.reflect.DelegatingMethodAccessorImpl.invoke(DelegatingMethodAccessorImpl.java:43)
	at java.lang.reflect.Method.invoke(Method.java:606)
	at junit.framework.TestCase.runTest(TestCase.java:154)
	at junit.framework.TestCase.runBare(TestCase.java:127)
	at junit.framework.TestResult$1.protect(TestResult.java:106)
	at junit.framework.TestResult.runProtected(TestResult.java:124)
	at junit.framework.TestResult.run(TestResult.java:109)
	at junit.framework.TestCase.run(TestCase.java:118)
	at junit.framework.TestSuite.runTest(TestSuite.java:208)
	at junit.framework.TestSuite.run(TestSuite.java:203)
	at sun.reflect.NativeMethodAccessorImpl.invoke0(Native Method)
	at sun.reflect.NativeMethodAccessorImpl.invoke(NativeMethodAccessorImpl.java:57)
	at sun.reflect.DelegatingMethodAccessorImpl.invoke(DelegatingMethodAccessorImpl.java:43)
	at java.lang.reflect.Method.invoke(Method.java:606)
	at org.apache.maven.surefire.junit.JUnitTestSet.execute(JUnitTestSet.java:96)
	at org.apache.maven.surefire.junit.JUnit3Provider.executeTestSet(JUnit3Provider.java:117)
	at org.apache.maven.surefire.junit.JUnit3Provider.invoke(JUnit3Provider.java:94)
	at sun.reflect.NativeMethodAccessorImpl.invoke0(Native Method)
	at sun.reflect.NativeMethodAccessorImpl.invoke(NativeMethodAccessorImpl.java:57)
	at sun.reflect.DelegatingMethodAccessorImpl.invoke(DelegatingMethodAccessorImpl.java:43)
	at java.lang.reflect.Method.invoke(Method.java:606)
	at org.apache.maven.surefire.util.ReflectionUtils.invokeMethodWithArray(ReflectionUtils.java:164)
	at org.apache.maven.surefire.booter.ProviderFactory$ProviderProxy.invoke(ProviderFactory.java:110)
	at org.apache.maven.surefire.booter.SurefireStarter.invokeProvider(SurefireStarter.java:175)
	at org.apache.maven.surefire.booter.SurefireStarter.runSuitesInProcessWhenForked(SurefireStarter.java:107)
	at org.apache.maven.surefire.booter.ForkedBooter.main(ForkedBooter.java:68)
</system-err>
  </testcase>
  <testcase time="3.336" classname="PDBParserTest" name="testGetChain">
    <failure message="The test case is a prototype." type="junit.framework.AssertionFailedError">junit.framework.AssertionFailedError: The test case is a prototype.
	at junit.framework.Assert.fail(Assert.java:47)
	at PDBParserTest.testGetChain(PDBParserTest.java:67)
</failure>
    <system-out>getChain
</system-out>
  </testcase>
  <testcase time="0" classname="PDBParserTest" name="testGetChains">
    <failure message="The test case is a prototype." type="junit.framework.AssertionFailedError">junit.framework.AssertionFailedError: The test case is a prototype.
	at junit.framework.Assert.fail(Assert.java:47)
	at PDBParserTest.testGetChains(PDBParserTest.java:80)
</failure>
    <system-out>getChains
</system-out>
  </testcase>
  <testcase time="1.554" classname="PDBParserTest" name="testGetGroups">
    <failure message="The test case is a prototype." type="junit.framework.AssertionFailedError">junit.framework.AssertionFailedError: The test case is a prototype.
	at junit.framework.Assert.fail(Assert.java:47)
	at PDBParserTest.testGetGroups(PDBParserTest.java:94)
</failure>
    <system-out>getGroups
</system-out>
  </testcase>
</testsuite>